#
# There is insufficient memory for the Java Runtime Environment to continue.
# Native memory allocation (mmap) failed to map 63963136 bytes for G1 virtual space
# Possible reasons:
#   The system is out of physical RAM or swap space
#   The process is running with CompressedOops enabled, and the Java Heap may be blocking the growth of the native heap
# Possible solutions:
#   Reduce memory load on the system
#   Increase physical memory or swap space
#   Check if swap backing store is full
#   Decrease Java heap size (-Xmx/-Xms)
#   Decrease number of Java threads
#   Decrease Java thread stack sizes (-Xss)
#   Set larger code cache with -XX:ReservedCodeCacheSize=
#   JVM is running with Unscaled Compressed Oops mode in which the Java heap is
#     placed in the first 4GB address space. The Java Heap base address is the
#     maximum limit for the native heap growth. Please use -XX:HeapBaseMinAddress
#     to set the Java Heap base and to place the Java Heap above 4GB virtual address.
# This output file may be truncated or incomplete.
#
#  Out of Memory Error (os_windows.cpp:3528), pid=9164, tid=25064
#
# JRE version: Java(TM) SE Runtime Environment (20.0.2+9) (build 20.0.2+9-78)
# Java VM: Java HotSpot(TM) 64-Bit Server VM (20.0.2+9-78, mixed mode, sharing, tiered, compressed oops, compressed class ptrs, g1 gc, windows-amd64)
# No core dump will be written. Minidumps are not enabled by default on client versions of Windows
#

---------------  S U M M A R Y ------------

Command Line: -Dfile.encoding=UTF-8 --module-path=C:\Users\Aryan Tambde\OneDrive\Desktop\Project\Travel Management System\build\classes travel.management.system.CheckHotels

Host: Intel(R) Core(TM) i3-10110U CPU @ 2.10GHz, 4 cores, 3G,  Windows 11 , 64 bit Build 22621 (10.0.22621.2215)
Time: Sun Oct  8 19:02:31 2023 India Standard Time elapsed time: 4.216679 seconds (0d 0h 0m 4s)

---------------  T H R E A D  ---------------

Current thread (0x000001fd137382f0):  VMThread "VM Thread" [stack: 0x000000baaf800000,0x000000baaf900000] [id=25064]

Stack: [0x000000baaf800000,0x000000baaf900000]
Native frames: (J=compiled Java code, j=interpreted, Vv=VM code, C=native code)
V  [jvm.dll+0x6bc25a]
V  [jvm.dll+0x84971a]
V  [jvm.dll+0x84b315]
V  [jvm.dll+0x84ba13]
V  [jvm.dll+0x280e4f]
V  [jvm.dll+0x6b8fe9]
V  [jvm.dll+0x6adbca]
V  [jvm.dll+0x35b165]
V  [jvm.dll+0x363386]
V  [jvm.dll+0x3b400e]
V  [jvm.dll+0x3b4295]
V  [jvm.dll+0x32b86a]
V  [jvm.dll+0x32e486]
V  [jvm.dll+0x33854e]
V  [jvm.dll+0x371dd0]
V  [jvm.dll+0x85135e]
V  [jvm.dll+0x852471]
V  [jvm.dll+0x852979]
V  [jvm.dll+0x852bf3]
V  [jvm.dll+0x7f5c76]
V  [jvm.dll+0x6baecb]
C  [ucrtbase.dll+0x29363]
C  [KERNEL32.DLL+0x1257d]
C  [ntdll.dll+0x5aa68]

VM_Operation (0x000000baaf4ff950): G1PauseRemark, mode: safepoint, requested by thread 0x000001fd136bf730


---------------  P R O C E S S  ---------------

Threads class SMR info:
_java_thread_list=0x000001fd7376eb30, length=15, elements={
0x000001fd13675b90, 0x000001fd6f1372f0, 0x000001fd6f139100, 0x000001fd6f13c0e0,
0x000001fd6f13fb40, 0x000001fd6f140c20, 0x000001fd6f141e30, 0x000001fd6f148db0,
0x000001fd6f14a000, 0x000001fd73412980, 0x000001fd7353e960, 0x000001fd736fe010,
0x000001fd736fe780, 0x000001fd73784020, 0x000001fd737e59f0
}

Java Threads: ( => current thread )
  0x000001fd13675b90 JavaThread "main" [_thread_blocked, id=10796, stack(0x000000baaf200000,0x000000baaf300000)]
  0x000001fd6f1372f0 JavaThread "Reference Handler" daemon [_thread_blocked, id=20620, stack(0x000000baaf900000,0x000000baafa00000)]
  0x000001fd6f139100 JavaThread "Finalizer" daemon [_thread_blocked, id=8796, stack(0x000000baafa00000,0x000000baafb00000)]
  0x000001fd6f13c0e0 JavaThread "Signal Dispatcher" daemon [_thread_blocked, id=24336, stack(0x000000baafb00000,0x000000baafc00000)]
  0x000001fd6f13fb40 JavaThread "Attach Listener" daemon [_thread_blocked, id=19752, stack(0x000000baafc00000,0x000000baafd00000)]
  0x000001fd6f140c20 JavaThread "Service Thread" daemon [_thread_blocked, id=24376, stack(0x000000baafd00000,0x000000baafe00000)]
  0x000001fd6f141e30 JavaThread "Monitor Deflation Thread" daemon [_thread_blocked, id=25488, stack(0x000000baafe00000,0x000000baaff00000)]
  0x000001fd6f148db0 JavaThread "C2 CompilerThread0" daemon [_thread_blocked, id=4140, stack(0x000000baaff00000,0x000000bab0000000)]
  0x000001fd6f14a000 JavaThread "C1 CompilerThread0" daemon [_thread_blocked, id=24356, stack(0x000000bab0000000,0x000000bab0100000)]
  0x000001fd73412980 JavaThread "Common-Cleaner" daemon [_thread_blocked, id=22932, stack(0x000000bab0100000,0x000000bab0200000)]
  0x000001fd7353e960 JavaThread "Notification Thread" daemon [_thread_blocked, id=22160, stack(0x000000bab0200000,0x000000bab0300000)]
  0x000001fd736fe010 JavaThread "Java2D Disposer" daemon [_thread_blocked, id=18164, stack(0x000000bab0400000,0x000000bab0500000)]
  0x000001fd736fe780 JavaThread "AWT-Windows" daemon [_thread_in_native, id=24476, stack(0x000000bab0600000,0x000000bab0700000)]
  0x000001fd73784020 JavaThread "Image Fetcher 0" daemon [_thread_blocked, id=24748, stack(0x000000bab0700000,0x000000bab0800000)]
  0x000001fd737e59f0 JavaThread "Image Fetcher 1" daemon [_thread_blocked, id=21476, stack(0x000000bab0b00000,0x000000bab0c00000)]

Other Threads:
=>0x000001fd137382f0 VMThread "VM Thread" [stack: 0x000000baaf800000,0x000000baaf900000] [id=25064]
  0x000001fd735b9830 WatcherThread "VM Periodic Task Thread" [stack: 0x000000bab0300000,0x000000bab0400000] [id=24364]
  0x000001fd136b6bc0 WorkerThread "GC Thread#0" [stack: 0x000000baaf300000,0x000000baaf400000] [id=20948]
  0x000001fd737e6ee0 WorkerThread "GC Thread#1" [stack: 0x000000bab0800000,0x000000bab0900000] [id=25124]
  0x000001fd737e71b0 WorkerThread "GC Thread#2" [stack: 0x000000bab0900000,0x000000bab0a00000] [id=18284]
  0x000001fd737e7480 WorkerThread "GC Thread#3" [stack: 0x000000bab0a00000,0x000000bab0b00000] [id=19392]
  0x000001fd136bf730 ConcurrentGCThread "G1 Main Marker" [stack: 0x000000baaf400000,0x000000baaf500000] [id=23844]
  0x000001fd136c0900 WorkerThread "G1 Conc#0" [stack: 0x000000baaf500000,0x000000baaf600000] [id=4544]
  0x000001fd137120f0 ConcurrentGCThread "G1 Refine#0" [stack: 0x000000baaf600000,0x000000baaf700000] [id=21408]
  0x000001fd13712b90 ConcurrentGCThread "G1 Service" [stack: 0x000000baaf700000,0x000000baaf800000] [id=7668]

Threads with active compile tasks:

VM state: at safepoint (normal execution)

VM Mutex/Monitor currently owned by a thread:  ([mutex/lock_event])
[0x000001fd13672170] Threads_lock - owner thread: 0x000001fd137382f0
[0x000001fd13672050] Heap_lock - owner thread: 0x000001fd136bf730

Heap address: 0x00000000c2e00000, size: 978 MB, Compressed Oops mode: 32-bit

CDS archive(s) mapped at: [0x000001fd2e000000-0x000001fd2ec60000-0x000001fd2ec60000), size 12976128, SharedBaseAddress: 0x000001fd2e000000, ArchiveRelocationMode: 1.
Compressed class space mapped at: 0x000001fd2f000000-0x000001fd6f000000, reserved size: 1073741824
Narrow klass base: 0x000001fd2e000000, Narrow klass shift: 0, Narrow klass range: 0x100000000

GC Precious Log:
 CardTable entry size: 512
 Card Set container configuration: InlinePtr #cards 5 size 8 Array Of Cards #cards 12 size 40 Howl #buckets 4 coarsen threshold 1843 Howl Bitmap #cards 512 size 80 coarsen threshold 460 Card regions per heap region 1 cards per card region 2048
 CPUs: 4 total, 4 available
 Memory: 3910M
 Large Page Support: Disabled
 NUMA Support: Disabled
 Compressed Oops: Enabled (32-bit)
 Heap Region Size: 1M
 Heap Min Capacity: 8M
 Heap Initial Capacity: 62M
 Heap Max Capacity: 978M
 Pre-touch: Disabled
 Parallel Workers: 4
 Concurrent Workers: 1
 Concurrent Refinement Workers: 4
 Periodic GC: Disabled

Heap:
 garbage-first heap   total 178176K, used 142905K [0x00000000c2e00000, 0x0000000100000000)
  region size 1024K, 1 young (1024K), 1 survivors (1024K)
 Metaspace       used 4796K, committed 4992K, reserved 1114112K
  class space    used 490K, committed 640K, reserved 1048576K

Heap Regions: E=young(eden), S=young(survivor), O=old, HS=humongous(starts), HC=humongous(continues), CS=collection set, F=free, OA=open archive, CA=closed archive, TAMS=top-at-mark-start, PB=parsable bottom
|   0|0x00000000c2e00000, 0x00000000c2f00000, 0x00000000c2f00000|100%|HS|  |TAMS 0x00000000c2f00000| PB 0x00000000c2e00000| Complete 
|   1|0x00000000c2f00000, 0x00000000c3000000, 0x00000000c3000000|100%|HC|  |TAMS 0x00000000c3000000| PB 0x00000000c2f00000| Complete 
|   2|0x00000000c3000000, 0x00000000c3100000, 0x00000000c3100000|100%|HC|  |TAMS 0x00000000c3100000| PB 0x00000000c3000000| Complete 
|   3|0x00000000c3100000, 0x00000000c3200000, 0x00000000c3200000|100%|HC|  |TAMS 0x00000000c3200000| PB 0x00000000c3100000| Complete 
|   4|0x00000000c3200000, 0x00000000c3300000, 0x00000000c3300000|100%|HC|  |TAMS 0x00000000c3300000| PB 0x00000000c3200000| Complete 
|   5|0x00000000c3300000, 0x00000000c3400000, 0x00000000c3400000|100%|HC|  |TAMS 0x00000000c3400000| PB 0x00000000c3300000| Complete 
|   6|0x00000000c3400000, 0x00000000c3500000, 0x00000000c3500000|100%|HC|  |TAMS 0x00000000c3500000| PB 0x00000000c3400000| Complete 
|   7|0x00000000c3500000, 0x00000000c3600000, 0x00000000c3600000|100%|HC|  |TAMS 0x00000000c3600000| PB 0x00000000c3500000| Complete 
|   8|0x00000000c3600000, 0x00000000c3700000, 0x00000000c3700000|100%| O|  |TAMS 0x00000000c3700000| PB 0x00000000c3700000| Untracked 
|   9|0x00000000c3700000, 0x00000000c3800000, 0x00000000c3800000|100%|HS|  |TAMS 0x00000000c3800000| PB 0x00000000c3700000| Complete 
|  10|0x00000000c3800000, 0x00000000c3900000, 0x00000000c3900000|100%|HC|  |TAMS 0x00000000c3900000| PB 0x00000000c3800000| Complete 
|  11|0x00000000c3900000, 0x00000000c3a00000, 0x00000000c3a00000|100%|HC|  |TAMS 0x00000000c3a00000| PB 0x00000000c3900000| Complete 
|  12|0x00000000c3a00000, 0x00000000c3b00000, 0x00000000c3b00000|100%|HS|  |TAMS 0x00000000c3b00000| PB 0x00000000c3a00000| Complete 
|  13|0x00000000c3b00000, 0x00000000c3c00000, 0x00000000c3c00000|100%|HC|  |TAMS 0x00000000c3c00000| PB 0x00000000c3b00000| Complete 
|  14|0x00000000c3c00000, 0x00000000c3d00000, 0x00000000c3d00000|100%|HC|  |TAMS 0x00000000c3d00000| PB 0x00000000c3c00000| Complete 
|  15|0x00000000c3d00000, 0x00000000c3e00000, 0x00000000c3e00000|100%|HC|  |TAMS 0x00000000c3e00000| PB 0x00000000c3d00000| Complete 
|  16|0x00000000c3e00000, 0x00000000c3f00000, 0x00000000c3f00000|100%|HC|  |TAMS 0x00000000c3f00000| PB 0x00000000c3e00000| Complete 
|  17|0x00000000c3f00000, 0x00000000c4000000, 0x00000000c4000000|100%|HC|  |TAMS 0x00000000c4000000| PB 0x00000000c3f00000| Complete 
|  18|0x00000000c4000000, 0x00000000c4100000, 0x00000000c4100000|100%|HC|  |TAMS 0x00000000c4100000| PB 0x00000000c4000000| Complete 
|  19|0x00000000c4100000, 0x00000000c4200000, 0x00000000c4200000|100%|HC|  |TAMS 0x00000000c4200000| PB 0x00000000c4100000| Complete 
|  20|0x00000000c4200000, 0x00000000c4300000, 0x00000000c4300000|100%|HS|  |TAMS 0x00000000c4300000| PB 0x00000000c4200000| Complete 
|  21|0x00000000c4300000, 0x00000000c4400000, 0x00000000c4400000|100%|HC|  |TAMS 0x00000000c4400000| PB 0x00000000c4300000| Complete 
|  22|0x00000000c4400000, 0x00000000c4500000, 0x00000000c4500000|100%|HC|  |TAMS 0x00000000c4500000| PB 0x00000000c4400000| Complete 
|  23|0x00000000c4500000, 0x00000000c4600000, 0x00000000c4600000|100%| O|  |TAMS 0x00000000c4600000| PB 0x00000000c4600000| Untracked 
|  24|0x00000000c4600000, 0x00000000c467f800, 0x00000000c4700000| 49%| O|  |TAMS 0x00000000c467d600| PB 0x00000000c467d600| Updating 
|  25|0x00000000c4700000, 0x00000000c4800000, 0x00000000c4800000|100%|HS|  |TAMS 0x00000000c4800000| PB 0x00000000c4700000| Complete 
|  26|0x00000000c4800000, 0x00000000c4900000, 0x00000000c4900000|100%|HC|  |TAMS 0x00000000c4900000| PB 0x00000000c4800000| Complete 
|  27|0x00000000c4900000, 0x00000000c4a00000, 0x00000000c4a00000|100%|HC|  |TAMS 0x00000000c4a00000| PB 0x00000000c4900000| Complete 
|  28|0x00000000c4a00000, 0x00000000c4b00000, 0x00000000c4b00000|100%|HC|  |TAMS 0x00000000c4b00000| PB 0x00000000c4a00000| Complete 
|  29|0x00000000c4b00000, 0x00000000c4c00000, 0x00000000c4c00000|100%|HC|  |TAMS 0x00000000c4c00000| PB 0x00000000c4b00000| Complete 
|  30|0x00000000c4c00000, 0x00000000c4d00000, 0x00000000c4d00000|100%|HC|  |TAMS 0x00000000c4d00000| PB 0x00000000c4c00000| Complete 
|  31|0x00000000c4d00000, 0x00000000c4e00000, 0x00000000c4e00000|100%|HC|  |TAMS 0x00000000c4e00000| PB 0x00000000c4d00000| Complete 
|  32|0x00000000c4e00000, 0x00000000c4f00000, 0x00000000c4f00000|100%|HC|  |TAMS 0x00000000c4f00000| PB 0x00000000c4e00000| Complete 
|  33|0x00000000c4f00000, 0x00000000c5000000, 0x00000000c5000000|100%|HS|  |TAMS 0x00000000c5000000| PB 0x00000000c4f00000| Complete 
|  34|0x00000000c5000000, 0x00000000c5100000, 0x00000000c5100000|100%|HC|  |TAMS 0x00000000c5100000| PB 0x00000000c5000000| Complete 
|  35|0x00000000c5100000, 0x00000000c5200000, 0x00000000c5200000|100%|HC|  |TAMS 0x00000000c5200000| PB 0x00000000c5100000| Complete 
|  36|0x00000000c5200000, 0x00000000c5300000, 0x00000000c5300000|100%|HS|  |TAMS 0x00000000c5300000| PB 0x00000000c5200000| Complete 
|  37|0x00000000c5300000, 0x00000000c5400000, 0x00000000c5400000|100%|HC|  |TAMS 0x00000000c5400000| PB 0x00000000c5300000| Complete 
|  38|0x00000000c5400000, 0x00000000c5500000, 0x00000000c5500000|100%|HC|  |TAMS 0x00000000c5500000| PB 0x00000000c5400000| Complete 
|  39|0x00000000c5500000, 0x00000000c5600000, 0x00000000c5600000|100%|HC|  |TAMS 0x00000000c5600000| PB 0x00000000c5500000| Complete 
|  40|0x00000000c5600000, 0x00000000c5700000, 0x00000000c5700000|100%|HC|  |TAMS 0x00000000c5700000| PB 0x00000000c5600000| Complete 
|  41|0x00000000c5700000, 0x00000000c5800000, 0x00000000c5800000|100%|HC|  |TAMS 0x00000000c5800000| PB 0x00000000c5700000| Complete 
|  42|0x00000000c5800000, 0x00000000c5900000, 0x00000000c5900000|100%|HC|  |TAMS 0x00000000c5900000| PB 0x00000000c5800000| Complete 
|  43|0x00000000c5900000, 0x00000000c5a00000, 0x00000000c5a00000|100%|HC|  |TAMS 0x00000000c5a00000| PB 0x00000000c5900000| Complete 
|  44|0x00000000c5a00000, 0x00000000c5b00000, 0x00000000c5b00000|100%|HS|  |TAMS 0x00000000c5b00000| PB 0x00000000c5a00000| Complete 
|  45|0x00000000c5b00000, 0x00000000c5c00000, 0x00000000c5c00000|100%|HC|  |TAMS 0x00000000c5c00000| PB 0x00000000c5b00000| Complete 
|  46|0x00000000c5c00000, 0x00000000c5d00000, 0x00000000c5d00000|100%|HC|  |TAMS 0x00000000c5d00000| PB 0x00000000c5c00000| Complete 
|  47|0x00000000c5d00000, 0x00000000c5e00000, 0x00000000c5e00000|100%|HS|  |TAMS 0x00000000c5e00000| PB 0x00000000c5d00000| Complete 
|  48|0x00000000c5e00000, 0x00000000c5f00000, 0x00000000c5f00000|100%|HC|  |TAMS 0x00000000c5f00000| PB 0x00000000c5e00000| Complete 
|  49|0x00000000c5f00000, 0x00000000c6000000, 0x00000000c6000000|100%|HC|  |TAMS 0x00000000c6000000| PB 0x00000000c5f00000| Complete 
|  50|0x00000000c6000000, 0x00000000c6100000, 0x00000000c6100000|100%|HC|  |TAMS 0x00000000c6100000| PB 0x00000000c6000000| Complete 
|  51|0x00000000c6100000, 0x00000000c6200000, 0x00000000c6200000|100%|HC|  |TAMS 0x00000000c6200000| PB 0x00000000c6100000| Complete 
|  52|0x00000000c6200000, 0x00000000c6300000, 0x00000000c6300000|100%|HC|  |TAMS 0x00000000c6300000| PB 0x00000000c6200000| Complete 
|  53|0x00000000c6300000, 0x00000000c6400000, 0x00000000c6400000|100%|HC|  |TAMS 0x00000000c6400000| PB 0x00000000c6300000| Complete 
|  54|0x00000000c6400000, 0x00000000c6500000, 0x00000000c6500000|100%|HC|  |TAMS 0x00000000c6500000| PB 0x00000000c6400000| Complete 
|  55|0x00000000c6500000, 0x00000000c6600000, 0x00000000c6600000|100%|HC|  |TAMS 0x00000000c6600000| PB 0x00000000c6500000| Complete 
|  56|0x00000000c6600000, 0x00000000c6700000, 0x00000000c6700000|100%|HS|  |TAMS 0x00000000c6700000| PB 0x00000000c6600000| Complete 
|  57|0x00000000c6700000, 0x00000000c6800000, 0x00000000c6800000|100%|HC|  |TAMS 0x00000000c6800000| PB 0x00000000c6700000| Complete 
|  58|0x00000000c6800000, 0x00000000c6900000, 0x00000000c6900000|100%|HC|  |TAMS 0x00000000c6900000| PB 0x00000000c6800000| Complete 
|  59|0x00000000c6900000, 0x00000000c6a00000, 0x00000000c6a00000|100%|HS|  |TAMS 0x00000000c6a00000| PB 0x00000000c6900000| Complete 
|  60|0x00000000c6a00000, 0x00000000c6b00000, 0x00000000c6b00000|100%|HC|  |TAMS 0x00000000c6b00000| PB 0x00000000c6a00000| Complete 
|  61|0x00000000c6b00000, 0x00000000c6c00000, 0x00000000c6c00000|100%|HC|  |TAMS 0x00000000c6c00000| PB 0x00000000c6b00000| Complete 
|  62|0x00000000c6c00000, 0x00000000c6d00000, 0x00000000c6d00000|100%|HC|  |TAMS 0x00000000c6d00000| PB 0x00000000c6c00000| Complete 
|  63|0x00000000c6d00000, 0x00000000c6e00000, 0x00000000c6e00000|100%|HC|  |TAMS 0x00000000c6e00000| PB 0x00000000c6d00000| Complete 
|  64|0x00000000c6e00000, 0x00000000c6f00000, 0x00000000c6f00000|100%|HC|  |TAMS 0x00000000c6f00000| PB 0x00000000c6e00000| Complete 
|  65|0x00000000c6f00000, 0x00000000c7000000, 0x00000000c7000000|100%|HC|  |TAMS 0x00000000c7000000| PB 0x00000000c6f00000| Complete 
|  66|0x00000000c7000000, 0x00000000c7100000, 0x00000000c7100000|100%|HC|  |TAMS 0x00000000c7100000| PB 0x00000000c7000000| Complete 
|  67|0x00000000c7100000, 0x00000000c7200000, 0x00000000c7200000|100%|HS|  |TAMS 0x00000000c7200000| PB 0x00000000c7100000| Complete 
|  68|0x00000000c7200000, 0x00000000c7300000, 0x00000000c7300000|100%|HC|  |TAMS 0x00000000c7300000| PB 0x00000000c7200000| Complete 
|  69|0x00000000c7300000, 0x00000000c7400000, 0x00000000c7400000|100%|HC|  |TAMS 0x00000000c7400000| PB 0x00000000c7300000| Complete 
|  70|0x00000000c7400000, 0x00000000c7500000, 0x00000000c7500000|100%|HS|  |TAMS 0x00000000c7500000| PB 0x00000000c7400000| Complete 
|  71|0x00000000c7500000, 0x00000000c7600000, 0x00000000c7600000|100%|HC|  |TAMS 0x00000000c7600000| PB 0x00000000c7500000| Complete 
|  72|0x00000000c7600000, 0x00000000c7700000, 0x00000000c7700000|100%|HC|  |TAMS 0x00000000c7700000| PB 0x00000000c7600000| Complete 
|  73|0x00000000c7700000, 0x00000000c7800000, 0x00000000c7800000|100%|HS|  |TAMS 0x00000000c7800000| PB 0x00000000c7700000| Complete 
|  74|0x00000000c7800000, 0x00000000c7900000, 0x00000000c7900000|100%|HC|  |TAMS 0x00000000c7900000| PB 0x00000000c7800000| Complete 
|  75|0x00000000c7900000, 0x00000000c7a00000, 0x00000000c7a00000|100%|HC|  |TAMS 0x00000000c7a00000| PB 0x00000000c7900000| Complete 
|  76|0x00000000c7a00000, 0x00000000c7b00000, 0x00000000c7b00000|100%|HS|  |TAMS 0x00000000c7b00000| PB 0x00000000c7a00000| Complete 
|  77|0x00000000c7b00000, 0x00000000c7c00000, 0x00000000c7c00000|100%|HC|  |TAMS 0x00000000c7c00000| PB 0x00000000c7b00000| Complete 
|  78|0x00000000c7c00000, 0x00000000c7d00000, 0x00000000c7d00000|100%|HC|  |TAMS 0x00000000c7d00000| PB 0x00000000c7c00000| Complete 
|  79|0x00000000c7d00000, 0x00000000c7e00000, 0x00000000c7e00000|100%|HC|  |TAMS 0x00000000c7e00000| PB 0x00000000c7d00000| Complete 
|  80|0x00000000c7e00000, 0x00000000c7f00000, 0x00000000c7f00000|100%|HC|  |TAMS 0x00000000c7f00000| PB 0x00000000c7e00000| Complete 
|  81|0x00000000c7f00000, 0x00000000c8000000, 0x00000000c8000000|100%|HC|  |TAMS 0x00000000c8000000| PB 0x00000000c7f00000| Complete 
|  82|0x00000000c8000000, 0x00000000c8100000, 0x00000000c8100000|100%|HC|  |TAMS 0x00000000c8100000| PB 0x00000000c8000000| Complete 
|  83|0x00000000c8100000, 0x00000000c8200000, 0x00000000c8200000|100%|HC|  |TAMS 0x00000000c8200000| PB 0x00000000c8100000| Complete 
|  84|0x00000000c8200000, 0x00000000c8300000, 0x00000000c8300000|100%|HC|  |TAMS 0x00000000c8300000| PB 0x00000000c8200000| Complete 
|  85|0x00000000c8300000, 0x00000000c8400000, 0x00000000c8400000|100%|HC|  |TAMS 0x00000000c8400000| PB 0x00000000c8300000| Complete 
|  86|0x00000000c8400000, 0x00000000c8500000, 0x00000000c8500000|100%|HC|  |TAMS 0x00000000c8500000| PB 0x00000000c8400000| Complete 
|  87|0x00000000c8500000, 0x00000000c8600000, 0x00000000c8600000|100%|HS|  |TAMS 0x00000000c8600000| PB 0x00000000c8500000| Complete 
|  88|0x00000000c8600000, 0x00000000c8700000, 0x00000000c8700000|100%|HC|  |TAMS 0x00000000c8700000| PB 0x00000000c8600000| Complete 
|  89|0x00000000c8700000, 0x00000000c8800000, 0x00000000c8800000|100%|HC|  |TAMS 0x00000000c8800000| PB 0x00000000c8700000| Complete 
|  90|0x00000000c8800000, 0x00000000c8900000, 0x00000000c8900000|100%|HS|  |TAMS 0x00000000c8900000| PB 0x00000000c8800000| Complete 
|  91|0x00000000c8900000, 0x00000000c8a00000, 0x00000000c8a00000|100%|HC|  |TAMS 0x00000000c8a00000| PB 0x00000000c8900000| Complete 
|  92|0x00000000c8a00000, 0x00000000c8b00000, 0x00000000c8b00000|100%|HC|  |TAMS 0x00000000c8b00000| PB 0x00000000c8a00000| Complete 
|  93|0x00000000c8b00000, 0x00000000c8c00000, 0x00000000c8c00000|100%|HC|  |TAMS 0x00000000c8c00000| PB 0x00000000c8b00000| Complete 
|  94|0x00000000c8c00000, 0x00000000c8d00000, 0x00000000c8d00000|100%|HC|  |TAMS 0x00000000c8d00000| PB 0x00000000c8c00000| Complete 
|  95|0x00000000c8d00000, 0x00000000c8e00000, 0x00000000c8e00000|100%|HC|  |TAMS 0x00000000c8e00000| PB 0x00000000c8d00000| Complete 
|  96|0x00000000c8e00000, 0x00000000c8f00000, 0x00000000c8f00000|100%|HC|  |TAMS 0x00000000c8f00000| PB 0x00000000c8e00000| Complete 
|  97|0x00000000c8f00000, 0x00000000c9000000, 0x00000000c9000000|100%|HC|  |TAMS 0x00000000c9000000| PB 0x00000000c8f00000| Complete 
|  98|0x00000000c9000000, 0x00000000c9100000, 0x00000000c9100000|100%|HC|  |TAMS 0x00000000c9100000| PB 0x00000000c9000000| Complete 
|  99|0x00000000c9100000, 0x00000000c9200000, 0x00000000c9200000|100%|HS|  |TAMS 0x00000000c9200000| PB 0x00000000c9100000| Complete 
| 100|0x00000000c9200000, 0x00000000c9300000, 0x00000000c9300000|100%|HC|  |TAMS 0x00000000c9300000| PB 0x00000000c9200000| Complete 
| 101|0x00000000c9300000, 0x00000000c9400000, 0x00000000c9400000|100%|HC|  |TAMS 0x00000000c9400000| PB 0x00000000c9300000| Complete 
| 102|0x00000000c9400000, 0x00000000c9500000, 0x00000000c9500000|100%|HS|  |TAMS 0x00000000c9400000| PB 0x00000000c9400000| Complete 
| 103|0x00000000c9500000, 0x00000000c9600000, 0x00000000c9600000|100%|HC|  |TAMS 0x00000000c9500000| PB 0x00000000c9500000| Complete 
| 104|0x00000000c9600000, 0x00000000c9700000, 0x00000000c9700000|100%|HC|  |TAMS 0x00000000c9600000| PB 0x00000000c9600000| Complete 
| 105|0x00000000c9700000, 0x00000000c9800000, 0x00000000c9800000|100%|HC|  |TAMS 0x00000000c9700000| PB 0x00000000c9700000| Complete 
| 106|0x00000000c9800000, 0x00000000c9900000, 0x00000000c9900000|100%|HC|  |TAMS 0x00000000c9800000| PB 0x00000000c9800000| Complete 
| 107|0x00000000c9900000, 0x00000000c9a00000, 0x00000000c9a00000|100%|HC|  |TAMS 0x00000000c9900000| PB 0x00000000c9900000| Complete 
| 108|0x00000000c9a00000, 0x00000000c9b00000, 0x00000000c9b00000|100%|HC|  |TAMS 0x00000000c9a00000| PB 0x00000000c9a00000| Complete 
| 109|0x00000000c9b00000, 0x00000000c9c00000, 0x00000000c9c00000|100%|HC|  |TAMS 0x00000000c9b00000| PB 0x00000000c9b00000| Complete 
| 110|0x00000000c9c00000, 0x00000000c9d00000, 0x00000000c9d00000|100%|HC|  |TAMS 0x00000000c9c00000| PB 0x00000000c9c00000| Complete 
| 111|0x00000000c9d00000, 0x00000000c9e00000, 0x00000000c9e00000|100%|HC|  |TAMS 0x00000000c9d00000| PB 0x00000000c9d00000| Complete 
| 112|0x00000000c9e00000, 0x00000000c9f00000, 0x00000000c9f00000|100%|HC|  |TAMS 0x00000000c9e00000| PB 0x00000000c9e00000| Complete 
| 113|0x00000000c9f00000, 0x00000000ca000000, 0x00000000ca000000|100%|HC|  |TAMS 0x00000000c9f00000| PB 0x00000000c9f00000| Complete 
| 114|0x00000000ca000000, 0x00000000ca100000, 0x00000000ca100000|100%|HC|  |TAMS 0x00000000ca000000| PB 0x00000000ca000000| Complete 
| 115|0x00000000ca100000, 0x00000000ca200000, 0x00000000ca200000|100%|HC|  |TAMS 0x00000000ca100000| PB 0x00000000ca100000| Complete 
| 116|0x00000000ca200000, 0x00000000ca300000, 0x00000000ca300000|100%|HC|  |TAMS 0x00000000ca200000| PB 0x00000000ca200000| Complete 
| 117|0x00000000ca300000, 0x00000000ca400000, 0x00000000ca400000|100%|HC|  |TAMS 0x00000000ca300000| PB 0x00000000ca300000| Complete 
| 118|0x00000000ca400000, 0x00000000ca500000, 0x00000000ca500000|100%|HC|  |TAMS 0x00000000ca400000| PB 0x00000000ca400000| Complete 
| 119|0x00000000ca500000, 0x00000000ca600000, 0x00000000ca600000|100%|HC|  |TAMS 0x00000000ca500000| PB 0x00000000ca500000| Complete 
| 120|0x00000000ca600000, 0x00000000ca700000, 0x00000000ca700000|100%|HC|  |TAMS 0x00000000ca600000| PB 0x00000000ca600000| Complete 
| 121|0x00000000ca700000, 0x00000000ca800000, 0x00000000ca800000|100%|HC|  |TAMS 0x00000000ca700000| PB 0x00000000ca700000| Complete 
| 122|0x00000000ca800000, 0x00000000ca900000, 0x00000000ca900000|100%|HC|  |TAMS 0x00000000ca800000| PB 0x00000000ca800000| Complete 
| 123|0x00000000ca900000, 0x00000000caa00000, 0x00000000caa00000|100%|HC|  |TAMS 0x00000000ca900000| PB 0x00000000ca900000| Complete 
| 124|0x00000000caa00000, 0x00000000cab00000, 0x00000000cab00000|100%|HC|  |TAMS 0x00000000caa00000| PB 0x00000000caa00000| Complete 
| 125|0x00000000cab00000, 0x00000000cac00000, 0x00000000cac00000|100%|HC|  |TAMS 0x00000000cab00000| PB 0x00000000cab00000| Complete 
| 126|0x00000000cac00000, 0x00000000cad00000, 0x00000000cad00000|100%|HC|  |TAMS 0x00000000cac00000| PB 0x00000000cac00000| Complete 
| 127|0x00000000cad00000, 0x00000000cae00000, 0x00000000cae00000|100%|HC|  |TAMS 0x00000000cad00000| PB 0x00000000cad00000| Complete 
| 128|0x00000000cae00000, 0x00000000caf00000, 0x00000000caf00000|100%|HC|  |TAMS 0x00000000cae00000| PB 0x00000000cae00000| Complete 
| 129|0x00000000caf00000, 0x00000000cb000000, 0x00000000cb000000|100%|HC|  |TAMS 0x00000000caf00000| PB 0x00000000caf00000| Complete 
| 130|0x00000000cb000000, 0x00000000cb100000, 0x00000000cb100000|100%|HC|  |TAMS 0x00000000cb000000| PB 0x00000000cb000000| Complete 
| 131|0x00000000cb100000, 0x00000000cb200000, 0x00000000cb200000|100%|HC|  |TAMS 0x00000000cb100000| PB 0x00000000cb100000| Complete 
| 132|0x00000000cb200000, 0x00000000cb300000, 0x00000000cb300000|100%|HC|  |TAMS 0x00000000cb200000| PB 0x00000000cb200000| Complete 
| 133|0x00000000cb300000, 0x00000000cb400000, 0x00000000cb400000|100%|HC|  |TAMS 0x00000000cb300000| PB 0x00000000cb300000| Complete 
| 134|0x00000000cb400000, 0x00000000cb500000, 0x00000000cb500000|100%|HC|  |TAMS 0x00000000cb400000| PB 0x00000000cb400000| Complete 
| 135|0x00000000cb500000, 0x00000000cb600000, 0x00000000cb600000|100%|HC|  |TAMS 0x00000000cb500000| PB 0x00000000cb500000| Complete 
| 136|0x00000000cb600000, 0x00000000cb700000, 0x00000000cb700000|100%|HC|  |TAMS 0x00000000cb600000| PB 0x00000000cb600000| Complete 
| 137|0x00000000cb700000, 0x00000000cb800000, 0x00000000cb800000|100%|HC|  |TAMS 0x00000000cb700000| PB 0x00000000cb700000| Complete 
| 138|0x00000000cb800000, 0x00000000cb900000, 0x00000000cb900000|100%|HC|  |TAMS 0x00000000cb800000| PB 0x00000000cb800000| Complete 
| 139|0x00000000cb900000, 0x00000000cba00000, 0x00000000cba00000|100%|HC|  |TAMS 0x00000000cb900000| PB 0x00000000cb900000| Complete 
| 140|0x00000000cba00000, 0x00000000cba00000, 0x00000000cbb00000|  0%| F|  |TAMS 0x00000000cba00000| PB 0x00000000cba00000| Untracked 
| 141|0x00000000cbb00000, 0x00000000cbb00000, 0x00000000cbc00000|  0%| F|  |TAMS 0x00000000cbb00000| PB 0x00000000cbb00000| Untracked 
| 142|0x00000000cbc00000, 0x00000000cbc00000, 0x00000000cbd00000|  0%| F|  |TAMS 0x00000000cbc00000| PB 0x00000000cbc00000| Untracked 
| 143|0x00000000cbd00000, 0x00000000cbd00000, 0x00000000cbe00000|  0%| F|  |TAMS 0x00000000cbd00000| PB 0x00000000cbd00000| Untracked 
| 144|0x00000000cbe00000, 0x00000000cbe00000, 0x00000000cbf00000|  0%| F|  |TAMS 0x00000000cbe00000| PB 0x00000000cbe00000| Untracked 
| 145|0x00000000cbf00000, 0x00000000cbf00000, 0x00000000cc000000|  0%| F|  |TAMS 0x00000000cbf00000| PB 0x00000000cbf00000| Untracked 
| 146|0x00000000cc000000, 0x00000000cc000000, 0x00000000cc100000|  0%| F|  |TAMS 0x00000000cc000000| PB 0x00000000cc000000| Untracked 
| 147|0x00000000cc100000, 0x00000000cc100000, 0x00000000cc200000|  0%| F|  |TAMS 0x00000000cc100000| PB 0x00000000cc100000| Untracked 
| 148|0x00000000cc200000, 0x00000000cc200000, 0x00000000cc300000|  0%| F|  |TAMS 0x00000000cc200000| PB 0x00000000cc200000| Untracked 
| 149|0x00000000cc300000, 0x00000000cc300000, 0x00000000cc400000|  0%| F|  |TAMS 0x00000000cc300000| PB 0x00000000cc300000| Untracked 
| 150|0x00000000cc400000, 0x00000000cc400000, 0x00000000cc500000|  0%| F|  |TAMS 0x00000000cc400000| PB 0x00000000cc400000| Untracked 
| 151|0x00000000cc500000, 0x00000000cc500000, 0x00000000cc600000|  0%| F|  |TAMS 0x00000000cc500000| PB 0x00000000cc500000| Untracked 
| 152|0x00000000cc600000, 0x00000000cc600000, 0x00000000cc700000|  0%| F|  |TAMS 0x00000000cc600000| PB 0x00000000cc600000| Untracked 
| 153|0x00000000cc700000, 0x00000000cc700000, 0x00000000cc800000|  0%| F|  |TAMS 0x00000000cc700000| PB 0x00000000cc700000| Untracked 
| 154|0x00000000cc800000, 0x00000000cc800000, 0x00000000cc900000|  0%| F|  |TAMS 0x00000000cc800000| PB 0x00000000cc800000| Untracked 
| 155|0x00000000cc900000, 0x00000000cc900000, 0x00000000cca00000|  0%| F|  |TAMS 0x00000000cc900000| PB 0x00000000cc900000| Untracked 
| 156|0x00000000cca00000, 0x00000000cca00000, 0x00000000ccb00000|  0%| F|  |TAMS 0x00000000cca00000| PB 0x00000000cca00000| Untracked 
| 157|0x00000000ccb00000, 0x00000000ccb00000, 0x00000000ccc00000|  0%| F|  |TAMS 0x00000000ccb00000| PB 0x00000000ccb00000| Untracked 
| 158|0x00000000ccc00000, 0x00000000ccc00000, 0x00000000ccd00000|  0%| F|  |TAMS 0x00000000ccc00000| PB 0x00000000ccc00000| Untracked 
| 159|0x00000000ccd00000, 0x00000000ccd00000, 0x00000000cce00000|  0%| F|  |TAMS 0x00000000ccd00000| PB 0x00000000ccd00000| Untracked 
| 160|0x00000000cce00000, 0x00000000cce00000, 0x00000000ccf00000|  0%| F|  |TAMS 0x00000000cce00000| PB 0x00000000cce00000| Untracked 
| 161|0x00000000ccf00000, 0x00000000ccf00000, 0x00000000cd000000|  0%| F|  |TAMS 0x00000000ccf00000| PB 0x00000000ccf00000| Untracked 
| 162|0x00000000cd000000, 0x00000000cd000000, 0x00000000cd100000|  0%| F|  |TAMS 0x00000000cd000000| PB 0x00000000cd000000| Untracked 
| 163|0x00000000cd100000, 0x00000000cd100000, 0x00000000cd200000|  0%| F|  |TAMS 0x00000000cd100000| PB 0x00000000cd100000| Untracked 
| 164|0x00000000cd200000, 0x00000000cd200000, 0x00000000cd300000|  0%| F|  |TAMS 0x00000000cd200000| PB 0x00000000cd200000| Untracked 
| 165|0x00000000cd300000, 0x00000000cd300000, 0x00000000cd400000|  0%| F|  |TAMS 0x00000000cd300000| PB 0x00000000cd300000| Untracked 
| 166|0x00000000cd400000, 0x00000000cd400000, 0x00000000cd500000|  0%| F|  |TAMS 0x00000000cd400000| PB 0x00000000cd400000| Untracked 
| 167|0x00000000cd500000, 0x00000000cd500000, 0x00000000cd600000|  0%| F|  |TAMS 0x00000000cd500000| PB 0x00000000cd500000| Untracked 
| 168|0x00000000cd600000, 0x00000000cd600000, 0x00000000cd700000|  0%| F|  |TAMS 0x00000000cd600000| PB 0x00000000cd600000| Untracked 
| 169|0x00000000cd700000, 0x00000000cd700000, 0x00000000cd800000|  0%| F|  |TAMS 0x00000000cd700000| PB 0x00000000cd700000| Untracked 
| 170|0x00000000cd800000, 0x00000000cd800000, 0x00000000cd900000|  0%| F|  |TAMS 0x00000000cd800000| PB 0x00000000cd800000| Untracked 
| 171|0x00000000cd900000, 0x00000000cd90ed60, 0x00000000cda00000|  5%| S|CS|TAMS 0x00000000cd900000| PB 0x00000000cd900000| Complete 
| 172|0x00000000cda00000, 0x00000000cda00000, 0x00000000cdb00000|  0%| F|  |TAMS 0x00000000cda00000| PB 0x00000000cda00000| Untracked 
| 173|0x00000000cdb00000, 0x00000000cdb00000, 0x00000000cdc00000|  0%| F|  |TAMS 0x00000000cdb00000| PB 0x00000000cdb00000| Untracked 

Card table byte_map: [0x000001fd2a940000,0x000001fd2ab30000] _byte_map_base: 0x000001fd2a329000

Marking Bits: (CMBitMap*) 0x000001fd136b71f0
 Bits: [0x000001fd2ad20000, 0x000001fd2bc68000)

Polling page: 0x000001fd11600000

Metaspace:

Usage:
  Non-class:      4.21 MB used.
      Class:    490.03 KB used.
       Both:      4.68 MB used.

Virtual space:
  Non-class space:       64.00 MB reserved,       4.25 MB (  7%) committed,  1 nodes.
      Class space:        1.00 GB reserved,     640.00 KB ( <1%) committed,  1 nodes.
             Both:        1.06 GB reserved,       4.88 MB ( <1%) committed. 

Chunk freelists:
   Non-Class:  2.88 MB
       Class:  3.24 MB
        Both:  6.12 MB

MaxMetaspaceSize: unlimited
CompressedClassSpaceSize: 1.00 GB
Initial GC threshold: 21.00 MB
Current GC threshold: 21.00 MB
CDS: on
MetaspaceReclaimPolicy: balanced
 - commit_granule_bytes: 65536.
 - commit_granule_words: 8192.
 - virtual_space_node_default_size: 8388608.
 - enlarge_chunks_in_place: 1.
 - new_chunks_are_fully_committed: 0.
 - uncommit_free_chunks: 1.
 - use_allocation_guard: 0.


Internal statistics:

num_allocs_failed_limit: 0.
num_arena_births: 126.
num_arena_deaths: 0.
num_vsnodes_births: 2.
num_vsnodes_deaths: 0.
num_space_committed: 78.
num_space_uncommitted: 0.
num_chunks_returned_to_freelist: 0.
num_chunks_taken_from_freelist: 148.
num_chunk_merges: 0.
num_chunk_splits: 91.
num_chunks_enlarged: 40.
num_inconsistent_stats: 0.

CodeHeap 'non-profiled nmethods': size=120000Kb used=280Kb max_used=280Kb free=119719Kb
 bounds [0x000001fd23220000, 0x000001fd23490000, 0x000001fd2a750000]
CodeHeap 'profiled nmethods': size=120000Kb used=1083Kb max_used=1178Kb free=118916Kb
 bounds [0x000001fd1b750000, 0x000001fd1b9c0000, 0x000001fd22c80000]
CodeHeap 'non-nmethods': size=5760Kb used=1509Kb max_used=1531Kb free=4251Kb
 bounds [0x000001fd22c80000, 0x000001fd22ef0000, 0x000001fd23220000]
 total_blobs=1292 nmethods=756 adapters=447
 compilation: enabled
              stopped_count=0, restarted_count=0
 full_count=0

Compilation events (20 events):
Event: 1.463 Thread 0x000001fd6f14a000 nmethod 826 0x000001fd1b86f910 code [0x000001fd1b86fba0, 0x000001fd1b870838]
Event: 1.463 Thread 0x000001fd6f148db0 nmethod 825 0x000001fd23264910 code [0x000001fd23264a80, 0x000001fd23264b28]
Event: 1.463 Thread 0x000001fd6f148db0  827       4       java.lang.StringBuilder::append (8 bytes)
Event: 1.469 Thread 0x000001fd6f148db0 nmethod 827 0x000001fd23264c10 code [0x000001fd23264dc0, 0x000001fd23265360]
Event: 1.520 Thread 0x000001fd6f14a000  828       3       java.util.Locale::hashCode (41 bytes)
Event: 1.521 Thread 0x000001fd6f14a000 nmethod 828 0x000001fd1b858b90 code [0x000001fd1b858d40, 0x000001fd1b858f48]
Event: 1.551 Thread 0x000001fd6f14a000  829       1       java.awt.Component::getObjectLock (5 bytes)
Event: 1.551 Thread 0x000001fd6f14a000 nmethod 829 0x000001fd23265610 code [0x000001fd23265780, 0x000001fd23265850]
Event: 1.561 Thread 0x000001fd6f14a000  830       3       jdk.internal.jimage.ImageStringsReader::stringFromByteBufferMatches (138 bytes)
Event: 1.564 Thread 0x000001fd6f14a000 nmethod 830 0x000001fd1b861590 code [0x000001fd1b861860, 0x000001fd1b8629b0]
Event: 1.637 Thread 0x000001fd6f14a000  831       3       java.lang.StringLatin1::inflate (34 bytes)
Event: 1.638 Thread 0x000001fd6f14a000 nmethod 831 0x000001fd1b786490 code [0x000001fd1b786620, 0x000001fd1b786828]
Event: 1.639 Thread 0x000001fd6f14a000  832       3       java.lang.CharacterData::of (136 bytes)
Event: 1.640 Thread 0x000001fd6f14a000 nmethod 832 0x000001fd1b818b90 code [0x000001fd1b818dc0, 0x000001fd1b819698]
Event: 1.642 Thread 0x000001fd6f148db0  833       4       sun.util.locale.LocaleUtils::isAlpha (30 bytes)
Event: 1.643 Thread 0x000001fd6f148db0 nmethod 833 0x000001fd23265910 code [0x000001fd23265a80, 0x000001fd23265b10]
Event: 1.643 Thread 0x000001fd6f148db0  834       4       java.util.Calendar::internalSet (8 bytes)
Event: 1.645 Thread 0x000001fd6f148db0 nmethod 834 0x000001fd23265c10 code [0x000001fd23265d80, 0x000001fd23265e48]
Event: 1.645 Thread 0x000001fd6f148db0  835       4       java.lang.AbstractStringBuilder::isLatin1 (19 bytes)
Event: 1.646 Thread 0x000001fd6f148db0 nmethod 835 0x000001fd23265f10 code [0x000001fd23266080, 0x000001fd23266118]

GC Heap History (20 events):
Event: 0.985 GC heap before
{Heap before GC invocations=11 (full 0):
 garbage-first heap   total 99328K, used 68125K [0x00000000c2e00000, 0x0000000100000000)
  region size 1024K, 13 young (13312K), 1 survivors (1024K)
 Metaspace       used 4769K, committed 4992K, reserved 1114112K
  class space    used 486K, committed 640K, reserved 1048576K
}
Event: 0.986 GC heap after
{Heap after GC invocations=12 (full 0):
 garbage-first heap   total 99328K, used 56871K [0x00000000c2e00000, 0x0000000100000000)
  region size 1024K, 1 young (1024K), 1 survivors (1024K)
 Metaspace       used 4769K, committed 4992K, reserved 1114112K
  class space    used 486K, committed 640K, reserved 1048576K
}
Event: 1.094 GC heap before
{Heap before GC invocations=13 (full 0):
 garbage-first heap   total 104448K, used 63015K [0x00000000c2e00000, 0x0000000100000000)
  region size 1024K, 5 young (5120K), 1 survivors (1024K)
 Metaspace       used 4769K, committed 4992K, reserved 1114112K
  class space    used 486K, committed 640K, reserved 1048576K
}
Event: 1.095 GC heap after
{Heap after GC invocations=14 (full 0):
 garbage-first heap   total 104448K, used 59935K [0x00000000c2e00000, 0x0000000100000000)
  region size 1024K, 1 young (1024K), 1 survivors (1024K)
 Metaspace       used 4769K, committed 4992K, reserved 1114112K
  class space    used 486K, committed 640K, reserved 1048576K
}
Event: 1.157 GC heap before
{Heap before GC invocations=15 (full 0):
 garbage-first heap   total 117760K, used 76319K [0x00000000c2e00000, 0x0000000100000000)
  region size 1024K, 10 young (10240K), 1 survivors (1024K)
 Metaspace       used 4769K, committed 4992K, reserved 1114112K
  class space    used 486K, committed 640K, reserved 1048576K
}
Event: 1.158 GC heap after
{Heap after GC invocations=16 (full 0):
 garbage-first heap   total 141312K, used 68137K [0x00000000c2e00000, 0x0000000100000000)
  region size 1024K, 1 young (1024K), 1 survivors (1024K)
 Metaspace       used 4769K, committed 4992K, reserved 1114112K
  class space    used 486K, committed 640K, reserved 1048576K
}
Event: 1.207 GC heap before
{Heap before GC invocations=17 (full 0):
 garbage-first heap   total 141312K, used 73257K [0x00000000c2e00000, 0x0000000100000000)
  region size 1024K, 4 young (4096K), 1 survivors (1024K)
 Metaspace       used 4769K, committed 4992K, reserved 1114112K
  class space    used 486K, committed 640K, reserved 1048576K
}
Event: 1.207 GC heap after
{Heap after GC invocations=18 (full 0):
 garbage-first heap   total 141312K, used 71197K [0x00000000c2e00000, 0x0000000100000000)
  region size 1024K, 1 young (1024K), 1 survivors (1024K)
 Metaspace       used 4769K, committed 4992K, reserved 1114112K
  class space    used 486K, committed 640K, reserved 1048576K
}
Event: 1.233 GC heap before
{Heap before GC invocations=19 (full 0):
 garbage-first heap   total 141312K, used 78365K [0x00000000c2e00000, 0x0000000100000000)
  region size 1024K, 6 young (6144K), 1 survivors (1024K)
 Metaspace       used 4771K, committed 4992K, reserved 1114112K
  class space    used 488K, committed 640K, reserved 1048576K
}
Event: 1.234 GC heap after
{Heap after GC invocations=20 (full 0):
 garbage-first heap   total 141312K, used 74280K [0x00000000c2e00000, 0x0000000100000000)
  region size 1024K, 1 young (1024K), 1 survivors (1024K)
 Metaspace       used 4771K, committed 4992K, reserved 1114112K
  class space    used 488K, committed 640K, reserved 1048576K
}
Event: 1.258 GC heap before
{Heap before GC invocations=21 (full 0):
 garbage-first heap   total 141312K, used 80424K [0x00000000c2e00000, 0x0000000100000000)
  region size 1024K, 5 young (5120K), 1 survivors (1024K)
 Metaspace       used 4771K, committed 4992K, reserved 1114112K
  class space    used 488K, committed 640K, reserved 1048576K
}
Event: 1.259 GC heap after
{Heap after GC invocations=22 (full 0):
 garbage-first heap   total 141312K, used 77350K [0x00000000c2e00000, 0x0000000100000000)
  region size 1024K, 1 young (1024K), 1 survivors (1024K)
 Metaspace       used 4771K, committed 4992K, reserved 1114112K
  class space    used 488K, committed 640K, reserved 1048576K
}
Event: 1.366 GC heap before
{Heap before GC invocations=23 (full 0):
 garbage-first heap   total 152576K, used 99878K [0x00000000c2e00000, 0x0000000100000000)
  region size 1024K, 13 young (13312K), 1 survivors (1024K)
 Metaspace       used 4771K, committed 4992K, reserved 1114112K
  class space    used 488K, committed 640K, reserved 1048576K
}
Event: 1.366 GC heap after
{Heap after GC invocations=24 (full 0):
 garbage-first heap   total 152576K, used 88626K [0x00000000c2e00000, 0x0000000100000000)
  region size 1024K, 1 young (1024K), 1 survivors (1024K)
 Metaspace       used 4771K, committed 4992K, reserved 1114112K
  class space    used 488K, committed 640K, reserved 1048576K
}
Event: 1.466 GC heap before
{Heap before GC invocations=25 (full 0):
 garbage-first heap   total 157696K, used 94770K [0x00000000c2e00000, 0x0000000100000000)
  region size 1024K, 5 young (5120K), 1 survivors (1024K)
 Metaspace       used 4792K, committed 4992K, reserved 1114112K
  class space    used 490K, committed 640K, reserved 1048576K
}
Event: 1.467 GC heap after
{Heap after GC invocations=26 (full 0):
 garbage-first heap   total 157696K, used 91693K [0x00000000c2e00000, 0x0000000100000000)
  region size 1024K, 1 young (1024K), 1 survivors (1024K)
 Metaspace       used 4792K, committed 4992K, reserved 1114112K
  class space    used 490K, committed 640K, reserved 1048576K
}
Event: 1.521 GC heap before
{Heap before GC invocations=27 (full 0):
 garbage-first heap   total 173056K, used 110125K [0x00000000c2e00000, 0x0000000100000000)
  region size 1024K, 11 young (11264K), 1 survivors (1024K)
 Metaspace       used 4793K, committed 4992K, reserved 1114112K
  class space    used 490K, committed 640K, reserved 1048576K
}
Event: 1.521 GC heap after
{Heap after GC invocations=28 (full 0):
 garbage-first heap   total 173056K, used 100917K [0x00000000c2e00000, 0x0000000100000000)
  region size 1024K, 1 young (1024K), 1 survivors (1024K)
 Metaspace       used 4793K, committed 4992K, reserved 1114112K
  class space    used 490K, committed 640K, reserved 1048576K
}
Event: 1.719 GC heap before
{Heap before GC invocations=29 (full 0):
 garbage-first heap   total 178176K, used 106037K [0x00000000c2e00000, 0x0000000100000000)
  region size 1024K, 4 young (4096K), 1 survivors (1024K)
 Metaspace       used 4796K, committed 4992K, reserved 1114112K
  class space    used 490K, committed 640K, reserved 1048576K
}
Event: 1.721 GC heap after
{Heap after GC invocations=30 (full 0):
 garbage-first heap   total 178176K, used 103993K [0x00000000c2e00000, 0x0000000100000000)
  region size 1024K, 1 young (1024K), 1 survivors (1024K)
 Metaspace       used 4796K, committed 4992K, reserved 1114112K
  class space    used 490K, committed 640K, reserved 1048576K
}

Dll operation events (8 events):
Event: 0.010 Loaded shared library C:\Program Files\java\jdk-20\bin\java.dll
Event: 0.029 Loaded shared library C:\Program Files\java\jdk-20\bin\jsvml.dll
Event: 0.075 Loaded shared library C:\Program Files\java\jdk-20\bin\net.dll
Event: 0.077 Loaded shared library C:\Program Files\java\jdk-20\bin\nio.dll
Event: 0.109 Loaded shared library C:\Program Files\java\jdk-20\bin\zip.dll
Event: 0.119 Loaded shared library C:\Program Files\java\jdk-20\bin\jimage.dll
Event: 0.136 Loaded shared library C:\Program Files\java\jdk-20\bin\awt.dll
Event: 0.356 Loaded shared library C:\Program Files\java\jdk-20\bin\javajpeg.dll

Deoptimization events (20 events):
Event: 0.537 Thread 0x000001fd73784020 DEOPT PACKING pc=0x000001fd23256218 sp=0x000000bab07fe730
Event: 0.537 Thread 0x000001fd73784020 DEOPT UNPACKING pc=0x000001fd22ce9d22 sp=0x000000bab07fe698 mode 2
Event: 0.542 Thread 0x000001fd73784020 DEOPT PACKING pc=0x000001fd1b873fa9 sp=0x000000bab07fe700
Event: 0.542 Thread 0x000001fd73784020 DEOPT UNPACKING pc=0x000001fd22cea4c2 sp=0x000000bab07fdb90 mode 0
Event: 0.543 Thread 0x000001fd73784020 DEOPT PACKING pc=0x000001fd1b873fa9 sp=0x000000bab07fe700
Event: 0.543 Thread 0x000001fd73784020 DEOPT UNPACKING pc=0x000001fd22cea4c2 sp=0x000000bab07fdb90 mode 0
Event: 0.544 Thread 0x000001fd73784020 DEOPT PACKING pc=0x000001fd1b873fa9 sp=0x000000bab07fe700
Event: 0.544 Thread 0x000001fd73784020 DEOPT UNPACKING pc=0x000001fd22cea4c2 sp=0x000000bab07fdb90 mode 0
Event: 0.548 Thread 0x000001fd73784020 DEOPT PACKING pc=0x000001fd1b873fa9 sp=0x000000bab07fe700
Event: 0.548 Thread 0x000001fd73784020 DEOPT UNPACKING pc=0x000001fd22cea4c2 sp=0x000000bab07fdb90 mode 0
Event: 0.550 Thread 0x000001fd73784020 DEOPT PACKING pc=0x000001fd1b873fa9 sp=0x000000bab07fe700
Event: 0.550 Thread 0x000001fd73784020 DEOPT UNPACKING pc=0x000001fd22cea4c2 sp=0x000000bab07fdb90 mode 0
Event: 0.554 Thread 0x000001fd73784020 DEOPT PACKING pc=0x000001fd1b873fa9 sp=0x000000bab07fe700
Event: 0.554 Thread 0x000001fd73784020 DEOPT UNPACKING pc=0x000001fd22cea4c2 sp=0x000000bab07fdb90 mode 0
Event: 0.557 Thread 0x000001fd73784020 DEOPT PACKING pc=0x000001fd1b873fa9 sp=0x000000bab07fe700
Event: 0.557 Thread 0x000001fd73784020 DEOPT UNPACKING pc=0x000001fd22cea4c2 sp=0x000000bab07fdb90 mode 0
Event: 0.603 Thread 0x000001fd6f1372f0 Uncommon trap: trap_request=0xffffff45 fr.pc=0x000001fd23257ac8 relative=0x0000000000000048
Event: 0.603 Thread 0x000001fd6f1372f0 Uncommon trap: reason=unstable_if action=reinterpret pc=0x000001fd23257ac8 method=java.util.concurrent.locks.AbstractQueuedSynchronizer.signalNext(Ljava/util/concurrent/locks/AbstractQueuedSynchronizer$Node;)V @ 1 c2
Event: 0.603 Thread 0x000001fd6f1372f0 DEOPT PACKING pc=0x000001fd23257ac8 sp=0x000000baaf9ff100
Event: 0.603 Thread 0x000001fd6f1372f0 DEOPT UNPACKING pc=0x000001fd22ce9d22 sp=0x000000baaf9ff090 mode 2

Classes loaded (20 events):
Event: 0.366 Loading class java/awt/image/WritableRenderedImage done
Event: 0.366 Loading class java/awt/image/BufferedImage done
Event: 0.367 Loading class java/awt/image/BufferedImage$1
Event: 0.367 Loading class java/awt/image/BufferedImage$1 done
Event: 0.411 Loading class java/awt/image/ReplicateScaleFilter
Event: 0.411 Loading class java/awt/image/ImageFilter
Event: 0.411 Loading class java/awt/image/ImageFilter done
Event: 0.411 Loading class java/awt/image/ReplicateScaleFilter done
Event: 0.411 Loading class java/awt/image/FilteredImageSource
Event: 0.411 Loading class java/awt/image/FilteredImageSource done
Event: 1.218 Loading class sun/awt/AppContext$PostShutdownEventRunnable
Event: 1.218 Loading class sun/awt/AppContext$PostShutdownEventRunnable done
Event: 1.218 Loading class sun/awt/AWTAutoShutdown$1
Event: 1.218 Loading class sun/awt/AWTAutoShutdown$1 done
Event: 1.462 Loading class jdk/internal/foreign/MemorySessionImpl
Event: 1.462 Loading class java/lang/foreign/SegmentScope
Event: 1.462 Loading class java/lang/foreign/SegmentScope done
Event: 1.462 Loading class java/lang/foreign/SegmentAllocator
Event: 1.462 Loading class java/lang/foreign/SegmentAllocator done
Event: 1.462 Loading class jdk/internal/foreign/MemorySessionImpl done

Classes unloaded (0 events):
No events

Classes redefined (0 events):
No events

Internal exceptions (14 events):
Event: 0.078 Thread 0x000001fd13675b90 Exception <a 'sun/nio/fs/WindowsException'{0x00000000c6a3f158}> (0x00000000c6a3f158) 
thrown [s\open\src\hotspot\share\prims\jni.cpp, line 519]
Event: 0.080 Thread 0x000001fd13675b90 Exception <a 'sun/nio/fs/WindowsException'{0x00000000c6a41780}> (0x00000000c6a41780) 
thrown [s\open\src\hotspot\share\prims\jni.cpp, line 519]
Event: 0.080 Thread 0x000001fd13675b90 Exception <a 'sun/nio/fs/WindowsException'{0x00000000c6a422e8}> (0x00000000c6a422e8) 
thrown [s\open\src\hotspot\share\prims\jni.cpp, line 519]
Event: 0.125 Thread 0x000001fd13675b90 Exception <a 'java/lang/ClassNotFoundException'{0x00000000c6946290}: sun/awt/resources/spi/awtProvider> (0x00000000c6946290) 
thrown [s\open\src\hotspot\share\classfile\systemDictionary.cpp, line 305]
Event: 0.151 Thread 0x000001fd13675b90 Exception <a 'java/io/FileNotFoundException'{0x00000000c699cbb8}> (0x00000000c699cbb8) 
thrown [s\open\src\hotspot\share\prims\jni.cpp, line 519]
Event: 0.158 Thread 0x000001fd13675b90 Exception <a 'java/io/FileNotFoundException'{0x00000000c69c6bc8}> (0x00000000c69c6bc8) 
thrown [s\open\src\hotspot\share\prims\jni.cpp, line 519]
Event: 0.232 Thread 0x000001fd13675b90 Exception <a 'java/lang/NoSuchMethodError'{0x00000000c68e19d0}: 'void java.lang.invoke.DirectMethodHandle$Holder.invokeSpecial(java.lang.Object, java.lang.Object, java.lang.Object)'> (0x00000000c68e19d0) 
thrown [s\open\src\hotspot\share\interpreter\linkResolver.cpp, line 773]
Event: 0.242 Thread 0x000001fd13675b90 Exception <a 'java/lang/NoSuchMethodError'{0x00000000c670c730}: 'java.lang.Object java.lang.invoke.DirectMethodHandle$Holder.newInvokeSpecial(java.lang.Object, java.lang.Object, java.lang.Object, java.lang.Object, java.lang.Object)'> (0x00000000c670c730) 
thrown [s\open\src\hotspot\share\interpreter\linkResolver.cpp, line 773]
Event: 0.249 Thread 0x000001fd13675b90 Exception <a 'java/lang/NoSuchMethodError'{0x00000000c673cfd8}: 'java.lang.Object java.lang.invoke.DirectMethodHandle$Holder.invokeStatic(java.lang.Object, int, java.lang.Object)'> (0x00000000c673cfd8) 
thrown [s\open\src\hotspot\share\interpreter\linkResolver.cpp, line 773]
Event: 0.274 Thread 0x000001fd13675b90 Exception <a 'java/lang/ClassNotFoundException'{0x00000000c67f80e0}: com/sun/swing/internal/plaf/metal/resources/spi/metalProvider> (0x00000000c67f80e0) 
thrown [s\open\src\hotspot\share\classfile\systemDictionary.cpp, line 305]
Event: 0.275 Thread 0x000001fd13675b90 Exception <a 'java/lang/ClassNotFoundException'{0x00000000c67fbff0}: com/sun/swing/internal/plaf/basic/resources/spi/basicProvider> (0x00000000c67fbff0) 
thrown [s\open\src\hotspot\share\classfile\systemDictionary.cpp, line 305]
Event: 0.282 Thread 0x000001fd13675b90 Exception <a 'java/lang/NoSuchMethodError'{0x00000000c661bcf8}: 'int java.lang.invoke.Invokers$Holder.invokeExact_MT(java.lang.Object, java.lang.Object)'> (0x00000000c661bcf8) 
thrown [s\open\src\hotspot\share\interpreter\linkResolver.cpp, line 773]
Event: 0.358 Thread 0x000001fd73784020 Exception <a 'java/lang/NoSuchMethodError'{0x00000000c65e1250}: 'java.lang.Object java.lang.invoke.DirectMethodHandle$Holder.newInvokeSpecial(java.lang.Object, java.lang.Object, java.lang.Object, int, int, int, int, int)'> (0x00000000c65e1250) 
thrown [s\open\src\hotspot\share\interpreter\linkResolver.cpp, line 773]
Event: 0.537 Thread 0x000001fd73784020 Implicit null exception at 0x000001fd23255aa0 to 0x000001fd23256204

VM Operations (20 events):
Event: 1.366 Executing VM operation: G1TryInitiateConcMark done
Event: 1.374 Executing VM operation: G1PauseRemark
Event: 1.375 Executing VM operation: G1PauseRemark done
Event: 1.377 Executing VM operation: G1PauseCleanup
Event: 1.377 Executing VM operation: G1PauseCleanup done
Event: 1.466 Executing VM operation: G1TryInitiateConcMark
Event: 1.467 Executing VM operation: G1TryInitiateConcMark done
Event: 1.475 Executing VM operation: G1PauseRemark
Event: 1.476 Executing VM operation: G1PauseRemark done
Event: 1.477 Executing VM operation: G1PauseCleanup
Event: 1.477 Executing VM operation: G1PauseCleanup done
Event: 1.521 Executing VM operation: G1TryInitiateConcMark
Event: 1.521 Executing VM operation: G1TryInitiateConcMark done
Event: 1.527 Executing VM operation: G1PauseRemark
Event: 1.527 Executing VM operation: G1PauseRemark done
Event: 1.529 Executing VM operation: G1PauseCleanup
Event: 1.529 Executing VM operation: G1PauseCleanup done
Event: 1.718 Executing VM operation: G1TryInitiateConcMark
Event: 1.721 Executing VM operation: G1TryInitiateConcMark done
Event: 1.742 Executing VM operation: G1PauseRemark

Events (20 events):
Event: 0.829 Thread 0x000001fd137382f0 flushing nmethod 0x000001fd1b85ae90
Event: 0.829 Thread 0x000001fd137382f0 flushing nmethod 0x000001fd1b85a910
Event: 0.829 Thread 0x000001fd137382f0 flushing nmethod 0x000001fd1b859890
Event: 0.877 Thread 0x000001fd137382f0 flushing nmethod 0x000001fd1b863d10
Event: 0.877 Thread 0x000001fd137382f0 flushing nmethod 0x000001fd1b862690
Event: 0.994 Thread 0x000001fd137382f0 flushing nmethod 0x000001fd1b85f690
Event: 0.994 Thread 0x000001fd137382f0 flushing nmethod 0x000001fd1b818b90
Event: 1.166 Thread 0x000001fd137382f0 flushing nmethod 0x000001fd1b872a90
Event: 1.166 Thread 0x000001fd137382f0 flushing nmethod 0x000001fd1b871790
Event: 1.166 Thread 0x000001fd137382f0 flushing nmethod 0x000001fd1b871290
Event: 1.166 Thread 0x000001fd137382f0 flushing nmethod 0x000001fd1b870610
Event: 1.166 Thread 0x000001fd137382f0 flushing nmethod 0x000001fd1b86f910
Event: 1.166 Thread 0x000001fd137382f0 flushing nmethod 0x000001fd1b875d10
Event: 1.218 Thread 0x000001fd735748b0 Thread exited: 0x000001fd735748b0
Event: 1.241 Thread 0x000001fd137382f0 flushing nmethod 0x000001fd1b803f90
Event: 1.241 Thread 0x000001fd137382f0 flushing nmethod 0x000001fd1b786e90
Event: 1.475 Thread 0x000001fd137382f0 flushing nmethod 0x000001fd1b77bf90
Event: 1.527 Thread 0x000001fd137382f0 flushing nmethod 0x000001fd1b788290
Event: 1.527 Thread 0x000001fd137382f0 flushing nmethod 0x000001fd1b786490
Event: 1.527 Thread 0x000001fd137382f0 flushing nmethod 0x000001fd1b77bc10


Dynamic libraries:
0x00007ff732ab0000 - 0x00007ff732ac0000 	C:\Program Files\java\jdk-20\bin\java.exe
0x00007ffe4ff30000 - 0x00007ffe50144000 	C:\WINDOWS\SYSTEM32\ntdll.dll
0x00007ffe4f2c0000 - 0x00007ffe4f384000 	C:\WINDOWS\System32\KERNEL32.DLL
0x00007ffe4d850000 - 0x00007ffe4dbf4000 	C:\WINDOWS\System32\KERNELBASE.dll
0x00007ffe4d450000 - 0x00007ffe4d561000 	C:\WINDOWS\System32\ucrtbase.dll
0x00007ffe43f30000 - 0x00007ffe43f4b000 	C:\Program Files\java\jdk-20\bin\VCRUNTIME140.dll
0x00007ffe44050000 - 0x00007ffe44069000 	C:\Program Files\java\jdk-20\bin\jli.dll
0x00007ffe4e850000 - 0x00007ffe4e900000 	C:\WINDOWS\System32\ADVAPI32.dll
0x00007ffe4eac0000 - 0x00007ffe4eb67000 	C:\WINDOWS\System32\msvcrt.dll
0x00007ffe4fbc0000 - 0x00007ffe4fc66000 	C:\WINDOWS\System32\sechost.dll
0x00007ffe4f8b0000 - 0x00007ffe4f9c7000 	C:\WINDOWS\System32\RPCRT4.dll
0x00007ffe4f110000 - 0x00007ffe4f2be000 	C:\WINDOWS\System32\USER32.dll
0x00007ffe4d7a0000 - 0x00007ffe4d7c6000 	C:\WINDOWS\System32\win32u.dll
0x00007ffe4fdd0000 - 0x00007ffe4fdf9000 	C:\WINDOWS\System32\GDI32.dll
0x00007ffe33520000 - 0x00007ffe337b3000 	C:\WINDOWS\WinSxS\amd64_microsoft.windows.common-controls_6595b64144ccf1df_6.0.22621.2215_none_270d72677387dfc3\COMCTL32.dll
0x00007ffe4d680000 - 0x00007ffe4d798000 	C:\WINDOWS\System32\gdi32full.dll
0x00007ffe4d5e0000 - 0x00007ffe4d67a000 	C:\WINDOWS\System32\msvcp_win.dll
0x00007ffe45770000 - 0x00007ffe4577a000 	C:\WINDOWS\SYSTEM32\VERSION.dll
0x00007ffe4ef00000 - 0x00007ffe4ef31000 	C:\WINDOWS\System32\IMM32.DLL
0x00007ffe43f20000 - 0x00007ffe43f2c000 	C:\Program Files\java\jdk-20\bin\vcruntime140_1.dll
0x00007ffdff060000 - 0x00007ffdff0ee000 	C:\Program Files\java\jdk-20\bin\msvcp140.dll
0x00007ffded720000 - 0x00007ffdee3b8000 	C:\Program Files\java\jdk-20\bin\server\jvm.dll
0x00007ffe331f0000 - 0x00007ffe331f9000 	C:\WINDOWS\SYSTEM32\WSOCK32.dll
0x00007ffe45e30000 - 0x00007ffe45e64000 	C:\WINDOWS\SYSTEM32\WINMM.dll
0x00007ffe4fe00000 - 0x00007ffe4fe71000 	C:\WINDOWS\System32\WS2_32.dll
0x00007ffe4c330000 - 0x00007ffe4c348000 	C:\WINDOWS\SYSTEM32\kernel.appcore.dll
0x00007ffe43f10000 - 0x00007ffe43f1a000 	C:\Program Files\java\jdk-20\bin\jimage.dll
0x00007ffe4a640000 - 0x00007ffe4a86e000 	C:\WINDOWS\SYSTEM32\DBGHELP.DLL
0x00007ffe4eb70000 - 0x00007ffe4eefa000 	C:\WINDOWS\System32\combase.dll
0x00007ffe4fcf0000 - 0x00007ffe4fdc7000 	C:\WINDOWS\System32\OLEAUT32.dll
0x00007ffe44860000 - 0x00007ffe44892000 	C:\WINDOWS\SYSTEM32\dbgcore.DLL
0x00007ffe4d7d0000 - 0x00007ffe4d84a000 	C:\WINDOWS\System32\bcryptPrimitives.dll
0x00007ffe400d0000 - 0x00007ffe400f6000 	C:\Program Files\java\jdk-20\bin\java.dll
0x00007ffdffcf0000 - 0x00007ffdffdc7000 	C:\Program Files\java\jdk-20\bin\jsvml.dll
0x00007ffe4e020000 - 0x00007ffe4e843000 	C:\WINDOWS\System32\SHELL32.dll
0x00007ffe4b270000 - 0x00007ffe4bb5a000 	C:\WINDOWS\SYSTEM32\windows.storage.dll
0x00007ffe4b130000 - 0x00007ffe4b26e000 	C:\WINDOWS\SYSTEM32\wintypes.dll
0x00007ffe4fac0000 - 0x00007ffe4fbb3000 	C:\WINDOWS\System32\SHCORE.dll
0x00007ffe4ea50000 - 0x00007ffe4eaae000 	C:\WINDOWS\System32\shlwapi.dll
0x00007ffe4d210000 - 0x00007ffe4d236000 	C:\WINDOWS\SYSTEM32\profapi.dll
0x00007ffe43920000 - 0x00007ffe43933000 	C:\Program Files\java\jdk-20\bin\net.dll
0x00007ffe46c20000 - 0x00007ffe46d57000 	C:\WINDOWS\SYSTEM32\WINHTTP.dll
0x00007ffe4c7b0000 - 0x00007ffe4c819000 	C:\WINDOWS\system32\mswsock.dll
0x00007ffe400b0000 - 0x00007ffe400c6000 	C:\Program Files\java\jdk-20\bin\nio.dll
0x00007ffe29e50000 - 0x00007ffe29e68000 	C:\Program Files\java\jdk-20\bin\zip.dll
0x00007ffdffb50000 - 0x00007ffdffce1000 	C:\Program Files\java\jdk-20\bin\awt.dll
0x00007ffe48f90000 - 0x00007ffe49027000 	C:\WINDOWS\SYSTEM32\apphelp.dll
0x00007ffe4acc0000 - 0x00007ffe4aceb000 	C:\WINDOWS\system32\DWMAPI.DLL
0x00007ffe4a590000 - 0x00007ffe4a63b000 	C:\WINDOWS\system32\uxtheme.dll
0x00007ffe14080000 - 0x00007ffe14180000 	C:\WINDOWS\system32\opengl32.dll
0x00007ffe14050000 - 0x00007ffe1407d000 	C:\WINDOWS\SYSTEM32\GLU32.dll
0x00007ffe4a8a0000 - 0x00007ffe4a8d8000 	C:\WINDOWS\SYSTEM32\dxcore.dll
0x00007ffe4e900000 - 0x00007ffe4ea49000 	C:\WINDOWS\System32\MSCTF.dll
0x00007ffe4ddc0000 - 0x00007ffe4df5e000 	C:\WINDOWS\System32\ole32.dll
0x00007ffe43fe0000 - 0x00007ffe4400e000 	C:\Program Files\java\jdk-20\bin\javajpeg.dll

dbghelp: loaded successfully - version: 4.0.5 - missing functions: none
symbol engine: initialized successfully - sym options: 0x614 - pdb path: .;C:\Program Files\java\jdk-20\bin;C:\WINDOWS\SYSTEM32;C:\WINDOWS\WinSxS\amd64_microsoft.windows.common-controls_6595b64144ccf1df_6.0.22621.2215_none_270d72677387dfc3;C:\Program Files\java\jdk-20\bin\server

VM Arguments:
jvm_args: -Dfile.encoding=UTF-8 --module-path=C:\Users\Aryan Tambde\OneDrive\Desktop\Project\Travel Management System\build\classes 
java_command: travel.management.system.CheckHotels
java_class_path (initial): C:\Users\Aryan Tambde\Downloads\mysql-connector-java-8.0.28.jar;C:\Users\Aryan Tambde\OneDrive\Desktop\Project\Travel Management System\build\classes
Launcher Type: SUN_STANDARD

[Global flags]
     intx CICompilerCount                          = 3                                         {product} {ergonomic}
     uint ConcGCThreads                            = 1                                         {product} {ergonomic}
     uint G1ConcRefinementThreads                  = 4                                         {product} {ergonomic}
   size_t G1HeapRegionSize                         = 1048576                                   {product} {ergonomic}
    uintx GCDrainStackTargetSize                   = 64                                        {product} {ergonomic}
   size_t InitialHeapSize                          = 65011712                                  {product} {ergonomic}
   size_t MarkStackSize                            = 4194304                                   {product} {ergonomic}
   size_t MaxHeapSize                              = 1025507328                                {product} {ergonomic}
   size_t MaxNewSize                               = 614465536                                 {product} {ergonomic}
   size_t MinHeapDeltaBytes                        = 1048576                                   {product} {ergonomic}
   size_t MinHeapSize                              = 8388608                                   {product} {ergonomic}
    uintx NonNMethodCodeHeapSize                   = 5832780                                {pd product} {ergonomic}
    uintx NonProfiledCodeHeapSize                  = 122912730                              {pd product} {ergonomic}
    uintx ProfiledCodeHeapSize                     = 122912730                              {pd product} {ergonomic}
    uintx ReservedCodeCacheSize                    = 251658240                              {pd product} {ergonomic}
     bool SegmentedCodeCache                       = true                                      {product} {ergonomic}
   size_t SoftMaxHeapSize                          = 1025507328                             {manageable} {ergonomic}
     bool UseCompressedClassPointers               = true                           {product lp64_product} {ergonomic}
     bool UseCompressedOops                        = true                           {product lp64_product} {ergonomic}
     bool UseG1GC                                  = true                                      {product} {ergonomic}
     bool UseLargePagesIndividualAllocation        = false                                  {pd product} {ergonomic}

Logging:
Log output configuration:
 #0: stdout all=warning uptime,level,tags foldmultilines=false
 #1: stderr all=off uptime,level,tags foldmultilines=false

Environment Variables:
PATH=C:\Program Files\Common Files\Oracle\Java\javapath;C:\Program Files (x86)\NVIDIA Corporation\PhysX\Common;C:\WINDOWS\system32;C:\WINDOWS;C:\WINDOWS\System32\Wbem;C:\WINDOWS\System32\WindowsPowerShell\v1.0\;C:\WINDOWS\System32\OpenSSH\;C:\Program Files (x86)\Intel\Intel(R) Management Engine Components\DAL;C:\Program Files\Intel\Intel(R) Management Engine Components\DAL;C:\Program Files\dotnet\;C:\MinGW\bin;C:\Program Files\java\jdk-20.0.2\bin;C:\Program Files\MySQL\MySQL Shell 8.0\bin\;C:\Users\Aryan Tambde\AppData\Local\Microsoft\WindowsApps;D:\IntelliJ IDEA 2023.2\bin;
USERNAME=Aryan Tambde
OS=Windows_NT
PROCESSOR_IDENTIFIER=Intel64 Family 6 Model 142 Stepping 12, GenuineIntel
TMP=C:\Users\Aryan Tambde\AppData\Local\Temp
TEMP=C:\Users\Aryan Tambde\AppData\Local\Temp




---------------  S Y S T E M  ---------------

OS:
 Windows 11 , 64 bit Build 22621 (10.0.22621.2215)
OS uptime: 0 days 7:21 hours

CPU: total 4 (initial active 4) (2 cores per cpu, 2 threads per core) family 6 model 142 stepping 12 microcode 0xf8, cx8, cmov, fxsr, ht, mmx, 3dnowpref, sse, sse2, sse3, ssse3, sse4.1, sse4.2, popcnt, lzcnt, tsc, tscinvbit, avx, avx2, aes, erms, clmul, bmi1, bmi2, adx, fma, vzeroupper, clflush, clflushopt, rdtscp, f16c

Memory: 4k page, system-wide physical 3910M (294M free)
TotalPageFile size 15686M (AvailPageFile size 43M)
current process WorkingSet (physical memory assigned to process): 208M, peak: 208M
current process commit charge ("private bytes"): 257M, peak: 318M

vm_info: Java HotSpot(TM) 64-Bit Server VM (20.0.2+9-78) for windows-amd64 JRE (20.0.2+9-78), built on 2023-06-14T10:08:48Z by "mach5one" with MS VC++ 17.1 (VS2022)

END.
