#
# There is insufficient memory for the Java Runtime Environment to continue.
# Native memory allocation (mmap) failed to map 123731968 bytes for G1 virtual space
# Possible reasons:
#   The system is out of physical RAM or swap space
#   The process is running with CompressedOops enabled, and the Java Heap may be blocking the growth of the native heap
# Possible solutions:
#   Reduce memory load on the system
#   Increase physical memory or swap space
#   Check if swap backing store is full
#   Decrease Java heap size (-Xmx/-Xms)
#   Decrease number of Java threads
#   Decrease Java thread stack sizes (-Xss)
#   Set larger code cache with -XX:ReservedCodeCacheSize=
#   JVM is running with Unscaled Compressed Oops mode in which the Java heap is
#     placed in the first 4GB address space. The Java Heap base address is the
#     maximum limit for the native heap growth. Please use -XX:HeapBaseMinAddress
#     to set the Java Heap base and to place the Java Heap above 4GB virtual address.
# This output file may be truncated or incomplete.
#
#  Out of Memory Error (os_windows.cpp:3550), pid=6172, tid=8732
#
# JRE version:  (17.0.8+9) (build )
# Java VM: Java HotSpot(TM) 64-Bit Server VM (17.0.8+9-LTS-211, mixed mode, sharing, tiered, compressed oops, compressed class ptrs, g1 gc, windows-amd64)
# No core dump will be written. Minidumps are not enabled by default on client versions of Windows
#

---------------  S U M M A R Y ------------

Command Line: -Dfile.encoding=UTF-8 --module-path=C:\Users\prana\OneDrive\Documents\NetBeansProjects\travel management systemm\build\classes travel.management.systemm.Dashboard

Host: AMD Ryzen 5 5500U with Radeon Graphics         , 12 cores, 7G,  Windows 11 , 64 bit Build 22621 (10.0.22621.1194)
Time: Tue Oct 10 12:15:10 2023 India Standard Time elapsed time: 0.020829 seconds (0d 0h 0m 0s)

---------------  T H R E A D  ---------------

Current thread (0x000001a5bcadbc50):  JavaThread "Unknown thread" [_thread_in_vm, id=8732, stack(0x0000002363f00000,0x0000002364000000)]

Stack: [0x0000002363f00000,0x0000002364000000]
Native frames: (J=compiled Java code, j=interpreted, Vv=VM code, C=native code)
V  [jvm.dll+0x677d0a]
V  [jvm.dll+0x7d8c54]
V  [jvm.dll+0x7da3fe]
V  [jvm.dll+0x7daa63]
V  [jvm.dll+0x245c5f]
V  [jvm.dll+0x674bb9]
V  [jvm.dll+0x6694f2]
V  [jvm.dll+0x3031d6]
V  [jvm.dll+0x30a756]
V  [jvm.dll+0x359f9e]
V  [jvm.dll+0x35a1cf]
V  [jvm.dll+0x2da3e8]
V  [jvm.dll+0x2db354]
V  [jvm.dll+0x7aa711]
V  [jvm.dll+0x367b51]
V  [jvm.dll+0x789979]
V  [jvm.dll+0x3eb05f]
V  [jvm.dll+0x3ecae1]
C  [jli.dll+0x5297]
C  [ucrtbase.dll+0x29363]
C  [KERNEL32.DLL+0x126bd]
C  [ntdll.dll+0x5dfb8]


---------------  P R O C E S S  ---------------

Threads class SMR info:
_java_thread_list=0x00007ffd1cfb59d8, length=0, elements={
}

Java Threads: ( => current thread )

Other Threads:
  0x000001a5bcb30740 GCTaskThread "GC Thread#0" [stack: 0x0000002364000000,0x0000002364100000] [id=28840]
  0x000001a5bcb40000 ConcurrentGCThread "G1 Main Marker" [stack: 0x0000002364100000,0x0000002364200000] [id=21520]
  0x000001a5bcb40a70 ConcurrentGCThread "G1 Conc#0" [stack: 0x0000002364200000,0x0000002364300000] [id=24504]

[error occurred during error reporting (printing all threads), id 0xc0000005, EXCEPTION_ACCESS_VIOLATION (0xc0000005) at pc=0x00007ffd1c7eb047]

VM state: not at safepoint (not fully initialized)

VM Mutex/Monitor currently owned by a thread:  ([mutex/lock_event])
[0x000001a5bcad7030] Heap_lock - owner thread: 0x000001a5bcadbc50

Heap address: 0x000000008ac00000, size: 1876 MB, Compressed Oops mode: 32-bit

CDS archive(s) mapped at: [0x0000000000000000-0x0000000000000000-0x0000000000000000), size 0, SharedBaseAddress: 0x0000000800000000, ArchiveRelocationMode: 1.
Narrow klass base: 0x0000000000000000, Narrow klass shift: 0, Narrow klass range: 0x0

GC Precious Log:
<Empty>

Heap:
 garbage-first heap   total 0K, used 0K [0x000000008ac00000, 0x0000000100000000)
  region size 1024K, 0 young (0K), 0 survivors (0K)

[error occurred during error reporting (printing heap information), id 0xc0000005, EXCEPTION_ACCESS_VIOLATION (0xc0000005) at pc=0x00007ffd1cbd1499]

GC Heap History (0 events):
No events

Deoptimization events (0 events):
No events

Classes unloaded (0 events):
No events

Classes redefined (0 events):
No events

Internal exceptions (0 events):
No events

VM Operations (0 events):
No events

Events (1 events):
Event: 0.015 Loaded shared library C:\Program Files\Java\jdk-17\bin\java.dll


Dynamic libraries:
0x00007ff670100000 - 0x00007ff670110000 	C:\Program Files\Java\jdk-17\bin\java.exe
0x00007ffd94110000 - 0x00007ffd94324000 	C:\WINDOWS\SYSTEM32\ntdll.dll
0x00007ffd92c10000 - 0x00007ffd92cd3000 	C:\WINDOWS\System32\KERNEL32.DLL
0x00007ffd91b80000 - 0x00007ffd91f1c000 	C:\WINDOWS\System32\KERNELBASE.dll
0x00007ffd915d0000 - 0x00007ffd916e1000 	C:\WINDOWS\System32\ucrtbase.dll
0x00007ffd27e20000 - 0x00007ffd27e3b000 	C:\Program Files\Java\jdk-17\bin\VCRUNTIME140.dll
0x00007ffd7ed50000 - 0x00007ffd7ed69000 	C:\Program Files\Java\jdk-17\bin\jli.dll
0x00007ffd930a0000 - 0x00007ffd9314e000 	C:\WINDOWS\System32\ADVAPI32.dll
0x00007ffd92120000 - 0x00007ffd921c7000 	C:\WINDOWS\System32\msvcrt.dll
0x00007ffd94020000 - 0x00007ffd940c4000 	C:\WINDOWS\System32\sechost.dll
0x00007ffd91fa0000 - 0x00007ffd920b5000 	C:\WINDOWS\System32\RPCRT4.dll
0x00007ffd93e70000 - 0x00007ffd9401d000 	C:\WINDOWS\System32\USER32.dll
0x00007ffd918b0000 - 0x00007ffd918d6000 	C:\WINDOWS\System32\win32u.dll
0x00007ffd92d90000 - 0x00007ffd92db9000 	C:\WINDOWS\System32\GDI32.dll
0x00007ffd91790000 - 0x00007ffd918a2000 	C:\WINDOWS\System32\gdi32full.dll
0x00007ffd916f0000 - 0x00007ffd9178a000 	C:\WINDOWS\System32\msvcp_win.dll
0x00007ffd782d0000 - 0x00007ffd7855e000 	C:\WINDOWS\WinSxS\amd64_microsoft.windows.common-controls_6595b64144ccf1df_6.0.22621.608_none_a9444ca7c10bb01d\COMCTL32.dll
0x00007ffd885a0000 - 0x00007ffd885aa000 	C:\WINDOWS\SYSTEM32\VERSION.dll
0x00007ffd922c0000 - 0x00007ffd922f2000 	C:\WINDOWS\System32\IMM32.DLL
0x00007ffd630a0000 - 0x00007ffd630ac000 	C:\Program Files\Java\jdk-17\bin\vcruntime140_1.dll
0x00007ffd1c1f0000 - 0x00007ffd1c27e000 	C:\Program Files\Java\jdk-17\bin\msvcp140.dll
0x00007ffd1c500000 - 0x00007ffd1d0de000 	C:\Program Files\Java\jdk-17\bin\server\jvm.dll
0x00007ffd92aa0000 - 0x00007ffd92aa8000 	C:\WINDOWS\System32\PSAPI.DLL
0x00007ffd79800000 - 0x00007ffd79809000 	C:\WINDOWS\SYSTEM32\WSOCK32.dll
0x00007ffd91f20000 - 0x00007ffd91f91000 	C:\WINDOWS\System32\WS2_32.dll
0x00007ffd8a750000 - 0x00007ffd8a784000 	C:\WINDOWS\SYSTEM32\WINMM.dll
0x00007ffd905a0000 - 0x00007ffd905b8000 	C:\WINDOWS\SYSTEM32\kernel.appcore.dll
0x00007ffd629b0000 - 0x00007ffd629ba000 	C:\Program Files\Java\jdk-17\bin\jimage.dll
0x00007ffd81720000 - 0x00007ffd8194e000 	C:\WINDOWS\SYSTEM32\DBGHELP.DLL
0x00007ffd93ae0000 - 0x00007ffd93e6a000 	C:\WINDOWS\System32\combase.dll
0x00007ffd921e0000 - 0x00007ffd922b7000 	C:\WINDOWS\System32\OLEAUT32.dll
0x00007ffd81400000 - 0x00007ffd81432000 	C:\WINDOWS\SYSTEM32\dbgcore.DLL
0x00007ffd91550000 - 0x00007ffd915cb000 	C:\WINDOWS\System32\bcryptPrimitives.dll
0x00007ffd200c0000 - 0x00007ffd200e5000 	C:\Program Files\Java\jdk-17\bin\java.dll

dbghelp: loaded successfully - version: 4.0.5 - missing functions: none
symbol engine: initialized successfully - sym options: 0x614 - pdb path: .;C:\Program Files\Java\jdk-17\bin;C:\WINDOWS\SYSTEM32;C:\WINDOWS\WinSxS\amd64_microsoft.windows.common-controls_6595b64144ccf1df_6.0.22621.608_none_a9444ca7c10bb01d;C:\Program Files\Java\jdk-17\bin\server

VM Arguments:
jvm_args: -Dfile.encoding=UTF-8 --module-path=C:\Users\prana\OneDrive\Documents\NetBeansProjects\travel management systemm\build\classes 
java_command: travel.management.systemm.Dashboard
java_class_path (initial): C:\Users\prana\Downloads\mysql-connector-java-8.0.28.jar;C:\Users\prana\OneDrive\Documents\NetBeansProjects\travel management systemm\build\classes
Launcher Type: SUN_STANDARD

[Global flags]
     intx CICompilerCount                          = 4                                         {product} {ergonomic}
     uint ConcGCThreads                            = 3                                         {product} {ergonomic}
     uint G1ConcRefinementThreads                  = 10                                        {product} {ergonomic}
   size_t G1HeapRegionSize                         = 1048576                                   {product} {ergonomic}
    uintx GCDrainStackTargetSize                   = 64                                        {product} {ergonomic}
   size_t InitialHeapSize                          = 123731968                                 {product} {ergonomic}
   size_t MarkStackSize                            = 4194304                                   {product} {ergonomic}
   size_t MaxHeapSize                              = 1967128576                                {product} {ergonomic}
   size_t MinHeapDeltaBytes                        = 1048576                                   {product} {ergonomic}
   size_t MinHeapSize                              = 8388608                                   {product} {ergonomic}
    uintx NonNMethodCodeHeapSize                   = 5839372                                {pd product} {ergonomic}
    uintx NonProfiledCodeHeapSize                  = 122909434                              {pd product} {ergonomic}
    uintx ProfiledCodeHeapSize                     = 122909434                              {pd product} {ergonomic}
    uintx ReservedCodeCacheSize                    = 251658240                              {pd product} {ergonomic}
     bool SegmentedCodeCache                       = true                                      {product} {ergonomic}
   size_t SoftMaxHeapSize                          = 1967128576                             {manageable} {ergonomic}
     bool UseCompressedClassPointers               = true                           {product lp64_product} {ergonomic}
     bool UseCompressedOops                        = true                           {product lp64_product} {ergonomic}
     bool UseG1GC                                  = true                                      {product} {ergonomic}
     bool UseLargePagesIndividualAllocation        = false                                  {pd product} {ergonomic}

Logging:
Log output configuration:
 #0: stdout all=warning uptime,level,tags
 #1: stderr all=off uptime,level,tags

Environment Variables:
PATH=C:\Program Files\Common Files\Oracle\Java\javapath;C:\WINDOWS\system32;C:\WINDOWS;C:\WINDOWS\System32\Wbem;C:\WINDOWS\System32\WindowsPowerShell\v1.0\;C:\WINDOWS\System32\OpenSSH\;C:\Program Files\dotnet\;C:\Program Files\Java\jdk-17\bin;C:\Program Files\MySQL\MySQL Server 8.0\bin;C:\Program Files\MySQL\MySQL Shell 8.0\bin\;C:\Users\prana\AppData\Local\Microsoft\WindowsApps;C:\Program Files\MySQL\MySQL Server 8.0\bin;C:\Program Files\Java\jdk-17\bin;
USERNAME=prana
OS=Windows_NT
PROCESSOR_IDENTIFIER=AMD64 Family 23 Model 104 Stepping 1, AuthenticAMD



---------------  S Y S T E M  ---------------

OS:
 Windows 11 , 64 bit Build 22621 (10.0.22621.1194)
OS uptime: 1 days 1:32 hours
Hyper-V role detected

CPU: total 12 (initial active 12) (12 cores per cpu, 2 threads per core) family 23 model 104 stepping 1 microcode 0x0, cx8, cmov, fxsr, ht, mmx, 3dnowpref, sse, sse2, sse3, ssse3, sse4a, sse4.1, sse4.2, popcnt, lzcnt, tsc, tscinvbit, avx, avx2, aes, clmul, bmi1, bmi2, adx, sha, fma, vzeroupper, clflush, clflushopt, hv

Memory: 4k page, system-wide physical 7502M (1243M free)
TotalPageFile size 30030M (AvailPageFile size 105M)
current process WorkingSet (physical memory assigned to process): 11M, peak: 11M
current process commit charge ("private bytes"): 64M, peak: 182M

vm_info: Java HotSpot(TM) 64-Bit Server VM (17.0.8+9-LTS-211) for windows-amd64 JRE (17.0.8+9-LTS-211), built on Jun 14 2023 10:34:31 by "mach5one" with MS VC++ 17.1 (VS2022)

END.
