#
# There is insufficient memory for the Java Runtime Environment to continue.
# Native memory allocation (mmap) failed to map 180355072 bytes for G1 virtual space
# Possible reasons:
#   The system is out of physical RAM or swap space
#   The process is running with CompressedOops enabled, and the Java Heap may be blocking the growth of the native heap
# Possible solutions:
#   Reduce memory load on the system
#   Increase physical memory or swap space
#   Check if swap backing store is full
#   Decrease Java heap size (-Xmx/-Xms)
#   Decrease number of Java threads
#   Decrease Java thread stack sizes (-Xss)
#   Set larger code cache with -XX:ReservedCodeCacheSize=
#   JVM is running with Unscaled Compressed Oops mode in which the Java heap is
#     placed in the first 4GB address space. The Java Heap base address is the
#     maximum limit for the native heap growth. Please use -XX:HeapBaseMinAddress
#     to set the Java Heap base and to place the Java Heap above 4GB virtual address.
# This output file may be truncated or incomplete.
#
#  Out of Memory Error (os_windows.cpp:3550), pid=16644, tid=9004
#
# JRE version: Java(TM) SE Runtime Environment (17.0.8+9) (build 17.0.8+9-LTS-211)
# Java VM: Java HotSpot(TM) 64-Bit Server VM (17.0.8+9-LTS-211, mixed mode, sharing, tiered, compressed oops, compressed class ptrs, g1 gc, windows-amd64)
# No core dump will be written. Minidumps are not enabled by default on client versions of Windows
#

---------------  S U M M A R Y ------------

Command Line: -Dfile.encoding=UTF-8 --module-path=C:\Users\prana\OneDrive\Documents\NetBeansProjects\travel management systemm\build\classes travel.management.systemm.Dashboard

Host: AMD Ryzen 5 5500U with Radeon Graphics         , 12 cores, 7G,  Windows 11 , 64 bit Build 22621 (10.0.22621.1194)
Time: Tue Oct 10 11:54:52 2023 India Standard Time elapsed time: 5912.768031 seconds (0d 1h 38m 32s)

---------------  T H R E A D  ---------------

Current thread (0x000001ab8483d210):  VMThread "VM Thread" [stack: 0x0000007880400000,0x0000007880500000] [id=9004]

Stack: [0x0000007880400000,0x0000007880500000]
Native frames: (J=compiled Java code, j=interpreted, Vv=VM code, C=native code)
V  [jvm.dll+0x677d0a]
V  [jvm.dll+0x7d8c54]
V  [jvm.dll+0x7da3fe]
V  [jvm.dll+0x7daa63]
V  [jvm.dll+0x245c5f]
V  [jvm.dll+0x674bb9]
V  [jvm.dll+0x6694f2]
V  [jvm.dll+0x3031d6]
V  [jvm.dll+0x30a756]
V  [jvm.dll+0x359f9e]
V  [jvm.dll+0x35a1cf]
V  [jvm.dll+0x2da3e8]
V  [jvm.dll+0x2d87f5]
V  [jvm.dll+0x2d7dfc]
V  [jvm.dll+0x31b7f1]
V  [jvm.dll+0x7df26b]
V  [jvm.dll+0x7dffa4]
V  [jvm.dll+0x7e04bd]
V  [jvm.dll+0x7e0894]
V  [jvm.dll+0x7e0960]
V  [jvm.dll+0x788bba]
V  [jvm.dll+0x676b35]
C  [ucrtbase.dll+0x29363]
C  [KERNEL32.DLL+0x126bd]
C  [ntdll.dll+0x5dfb8]

VM_Operation (0x00000078829fe158): G1TryInitiateConcMark, mode: safepoint, requested by thread 0x000001abcc6b4bd0


---------------  P R O C E S S  ---------------

Threads class SMR info:
_java_thread_list=0x000001abcc6ac270, length=19, elements={
0x000001ab848457d0, 0x000001ab84848190, 0x000001ab84859450, 0x000001ab84859e00,
0x000001ab8485a7b0, 0x000001ab8485c170, 0x000001ab8485e170, 0x000001ab8485eb20,
0x000001ab8485f420, 0x000001ab84a7c3a0, 0x000001ab84b1f890, 0x000001ab84d3e8e0,
0x000001ab84d49170, 0x000001abcc6b4700, 0x000001abcc6b4bd0, 0x000001abe4849e30,
0x000001abcc738a80, 0x000001abcc74abc0, 0x000001abcc74a220
}

Java Threads: ( => current thread )
  0x000001ab848457d0 JavaThread "Reference Handler" daemon [_thread_blocked, id=20804, stack(0x0000007880500000,0x0000007880600000)]
  0x000001ab84848190 JavaThread "Finalizer" daemon [_thread_blocked, id=21016, stack(0x0000007880600000,0x0000007880700000)]
  0x000001ab84859450 JavaThread "Signal Dispatcher" daemon [_thread_blocked, id=14980, stack(0x0000007880700000,0x0000007880800000)]
  0x000001ab84859e00 JavaThread "Attach Listener" daemon [_thread_blocked, id=27432, stack(0x0000007880800000,0x0000007880900000)]
  0x000001ab8485a7b0 JavaThread "Service Thread" daemon [_thread_blocked, id=1972, stack(0x0000007880900000,0x0000007880a00000)]
  0x000001ab8485c170 JavaThread "Monitor Deflation Thread" daemon [_thread_blocked, id=17456, stack(0x0000007880a00000,0x0000007880b00000)]
  0x000001ab8485e170 JavaThread "C2 CompilerThread0" daemon [_thread_blocked, id=21872, stack(0x0000007880b00000,0x0000007880c00000)]
  0x000001ab8485eb20 JavaThread "C1 CompilerThread0" daemon [_thread_blocked, id=9116, stack(0x0000007880c00000,0x0000007880d00000)]
  0x000001ab8485f420 JavaThread "Sweeper thread" daemon [_thread_blocked, id=25112, stack(0x0000007880d00000,0x0000007880e00000)]
  0x000001ab84a7c3a0 JavaThread "Common-Cleaner" daemon [_thread_blocked, id=27560, stack(0x0000007880e00000,0x0000007880f00000)]
  0x000001ab84b1f890 JavaThread "Notification Thread" daemon [_thread_blocked, id=22256, stack(0x0000007880f00000,0x0000007881000000)]
  0x000001ab84d3e8e0 JavaThread "Java2D Disposer" daemon [_thread_blocked, id=13228, stack(0x0000007881100000,0x0000007881200000)]
  0x000001ab84d49170 JavaThread "AWT-Windows" daemon [_thread_blocked, id=9964, stack(0x0000007881300000,0x0000007881400000)]
  0x000001abcc6b4700 JavaThread "AWT-Shutdown" [_thread_blocked, id=28688, stack(0x0000007881200000,0x0000007881300000)]
  0x000001abcc6b4bd0 JavaThread "AWT-EventQueue-0" [_thread_blocked, id=28692, stack(0x0000007882900000,0x0000007882a00000)]
  0x000001abe4849e30 JavaThread "DestroyJavaVM" [_thread_blocked, id=24596, stack(0x00000078ffe00000,0x00000078fff00000)]
  0x000001abcc738a80 JavaThread "D3D Screen Updater" daemon [_thread_blocked, id=28768, stack(0x0000007882a00000,0x0000007882b00000)]
  0x000001abcc74abc0 JavaThread "TimerQueue" daemon [_thread_blocked, id=28812, stack(0x0000007882b00000,0x0000007882c00000)]
  0x000001abcc74a220 JavaThread "mysql-cj-abandoned-connection-cleanup" daemon [_thread_blocked, id=28816, stack(0x0000007882c00000,0x0000007882d00000)]

Other Threads:
=>0x000001ab8483d210 VMThread "VM Thread" [stack: 0x0000007880400000,0x0000007880500000] [id=9004]
  0x000001abe48cd4b0 WatcherThread [stack: 0x0000007881000000,0x0000007881100000] [id=26904]
  0x000001abe489f2f0 GCTaskThread "GC Thread#0" [stack: 0x00000078fff00000,0x0000007900000000] [id=28024]
  0x000001abcc4e4140 GCTaskThread "GC Thread#1" [stack: 0x0000007882000000,0x0000007882100000] [id=27276]
  0x000001abcc4d7e90 GCTaskThread "GC Thread#2" [stack: 0x0000007882100000,0x0000007882200000] [id=25072]
  0x000001abcc4d8140 GCTaskThread "GC Thread#3" [stack: 0x0000007882200000,0x0000007882300000] [id=28288]
  0x000001abcc625ec0 GCTaskThread "GC Thread#4" [stack: 0x0000007882300000,0x0000007882400000] [id=8392]
  0x000001abcc626170 GCTaskThread "GC Thread#5" [stack: 0x0000007882400000,0x0000007882500000] [id=3832]
  0x000001abcc626420 GCTaskThread "GC Thread#6" [stack: 0x0000007882500000,0x0000007882600000] [id=18852]
  0x000001abcc6266d0 GCTaskThread "GC Thread#7" [stack: 0x0000007882600000,0x0000007882700000] [id=26796]
  0x000001abcf9ff4f0 GCTaskThread "GC Thread#8" [stack: 0x0000007883000000,0x0000007883100000] [id=28840]
  0x000001abcca2ee50 GCTaskThread "GC Thread#9" [stack: 0x0000007883100000,0x0000007883200000] [id=28844]
  0x000001abe48aee20 ConcurrentGCThread "G1 Main Marker" [stack: 0x0000007880000000,0x0000007880100000] [id=27896]
  0x000001abe48b06e0 ConcurrentGCThread "G1 Conc#0" [stack: 0x0000007880100000,0x0000007880200000] [id=10832]
  0x000001abcc47c200 ConcurrentGCThread "G1 Conc#1" [stack: 0x0000007881f00000,0x0000007882000000] [id=7604]
  0x000001abcc5d57c0 ConcurrentGCThread "G1 Conc#2" [stack: 0x0000007882700000,0x0000007882800000] [id=23492]
  0x000001ab84702cc0 ConcurrentGCThread "G1 Refine#0" [stack: 0x0000007880200000,0x0000007880300000] [id=26888]
  0x000001abe4915530 ConcurrentGCThread "G1 Service" [stack: 0x0000007880300000,0x0000007880400000] [id=6264]

Threads with active compile tasks:

VM state: at safepoint (normal execution)

VM Mutex/Monitor currently owned by a thread:  ([mutex/lock_event])
[0x000001abe4845da0] Threads_lock - owner thread: 0x000001ab8483d210
[0x000001abe4845b60] Heap_lock - owner thread: 0x000001abcc6b4bd0

Heap address: 0x000000008ac00000, size: 1876 MB, Compressed Oops mode: 32-bit

CDS archive(s) mapped at: [0x000001ab85000000-0x000001ab85bd0000-0x000001ab85bd0000), size 12386304, SharedBaseAddress: 0x000001ab85000000, ArchiveRelocationMode: 1.
Compressed class space mapped at: 0x000001ab86000000-0x000001abc6000000, reserved size: 1073741824
Narrow klass base: 0x000001ab85000000, Narrow klass shift: 0, Narrow klass range: 0x100000000

GC Precious Log:
 CPUs: 12 total, 12 available
 Memory: 7502M
 Large Page Support: Disabled
 NUMA Support: Disabled
 Compressed Oops: Enabled (32-bit)
 Heap Region Size: 1M
 Heap Min Capacity: 8M
 Heap Initial Capacity: 118M
 Heap Max Capacity: 1876M
 Pre-touch: Disabled
 Parallel Workers: 10
 Concurrent Workers: 3
 Concurrent Refinement Workers: 10
 Periodic GC: Disabled

Heap:
 garbage-first heap   total 230400K, used 136107K [0x000000008ac00000, 0x0000000100000000)
  region size 1024K, 5 young (5120K), 5 survivors (5120K)
 Metaspace       used 17432K, committed 17664K, reserved 1114112K
  class space    used 1944K, committed 2048K, reserved 1048576K

Heap Regions: E=young(eden), S=young(survivor), O=old, HS=humongous(starts), HC=humongous(continues), CS=collection set, F=free, OA=open archive, CA=closed archive, TAMS=top-at-mark-start (previous, next)
|   0|0x000000008ac00000, 0x000000008ad00000, 0x000000008ad00000|100%|HS|  |TAMS 0x000000008ad00000, 0x000000008ad00000| Complete 
|   1|0x000000008ad00000, 0x000000008ae00000, 0x000000008ae00000|100%|HC|  |TAMS 0x000000008ae00000, 0x000000008ae00000| Complete 
|   2|0x000000008ae00000, 0x000000008af00000, 0x000000008af00000|100%| O|  |TAMS 0x000000008af00000, 0x000000008af00000| Untracked 
|   3|0x000000008af00000, 0x000000008b000000, 0x000000008b000000|100%| O|  |TAMS 0x000000008b000000, 0x000000008b000000| Untracked 
|   4|0x000000008b000000, 0x000000008b06dc00, 0x000000008b100000| 42%| O|  |TAMS 0x000000008b06dc00, 0x000000008b06dc00| Untracked 
|   5|0x000000008b100000, 0x000000008b200000, 0x000000008b200000|100%|HS|  |TAMS 0x000000008b200000, 0x000000008b200000| Complete 
|   6|0x000000008b200000, 0x000000008b300000, 0x000000008b300000|100%|HC|  |TAMS 0x000000008b300000, 0x000000008b300000| Complete 
|   7|0x000000008b300000, 0x000000008b400000, 0x000000008b400000|100%|HC|  |TAMS 0x000000008b400000, 0x000000008b400000| Complete 
|   8|0x000000008b400000, 0x000000008b500000, 0x000000008b500000|100%|HC|  |TAMS 0x000000008b500000, 0x000000008b500000| Complete 
|   9|0x000000008b500000, 0x000000008b600000, 0x000000008b600000|100%|HC|  |TAMS 0x000000008b600000, 0x000000008b600000| Complete 
|  10|0x000000008b600000, 0x000000008b700000, 0x000000008b700000|100%|HC|  |TAMS 0x000000008b700000, 0x000000008b700000| Complete 
|  11|0x000000008b700000, 0x000000008b800000, 0x000000008b800000|100%|HS|  |TAMS 0x000000008b800000, 0x000000008b800000| Complete 
|  12|0x000000008b800000, 0x000000008b900000, 0x000000008b900000|100%|HC|  |TAMS 0x000000008b900000, 0x000000008b900000| Complete 
|  13|0x000000008b900000, 0x000000008ba00000, 0x000000008ba00000|100%|HS|  |TAMS 0x000000008b900000, 0x000000008ba00000| Complete 
|  14|0x000000008ba00000, 0x000000008ba00000, 0x000000008bb00000|  0%| F|  |TAMS 0x000000008ba00000, 0x000000008ba00000| Untracked 
|  15|0x000000008bb00000, 0x000000008bb00000, 0x000000008bc00000|  0%| F|  |TAMS 0x000000008bb00000, 0x000000008bb00000| Untracked 
|  16|0x000000008bc00000, 0x000000008bc00000, 0x000000008bd00000|  0%| F|  |TAMS 0x000000008bc00000, 0x000000008bc00000| Untracked 
|  17|0x000000008bd00000, 0x000000008bd00000, 0x000000008be00000|  0%| F|  |TAMS 0x000000008bd00000, 0x000000008bd00000| Untracked 
|  18|0x000000008be00000, 0x000000008be00000, 0x000000008bf00000|  0%| F|  |TAMS 0x000000008be00000, 0x000000008be00000| Untracked 
|  19|0x000000008bf00000, 0x000000008bf00000, 0x000000008c000000|  0%| F|  |TAMS 0x000000008bf00000, 0x000000008bf00000| Untracked 
|  20|0x000000008c000000, 0x000000008c000000, 0x000000008c100000|  0%| F|  |TAMS 0x000000008c000000, 0x000000008c000000| Untracked 
|  21|0x000000008c100000, 0x000000008c100000, 0x000000008c200000|  0%| F|  |TAMS 0x000000008c100000, 0x000000008c100000| Untracked 
|  22|0x000000008c200000, 0x000000008c200000, 0x000000008c300000|  0%| F|  |TAMS 0x000000008c200000, 0x000000008c200000| Untracked 
|  23|0x000000008c300000, 0x000000008c300000, 0x000000008c400000|  0%| F|  |TAMS 0x000000008c300000, 0x000000008c300000| Untracked 
|  24|0x000000008c400000, 0x000000008c400000, 0x000000008c500000|  0%| F|  |TAMS 0x000000008c400000, 0x000000008c400000| Untracked 
|  25|0x000000008c500000, 0x000000008c500000, 0x000000008c600000|  0%| F|  |TAMS 0x000000008c500000, 0x000000008c500000| Untracked 
|  26|0x000000008c600000, 0x000000008c600000, 0x000000008c700000|  0%| F|  |TAMS 0x000000008c600000, 0x000000008c600000| Untracked 
|  27|0x000000008c700000, 0x000000008c700000, 0x000000008c800000|  0%| F|  |TAMS 0x000000008c700000, 0x000000008c700000| Untracked 
|  28|0x000000008c800000, 0x000000008c800000, 0x000000008c900000|  0%| F|  |TAMS 0x000000008c800000, 0x000000008c800000| Untracked 
|  29|0x000000008c900000, 0x000000008c900000, 0x000000008ca00000|  0%| F|  |TAMS 0x000000008c900000, 0x000000008c900000| Untracked 
|  30|0x000000008ca00000, 0x000000008ca00000, 0x000000008cb00000|  0%| F|  |TAMS 0x000000008ca00000, 0x000000008ca00000| Untracked 
|  31|0x000000008cb00000, 0x000000008cb00000, 0x000000008cc00000|  0%| F|  |TAMS 0x000000008cb00000, 0x000000008cb00000| Untracked 
|  32|0x000000008cc00000, 0x000000008cc00000, 0x000000008cd00000|  0%| F|  |TAMS 0x000000008cc00000, 0x000000008cc00000| Untracked 
|  33|0x000000008cd00000, 0x000000008cd00000, 0x000000008ce00000|  0%| F|  |TAMS 0x000000008cd00000, 0x000000008cd00000| Untracked 
|  34|0x000000008ce00000, 0x000000008ce00000, 0x000000008cf00000|  0%| F|  |TAMS 0x000000008ce00000, 0x000000008ce00000| Untracked 
|  35|0x000000008cf00000, 0x000000008cf00000, 0x000000008d000000|  0%| F|  |TAMS 0x000000008cf00000, 0x000000008cf00000| Untracked 
|  36|0x000000008d000000, 0x000000008d000000, 0x000000008d100000|  0%| F|  |TAMS 0x000000008d000000, 0x000000008d000000| Untracked 
|  37|0x000000008d100000, 0x000000008d100000, 0x000000008d200000|  0%| F|  |TAMS 0x000000008d100000, 0x000000008d100000| Untracked 
|  38|0x000000008d200000, 0x000000008d200000, 0x000000008d300000|  0%| F|  |TAMS 0x000000008d200000, 0x000000008d200000| Untracked 
|  39|0x000000008d300000, 0x000000008d300000, 0x000000008d400000|  0%| F|  |TAMS 0x000000008d300000, 0x000000008d300000| Untracked 
|  40|0x000000008d400000, 0x000000008d400000, 0x000000008d500000|  0%| F|  |TAMS 0x000000008d400000, 0x000000008d400000| Untracked 
|  41|0x000000008d500000, 0x000000008d500000, 0x000000008d600000|  0%| F|  |TAMS 0x000000008d500000, 0x000000008d500000| Untracked 
|  42|0x000000008d600000, 0x000000008d600000, 0x000000008d700000|  0%| F|  |TAMS 0x000000008d600000, 0x000000008d600000| Untracked 
|  43|0x000000008d700000, 0x000000008d700000, 0x000000008d800000|  0%| F|  |TAMS 0x000000008d700000, 0x000000008d700000| Untracked 
|  44|0x000000008d800000, 0x000000008d800000, 0x000000008d900000|  0%| F|  |TAMS 0x000000008d800000, 0x000000008d800000| Untracked 
|  45|0x000000008d900000, 0x000000008d900000, 0x000000008da00000|  0%| F|  |TAMS 0x000000008d900000, 0x000000008d900000| Untracked 
|  46|0x000000008da00000, 0x000000008da00000, 0x000000008db00000|  0%| F|  |TAMS 0x000000008da00000, 0x000000008da00000| Untracked 
|  47|0x000000008db00000, 0x000000008db00000, 0x000000008dc00000|  0%| F|  |TAMS 0x000000008db00000, 0x000000008db00000| Untracked 
|  48|0x000000008dc00000, 0x000000008dc00000, 0x000000008dd00000|  0%| F|  |TAMS 0x000000008dc00000, 0x000000008dc00000| Untracked 
|  49|0x000000008dd00000, 0x000000008dd00000, 0x000000008de00000|  0%| F|  |TAMS 0x000000008dd00000, 0x000000008dd00000| Untracked 
|  50|0x000000008de00000, 0x000000008de00000, 0x000000008df00000|  0%| F|  |TAMS 0x000000008de00000, 0x000000008de00000| Untracked 
|  51|0x000000008df00000, 0x000000008df00000, 0x000000008e000000|  0%| F|  |TAMS 0x000000008df00000, 0x000000008df00000| Untracked 
|  52|0x000000008e000000, 0x000000008e000000, 0x000000008e100000|  0%| F|  |TAMS 0x000000008e000000, 0x000000008e000000| Untracked 
|  53|0x000000008e100000, 0x000000008e100000, 0x000000008e200000|  0%| F|  |TAMS 0x000000008e100000, 0x000000008e100000| Untracked 
|  54|0x000000008e200000, 0x000000008e200000, 0x000000008e300000|  0%| F|  |TAMS 0x000000008e200000, 0x000000008e200000| Untracked 
|  55|0x000000008e300000, 0x000000008e300000, 0x000000008e400000|  0%| F|  |TAMS 0x000000008e300000, 0x000000008e300000| Untracked 
|  56|0x000000008e400000, 0x000000008e400000, 0x000000008e500000|  0%| F|  |TAMS 0x000000008e400000, 0x000000008e400000| Untracked 
|  57|0x000000008e500000, 0x000000008e500000, 0x000000008e600000|  0%| F|  |TAMS 0x000000008e500000, 0x000000008e500000| Untracked 
|  58|0x000000008e600000, 0x000000008e600000, 0x000000008e700000|  0%| F|  |TAMS 0x000000008e600000, 0x000000008e600000| Untracked 
|  59|0x000000008e700000, 0x000000008e700000, 0x000000008e800000|  0%| F|  |TAMS 0x000000008e700000, 0x000000008e700000| Untracked 
|  60|0x000000008e800000, 0x000000008e800000, 0x000000008e900000|  0%| F|  |TAMS 0x000000008e800000, 0x000000008e800000| Untracked 
|  61|0x000000008e900000, 0x000000008e900000, 0x000000008ea00000|  0%| F|  |TAMS 0x000000008e900000, 0x000000008e900000| Untracked 
|  62|0x000000008ea00000, 0x000000008ea00000, 0x000000008eb00000|  0%| F|  |TAMS 0x000000008ea00000, 0x000000008ea00000| Untracked 
|  63|0x000000008eb00000, 0x000000008eb00000, 0x000000008ec00000|  0%| F|  |TAMS 0x000000008eb00000, 0x000000008eb00000| Untracked 
|  64|0x000000008ec00000, 0x000000008ec00000, 0x000000008ed00000|  0%| F|  |TAMS 0x000000008ec00000, 0x000000008ec00000| Untracked 
|  65|0x000000008ed00000, 0x000000008ed00000, 0x000000008ee00000|  0%| F|  |TAMS 0x000000008ed00000, 0x000000008ed00000| Untracked 
|  66|0x000000008ee00000, 0x000000008ee00000, 0x000000008ef00000|  0%| F|  |TAMS 0x000000008ee00000, 0x000000008ee00000| Untracked 
|  67|0x000000008ef00000, 0x000000008ef00000, 0x000000008f000000|  0%| F|  |TAMS 0x000000008ef00000, 0x000000008ef00000| Untracked 
|  68|0x000000008f000000, 0x000000008f000000, 0x000000008f100000|  0%| F|  |TAMS 0x000000008f000000, 0x000000008f000000| Untracked 
|  69|0x000000008f100000, 0x000000008f100000, 0x000000008f200000|  0%| F|  |TAMS 0x000000008f100000, 0x000000008f100000| Untracked 
|  70|0x000000008f200000, 0x000000008f200000, 0x000000008f300000|  0%| F|  |TAMS 0x000000008f200000, 0x000000008f200000| Untracked 
|  71|0x000000008f300000, 0x000000008f300000, 0x000000008f400000|  0%| F|  |TAMS 0x000000008f300000, 0x000000008f300000| Untracked 
|  72|0x000000008f400000, 0x000000008f400000, 0x000000008f500000|  0%| F|  |TAMS 0x000000008f400000, 0x000000008f400000| Untracked 
|  73|0x000000008f500000, 0x000000008f500000, 0x000000008f600000|  0%| F|  |TAMS 0x000000008f500000, 0x000000008f500000| Untracked 
|  74|0x000000008f600000, 0x000000008f600000, 0x000000008f700000|  0%| F|  |TAMS 0x000000008f600000, 0x000000008f600000| Untracked 
|  75|0x000000008f700000, 0x000000008f700000, 0x000000008f800000|  0%| F|  |TAMS 0x000000008f700000, 0x000000008f700000| Untracked 
|  76|0x000000008f800000, 0x000000008f800000, 0x000000008f900000|  0%| F|  |TAMS 0x000000008f800000, 0x000000008f800000| Untracked 
|  77|0x000000008f900000, 0x000000008f900000, 0x000000008fa00000|  0%| F|  |TAMS 0x000000008f900000, 0x000000008f900000| Untracked 
|  78|0x000000008fa00000, 0x000000008fa00000, 0x000000008fb00000|  0%| F|  |TAMS 0x000000008fa00000, 0x000000008fa00000| Untracked 
|  79|0x000000008fb00000, 0x000000008fb00000, 0x000000008fc00000|  0%| F|  |TAMS 0x000000008fb00000, 0x000000008fb00000| Untracked 
|  80|0x000000008fc00000, 0x000000008fc00000, 0x000000008fd00000|  0%| F|  |TAMS 0x000000008fc00000, 0x000000008fc00000| Untracked 
|  81|0x000000008fd00000, 0x000000008fd00000, 0x000000008fe00000|  0%| F|  |TAMS 0x000000008fd00000, 0x000000008fd00000| Untracked 
|  82|0x000000008fe00000, 0x000000008fe00000, 0x000000008ff00000|  0%| F|  |TAMS 0x000000008fe00000, 0x000000008fe00000| Untracked 
|  83|0x000000008ff00000, 0x000000008ff00000, 0x0000000090000000|  0%| F|  |TAMS 0x000000008ff00000, 0x000000008ff00000| Untracked 
|  84|0x0000000090000000, 0x0000000090000000, 0x0000000090100000|  0%| F|  |TAMS 0x0000000090000000, 0x0000000090000000| Untracked 
|  85|0x0000000090100000, 0x0000000090100000, 0x0000000090200000|  0%| F|  |TAMS 0x0000000090100000, 0x0000000090100000| Untracked 
|  86|0x0000000090200000, 0x0000000090200000, 0x0000000090300000|  0%| F|  |TAMS 0x0000000090200000, 0x0000000090200000| Untracked 
|  87|0x0000000090300000, 0x0000000090300000, 0x0000000090400000|  0%| F|  |TAMS 0x0000000090300000, 0x0000000090300000| Untracked 
|  88|0x0000000090400000, 0x0000000090400000, 0x0000000090500000|  0%| F|  |TAMS 0x0000000090400000, 0x0000000090400000| Untracked 
|  89|0x0000000090500000, 0x0000000090500000, 0x0000000090600000|  0%| F|  |TAMS 0x0000000090500000, 0x0000000090500000| Untracked 
|  90|0x0000000090600000, 0x0000000090600000, 0x0000000090700000|  0%| F|  |TAMS 0x0000000090600000, 0x0000000090600000| Untracked 
|  91|0x0000000090700000, 0x0000000090700000, 0x0000000090800000|  0%| F|  |TAMS 0x0000000090700000, 0x0000000090700000| Untracked 
|  92|0x0000000090800000, 0x0000000090800000, 0x0000000090900000|  0%| F|  |TAMS 0x0000000090800000, 0x0000000090800000| Untracked 
|  93|0x0000000090900000, 0x0000000090900000, 0x0000000090a00000|  0%| F|  |TAMS 0x0000000090900000, 0x0000000090900000| Untracked 
|  94|0x0000000090a00000, 0x0000000090a7d0c0, 0x0000000090b00000| 48%| S|CS|TAMS 0x0000000090a00000, 0x0000000090a00000| Complete 
|  95|0x0000000090b00000, 0x0000000090c00000, 0x0000000090c00000|100%| S|CS|TAMS 0x0000000090b00000, 0x0000000090b00000| Complete 
|  96|0x0000000090c00000, 0x0000000090d00000, 0x0000000090d00000|100%| S|CS|TAMS 0x0000000090c00000, 0x0000000090c00000| Complete 
|  97|0x0000000090d00000, 0x0000000090e00000, 0x0000000090e00000|100%| S|CS|TAMS 0x0000000090d00000, 0x0000000090d00000| Complete 
|  98|0x0000000090e00000, 0x0000000090f00000, 0x0000000090f00000|100%| S|CS|TAMS 0x0000000090e00000, 0x0000000090e00000| Complete 
|  99|0x0000000090f00000, 0x0000000090f00000, 0x0000000091000000|  0%| F|  |TAMS 0x0000000090f00000, 0x0000000090f00000| Untracked 
| 100|0x0000000091000000, 0x0000000091000000, 0x0000000091100000|  0%| F|  |TAMS 0x0000000091000000, 0x0000000091000000| Untracked 
| 101|0x0000000091100000, 0x0000000091100000, 0x0000000091200000|  0%| F|  |TAMS 0x0000000091100000, 0x0000000091100000| Untracked 
| 102|0x0000000091200000, 0x0000000091200000, 0x0000000091300000|  0%| F|  |TAMS 0x0000000091200000, 0x0000000091200000| Untracked 
| 103|0x0000000091300000, 0x0000000091300000, 0x0000000091400000|  0%| F|  |TAMS 0x0000000091300000, 0x0000000091300000| Untracked 
| 104|0x0000000091400000, 0x0000000091400000, 0x0000000091500000|  0%| F|  |TAMS 0x0000000091400000, 0x0000000091400000| Untracked 
| 105|0x0000000091500000, 0x0000000091500000, 0x0000000091600000|  0%| F|  |TAMS 0x0000000091500000, 0x0000000091500000| Untracked 
| 106|0x0000000091600000, 0x0000000091600000, 0x0000000091700000|  0%| F|  |TAMS 0x0000000091600000, 0x0000000091600000| Untracked 
| 107|0x0000000091700000, 0x0000000091700000, 0x0000000091800000|  0%| F|  |TAMS 0x0000000091700000, 0x0000000091700000| Untracked 
| 108|0x0000000091800000, 0x0000000091800000, 0x0000000091900000|  0%| F|  |TAMS 0x0000000091800000, 0x0000000091800000| Untracked 
| 109|0x0000000091900000, 0x0000000091900000, 0x0000000091a00000|  0%| F|  |TAMS 0x0000000091900000, 0x0000000091900000| Untracked 
| 110|0x0000000091a00000, 0x0000000091b00000, 0x0000000091b00000|100%|HS|  |TAMS 0x0000000091b00000, 0x0000000091b00000| Complete 
| 111|0x0000000091b00000, 0x0000000091c00000, 0x0000000091c00000|100%|HC|  |TAMS 0x0000000091c00000, 0x0000000091c00000| Complete 
| 112|0x0000000091c00000, 0x0000000091d00000, 0x0000000091d00000|100%|HC|  |TAMS 0x0000000091d00000, 0x0000000091d00000| Complete 
| 113|0x0000000091d00000, 0x0000000091e00000, 0x0000000091e00000|100%|HC|  |TAMS 0x0000000091e00000, 0x0000000091e00000| Complete 
| 114|0x0000000091e00000, 0x0000000091f00000, 0x0000000091f00000|100%|HC|  |TAMS 0x0000000091f00000, 0x0000000091f00000| Complete 
| 115|0x0000000091f00000, 0x0000000092000000, 0x0000000092000000|100%|HC|  |TAMS 0x0000000092000000, 0x0000000092000000| Complete 
| 116|0x0000000092000000, 0x0000000092100000, 0x0000000092100000|100%|HC|  |TAMS 0x0000000092100000, 0x0000000092100000| Complete 
| 117|0x0000000092100000, 0x0000000092200000, 0x0000000092200000|100%|HC|  |TAMS 0x0000000092200000, 0x0000000092200000| Complete 
| 118|0x0000000092200000, 0x0000000092300000, 0x0000000092300000|100%|HC|  |TAMS 0x0000000092300000, 0x0000000092300000| Complete 
| 119|0x0000000092300000, 0x0000000092400000, 0x0000000092400000|100%|HC|  |TAMS 0x0000000092400000, 0x0000000092400000| Complete 
| 120|0x0000000092400000, 0x0000000092500000, 0x0000000092500000|100%|HC|  |TAMS 0x0000000092500000, 0x0000000092500000| Complete 
| 121|0x0000000092500000, 0x0000000092600000, 0x0000000092600000|100%|HC|  |TAMS 0x0000000092600000, 0x0000000092600000| Complete 
| 122|0x0000000092600000, 0x0000000092700000, 0x0000000092700000|100%|HC|  |TAMS 0x0000000092700000, 0x0000000092700000| Complete 
| 123|0x0000000092700000, 0x0000000092800000, 0x0000000092800000|100%|HC|  |TAMS 0x0000000092800000, 0x0000000092800000| Complete 
| 124|0x0000000092800000, 0x0000000092900000, 0x0000000092900000|100%|HC|  |TAMS 0x0000000092900000, 0x0000000092900000| Complete 
| 125|0x0000000092900000, 0x0000000092a00000, 0x0000000092a00000|100%|HC|  |TAMS 0x0000000092a00000, 0x0000000092a00000| Complete 
| 126|0x0000000092a00000, 0x0000000092b00000, 0x0000000092b00000|100%|HC|  |TAMS 0x0000000092b00000, 0x0000000092b00000| Complete 
| 127|0x0000000092b00000, 0x0000000092c00000, 0x0000000092c00000|100%|HC|  |TAMS 0x0000000092c00000, 0x0000000092c00000| Complete 
| 128|0x0000000092c00000, 0x0000000092d00000, 0x0000000092d00000|100%|HC|  |TAMS 0x0000000092d00000, 0x0000000092d00000| Complete 
| 129|0x0000000092d00000, 0x0000000092e00000, 0x0000000092e00000|100%|HC|  |TAMS 0x0000000092e00000, 0x0000000092e00000| Complete 
| 130|0x0000000092e00000, 0x0000000092f00000, 0x0000000092f00000|100%|HC|  |TAMS 0x0000000092f00000, 0x0000000092f00000| Complete 
| 131|0x0000000092f00000, 0x0000000093000000, 0x0000000093000000|100%|HC|  |TAMS 0x0000000093000000, 0x0000000093000000| Complete 
| 132|0x0000000093000000, 0x0000000093100000, 0x0000000093100000|100%|HC|  |TAMS 0x0000000093100000, 0x0000000093100000| Complete 
| 133|0x0000000093100000, 0x0000000093200000, 0x0000000093200000|100%|HC|  |TAMS 0x0000000093200000, 0x0000000093200000| Complete 
| 134|0x0000000093200000, 0x0000000093300000, 0x0000000093300000|100%|HC|  |TAMS 0x0000000093300000, 0x0000000093300000| Complete 
| 135|0x0000000093300000, 0x0000000093400000, 0x0000000093400000|100%|HC|  |TAMS 0x0000000093400000, 0x0000000093400000| Complete 
| 136|0x0000000093400000, 0x0000000093500000, 0x0000000093500000|100%|HC|  |TAMS 0x0000000093500000, 0x0000000093500000| Complete 
| 137|0x0000000093500000, 0x0000000093600000, 0x0000000093600000|100%|HC|  |TAMS 0x0000000093600000, 0x0000000093600000| Complete 
| 138|0x0000000093600000, 0x0000000093700000, 0x0000000093700000|100%|HC|  |TAMS 0x0000000093700000, 0x0000000093700000| Complete 
| 139|0x0000000093700000, 0x0000000093800000, 0x0000000093800000|100%|HC|  |TAMS 0x0000000093800000, 0x0000000093800000| Complete 
| 140|0x0000000093800000, 0x0000000093900000, 0x0000000093900000|100%|HC|  |TAMS 0x0000000093900000, 0x0000000093900000| Complete 
| 141|0x0000000093900000, 0x0000000093a00000, 0x0000000093a00000|100%|HC|  |TAMS 0x0000000093a00000, 0x0000000093a00000| Complete 
| 142|0x0000000093a00000, 0x0000000093b00000, 0x0000000093b00000|100%|HC|  |TAMS 0x0000000093b00000, 0x0000000093b00000| Complete 
| 143|0x0000000093b00000, 0x0000000093c00000, 0x0000000093c00000|100%|HC|  |TAMS 0x0000000093c00000, 0x0000000093c00000| Complete 
| 144|0x0000000093c00000, 0x0000000093d00000, 0x0000000093d00000|100%|HC|  |TAMS 0x0000000093d00000, 0x0000000093d00000| Complete 
| 145|0x0000000093d00000, 0x0000000093e00000, 0x0000000093e00000|100%|HC|  |TAMS 0x0000000093e00000, 0x0000000093e00000| Complete 
| 146|0x0000000093e00000, 0x0000000093f00000, 0x0000000093f00000|100%|HC|  |TAMS 0x0000000093f00000, 0x0000000093f00000| Complete 
| 147|0x0000000093f00000, 0x0000000094000000, 0x0000000094000000|100%|HC|  |TAMS 0x0000000094000000, 0x0000000094000000| Complete 
| 148|0x0000000094000000, 0x0000000094100000, 0x0000000094100000|100%|HC|  |TAMS 0x0000000094100000, 0x0000000094100000| Complete 
| 149|0x0000000094100000, 0x0000000094200000, 0x0000000094200000|100%|HC|  |TAMS 0x0000000094200000, 0x0000000094200000| Complete 
| 150|0x0000000094200000, 0x0000000094300000, 0x0000000094300000|100%|HC|  |TAMS 0x0000000094300000, 0x0000000094300000| Complete 
| 151|0x0000000094300000, 0x0000000094400000, 0x0000000094400000|100%|HC|  |TAMS 0x0000000094400000, 0x0000000094400000| Complete 
| 152|0x0000000094400000, 0x0000000094500000, 0x0000000094500000|100%|HC|  |TAMS 0x0000000094500000, 0x0000000094500000| Complete 
| 153|0x0000000094500000, 0x0000000094600000, 0x0000000094600000|100%|HC|  |TAMS 0x0000000094600000, 0x0000000094600000| Complete 
| 154|0x0000000094600000, 0x0000000094700000, 0x0000000094700000|100%|HC|  |TAMS 0x0000000094700000, 0x0000000094700000| Complete 
| 155|0x0000000094700000, 0x0000000094800000, 0x0000000094800000|100%|HC|  |TAMS 0x0000000094800000, 0x0000000094800000| Complete 
| 156|0x0000000094800000, 0x0000000094900000, 0x0000000094900000|100%|HC|  |TAMS 0x0000000094900000, 0x0000000094900000| Complete 
| 157|0x0000000094900000, 0x0000000094a00000, 0x0000000094a00000|100%|HC|  |TAMS 0x0000000094a00000, 0x0000000094a00000| Complete 
| 158|0x0000000094a00000, 0x0000000094b00000, 0x0000000094b00000|100%|HC|  |TAMS 0x0000000094b00000, 0x0000000094b00000| Complete 
| 159|0x0000000094b00000, 0x0000000094c00000, 0x0000000094c00000|100%|HC|  |TAMS 0x0000000094c00000, 0x0000000094c00000| Complete 
| 160|0x0000000094c00000, 0x0000000094d00000, 0x0000000094d00000|100%|HC|  |TAMS 0x0000000094d00000, 0x0000000094d00000| Complete 
| 161|0x0000000094d00000, 0x0000000094e00000, 0x0000000094e00000|100%|HC|  |TAMS 0x0000000094e00000, 0x0000000094e00000| Complete 
| 162|0x0000000094e00000, 0x0000000094f00000, 0x0000000094f00000|100%|HC|  |TAMS 0x0000000094f00000, 0x0000000094f00000| Complete 
| 163|0x0000000094f00000, 0x0000000095000000, 0x0000000095000000|100%|HC|  |TAMS 0x0000000095000000, 0x0000000095000000| Complete 
| 164|0x0000000095000000, 0x0000000095100000, 0x0000000095100000|100%|HC|  |TAMS 0x0000000095100000, 0x0000000095100000| Complete 
| 165|0x0000000095100000, 0x0000000095200000, 0x0000000095200000|100%|HC|  |TAMS 0x0000000095200000, 0x0000000095200000| Complete 
| 166|0x0000000095200000, 0x0000000095300000, 0x0000000095300000|100%|HC|  |TAMS 0x0000000095300000, 0x0000000095300000| Complete 
| 167|0x0000000095300000, 0x0000000095400000, 0x0000000095400000|100%|HC|  |TAMS 0x0000000095400000, 0x0000000095400000| Complete 
| 168|0x0000000095400000, 0x0000000095500000, 0x0000000095500000|100%|HC|  |TAMS 0x0000000095500000, 0x0000000095500000| Complete 
| 169|0x0000000095500000, 0x0000000095600000, 0x0000000095600000|100%|HC|  |TAMS 0x0000000095600000, 0x0000000095600000| Complete 
| 170|0x0000000095600000, 0x0000000095700000, 0x0000000095700000|100%|HC|  |TAMS 0x0000000095700000, 0x0000000095700000| Complete 
| 171|0x0000000095700000, 0x0000000095800000, 0x0000000095800000|100%|HC|  |TAMS 0x0000000095800000, 0x0000000095800000| Complete 
| 172|0x0000000095800000, 0x0000000095900000, 0x0000000095900000|100%|HC|  |TAMS 0x0000000095900000, 0x0000000095900000| Complete 
| 173|0x0000000095900000, 0x0000000095a00000, 0x0000000095a00000|100%|HC|  |TAMS 0x0000000095a00000, 0x0000000095a00000| Complete 
| 174|0x0000000095a00000, 0x0000000095b00000, 0x0000000095b00000|100%|HC|  |TAMS 0x0000000095b00000, 0x0000000095b00000| Complete 
| 175|0x0000000095b00000, 0x0000000095c00000, 0x0000000095c00000|100%|HC|  |TAMS 0x0000000095c00000, 0x0000000095c00000| Complete 
| 176|0x0000000095c00000, 0x0000000095d00000, 0x0000000095d00000|100%|HC|  |TAMS 0x0000000095d00000, 0x0000000095d00000| Complete 
| 177|0x0000000095d00000, 0x0000000095e00000, 0x0000000095e00000|100%|HC|  |TAMS 0x0000000095e00000, 0x0000000095e00000| Complete 
| 178|0x0000000095e00000, 0x0000000095f00000, 0x0000000095f00000|100%|HC|  |TAMS 0x0000000095f00000, 0x0000000095f00000| Complete 
| 179|0x0000000095f00000, 0x0000000096000000, 0x0000000096000000|100%|HC|  |TAMS 0x0000000096000000, 0x0000000096000000| Complete 
| 180|0x0000000096000000, 0x0000000096100000, 0x0000000096100000|100%|HC|  |TAMS 0x0000000096100000, 0x0000000096100000| Complete 
| 181|0x0000000096100000, 0x0000000096200000, 0x0000000096200000|100%|HC|  |TAMS 0x0000000096200000, 0x0000000096200000| Complete 
| 182|0x0000000096200000, 0x0000000096300000, 0x0000000096300000|100%|HC|  |TAMS 0x0000000096300000, 0x0000000096300000| Complete 
| 183|0x0000000096300000, 0x0000000096400000, 0x0000000096400000|100%|HC|  |TAMS 0x0000000096400000, 0x0000000096400000| Complete 
| 184|0x0000000096400000, 0x0000000096500000, 0x0000000096500000|100%|HC|  |TAMS 0x0000000096500000, 0x0000000096500000| Complete 
| 185|0x0000000096500000, 0x0000000096600000, 0x0000000096600000|100%|HC|  |TAMS 0x0000000096600000, 0x0000000096600000| Complete 
| 186|0x0000000096600000, 0x0000000096700000, 0x0000000096700000|100%|HC|  |TAMS 0x0000000096700000, 0x0000000096700000| Complete 
| 187|0x0000000096700000, 0x0000000096800000, 0x0000000096800000|100%|HC|  |TAMS 0x0000000096800000, 0x0000000096800000| Complete 
| 188|0x0000000096800000, 0x0000000096900000, 0x0000000096900000|100%|HC|  |TAMS 0x0000000096900000, 0x0000000096900000| Complete 
| 189|0x0000000096900000, 0x0000000096a00000, 0x0000000096a00000|100%|HC|  |TAMS 0x0000000096a00000, 0x0000000096a00000| Complete 
| 190|0x0000000096a00000, 0x0000000096b00000, 0x0000000096b00000|100%|HC|  |TAMS 0x0000000096b00000, 0x0000000096b00000| Complete 
| 191|0x0000000096b00000, 0x0000000096c00000, 0x0000000096c00000|100%|HC|  |TAMS 0x0000000096c00000, 0x0000000096c00000| Complete 
| 192|0x0000000096c00000, 0x0000000096d00000, 0x0000000096d00000|100%|HC|  |TAMS 0x0000000096d00000, 0x0000000096d00000| Complete 
| 193|0x0000000096d00000, 0x0000000096e00000, 0x0000000096e00000|100%|HC|  |TAMS 0x0000000096e00000, 0x0000000096e00000| Complete 
| 194|0x0000000096e00000, 0x0000000096f00000, 0x0000000096f00000|100%|HC|  |TAMS 0x0000000096f00000, 0x0000000096f00000| Complete 
| 195|0x0000000096f00000, 0x0000000097000000, 0x0000000097000000|100%|HC|  |TAMS 0x0000000097000000, 0x0000000097000000| Complete 
| 196|0x0000000097000000, 0x0000000097100000, 0x0000000097100000|100%|HC|  |TAMS 0x0000000097100000, 0x0000000097100000| Complete 
| 197|0x0000000097100000, 0x0000000097200000, 0x0000000097200000|100%|HC|  |TAMS 0x0000000097200000, 0x0000000097200000| Complete 
| 198|0x0000000097200000, 0x0000000097300000, 0x0000000097300000|100%|HC|  |TAMS 0x0000000097300000, 0x0000000097300000| Complete 
| 199|0x0000000097300000, 0x0000000097400000, 0x0000000097400000|100%|HC|  |TAMS 0x0000000097400000, 0x0000000097400000| Complete 
| 200|0x0000000097400000, 0x0000000097500000, 0x0000000097500000|100%|HC|  |TAMS 0x0000000097500000, 0x0000000097500000| Complete 
| 201|0x0000000097500000, 0x0000000097600000, 0x0000000097600000|100%|HC|  |TAMS 0x0000000097600000, 0x0000000097600000| Complete 
| 202|0x0000000097600000, 0x0000000097700000, 0x0000000097700000|100%|HC|  |TAMS 0x0000000097700000, 0x0000000097700000| Complete 
| 203|0x0000000097700000, 0x0000000097800000, 0x0000000097800000|100%|HC|  |TAMS 0x0000000097800000, 0x0000000097800000| Complete 
| 204|0x0000000097800000, 0x0000000097900000, 0x0000000097900000|100%|HC|  |TAMS 0x0000000097900000, 0x0000000097900000| Complete 
| 205|0x0000000097900000, 0x0000000097a00000, 0x0000000097a00000|100%|HC|  |TAMS 0x0000000097a00000, 0x0000000097a00000| Complete 
| 206|0x0000000097a00000, 0x0000000097b00000, 0x0000000097b00000|100%|HC|  |TAMS 0x0000000097b00000, 0x0000000097b00000| Complete 
| 207|0x0000000097b00000, 0x0000000097c00000, 0x0000000097c00000|100%|HC|  |TAMS 0x0000000097c00000, 0x0000000097c00000| Complete 
| 208|0x0000000097c00000, 0x0000000097d00000, 0x0000000097d00000|100%|HC|  |TAMS 0x0000000097d00000, 0x0000000097d00000| Complete 
| 209|0x0000000097d00000, 0x0000000097e00000, 0x0000000097e00000|100%|HC|  |TAMS 0x0000000097e00000, 0x0000000097e00000| Complete 
| 210|0x0000000097e00000, 0x0000000097f00000, 0x0000000097f00000|100%|HC|  |TAMS 0x0000000097f00000, 0x0000000097f00000| Complete 
| 211|0x0000000097f00000, 0x0000000098000000, 0x0000000098000000|100%|HC|  |TAMS 0x0000000098000000, 0x0000000098000000| Complete 
| 212|0x0000000098000000, 0x0000000098100000, 0x0000000098100000|100%|HC|  |TAMS 0x0000000098100000, 0x0000000098100000| Complete 
| 213|0x0000000098100000, 0x0000000098200000, 0x0000000098200000|100%|HC|  |TAMS 0x0000000098200000, 0x0000000098200000| Complete 
| 214|0x0000000098200000, 0x0000000098300000, 0x0000000098300000|100%|HC|  |TAMS 0x0000000098300000, 0x0000000098300000| Complete 
| 215|0x0000000098300000, 0x0000000098400000, 0x0000000098400000|100%|HC|  |TAMS 0x0000000098400000, 0x0000000098400000| Complete 
| 216|0x0000000098400000, 0x0000000098500000, 0x0000000098500000|100%|HC|  |TAMS 0x0000000098500000, 0x0000000098500000| Complete 
| 217|0x0000000098500000, 0x0000000098600000, 0x0000000098600000|100%|HC|  |TAMS 0x0000000098600000, 0x0000000098600000| Complete 
| 218|0x0000000098600000, 0x0000000098700000, 0x0000000098700000|100%|HC|  |TAMS 0x0000000098700000, 0x0000000098700000| Complete 
| 219|0x0000000098700000, 0x0000000098800000, 0x0000000098800000|100%|HC|  |TAMS 0x0000000098800000, 0x0000000098800000| Complete 
| 220|0x0000000098800000, 0x0000000098900000, 0x0000000098900000|100%|HC|  |TAMS 0x0000000098900000, 0x0000000098900000| Complete 
| 221|0x0000000098900000, 0x0000000098a00000, 0x0000000098a00000|100%|HC|  |TAMS 0x0000000098a00000, 0x0000000098a00000| Complete 
| 222|0x0000000098a00000, 0x0000000098b00000, 0x0000000098b00000|100%|HC|  |TAMS 0x0000000098b00000, 0x0000000098b00000| Complete 
| 223|0x0000000098b00000, 0x0000000098c00000, 0x0000000098c00000|100%|HC|  |TAMS 0x0000000098c00000, 0x0000000098c00000| Complete 
| 224|0x0000000098c00000, 0x0000000098d00000, 0x0000000098d00000|100%|HC|  |TAMS 0x0000000098d00000, 0x0000000098d00000| Complete 

Card table byte_map: [0x000001abfd920000,0x000001abfdcd0000] _byte_map_base: 0x000001abfd4ca000

Marking Bits (Prev, Next): (CMBitMap*) 0x000001abe489f900, (CMBitMap*) 0x000001abe489f940
 Prev Bits: [0x000001abfe080000, 0x000001abffdd0000)
 Next Bits: [0x000001ab80000000, 0x000001ab81d50000)

Polling page: 0x000001abe4920000

Metaspace:

Usage:
  Non-class:     15.12 MB used.
      Class:      1.90 MB used.
       Both:     17.02 MB used.

Virtual space:
  Non-class space:       64.00 MB reserved,      15.25 MB ( 24%) committed,  1 nodes.
      Class space:        1.00 GB reserved,       2.00 MB ( <1%) committed,  1 nodes.
             Both:        1.06 GB reserved,      17.25 MB (  2%) committed. 

Chunk freelists:
   Non-Class:  558.00 KB
       Class:  14.01 MB
        Both:  14.56 MB

MaxMetaspaceSize: unlimited
CompressedClassSpaceSize: 1.00 GB
Initial GC threshold: 21.00 MB
Current GC threshold: 28.12 MB
CDS: on
MetaspaceReclaimPolicy: balanced
 - commit_granule_bytes: 65536.
 - commit_granule_words: 8192.
 - virtual_space_node_default_size: 8388608.
 - enlarge_chunks_in_place: 1.
 - new_chunks_are_fully_committed: 0.
 - uncommit_free_chunks: 1.
 - use_allocation_guard: 0.
 - handle_deallocations: 1.


Internal statistics:

num_allocs_failed_limit: 0.
num_arena_births: 160.
num_arena_deaths: 0.
num_vsnodes_births: 2.
num_vsnodes_deaths: 0.
num_space_committed: 276.
num_space_uncommitted: 0.
num_chunks_returned_to_freelist: 0.
num_chunks_taken_from_freelist: 369.
num_chunk_merges: 0.
num_chunk_splits: 210.
num_chunks_enlarged: 108.
num_purges: 0.
num_inconsistent_stats: 0.

CodeHeap 'non-profiled nmethods': size=120000Kb used=890Kb max_used=890Kb free=119109Kb
 bounds [0x000001abf53b0000, 0x000001abf5620000, 0x000001abfc8e0000]
CodeHeap 'profiled nmethods': size=120000Kb used=4580Kb max_used=4580Kb free=115419Kb
 bounds [0x000001abed8e0000, 0x000001abedd60000, 0x000001abf4e10000]
CodeHeap 'non-nmethods': size=5760Kb used=1372Kb max_used=1389Kb free=4387Kb
 bounds [0x000001abf4e10000, 0x000001abf5080000, 0x000001abf53b0000]
 total_blobs=3139 nmethods=2423 adapters=628
 compilation: enabled
              stopped_count=0, restarted_count=0
 full_count=0

Compilation events (20 events):
Event: 1468.621 Thread 0x000001ab8485eb20 2414       3       java.beans.PropertyChangeSupport::firePropertyChange (35 bytes)
Event: 1468.630 Thread 0x000001ab8485eb20 nmethod 2414 0x000001abedd4dd90 code [0x000001abedd4df80, 0x000001abedd4e728]
Event: 1468.630 Thread 0x000001ab8485eb20 2415       3       java.awt.Color::equals (27 bytes)
Event: 1468.632 Thread 0x000001ab8485eb20 nmethod 2415 0x000001abedd4e990 code [0x000001abedd4eb40, 0x000001abedd4f018]
Event: 2760.071 Thread 0x000001ab8485eb20 2416       3       java.util.HashMap::<init> (98 bytes)
Event: 2760.092 Thread 0x000001ab8485eb20 nmethod 2416 0x000001abedd4f110 code [0x000001abedd4f440, 0x000001abedd50558]
Event: 2760.092 Thread 0x000001ab8485eb20 2417   !   3       java.awt.Toolkit::setDesktopProperty (81 bytes)
Event: 2760.097 Thread 0x000001ab8485eb20 nmethod 2417 0x000001abedd50b10 code [0x000001abedd50d20, 0x000001abedd51568]
Event: 3331.839 Thread 0x000001ab8485eb20 2418 % !   3       sun.java2d.d3d.D3DScreenUpdateManager::run @ 0 (267 bytes)
Event: 3331.897 Thread 0x000001ab8485eb20 nmethod 2418% 0x000001abedd51810 code [0x000001abedd51c60, 0x000001abedd54428]
Event: 3387.453 Thread 0x000001ab8485eb20 2419   !   3       sun.java2d.d3d.D3DScreenUpdateManager::run (267 bytes)
Event: 3387.456 Thread 0x000001ab8485eb20 nmethod 2419 0x000001abedd55410 code [0x000001abedd55860, 0x000001abedd57fa8]
Event: 4216.547 Thread 0x000001ab8485e170 2420       4       java.util.HashMap::get (19 bytes)
Event: 4216.569 Thread 0x000001ab8485e170 nmethod 2420 0x000001abf548be10 code [0x000001abf548bfa0, 0x000001abf548c298]
Event: 5350.278 Thread 0x000001ab8485eb20 2421       3       jdk.internal.misc.InnocuousThread::eraseThreadLocals (23 bytes)
Event: 5350.285 Thread 0x000001ab8485eb20 nmethod 2421 0x000001abedd58f10 code [0x000001abedd590a0, 0x000001abedd59298]
Event: 5413.554 Thread 0x000001ab8485e170 2422       4       java.lang.String::replace (42 bytes)
Event: 5413.600 Thread 0x000001ab8485e170 nmethod 2422 0x000001abf548c510 code [0x000001abf548c6a0, 0x000001abf548cd38]
Event: 5557.167 Thread 0x000001ab8485e170 2423 % !   4       sun.java2d.d3d.D3DScreenUpdateManager::run @ 0 (267 bytes)
Event: 5557.192 Thread 0x000001ab8485e170 nmethod 2423% 0x000001abf548d090 code [0x000001abf548d280, 0x000001abf548e178]

GC Heap History (13 events):
Event: 0.519 GC heap before
{Heap before GC invocations=0 (full 0):
 garbage-first heap   total 120832K, used 9216K [0x000000008ac00000, 0x0000000100000000)
  region size 1024K, 8 young (8192K), 0 survivors (0K)
 Metaspace       used 4936K, committed 5056K, reserved 1114112K
  class space    used 522K, committed 576K, reserved 1048576K
}
Event: 0.524 GC heap after
{Heap after GC invocations=1 (full 0):
 garbage-first heap   total 120832K, used 4656K [0x000000008ac00000, 0x0000000100000000)
  region size 1024K, 3 young (3072K), 3 survivors (3072K)
 Metaspace       used 4936K, committed 5056K, reserved 1114112K
  class space    used 522K, committed 576K, reserved 1048576K
}
Event: 0.699 GC heap before
{Heap before GC invocations=1 (full 0):
 garbage-first heap   total 230400K, used 140848K [0x000000008ac00000, 0x0000000100000000)
  region size 1024K, 22 young (22528K), 3 survivors (3072K)
 Metaspace       used 4939K, committed 5056K, reserved 1114112K
  class space    used 522K, committed 576K, reserved 1048576K
}
Event: 0.702 GC heap after
{Heap after GC invocations=2 (full 0):
 garbage-first heap   total 230400K, used 122386K [0x000000008ac00000, 0x0000000100000000)
  region size 1024K, 1 young (1024K), 1 survivors (1024K)
 Metaspace       used 4939K, committed 5056K, reserved 1114112K
  class space    used 522K, committed 576K, reserved 1048576K
}
Event: 1.088 GC heap before
{Heap before GC invocations=2 (full 0):
 garbage-first heap   total 230400K, used 197138K [0x000000008ac00000, 0x0000000100000000)
  region size 1024K, 74 young (75776K), 1 survivors (1024K)
 Metaspace       used 4940K, committed 5056K, reserved 1114112K
  class space    used 522K, committed 576K, reserved 1048576K
}
Event: 1.089 GC heap after
{Heap after GC invocations=3 (full 0):
 garbage-first heap   total 230400K, used 122386K [0x000000008ac00000, 0x0000000100000000)
  region size 1024K, 1 young (1024K), 1 survivors (1024K)
 Metaspace       used 4940K, committed 5056K, reserved 1114112K
  class space    used 522K, committed 576K, reserved 1048576K
}
Event: 1.302 GC heap before
{Heap before GC invocations=4 (full 0):
 garbage-first heap   total 230400K, used 197138K [0x000000008ac00000, 0x0000000100000000)
  region size 1024K, 75 young (76800K), 1 survivors (1024K)
 Metaspace       used 4940K, committed 5056K, reserved 1114112K
  class space    used 522K, committed 576K, reserved 1048576K
}
Event: 1.303 GC heap after
{Heap after GC invocations=5 (full 0):
 garbage-first heap   total 230400K, used 122355K [0x000000008ac00000, 0x0000000100000000)
  region size 1024K, 1 young (1024K), 1 survivors (1024K)
 Metaspace       used 4940K, committed 5056K, reserved 1114112K
  class space    used 522K, committed 576K, reserved 1048576K
}
Event: 5.421 GC heap before
{Heap before GC invocations=6 (full 0):
 garbage-first heap   total 230400K, used 164339K [0x000000008ac00000, 0x0000000100000000)
  region size 1024K, 37 young (37888K), 1 survivors (1024K)
 Metaspace       used 17005K, committed 17280K, reserved 1114112K
  class space    used 1931K, committed 2048K, reserved 1048576K
}
Event: 5.426 GC heap after
{Heap after GC invocations=7 (full 0):
 garbage-first heap   total 230400K, used 132649K [0x000000008ac00000, 0x0000000100000000)
  region size 1024K, 5 young (5120K), 5 survivors (5120K)
 Metaspace       used 17005K, committed 17280K, reserved 1114112K
  class space    used 1931K, committed 2048K, reserved 1048576K
}
Event: 5.437 GC heap before
{Heap before GC invocations=8 (full 0):
 garbage-first heap   total 230400K, used 136745K [0x000000008ac00000, 0x0000000100000000)
  region size 1024K, 8 young (8192K), 5 survivors (5120K)
 Metaspace       used 17028K, committed 17280K, reserved 1114112K
  class space    used 1933K, committed 2048K, reserved 1048576K
}
Event: 5.441 GC heap after
{Heap after GC invocations=9 (full 0):
 garbage-first heap   total 230400K, used 134853K [0x000000008ac00000, 0x0000000100000000)
  region size 1024K, 5 young (5120K), 5 survivors (5120K)
 Metaspace       used 17028K, committed 17280K, reserved 1114112K
  class space    used 1933K, committed 2048K, reserved 1048576K
}
Event: 5912.590 GC heap before
{Heap before GC invocations=10 (full 0):
 garbage-first heap   total 230400K, used 140997K [0x000000008ac00000, 0x0000000100000000)
  region size 1024K, 11 young (11264K), 5 survivors (5120K)
 Metaspace       used 17432K, committed 17664K, reserved 1114112K
  class space    used 1944K, committed 2048K, reserved 1048576K
}

Deoptimization events (20 events):
Event: 5.012 Thread 0x000001abcc6b4bd0 DEOPT PACKING pc=0x000001abf53edf64 sp=0x00000078829f9b00
Event: 5.012 Thread 0x000001abcc6b4bd0 DEOPT UNPACKING pc=0x000001abf4e623a3 sp=0x00000078829f9ab0 mode 2
Event: 5.172 Thread 0x000001abcc6b4bd0 Uncommon trap: trap_request=0xffffff45 fr.pc=0x000001abf54001dc relative=0x000000000000025c
Event: 5.172 Thread 0x000001abcc6b4bd0 Uncommon trap: reason=unstable_if action=reinterpret pc=0x000001abf54001dc method=java.util.HashMap.putVal(ILjava/lang/Object;Ljava/lang/Object;ZZ)Ljava/lang/Object; @ 162 c2
Event: 5.172 Thread 0x000001abcc6b4bd0 DEOPT PACKING pc=0x000001abf54001dc sp=0x00000078829fa4c0
Event: 5.172 Thread 0x000001abcc6b4bd0 DEOPT UNPACKING pc=0x000001abf4e623a3 sp=0x00000078829fa3f8 mode 2
Event: 5.290 Thread 0x000001abcc6b4bd0 Uncommon trap: trap_request=0xffffff45 fr.pc=0x000001abf54176b0 relative=0x0000000000000290
Event: 5.290 Thread 0x000001abcc6b4bd0 Uncommon trap: reason=unstable_if action=reinterpret pc=0x000001abf54176b0 method=java.nio.Buffer.<init>(IIIILjdk/internal/access/foreign/MemorySegmentProxy;)V @ 50 c2
Event: 5.290 Thread 0x000001abcc6b4bd0 DEOPT PACKING pc=0x000001abf54176b0 sp=0x00000078829fd1a0
Event: 5.290 Thread 0x000001abcc6b4bd0 DEOPT UNPACKING pc=0x000001abf4e623a3 sp=0x00000078829fd0e8 mode 2
Event: 5.586 Thread 0x000001abcc6b4bd0 DEOPT PACKING pc=0x000001abeda491e2 sp=0x00000078829fdae0
Event: 5.587 Thread 0x000001abcc6b4bd0 DEOPT UNPACKING pc=0x000001abf4e62b43 sp=0x00000078829fcf68 mode 0
Event: 387.804 Thread 0x000001abcc738a80 Uncommon trap: trap_request=0xffffffcc fr.pc=0x000001abf5488c48 relative=0x0000000000000328
Event: 387.804 Thread 0x000001abcc738a80 Uncommon trap: reason=intrinsic_or_type_checked_inlining action=make_not_entrant pc=0x000001abf5488c48 method=java.util.Arrays.copyOf([Ljava/lang/Object;ILjava/lang/Class;)[Ljava/lang/Object; @ 35 c2
Event: 387.804 Thread 0x000001abcc738a80 DEOPT PACKING pc=0x000001abf5488c48 sp=0x0000007882aff3b0
Event: 387.804 Thread 0x000001abcc738a80 DEOPT UNPACKING pc=0x000001abf4e623a3 sp=0x0000007882aff340 mode 2
Event: 542.226 Thread 0x000001abcc738a80 Uncommon trap: trap_request=0xffffffdc fr.pc=0x000001abf5489f40 relative=0x00000000000001a0
Event: 542.226 Thread 0x000001abcc738a80 Uncommon trap: reason=class_check action=make_not_entrant pc=0x000001abf5489f40 method=java.util.ArrayList.toArray([Ljava/lang/Object;)[Ljava/lang/Object; @ 21 c2
Event: 542.226 Thread 0x000001abcc738a80 DEOPT PACKING pc=0x000001abf5489f40 sp=0x0000007882aff410
Event: 542.226 Thread 0x000001abcc738a80 DEOPT UNPACKING pc=0x000001abf4e623a3 sp=0x0000007882aff3d0 mode 2

Classes unloaded (0 events):
No events

Classes redefined (0 events):
No events

Internal exceptions (20 events):
Event: 0.345 Thread 0x000001abe4849e30 Exception <a 'java/lang/NoSuchMethodError'{0x0000000091e68268}: 'java.lang.Object java.lang.invoke.DirectMethodHandle$Holder.invokeStatic(java.lang.Object, int, java.lang.Object, java.lang.Object, java.lang.Object, java.lang.Object)'> (0x0000000091e68268) 
thrown [s\open\src\hotspot\share\interpreter\linkResolver.cpp, line 759]
Event: 0.349 Thread 0x000001abe4849e30 Exception <a 'java/lang/NoSuchMethodError'{0x0000000091e8dca8}: 'java.lang.Object java.lang.invoke.DirectMethodHandle$Holder.invokeStatic(java.lang.Object, int, java.lang.Object)'> (0x0000000091e8dca8) 
thrown [s\open\src\hotspot\share\interpreter\linkResolver.cpp, line 759]
Event: 0.378 Thread 0x000001abe4849e30 Exception <a 'java/lang/ClassNotFoundException'{0x0000000091d463a8}: com/sun/swing/internal/plaf/metal/resources/spi/metalProvider> (0x0000000091d463a8) 
thrown [s\open\src\hotspot\share\classfile\systemDictionary.cpp, line 256]
Event: 0.379 Thread 0x000001abe4849e30 Exception <a 'java/lang/ClassNotFoundException'{0x0000000091d4a200}: com/sun/swing/internal/plaf/basic/resources/spi/basicProvider> (0x0000000091d4a200) 
thrown [s\open\src\hotspot\share\classfile\systemDictionary.cpp, line 256]
Event: 0.444 Thread 0x000001abcc45d430 Exception <a 'java/lang/NoSuchMethodError'{0x0000000091cf5088}: 'java.lang.Object java.lang.invoke.DirectMethodHandle$Holder.newInvokeSpecial(java.lang.Object, java.lang.Object, java.lang.Object, int, int, int, int, int)'> (0x0000000091cf5088) 
thrown [s\open\src\hotspot\share\interpreter\linkResolver.cpp, line 759]
Event: 1.301 Thread 0x000001abcc45d430 Implicit null exception at 0x000001abf53eea0e to 0x000001abf53ef608
Event: 1.856 Thread 0x000001ab84d49170 Exception <a 'java/lang/NoSuchMethodError'{0x0000000090f08550}: 'void java.lang.invoke.DirectMethodHandle$Holder.invokeVirtual(java.lang.Object, java.lang.Object)'> (0x0000000090f08550) 
thrown [s\open\src\hotspot\share\interpreter\linkResolver.cpp, line 759]
Event: 1.885 Thread 0x000001abe4849e30 Exception <a 'java/lang/NoSuchMethodError'{0x00000000910a8648}: 'void java.lang.invoke.DirectMethodHandle$Holder.invokeStaticInit(java.lang.Object)'> (0x00000000910a8648) 
thrown [s\open\src\hotspot\share\interpreter\linkResolver.cpp, line 759]
Event: 4.695 Thread 0x000001abcc6b4bd0 Implicit null exception at 0x000001abf54114fc to 0x000001abf541156c
Event: 4.719 Thread 0x000001abcc6b4bd0 Exception <a 'java/lang/NoSuchMethodError'{0x0000000090110578}: 'java.lang.Object java.lang.invoke.DirectMethodHandle$Holder.invokeInterface(java.lang.Object, java.lang.Object)'> (0x0000000090110578) 
thrown [s\open\src\hotspot\share\interpreter\linkResolver.cpp, line 759]
Event: 4.748 Thread 0x000001abcc6b4bd0 Exception <a 'java/lang/NoSuchMethodError'{0x00000000901905d8}: 'void java.lang.invoke.DirectMethodHandle$Holder.invokeStatic(java.lang.Object, java.lang.Object, java.lang.Object)'> (0x00000000901905d8) 
thrown [s\open\src\hotspot\share\interpreter\linkResolver.cpp, line 759]
Event: 4.750 Thread 0x000001abcc6b4bd0 Exception <a 'java/lang/NoSuchMethodError'{0x000000009019a750}: 'java.lang.Object java.lang.invoke.DirectMethodHandle$Holder.invokeVirtual(java.lang.Object, java.lang.Object, java.lang.Object)'> (0x000000009019a750) 
thrown [s\open\src\hotspot\share\interpreter\linkResolver.cpp, line 759]
Event: 4.846 Thread 0x000001abcc6b4bd0 Exception <a 'java/lang/NoSuchMethodError'{0x000000008fe9e430}: 'void java.lang.invoke.DirectMethodHandle$Holder.invokeStatic(java.lang.Object, java.lang.Object)'> (0x000000008fe9e430) 
thrown [s\open\src\hotspot\share\interpreter\linkResolver.cpp, line 759]
Event: 4.926 Thread 0x000001abcc6b4bd0 Exception <a 'java/lang/NoSuchMethodError'{0x000000008fc72dc8}: 'void java.lang.invoke.DirectMethodHandle$Holder.invokeStaticInit(java.lang.Object, java.lang.Object)'> (0x000000008fc72dc8) 
thrown [s\open\src\hotspot\share\interpreter\linkResolver.cpp, line 759]
Event: 5.002 Thread 0x000001abcc6b4bd0 Exception <a 'sun/nio/fs/WindowsException'{0x000000008fb97270}> (0x000000008fb97270) 
thrown [s\open\src\hotspot\share\prims\jni.cpp, line 516]
Event: 5.025 Thread 0x000001abcc6b4bd0 Exception <a 'java/lang/NoSuchMethodError'{0x000000008fbbd6d8}: 'int java.lang.invoke.DirectMethodHandle$Holder.invokeStaticInit(java.lang.Object, java.lang.Object, java.lang.Object, java.lang.Object)'> (0x000000008fbbd6d8) 
thrown [s\open\src\hotspot\share\interpreter\linkResolver.cpp, line 759]
Event: 5.026 Thread 0x000001abcc6b4bd0 Exception <a 'java/lang/IncompatibleClassChangeError'{0x000000008fbc6b68}: Found class java.lang.Object, but interface was expected> (0x000000008fbc6b68) 
thrown [s\open\src\hotspot\share\interpreter\linkResolver.cpp, line 826]
Event: 5.027 Thread 0x000001abcc6b4bd0 Exception <a 'java/lang/NoSuchMethodError'{0x000000008fbcc298}: 'int java.lang.invoke.DirectMethodHandle$Holder.invokeStaticInit(java.lang.Object, java.lang.Object)'> (0x000000008fbcc298) 
thrown [s\open\src\hotspot\share\interpreter\linkResolver.cpp, line 759]
Event: 5.079 Thread 0x000001abcc6b4bd0 Exception <a 'java/lang/NoSuchMethodError'{0x000000008fa8e278}: 'java.lang.Object java.lang.invoke.DirectMethodHandle$Holder.invokeStaticInit(java.lang.Object, int, int, int, int)'> (0x000000008fa8e278) 
thrown [s\open\src\hotspot\share\interpreter\linkResolver.cpp, line 759]
Event: 5.121 Thread 0x000001abcc6b4bd0 Exception <a 'java/lang/NoSuchMethodError'{0x000000008facc888}: 'java.lang.Object java.lang.invoke.DirectMethodHandle$Holder.invokeStaticInit(java.lang.Object, java.lang.Object, int, int, int, int)'> (0x000000008facc888) 
thrown [s\open\src\hotspot\share\interpreter\linkResolver.cpp, line 759]

VM Operations (20 events):
Event: 11.514 Executing VM operation: Cleanup done
Event: 14.541 Executing VM operation: Cleanup
Event: 14.541 Executing VM operation: Cleanup done
Event: 15.549 Executing VM operation: Cleanup
Event: 15.550 Executing VM operation: Cleanup done
Event: 16.558 Executing VM operation: Cleanup
Event: 16.558 Executing VM operation: Cleanup done
Event: 553.943 Executing VM operation: Cleanup
Event: 553.943 Executing VM operation: Cleanup done
Event: 607.443 Executing VM operation: Cleanup
Event: 607.443 Executing VM operation: Cleanup done
Event: 1032.220 Executing VM operation: Cleanup
Event: 1032.221 Executing VM operation: Cleanup done
Event: 1468.621 Executing VM operation: Cleanup
Event: 1468.621 Executing VM operation: Cleanup done
Event: 2760.925 Executing VM operation: Cleanup
Event: 2760.928 Executing VM operation: Cleanup done
Event: 4221.641 Executing VM operation: Cleanup
Event: 4221.644 Executing VM operation: Cleanup done
Event: 5912.586 Executing VM operation: G1TryInitiateConcMark

Events (20 events):
Event: 5.483 loading class java/awt/event/WindowAdapter done
Event: 5.483 loading class sun/awt/windows/WChoicePeer$1 done
Event: 5.543 loading class javax/swing/SwingHeavyWeight
Event: 5.543 loading class javax/swing/SwingHeavyWeight done
Event: 5.601 loading class java/awt/Event
Event: 5.601 loading class java/awt/Event done
Event: 6.228 loading class java/awt/LightweightDispatcher$2
Event: 6.228 loading class java/awt/LightweightDispatcher$2 done
Event: 9.863 loading class java/awt/KeyboardFocusManager$2
Event: 9.863 loading class java/awt/KeyboardFocusManager$2 done
Event: 9.863 loading class sun/awt/SunToolkit$1
Event: 9.863 loading class sun/awt/SunToolkit$1 done
Event: 10.446 Thread 0x000001abcc5d5180 Thread exited: 0x000001abcc5d5180
Event: 10.461 Thread 0x000001abcc45d430 Thread exited: 0x000001abcc45d430
Event: 5912.076 loading class java/util/WeakHashMap$KeyIterator
Event: 5912.100 loading class java/util/WeakHashMap$HashIterator
Event: 5912.119 loading class java/util/WeakHashMap$HashIterator done
Event: 5912.120 loading class java/util/WeakHashMap$KeyIterator done
Event: 5912.422 loading class javax/swing/RepaintManager$DisplayChangedRunnable
Event: 5912.481 loading class javax/swing/RepaintManager$DisplayChangedRunnable done


Dynamic libraries:
0x00007ff670100000 - 0x00007ff670110000 	C:\Program Files\Java\jdk-17\bin\java.exe
0x00007ffd94110000 - 0x00007ffd94324000 	C:\WINDOWS\SYSTEM32\ntdll.dll
0x00007ffd92c10000 - 0x00007ffd92cd3000 	C:\WINDOWS\System32\KERNEL32.DLL
0x00007ffd91b80000 - 0x00007ffd91f1c000 	C:\WINDOWS\System32\KERNELBASE.dll
0x00007ffd915d0000 - 0x00007ffd916e1000 	C:\WINDOWS\System32\ucrtbase.dll
0x00007ffd7ed50000 - 0x00007ffd7ed69000 	C:\Program Files\Java\jdk-17\bin\jli.dll
0x00007ffd27e20000 - 0x00007ffd27e3b000 	C:\Program Files\Java\jdk-17\bin\VCRUNTIME140.dll
0x00007ffd930a0000 - 0x00007ffd9314e000 	C:\WINDOWS\System32\ADVAPI32.dll
0x00007ffd92120000 - 0x00007ffd921c7000 	C:\WINDOWS\System32\msvcrt.dll
0x00007ffd94020000 - 0x00007ffd940c4000 	C:\WINDOWS\System32\sechost.dll
0x00007ffd91fa0000 - 0x00007ffd920b5000 	C:\WINDOWS\System32\RPCRT4.dll
0x00007ffd93e70000 - 0x00007ffd9401d000 	C:\WINDOWS\System32\USER32.dll
0x00007ffd918b0000 - 0x00007ffd918d6000 	C:\WINDOWS\System32\win32u.dll
0x00007ffd92d90000 - 0x00007ffd92db9000 	C:\WINDOWS\System32\GDI32.dll
0x00007ffd91790000 - 0x00007ffd918a2000 	C:\WINDOWS\System32\gdi32full.dll
0x00007ffd782d0000 - 0x00007ffd7855e000 	C:\WINDOWS\WinSxS\amd64_microsoft.windows.common-controls_6595b64144ccf1df_6.0.22621.608_none_a9444ca7c10bb01d\COMCTL32.dll
0x00007ffd916f0000 - 0x00007ffd9178a000 	C:\WINDOWS\System32\msvcp_win.dll
0x00007ffd885a0000 - 0x00007ffd885aa000 	C:\WINDOWS\SYSTEM32\VERSION.dll
0x00007ffd922c0000 - 0x00007ffd922f2000 	C:\WINDOWS\System32\IMM32.DLL
0x00007ffd630a0000 - 0x00007ffd630ac000 	C:\Program Files\Java\jdk-17\bin\vcruntime140_1.dll
0x00007ffd1c1f0000 - 0x00007ffd1c27e000 	C:\Program Files\Java\jdk-17\bin\msvcp140.dll
0x00007ffd1c500000 - 0x00007ffd1d0de000 	C:\Program Files\Java\jdk-17\bin\server\jvm.dll
0x00007ffd92aa0000 - 0x00007ffd92aa8000 	C:\WINDOWS\System32\PSAPI.DLL
0x00007ffd79800000 - 0x00007ffd79809000 	C:\WINDOWS\SYSTEM32\WSOCK32.dll
0x00007ffd91f20000 - 0x00007ffd91f91000 	C:\WINDOWS\System32\WS2_32.dll
0x00007ffd8a750000 - 0x00007ffd8a784000 	C:\WINDOWS\SYSTEM32\WINMM.dll
0x00007ffd905a0000 - 0x00007ffd905b8000 	C:\WINDOWS\SYSTEM32\kernel.appcore.dll
0x00007ffd629b0000 - 0x00007ffd629ba000 	C:\Program Files\Java\jdk-17\bin\jimage.dll
0x00007ffd81720000 - 0x00007ffd8194e000 	C:\WINDOWS\SYSTEM32\DBGHELP.DLL
0x00007ffd93ae0000 - 0x00007ffd93e6a000 	C:\WINDOWS\System32\combase.dll
0x00007ffd921e0000 - 0x00007ffd922b7000 	C:\WINDOWS\System32\OLEAUT32.dll
0x00007ffd81400000 - 0x00007ffd81432000 	C:\WINDOWS\SYSTEM32\dbgcore.DLL
0x00007ffd91550000 - 0x00007ffd915cb000 	C:\WINDOWS\System32\bcryptPrimitives.dll
0x00007ffd200c0000 - 0x00007ffd200e5000 	C:\Program Files\Java\jdk-17\bin\java.dll
0x00007ffd1c420000 - 0x00007ffd1c4f7000 	C:\Program Files\Java\jdk-17\bin\jsvml.dll
0x00007ffd93210000 - 0x00007ffd939ff000 	C:\WINDOWS\System32\SHELL32.dll
0x00007ffd8f530000 - 0x00007ffd8fdf8000 	C:\WINDOWS\SYSTEM32\windows.storage.dll
0x00007ffd8f3f0000 - 0x00007ffd8f52e000 	C:\WINDOWS\SYSTEM32\wintypes.dll
0x00007ffd92b00000 - 0x00007ffd92bf1000 	C:\WINDOWS\System32\SHCORE.dll
0x00007ffd92a40000 - 0x00007ffd92a9e000 	C:\WINDOWS\System32\shlwapi.dll
0x00007ffd91480000 - 0x00007ffd914a1000 	C:\WINDOWS\SYSTEM32\profapi.dll
0x00007ffd1fa70000 - 0x00007ffd1fa89000 	C:\Program Files\Java\jdk-17\bin\net.dll
0x00007ffd8bbf0000 - 0x00007ffd8bd1f000 	C:\WINDOWS\SYSTEM32\WINHTTP.dll
0x00007ffd90a10000 - 0x00007ffd90a79000 	C:\WINDOWS\system32\mswsock.dll
0x00007ffd1fa50000 - 0x00007ffd1fa66000 	C:\Program Files\Java\jdk-17\bin\nio.dll
0x00007ffd1fa30000 - 0x00007ffd1fa48000 	C:\Program Files\Java\jdk-17\bin\zip.dll
0x00007ffd1c280000 - 0x00007ffd1c411000 	C:\Program Files\Java\jdk-17\bin\awt.dll
0x00007ffd8e950000 - 0x00007ffd8e9e7000 	C:\WINDOWS\SYSTEM32\apphelp.dll
0x00007ffd8ed60000 - 0x00007ffd8ed8b000 	C:\WINDOWS\system32\DWMAPI.DLL
0x00007ffd8eab0000 - 0x00007ffd8eb5b000 	C:\WINDOWS\system32\uxtheme.dll
0x00007ffd30ba0000 - 0x00007ffd30ca0000 	C:\WINDOWS\system32\opengl32.dll
0x00007ffd28ad0000 - 0x00007ffd28afd000 	C:\WINDOWS\SYSTEM32\GLU32.dll
0x00007ffd8ebf0000 - 0x00007ffd8ec26000 	C:\WINDOWS\SYSTEM32\dxcore.dll
0x00007ffd92920000 - 0x00007ffd92a3e000 	C:\WINDOWS\System32\MSCTF.dll
0x00007ffd92300000 - 0x00007ffd9249c000 	C:\WINDOWS\System32\ole32.dll
0x00007ffd42e40000 - 0x00007ffd42fe9000 	C:\WINDOWS\system32\d3d9.dll
0x00007ffd868a0000 - 0x00007ffd86a5a000 	C:\WINDOWS\System32\DriverStore\FileRepository\u0380908.inf_amd64_3105c1702c47b731\B380794\aticfx64.dll
0x00007ffd20af0000 - 0x00007ffd20b24000 	C:\WINDOWS\System32\DriverStore\FileRepository\u0380908.inf_amd64_3105c1702c47b731\B380794\atiu9p64.dll
0x00007ffd1ea50000 - 0x00007ffd1f7a6000 	C:\WINDOWS\System32\DriverStore\FileRepository\u0380908.inf_amd64_3105c1702c47b731\B380794\atiumd64.dll
0x0000000050b20000 - 0x00000000519df000 	C:\WINDOWS\System32\DriverStore\FileRepository\u0380908.inf_amd64_3105c1702c47b731\B380794\atiumd6a.dll
0x00007ffd924a0000 - 0x00007ffd9291a000 	C:\WINDOWS\System32\SETUPAPI.dll
0x00007ffd90fe0000 - 0x00007ffd9102d000 	C:\WINDOWS\SYSTEM32\POWRPROF.dll
0x00007ffd90ea0000 - 0x00007ffd90eb3000 	C:\WINDOWS\SYSTEM32\UMPDC.dll
0x00007ffd841f0000 - 0x00007ffd84220000 	C:\WINDOWS\SYSTEM32\amdihk64.dll
0x00007ffd89e40000 - 0x00007ffd89e89000 	C:\WINDOWS\SYSTEM32\directxdatabasehelper.dll
0x00007ffd72350000 - 0x00007ffd7237e000 	C:\Program Files\Java\jdk-17\bin\javajpeg.dll
0x00007ffd1c160000 - 0x00007ffd1c1e6000 	C:\Program Files\Java\jdk-17\bin\freetype.dll
0x00007ffd1c080000 - 0x00007ffd1c153000 	C:\Program Files\Java\jdk-17\bin\fontmanager.dll
0x00007ffd7d050000 - 0x00007ffd7d17d000 	C:\WINDOWS\SYSTEM32\textinputframework.dll
0x00007ffd8e650000 - 0x00007ffd8e783000 	C:\WINDOWS\SYSTEM32\CoreMessaging.dll
0x00007ffd89470000 - 0x00007ffd897dc000 	C:\WINDOWS\SYSTEM32\CoreUIComponents.dll
0x00007ffd90cd0000 - 0x00007ffd90cdc000 	C:\WINDOWS\SYSTEM32\CRYPTBASE.DLL
0x00007ffd90070000 - 0x00007ffd90163000 	C:\WINDOWS\SYSTEM32\DNSAPI.dll
0x00007ffd90040000 - 0x00007ffd9006d000 	C:\WINDOWS\SYSTEM32\IPHLPAPI.DLL
0x00007ffd921d0000 - 0x00007ffd921d9000 	C:\WINDOWS\System32\NSI.dll
0x00007ffd8a710000 - 0x00007ffd8a71a000 	C:\Windows\System32\rasadhlp.dll
0x00007ffd8a3c0000 - 0x00007ffd8a443000 	C:\WINDOWS\System32\fwpuclnt.dll
0x00007ffd90ce0000 - 0x00007ffd90cfb000 	C:\WINDOWS\SYSTEM32\CRYPTSP.dll
0x00007ffd90510000 - 0x00007ffd90545000 	C:\WINDOWS\system32\rsaenh.dll
0x00007ffd90b70000 - 0x00007ffd90b98000 	C:\WINDOWS\SYSTEM32\USERENV.dll
0x00007ffd90ec0000 - 0x00007ffd90ee8000 	C:\WINDOWS\SYSTEM32\bcrypt.dll
0x00007ffd8b880000 - 0x00007ffd8b899000 	C:\WINDOWS\SYSTEM32\dhcpcsvc6.DLL
0x00007ffd8b640000 - 0x00007ffd8b65f000 	C:\WINDOWS\SYSTEM32\dhcpcsvc.DLL
0x00007ffd82c50000 - 0x00007ffd82c5e000 	C:\Program Files\Java\jdk-17\bin\sunmscapi.dll
0x00007ffd918e0000 - 0x00007ffd91a46000 	C:\WINDOWS\System32\CRYPT32.dll
0x00007ffd90e60000 - 0x00007ffd90e8d000 	C:\WINDOWS\SYSTEM32\ncrypt.dll
0x00007ffd90e20000 - 0x00007ffd90e57000 	C:\WINDOWS\SYSTEM32\NTASN1.dll
0x00007ffd92ce0000 - 0x00007ffd92d90000 	C:\WINDOWS\System32\clbcatq.dll
0x00007ffd8cfa0000 - 0x00007ffd8d150000 	C:\WINDOWS\SYSTEM32\WindowsCodecs.dll
0x00007ffd70930000 - 0x00007ffd7098e000 	C:\WINDOWS\system32\dataexchange.dll
0x00007ffd88680000 - 0x00007ffd888ea000 	C:\WINDOWS\system32\twinapi.appcore.dll
0x00007ffd7cd60000 - 0x00007ffd7ce10000 	C:\WINDOWS\SYSTEM32\TextShaping.dll

dbghelp: loaded successfully - version: 4.0.5 - missing functions: none
symbol engine: initialized successfully - sym options: 0x614 - pdb path: .;C:\Program Files\Java\jdk-17\bin;C:\WINDOWS\SYSTEM32;C:\WINDOWS\WinSxS\amd64_microsoft.windows.common-controls_6595b64144ccf1df_6.0.22621.608_none_a9444ca7c10bb01d;C:\Program Files\Java\jdk-17\bin\server;C:\WINDOWS\System32\DriverStore\FileRepository\u0380908.inf_amd64_3105c1702c47b731\B380794

VM Arguments:
jvm_args: -Dfile.encoding=UTF-8 --module-path=C:\Users\prana\OneDrive\Documents\NetBeansProjects\travel management systemm\build\classes 
java_command: travel.management.systemm.Dashboard
java_class_path (initial): C:\Users\prana\Downloads\mysql-connector-java-8.0.28.jar;C:\Users\prana\OneDrive\Documents\NetBeansProjects\travel management systemm\build\classes
Launcher Type: SUN_STANDARD

[Global flags]
     intx CICompilerCount                          = 4                                         {product} {ergonomic}
     uint ConcGCThreads                            = 3                                         {product} {ergonomic}
     uint G1ConcRefinementThreads                  = 10                                        {product} {ergonomic}
   size_t G1HeapRegionSize                         = 1048576                                   {product} {ergonomic}
    uintx GCDrainStackTargetSize                   = 64                                        {product} {ergonomic}
   size_t InitialHeapSize                          = 123731968                                 {product} {ergonomic}
   size_t MarkStackSize                            = 4194304                                   {product} {ergonomic}
   size_t MaxHeapSize                              = 1967128576                                {product} {ergonomic}
   size_t MaxNewSize                               = 1179648000                                {product} {ergonomic}
   size_t MinHeapDeltaBytes                        = 1048576                                   {product} {ergonomic}
   size_t MinHeapSize                              = 8388608                                   {product} {ergonomic}
    uintx NonNMethodCodeHeapSize                   = 5839372                                {pd product} {ergonomic}
    uintx NonProfiledCodeHeapSize                  = 122909434                              {pd product} {ergonomic}
    uintx ProfiledCodeHeapSize                     = 122909434                              {pd product} {ergonomic}
    uintx ReservedCodeCacheSize                    = 251658240                              {pd product} {ergonomic}
     bool SegmentedCodeCache                       = true                                      {product} {ergonomic}
   size_t SoftMaxHeapSize                          = 1967128576                             {manageable} {ergonomic}
     bool UseCompressedClassPointers               = true                           {product lp64_product} {ergonomic}
     bool UseCompressedOops                        = true                           {product lp64_product} {ergonomic}
     bool UseG1GC                                  = true                                      {product} {ergonomic}
     bool UseLargePagesIndividualAllocation        = false                                  {pd product} {ergonomic}

Logging:
Log output configuration:
 #0: stdout all=warning uptime,level,tags
 #1: stderr all=off uptime,level,tags

Environment Variables:
PATH=C:\Program Files\Common Files\Oracle\Java\javapath;C:\WINDOWS\system32;C:\WINDOWS;C:\WINDOWS\System32\Wbem;C:\WINDOWS\System32\WindowsPowerShell\v1.0\;C:\WINDOWS\System32\OpenSSH\;C:\Program Files\dotnet\;C:\Program Files\Java\jdk-17\bin;C:\Program Files\MySQL\MySQL Server 8.0\bin;C:\Program Files\MySQL\MySQL Shell 8.0\bin\;C:\Users\prana\AppData\Local\Microsoft\WindowsApps;C:\Program Files\MySQL\MySQL Server 8.0\bin;C:\Program Files\Java\jdk-17\bin;
USERNAME=prana
OS=Windows_NT
PROCESSOR_IDENTIFIER=AMD64 Family 23 Model 104 Stepping 1, AuthenticAMD



---------------  S Y S T E M  ---------------

OS:
 Windows 11 , 64 bit Build 22621 (10.0.22621.1194)
OS uptime: 1 days 1:11 hours
Hyper-V role detected

CPU: total 12 (initial active 12) (12 cores per cpu, 2 threads per core) family 23 model 104 stepping 1 microcode 0x0, cx8, cmov, fxsr, ht, mmx, 3dnowpref, sse, sse2, sse3, ssse3, sse4a, sse4.1, sse4.2, popcnt, lzcnt, tsc, tscinvbit, avx, avx2, aes, clmul, bmi1, bmi2, adx, sha, fma, vzeroupper, clflush, clflushopt, hv

Memory: 4k page, system-wide physical 7502M (11M free)
TotalPageFile size 30030M (AvailPageFile size 5M)
current process WorkingSet (physical memory assigned to process): 39M, peak: 356M
current process commit charge ("private bytes"): 423M, peak: 595M

vm_info: Java HotSpot(TM) 64-Bit Server VM (17.0.8+9-LTS-211) for windows-amd64 JRE (17.0.8+9-LTS-211), built on Jun 14 2023 10:34:31 by "mach5one" with MS VC++ 17.1 (VS2022)

END.
