#
# There is insufficient memory for the Java Runtime Environment to continue.
# Native memory allocation (mmap) failed to map 63963136 bytes for G1 virtual space
# Possible reasons:
#   The system is out of physical RAM or swap space
#   The process is running with CompressedOops enabled, and the Java Heap may be blocking the growth of the native heap
# Possible solutions:
#   Reduce memory load on the system
#   Increase physical memory or swap space
#   Check if swap backing store is full
#   Decrease Java heap size (-Xmx/-Xms)
#   Decrease number of Java threads
#   Decrease Java thread stack sizes (-Xss)
#   Set larger code cache with -XX:ReservedCodeCacheSize=
#   JVM is running with Unscaled Compressed Oops mode in which the Java heap is
#     placed in the first 4GB address space. The Java Heap base address is the
#     maximum limit for the native heap growth. Please use -XX:HeapBaseMinAddress
#     to set the Java Heap base and to place the Java Heap above 4GB virtual address.
# This output file may be truncated or incomplete.
#
#  Out of Memory Error (os_windows.cpp:3528), pid=15356, tid=1088
#
# JRE version: Java(TM) SE Runtime Environment (20.0.2+9) (build 20.0.2+9-78)
# Java VM: Java HotSpot(TM) 64-Bit Server VM (20.0.2+9-78, mixed mode, sharing, tiered, compressed oops, compressed class ptrs, g1 gc, windows-amd64)
# No core dump will be written. Minidumps are not enabled by default on client versions of Windows
#

---------------  S U M M A R Y ------------

Command Line: -Dfile.encoding=UTF-8 --module-path=C:\Users\Aryan Tambde\OneDrive\Desktop\Project\Travel Management System\build\classes travel.management.system.CheckHotels

Host: Intel(R) Core(TM) i3-10110U CPU @ 2.10GHz, 4 cores, 3G,  Windows 11 , 64 bit Build 22621 (10.0.22621.2215)
Time: Sun Oct  8 19:02:47 2023 India Standard Time elapsed time: 2.532338 seconds (0d 0h 0m 2s)

---------------  T H R E A D  ---------------

Current thread (0x000002a8e2b58320):  VMThread "VM Thread" [stack: 0x000000e33ea00000,0x000000e33eb00000] [id=1088]

Stack: [0x000000e33ea00000,0x000000e33eb00000]
Native frames: (J=compiled Java code, j=interpreted, Vv=VM code, C=native code)
V  [jvm.dll+0x6bc25a]
V  [jvm.dll+0x84971a]
V  [jvm.dll+0x84b315]
V  [jvm.dll+0x84ba13]
V  [jvm.dll+0x280e4f]
V  [jvm.dll+0x6b8fe9]
V  [jvm.dll+0x6adbca]
V  [jvm.dll+0x35b165]
V  [jvm.dll+0x363386]
V  [jvm.dll+0x3b400e]
V  [jvm.dll+0x3b4295]
V  [jvm.dll+0x32b86a]
V  [jvm.dll+0x32e486]
V  [jvm.dll+0x33854e]
V  [jvm.dll+0x371dd0]
V  [jvm.dll+0x85135e]
V  [jvm.dll+0x852471]
V  [jvm.dll+0x852979]
V  [jvm.dll+0x852bf3]
V  [jvm.dll+0x7f5c76]
V  [jvm.dll+0x6baecb]
C  [ucrtbase.dll+0x29363]
C  [KERNEL32.DLL+0x1257d]
C  [ntdll.dll+0x5aa68]

VM_Operation (0x000000e33e6ff670): G1PauseRemark, mode: safepoint, requested by thread 0x000002a8e2ae09b0


---------------  P R O C E S S  ---------------

Threads class SMR info:
_java_thread_list=0x000002a8fd9a5ea0, length=15, elements={
0x000002a8e2a96fb0, 0x000002a8fd4f4e50, 0x000002a8fd4f6e00, 0x000002a8fd4f96d0,
0x000002a8fd4fc120, 0x000002a8fd4fca60, 0x000002a8fd4fd540, 0x000002a8fd4fe690,
0x000002a8fd5076f0, 0x000002a8fd6d98a0, 0x000002a8fd7fb7d0, 0x000002a8fd9c1ae0,
0x000002a8fd9cbb10, 0x000002a8fd9fd6a0, 0x000002a8fdaa7f60
}

Java Threads: ( => current thread )
  0x000002a8e2a96fb0 JavaThread "main" [_thread_blocked, id=20956, stack(0x000000e33e400000,0x000000e33e500000)]
  0x000002a8fd4f4e50 JavaThread "Reference Handler" daemon [_thread_blocked, id=23868, stack(0x000000e33eb00000,0x000000e33ec00000)]
  0x000002a8fd4f6e00 JavaThread "Finalizer" daemon [_thread_blocked, id=23904, stack(0x000000e33ec00000,0x000000e33ed00000)]
  0x000002a8fd4f96d0 JavaThread "Signal Dispatcher" daemon [_thread_blocked, id=15180, stack(0x000000e33ed00000,0x000000e33ee00000)]
  0x000002a8fd4fc120 JavaThread "Attach Listener" daemon [_thread_blocked, id=25328, stack(0x000000e33ee00000,0x000000e33ef00000)]
  0x000002a8fd4fca60 JavaThread "Service Thread" daemon [_thread_blocked, id=9932, stack(0x000000e33ef00000,0x000000e33f000000)]
  0x000002a8fd4fd540 JavaThread "Monitor Deflation Thread" daemon [_thread_blocked, id=25564, stack(0x000000e33f000000,0x000000e33f100000)]
  0x000002a8fd4fe690 JavaThread "C2 CompilerThread0" daemon [_thread_blocked, id=21828, stack(0x000000e33f100000,0x000000e33f200000)]
  0x000002a8fd5076f0 JavaThread "C1 CompilerThread0" daemon [_thread_blocked, id=21480, stack(0x000000e33f200000,0x000000e33f300000)]
  0x000002a8fd6d98a0 JavaThread "Common-Cleaner" daemon [_thread_blocked, id=13364, stack(0x000000e33f300000,0x000000e33f400000)]
  0x000002a8fd7fb7d0 JavaThread "Notification Thread" daemon [_thread_blocked, id=25500, stack(0x000000e33f400000,0x000000e33f500000)]
  0x000002a8fd9c1ae0 JavaThread "Java2D Disposer" daemon [_thread_blocked, id=1304, stack(0x000000e33f600000,0x000000e33f700000)]
  0x000002a8fd9cbb10 JavaThread "AWT-Windows" daemon [_thread_in_native, id=24368, stack(0x000000e33f800000,0x000000e33f900000)]
  0x000002a8fd9fd6a0 JavaThread "Image Fetcher 0" daemon [_thread_blocked, id=24264, stack(0x000000e33f900000,0x000000e33fa00000)]
  0x000002a8fdaa7f60 JavaThread "Image Fetcher 1" daemon [_thread_blocked, id=764, stack(0x000000e33fd00000,0x000000e33fe00000)]

Other Threads:
=>0x000002a8e2b58320 VMThread "VM Thread" [stack: 0x000000e33ea00000,0x000000e33eb00000] [id=1088]
  0x000002a8fd7c0680 WatcherThread "VM Periodic Task Thread" [stack: 0x000000e33f500000,0x000000e33f600000] [id=22584]
  0x000002a8e2ad7fe0 WorkerThread "GC Thread#0" [stack: 0x000000e33e500000,0x000000e33e600000] [id=24524]
  0x000002a8fdaa32c0 WorkerThread "GC Thread#1" [stack: 0x000000e33fa00000,0x000000e33fb00000] [id=21920]
  0x000002a8fdaa59a0 WorkerThread "GC Thread#2" [stack: 0x000000e33fb00000,0x000000e33fc00000] [id=12132]
  0x000002a8fdaa5c70 WorkerThread "GC Thread#3" [stack: 0x000000e33fc00000,0x000000e33fd00000] [id=5400]
  0x000002a8e2ae09b0 ConcurrentGCThread "G1 Main Marker" [stack: 0x000000e33e600000,0x000000e33e700000] [id=22760]
  0x000002a8e2ae1580 WorkerThread "G1 Conc#0" [stack: 0x000000e33e700000,0x000000e33e800000] [id=10960]
  0x000002a8e2b365d0 ConcurrentGCThread "G1 Refine#0" [stack: 0x000000e33e800000,0x000000e33e900000] [id=16300]
  0x000002a8e2b37070 ConcurrentGCThread "G1 Service" [stack: 0x000000e33e900000,0x000000e33ea00000] [id=1508]

Threads with active compile tasks:

VM state: at safepoint (normal execution)

VM Mutex/Monitor currently owned by a thread:  ([mutex/lock_event])
[0x000002a8e2a91a90] Threads_lock - owner thread: 0x000002a8e2b58320
[0x000002a8e2a91c40] Heap_lock - owner thread: 0x000002a8e2ae09b0

Heap address: 0x00000000c2e00000, size: 978 MB, Compressed Oops mode: 32-bit

CDS archive(s) mapped at: [0x000002a880000000-0x000002a880c60000-0x000002a880c60000), size 12976128, SharedBaseAddress: 0x000002a880000000, ArchiveRelocationMode: 1.
Compressed class space mapped at: 0x000002a881000000-0x000002a8c1000000, reserved size: 1073741824
Narrow klass base: 0x000002a880000000, Narrow klass shift: 0, Narrow klass range: 0x100000000

GC Precious Log:
 CardTable entry size: 512
 Card Set container configuration: InlinePtr #cards 5 size 8 Array Of Cards #cards 12 size 40 Howl #buckets 4 coarsen threshold 1843 Howl Bitmap #cards 512 size 80 coarsen threshold 460 Card regions per heap region 1 cards per card region 2048
 CPUs: 4 total, 4 available
 Memory: 3910M
 Large Page Support: Disabled
 NUMA Support: Disabled
 Compressed Oops: Enabled (32-bit)
 Heap Region Size: 1M
 Heap Min Capacity: 8M
 Heap Initial Capacity: 62M
 Heap Max Capacity: 978M
 Pre-touch: Disabled
 Parallel Workers: 4
 Concurrent Workers: 1
 Concurrent Refinement Workers: 4
 Periodic GC: Disabled

Heap:
 garbage-first heap   total 178176K, used 142903K [0x00000000c2e00000, 0x0000000100000000)
  region size 1024K, 1 young (1024K), 1 survivors (1024K)
 Metaspace       used 4812K, committed 5056K, reserved 1114112K
  class space    used 490K, committed 640K, reserved 1048576K

Heap Regions: E=young(eden), S=young(survivor), O=old, HS=humongous(starts), HC=humongous(continues), CS=collection set, F=free, OA=open archive, CA=closed archive, TAMS=top-at-mark-start, PB=parsable bottom
|   0|0x00000000c2e00000, 0x00000000c2f00000, 0x00000000c2f00000|100%|HS|  |TAMS 0x00000000c2f00000| PB 0x00000000c2e00000| Complete 
|   1|0x00000000c2f00000, 0x00000000c3000000, 0x00000000c3000000|100%|HC|  |TAMS 0x00000000c3000000| PB 0x00000000c2f00000| Complete 
|   2|0x00000000c3000000, 0x00000000c3100000, 0x00000000c3100000|100%|HC|  |TAMS 0x00000000c3100000| PB 0x00000000c3000000| Complete 
|   3|0x00000000c3100000, 0x00000000c3200000, 0x00000000c3200000|100%|HC|  |TAMS 0x00000000c3200000| PB 0x00000000c3100000| Complete 
|   4|0x00000000c3200000, 0x00000000c3300000, 0x00000000c3300000|100%|HC|  |TAMS 0x00000000c3300000| PB 0x00000000c3200000| Complete 
|   5|0x00000000c3300000, 0x00000000c3400000, 0x00000000c3400000|100%|HC|  |TAMS 0x00000000c3400000| PB 0x00000000c3300000| Complete 
|   6|0x00000000c3400000, 0x00000000c3500000, 0x00000000c3500000|100%|HC|  |TAMS 0x00000000c3500000| PB 0x00000000c3400000| Complete 
|   7|0x00000000c3500000, 0x00000000c3600000, 0x00000000c3600000|100%|HC|  |TAMS 0x00000000c3600000| PB 0x00000000c3500000| Complete 
|   8|0x00000000c3600000, 0x00000000c3700000, 0x00000000c3700000|100%| O|  |TAMS 0x00000000c3700000| PB 0x00000000c3700000| Untracked 
|   9|0x00000000c3700000, 0x00000000c3800000, 0x00000000c3800000|100%|HS|  |TAMS 0x00000000c3800000| PB 0x00000000c3700000| Complete 
|  10|0x00000000c3800000, 0x00000000c3900000, 0x00000000c3900000|100%|HC|  |TAMS 0x00000000c3900000| PB 0x00000000c3800000| Complete 
|  11|0x00000000c3900000, 0x00000000c3a00000, 0x00000000c3a00000|100%|HC|  |TAMS 0x00000000c3a00000| PB 0x00000000c3900000| Complete 
|  12|0x00000000c3a00000, 0x00000000c3b00000, 0x00000000c3b00000|100%|HS|  |TAMS 0x00000000c3b00000| PB 0x00000000c3a00000| Complete 
|  13|0x00000000c3b00000, 0x00000000c3c00000, 0x00000000c3c00000|100%|HC|  |TAMS 0x00000000c3c00000| PB 0x00000000c3b00000| Complete 
|  14|0x00000000c3c00000, 0x00000000c3d00000, 0x00000000c3d00000|100%|HC|  |TAMS 0x00000000c3d00000| PB 0x00000000c3c00000| Complete 
|  15|0x00000000c3d00000, 0x00000000c3e00000, 0x00000000c3e00000|100%|HC|  |TAMS 0x00000000c3e00000| PB 0x00000000c3d00000| Complete 
|  16|0x00000000c3e00000, 0x00000000c3f00000, 0x00000000c3f00000|100%|HC|  |TAMS 0x00000000c3f00000| PB 0x00000000c3e00000| Complete 
|  17|0x00000000c3f00000, 0x00000000c4000000, 0x00000000c4000000|100%|HC|  |TAMS 0x00000000c4000000| PB 0x00000000c3f00000| Complete 
|  18|0x00000000c4000000, 0x00000000c4100000, 0x00000000c4100000|100%|HC|  |TAMS 0x00000000c4100000| PB 0x00000000c4000000| Complete 
|  19|0x00000000c4100000, 0x00000000c4200000, 0x00000000c4200000|100%|HC|  |TAMS 0x00000000c4200000| PB 0x00000000c4100000| Complete 
|  20|0x00000000c4200000, 0x00000000c4300000, 0x00000000c4300000|100%|HS|  |TAMS 0x00000000c4300000| PB 0x00000000c4200000| Complete 
|  21|0x00000000c4300000, 0x00000000c4400000, 0x00000000c4400000|100%|HC|  |TAMS 0x00000000c4400000| PB 0x00000000c4300000| Complete 
|  22|0x00000000c4400000, 0x00000000c4500000, 0x00000000c4500000|100%|HC|  |TAMS 0x00000000c4500000| PB 0x00000000c4400000| Complete 
|  23|0x00000000c4500000, 0x00000000c4600000, 0x00000000c4600000|100%| O|  |TAMS 0x00000000c4600000| PB 0x00000000c4600000| Untracked 
|  24|0x00000000c4600000, 0x00000000c467f000, 0x00000000c4700000| 49%| O|  |TAMS 0x00000000c467c600| PB 0x00000000c467c600| Updating 
|  25|0x00000000c4700000, 0x00000000c4800000, 0x00000000c4800000|100%|HS|  |TAMS 0x00000000c4800000| PB 0x00000000c4700000| Complete 
|  26|0x00000000c4800000, 0x00000000c4900000, 0x00000000c4900000|100%|HC|  |TAMS 0x00000000c4900000| PB 0x00000000c4800000| Complete 
|  27|0x00000000c4900000, 0x00000000c4a00000, 0x00000000c4a00000|100%|HC|  |TAMS 0x00000000c4a00000| PB 0x00000000c4900000| Complete 
|  28|0x00000000c4a00000, 0x00000000c4b00000, 0x00000000c4b00000|100%|HC|  |TAMS 0x00000000c4b00000| PB 0x00000000c4a00000| Complete 
|  29|0x00000000c4b00000, 0x00000000c4c00000, 0x00000000c4c00000|100%|HC|  |TAMS 0x00000000c4c00000| PB 0x00000000c4b00000| Complete 
|  30|0x00000000c4c00000, 0x00000000c4d00000, 0x00000000c4d00000|100%|HC|  |TAMS 0x00000000c4d00000| PB 0x00000000c4c00000| Complete 
|  31|0x00000000c4d00000, 0x00000000c4e00000, 0x00000000c4e00000|100%|HC|  |TAMS 0x00000000c4e00000| PB 0x00000000c4d00000| Complete 
|  32|0x00000000c4e00000, 0x00000000c4f00000, 0x00000000c4f00000|100%|HC|  |TAMS 0x00000000c4f00000| PB 0x00000000c4e00000| Complete 
|  33|0x00000000c4f00000, 0x00000000c5000000, 0x00000000c5000000|100%|HS|  |TAMS 0x00000000c5000000| PB 0x00000000c4f00000| Complete 
|  34|0x00000000c5000000, 0x00000000c5100000, 0x00000000c5100000|100%|HC|  |TAMS 0x00000000c5100000| PB 0x00000000c5000000| Complete 
|  35|0x00000000c5100000, 0x00000000c5200000, 0x00000000c5200000|100%|HC|  |TAMS 0x00000000c5200000| PB 0x00000000c5100000| Complete 
|  36|0x00000000c5200000, 0x00000000c5300000, 0x00000000c5300000|100%|HS|  |TAMS 0x00000000c5300000| PB 0x00000000c5200000| Complete 
|  37|0x00000000c5300000, 0x00000000c5400000, 0x00000000c5400000|100%|HC|  |TAMS 0x00000000c5400000| PB 0x00000000c5300000| Complete 
|  38|0x00000000c5400000, 0x00000000c5500000, 0x00000000c5500000|100%|HC|  |TAMS 0x00000000c5500000| PB 0x00000000c5400000| Complete 
|  39|0x00000000c5500000, 0x00000000c5600000, 0x00000000c5600000|100%|HC|  |TAMS 0x00000000c5600000| PB 0x00000000c5500000| Complete 
|  40|0x00000000c5600000, 0x00000000c5700000, 0x00000000c5700000|100%|HC|  |TAMS 0x00000000c5700000| PB 0x00000000c5600000| Complete 
|  41|0x00000000c5700000, 0x00000000c5800000, 0x00000000c5800000|100%|HC|  |TAMS 0x00000000c5800000| PB 0x00000000c5700000| Complete 
|  42|0x00000000c5800000, 0x00000000c5900000, 0x00000000c5900000|100%|HC|  |TAMS 0x00000000c5900000| PB 0x00000000c5800000| Complete 
|  43|0x00000000c5900000, 0x00000000c5a00000, 0x00000000c5a00000|100%|HC|  |TAMS 0x00000000c5a00000| PB 0x00000000c5900000| Complete 
|  44|0x00000000c5a00000, 0x00000000c5b00000, 0x00000000c5b00000|100%|HS|  |TAMS 0x00000000c5b00000| PB 0x00000000c5a00000| Complete 
|  45|0x00000000c5b00000, 0x00000000c5c00000, 0x00000000c5c00000|100%|HC|  |TAMS 0x00000000c5c00000| PB 0x00000000c5b00000| Complete 
|  46|0x00000000c5c00000, 0x00000000c5d00000, 0x00000000c5d00000|100%|HC|  |TAMS 0x00000000c5d00000| PB 0x00000000c5c00000| Complete 
|  47|0x00000000c5d00000, 0x00000000c5e00000, 0x00000000c5e00000|100%|HS|  |TAMS 0x00000000c5e00000| PB 0x00000000c5d00000| Complete 
|  48|0x00000000c5e00000, 0x00000000c5f00000, 0x00000000c5f00000|100%|HC|  |TAMS 0x00000000c5f00000| PB 0x00000000c5e00000| Complete 
|  49|0x00000000c5f00000, 0x00000000c6000000, 0x00000000c6000000|100%|HC|  |TAMS 0x00000000c6000000| PB 0x00000000c5f00000| Complete 
|  50|0x00000000c6000000, 0x00000000c6100000, 0x00000000c6100000|100%|HC|  |TAMS 0x00000000c6100000| PB 0x00000000c6000000| Complete 
|  51|0x00000000c6100000, 0x00000000c6200000, 0x00000000c6200000|100%|HC|  |TAMS 0x00000000c6200000| PB 0x00000000c6100000| Complete 
|  52|0x00000000c6200000, 0x00000000c6300000, 0x00000000c6300000|100%|HC|  |TAMS 0x00000000c6300000| PB 0x00000000c6200000| Complete 
|  53|0x00000000c6300000, 0x00000000c6400000, 0x00000000c6400000|100%|HC|  |TAMS 0x00000000c6400000| PB 0x00000000c6300000| Complete 
|  54|0x00000000c6400000, 0x00000000c6500000, 0x00000000c6500000|100%|HC|  |TAMS 0x00000000c6500000| PB 0x00000000c6400000| Complete 
|  55|0x00000000c6500000, 0x00000000c6600000, 0x00000000c6600000|100%|HC|  |TAMS 0x00000000c6600000| PB 0x00000000c6500000| Complete 
|  56|0x00000000c6600000, 0x00000000c6700000, 0x00000000c6700000|100%|HS|  |TAMS 0x00000000c6700000| PB 0x00000000c6600000| Complete 
|  57|0x00000000c6700000, 0x00000000c6800000, 0x00000000c6800000|100%|HC|  |TAMS 0x00000000c6800000| PB 0x00000000c6700000| Complete 
|  58|0x00000000c6800000, 0x00000000c6900000, 0x00000000c6900000|100%|HC|  |TAMS 0x00000000c6900000| PB 0x00000000c6800000| Complete 
|  59|0x00000000c6900000, 0x00000000c6a00000, 0x00000000c6a00000|100%|HS|  |TAMS 0x00000000c6a00000| PB 0x00000000c6900000| Complete 
|  60|0x00000000c6a00000, 0x00000000c6b00000, 0x00000000c6b00000|100%|HC|  |TAMS 0x00000000c6b00000| PB 0x00000000c6a00000| Complete 
|  61|0x00000000c6b00000, 0x00000000c6c00000, 0x00000000c6c00000|100%|HC|  |TAMS 0x00000000c6c00000| PB 0x00000000c6b00000| Complete 
|  62|0x00000000c6c00000, 0x00000000c6d00000, 0x00000000c6d00000|100%|HC|  |TAMS 0x00000000c6d00000| PB 0x00000000c6c00000| Complete 
|  63|0x00000000c6d00000, 0x00000000c6e00000, 0x00000000c6e00000|100%|HC|  |TAMS 0x00000000c6e00000| PB 0x00000000c6d00000| Complete 
|  64|0x00000000c6e00000, 0x00000000c6f00000, 0x00000000c6f00000|100%|HC|  |TAMS 0x00000000c6f00000| PB 0x00000000c6e00000| Complete 
|  65|0x00000000c6f00000, 0x00000000c7000000, 0x00000000c7000000|100%|HC|  |TAMS 0x00000000c7000000| PB 0x00000000c6f00000| Complete 
|  66|0x00000000c7000000, 0x00000000c7100000, 0x00000000c7100000|100%|HC|  |TAMS 0x00000000c7100000| PB 0x00000000c7000000| Complete 
|  67|0x00000000c7100000, 0x00000000c7200000, 0x00000000c7200000|100%|HS|  |TAMS 0x00000000c7200000| PB 0x00000000c7100000| Complete 
|  68|0x00000000c7200000, 0x00000000c7300000, 0x00000000c7300000|100%|HC|  |TAMS 0x00000000c7300000| PB 0x00000000c7200000| Complete 
|  69|0x00000000c7300000, 0x00000000c7400000, 0x00000000c7400000|100%|HC|  |TAMS 0x00000000c7400000| PB 0x00000000c7300000| Complete 
|  70|0x00000000c7400000, 0x00000000c7500000, 0x00000000c7500000|100%|HS|  |TAMS 0x00000000c7500000| PB 0x00000000c7400000| Complete 
|  71|0x00000000c7500000, 0x00000000c7600000, 0x00000000c7600000|100%|HC|  |TAMS 0x00000000c7600000| PB 0x00000000c7500000| Complete 
|  72|0x00000000c7600000, 0x00000000c7700000, 0x00000000c7700000|100%|HC|  |TAMS 0x00000000c7700000| PB 0x00000000c7600000| Complete 
|  73|0x00000000c7700000, 0x00000000c7800000, 0x00000000c7800000|100%|HS|  |TAMS 0x00000000c7800000| PB 0x00000000c7700000| Complete 
|  74|0x00000000c7800000, 0x00000000c7900000, 0x00000000c7900000|100%|HC|  |TAMS 0x00000000c7900000| PB 0x00000000c7800000| Complete 
|  75|0x00000000c7900000, 0x00000000c7a00000, 0x00000000c7a00000|100%|HC|  |TAMS 0x00000000c7a00000| PB 0x00000000c7900000| Complete 
|  76|0x00000000c7a00000, 0x00000000c7b00000, 0x00000000c7b00000|100%|HS|  |TAMS 0x00000000c7b00000| PB 0x00000000c7a00000| Complete 
|  77|0x00000000c7b00000, 0x00000000c7c00000, 0x00000000c7c00000|100%|HC|  |TAMS 0x00000000c7c00000| PB 0x00000000c7b00000| Complete 
|  78|0x00000000c7c00000, 0x00000000c7d00000, 0x00000000c7d00000|100%|HC|  |TAMS 0x00000000c7d00000| PB 0x00000000c7c00000| Complete 
|  79|0x00000000c7d00000, 0x00000000c7e00000, 0x00000000c7e00000|100%|HC|  |TAMS 0x00000000c7e00000| PB 0x00000000c7d00000| Complete 
|  80|0x00000000c7e00000, 0x00000000c7f00000, 0x00000000c7f00000|100%|HC|  |TAMS 0x00000000c7f00000| PB 0x00000000c7e00000| Complete 
|  81|0x00000000c7f00000, 0x00000000c8000000, 0x00000000c8000000|100%|HC|  |TAMS 0x00000000c8000000| PB 0x00000000c7f00000| Complete 
|  82|0x00000000c8000000, 0x00000000c8100000, 0x00000000c8100000|100%|HC|  |TAMS 0x00000000c8100000| PB 0x00000000c8000000| Complete 
|  83|0x00000000c8100000, 0x00000000c8200000, 0x00000000c8200000|100%|HC|  |TAMS 0x00000000c8200000| PB 0x00000000c8100000| Complete 
|  84|0x00000000c8200000, 0x00000000c8300000, 0x00000000c8300000|100%|HC|  |TAMS 0x00000000c8300000| PB 0x00000000c8200000| Complete 
|  85|0x00000000c8300000, 0x00000000c8400000, 0x00000000c8400000|100%|HC|  |TAMS 0x00000000c8400000| PB 0x00000000c8300000| Complete 
|  86|0x00000000c8400000, 0x00000000c8500000, 0x00000000c8500000|100%|HC|  |TAMS 0x00000000c8500000| PB 0x00000000c8400000| Complete 
|  87|0x00000000c8500000, 0x00000000c8600000, 0x00000000c8600000|100%|HS|  |TAMS 0x00000000c8600000| PB 0x00000000c8500000| Complete 
|  88|0x00000000c8600000, 0x00000000c8700000, 0x00000000c8700000|100%|HC|  |TAMS 0x00000000c8700000| PB 0x00000000c8600000| Complete 
|  89|0x00000000c8700000, 0x00000000c8800000, 0x00000000c8800000|100%|HC|  |TAMS 0x00000000c8800000| PB 0x00000000c8700000| Complete 
|  90|0x00000000c8800000, 0x00000000c8900000, 0x00000000c8900000|100%|HS|  |TAMS 0x00000000c8900000| PB 0x00000000c8800000| Complete 
|  91|0x00000000c8900000, 0x00000000c8a00000, 0x00000000c8a00000|100%|HC|  |TAMS 0x00000000c8a00000| PB 0x00000000c8900000| Complete 
|  92|0x00000000c8a00000, 0x00000000c8b00000, 0x00000000c8b00000|100%|HC|  |TAMS 0x00000000c8b00000| PB 0x00000000c8a00000| Complete 
|  93|0x00000000c8b00000, 0x00000000c8c00000, 0x00000000c8c00000|100%|HC|  |TAMS 0x00000000c8c00000| PB 0x00000000c8b00000| Complete 
|  94|0x00000000c8c00000, 0x00000000c8d00000, 0x00000000c8d00000|100%|HC|  |TAMS 0x00000000c8d00000| PB 0x00000000c8c00000| Complete 
|  95|0x00000000c8d00000, 0x00000000c8e00000, 0x00000000c8e00000|100%|HC|  |TAMS 0x00000000c8e00000| PB 0x00000000c8d00000| Complete 
|  96|0x00000000c8e00000, 0x00000000c8f00000, 0x00000000c8f00000|100%|HC|  |TAMS 0x00000000c8f00000| PB 0x00000000c8e00000| Complete 
|  97|0x00000000c8f00000, 0x00000000c9000000, 0x00000000c9000000|100%|HC|  |TAMS 0x00000000c9000000| PB 0x00000000c8f00000| Complete 
|  98|0x00000000c9000000, 0x00000000c9100000, 0x00000000c9100000|100%|HC|  |TAMS 0x00000000c9100000| PB 0x00000000c9000000| Complete 
|  99|0x00000000c9100000, 0x00000000c9200000, 0x00000000c9200000|100%|HS|  |TAMS 0x00000000c9200000| PB 0x00000000c9100000| Complete 
| 100|0x00000000c9200000, 0x00000000c9300000, 0x00000000c9300000|100%|HC|  |TAMS 0x00000000c9300000| PB 0x00000000c9200000| Complete 
| 101|0x00000000c9300000, 0x00000000c9400000, 0x00000000c9400000|100%|HC|  |TAMS 0x00000000c9400000| PB 0x00000000c9300000| Complete 
| 102|0x00000000c9400000, 0x00000000c9500000, 0x00000000c9500000|100%|HS|  |TAMS 0x00000000c9400000| PB 0x00000000c9400000| Complete 
| 103|0x00000000c9500000, 0x00000000c9600000, 0x00000000c9600000|100%|HC|  |TAMS 0x00000000c9500000| PB 0x00000000c9500000| Complete 
| 104|0x00000000c9600000, 0x00000000c9700000, 0x00000000c9700000|100%|HC|  |TAMS 0x00000000c9600000| PB 0x00000000c9600000| Complete 
| 105|0x00000000c9700000, 0x00000000c9800000, 0x00000000c9800000|100%|HC|  |TAMS 0x00000000c9700000| PB 0x00000000c9700000| Complete 
| 106|0x00000000c9800000, 0x00000000c9900000, 0x00000000c9900000|100%|HC|  |TAMS 0x00000000c9800000| PB 0x00000000c9800000| Complete 
| 107|0x00000000c9900000, 0x00000000c9a00000, 0x00000000c9a00000|100%|HC|  |TAMS 0x00000000c9900000| PB 0x00000000c9900000| Complete 
| 108|0x00000000c9a00000, 0x00000000c9b00000, 0x00000000c9b00000|100%|HC|  |TAMS 0x00000000c9a00000| PB 0x00000000c9a00000| Complete 
| 109|0x00000000c9b00000, 0x00000000c9c00000, 0x00000000c9c00000|100%|HC|  |TAMS 0x00000000c9b00000| PB 0x00000000c9b00000| Complete 
| 110|0x00000000c9c00000, 0x00000000c9d00000, 0x00000000c9d00000|100%|HC|  |TAMS 0x00000000c9c00000| PB 0x00000000c9c00000| Complete 
| 111|0x00000000c9d00000, 0x00000000c9e00000, 0x00000000c9e00000|100%|HC|  |TAMS 0x00000000c9d00000| PB 0x00000000c9d00000| Complete 
| 112|0x00000000c9e00000, 0x00000000c9f00000, 0x00000000c9f00000|100%|HC|  |TAMS 0x00000000c9e00000| PB 0x00000000c9e00000| Complete 
| 113|0x00000000c9f00000, 0x00000000ca000000, 0x00000000ca000000|100%|HC|  |TAMS 0x00000000c9f00000| PB 0x00000000c9f00000| Complete 
| 114|0x00000000ca000000, 0x00000000ca100000, 0x00000000ca100000|100%|HC|  |TAMS 0x00000000ca000000| PB 0x00000000ca000000| Complete 
| 115|0x00000000ca100000, 0x00000000ca200000, 0x00000000ca200000|100%|HC|  |TAMS 0x00000000ca100000| PB 0x00000000ca100000| Complete 
| 116|0x00000000ca200000, 0x00000000ca300000, 0x00000000ca300000|100%|HC|  |TAMS 0x00000000ca200000| PB 0x00000000ca200000| Complete 
| 117|0x00000000ca300000, 0x00000000ca400000, 0x00000000ca400000|100%|HC|  |TAMS 0x00000000ca300000| PB 0x00000000ca300000| Complete 
| 118|0x00000000ca400000, 0x00000000ca500000, 0x00000000ca500000|100%|HC|  |TAMS 0x00000000ca400000| PB 0x00000000ca400000| Complete 
| 119|0x00000000ca500000, 0x00000000ca600000, 0x00000000ca600000|100%|HC|  |TAMS 0x00000000ca500000| PB 0x00000000ca500000| Complete 
| 120|0x00000000ca600000, 0x00000000ca700000, 0x00000000ca700000|100%|HC|  |TAMS 0x00000000ca600000| PB 0x00000000ca600000| Complete 
| 121|0x00000000ca700000, 0x00000000ca800000, 0x00000000ca800000|100%|HC|  |TAMS 0x00000000ca700000| PB 0x00000000ca700000| Complete 
| 122|0x00000000ca800000, 0x00000000ca900000, 0x00000000ca900000|100%|HC|  |TAMS 0x00000000ca800000| PB 0x00000000ca800000| Complete 
| 123|0x00000000ca900000, 0x00000000caa00000, 0x00000000caa00000|100%|HC|  |TAMS 0x00000000ca900000| PB 0x00000000ca900000| Complete 
| 124|0x00000000caa00000, 0x00000000cab00000, 0x00000000cab00000|100%|HC|  |TAMS 0x00000000caa00000| PB 0x00000000caa00000| Complete 
| 125|0x00000000cab00000, 0x00000000cac00000, 0x00000000cac00000|100%|HC|  |TAMS 0x00000000cab00000| PB 0x00000000cab00000| Complete 
| 126|0x00000000cac00000, 0x00000000cad00000, 0x00000000cad00000|100%|HC|  |TAMS 0x00000000cac00000| PB 0x00000000cac00000| Complete 
| 127|0x00000000cad00000, 0x00000000cae00000, 0x00000000cae00000|100%|HC|  |TAMS 0x00000000cad00000| PB 0x00000000cad00000| Complete 
| 128|0x00000000cae00000, 0x00000000caf00000, 0x00000000caf00000|100%|HC|  |TAMS 0x00000000cae00000| PB 0x00000000cae00000| Complete 
| 129|0x00000000caf00000, 0x00000000cb000000, 0x00000000cb000000|100%|HC|  |TAMS 0x00000000caf00000| PB 0x00000000caf00000| Complete 
| 130|0x00000000cb000000, 0x00000000cb100000, 0x00000000cb100000|100%|HC|  |TAMS 0x00000000cb000000| PB 0x00000000cb000000| Complete 
| 131|0x00000000cb100000, 0x00000000cb200000, 0x00000000cb200000|100%|HC|  |TAMS 0x00000000cb100000| PB 0x00000000cb100000| Complete 
| 132|0x00000000cb200000, 0x00000000cb300000, 0x00000000cb300000|100%|HC|  |TAMS 0x00000000cb200000| PB 0x00000000cb200000| Complete 
| 133|0x00000000cb300000, 0x00000000cb400000, 0x00000000cb400000|100%|HC|  |TAMS 0x00000000cb300000| PB 0x00000000cb300000| Complete 
| 134|0x00000000cb400000, 0x00000000cb500000, 0x00000000cb500000|100%|HC|  |TAMS 0x00000000cb400000| PB 0x00000000cb400000| Complete 
| 135|0x00000000cb500000, 0x00000000cb600000, 0x00000000cb600000|100%|HC|  |TAMS 0x00000000cb500000| PB 0x00000000cb500000| Complete 
| 136|0x00000000cb600000, 0x00000000cb700000, 0x00000000cb700000|100%|HC|  |TAMS 0x00000000cb600000| PB 0x00000000cb600000| Complete 
| 137|0x00000000cb700000, 0x00000000cb800000, 0x00000000cb800000|100%|HC|  |TAMS 0x00000000cb700000| PB 0x00000000cb700000| Complete 
| 138|0x00000000cb800000, 0x00000000cb900000, 0x00000000cb900000|100%|HC|  |TAMS 0x00000000cb800000| PB 0x00000000cb800000| Complete 
| 139|0x00000000cb900000, 0x00000000cba00000, 0x00000000cba00000|100%|HC|  |TAMS 0x00000000cb900000| PB 0x00000000cb900000| Complete 
| 140|0x00000000cba00000, 0x00000000cba00000, 0x00000000cbb00000|  0%| F|  |TAMS 0x00000000cba00000| PB 0x00000000cba00000| Untracked 
| 141|0x00000000cbb00000, 0x00000000cbb00000, 0x00000000cbc00000|  0%| F|  |TAMS 0x00000000cbb00000| PB 0x00000000cbb00000| Untracked 
| 142|0x00000000cbc00000, 0x00000000cbc00000, 0x00000000cbd00000|  0%| F|  |TAMS 0x00000000cbc00000| PB 0x00000000cbc00000| Untracked 
| 143|0x00000000cbd00000, 0x00000000cbd00000, 0x00000000cbe00000|  0%| F|  |TAMS 0x00000000cbd00000| PB 0x00000000cbd00000| Untracked 
| 144|0x00000000cbe00000, 0x00000000cbe00000, 0x00000000cbf00000|  0%| F|  |TAMS 0x00000000cbe00000| PB 0x00000000cbe00000| Untracked 
| 145|0x00000000cbf00000, 0x00000000cbf00000, 0x00000000cc000000|  0%| F|  |TAMS 0x00000000cbf00000| PB 0x00000000cbf00000| Untracked 
| 146|0x00000000cc000000, 0x00000000cc000000, 0x00000000cc100000|  0%| F|  |TAMS 0x00000000cc000000| PB 0x00000000cc000000| Untracked 
| 147|0x00000000cc100000, 0x00000000cc100000, 0x00000000cc200000|  0%| F|  |TAMS 0x00000000cc100000| PB 0x00000000cc100000| Untracked 
| 148|0x00000000cc200000, 0x00000000cc200000, 0x00000000cc300000|  0%| F|  |TAMS 0x00000000cc200000| PB 0x00000000cc200000| Untracked 
| 149|0x00000000cc300000, 0x00000000cc300000, 0x00000000cc400000|  0%| F|  |TAMS 0x00000000cc300000| PB 0x00000000cc300000| Untracked 
| 150|0x00000000cc400000, 0x00000000cc400000, 0x00000000cc500000|  0%| F|  |TAMS 0x00000000cc400000| PB 0x00000000cc400000| Untracked 
| 151|0x00000000cc500000, 0x00000000cc500000, 0x00000000cc600000|  0%| F|  |TAMS 0x00000000cc500000| PB 0x00000000cc500000| Untracked 
| 152|0x00000000cc600000, 0x00000000cc600000, 0x00000000cc700000|  0%| F|  |TAMS 0x00000000cc600000| PB 0x00000000cc600000| Untracked 
| 153|0x00000000cc700000, 0x00000000cc700000, 0x00000000cc800000|  0%| F|  |TAMS 0x00000000cc700000| PB 0x00000000cc700000| Untracked 
| 154|0x00000000cc800000, 0x00000000cc800000, 0x00000000cc900000|  0%| F|  |TAMS 0x00000000cc800000| PB 0x00000000cc800000| Untracked 
| 155|0x00000000cc900000, 0x00000000cc900000, 0x00000000cca00000|  0%| F|  |TAMS 0x00000000cc900000| PB 0x00000000cc900000| Untracked 
| 156|0x00000000cca00000, 0x00000000cca00000, 0x00000000ccb00000|  0%| F|  |TAMS 0x00000000cca00000| PB 0x00000000cca00000| Untracked 
| 157|0x00000000ccb00000, 0x00000000ccb00000, 0x00000000ccc00000|  0%| F|  |TAMS 0x00000000ccb00000| PB 0x00000000ccb00000| Untracked 
| 158|0x00000000ccc00000, 0x00000000ccc00000, 0x00000000ccd00000|  0%| F|  |TAMS 0x00000000ccc00000| PB 0x00000000ccc00000| Untracked 
| 159|0x00000000ccd00000, 0x00000000ccd00000, 0x00000000cce00000|  0%| F|  |TAMS 0x00000000ccd00000| PB 0x00000000ccd00000| Untracked 
| 160|0x00000000cce00000, 0x00000000cce00000, 0x00000000ccf00000|  0%| F|  |TAMS 0x00000000cce00000| PB 0x00000000cce00000| Untracked 
| 161|0x00000000ccf00000, 0x00000000ccf00000, 0x00000000cd000000|  0%| F|  |TAMS 0x00000000ccf00000| PB 0x00000000ccf00000| Untracked 
| 162|0x00000000cd000000, 0x00000000cd000000, 0x00000000cd100000|  0%| F|  |TAMS 0x00000000cd000000| PB 0x00000000cd000000| Untracked 
| 163|0x00000000cd100000, 0x00000000cd100000, 0x00000000cd200000|  0%| F|  |TAMS 0x00000000cd100000| PB 0x00000000cd100000| Untracked 
| 164|0x00000000cd200000, 0x00000000cd200000, 0x00000000cd300000|  0%| F|  |TAMS 0x00000000cd200000| PB 0x00000000cd200000| Untracked 
| 165|0x00000000cd300000, 0x00000000cd300000, 0x00000000cd400000|  0%| F|  |TAMS 0x00000000cd300000| PB 0x00000000cd300000| Untracked 
| 166|0x00000000cd400000, 0x00000000cd400000, 0x00000000cd500000|  0%| F|  |TAMS 0x00000000cd400000| PB 0x00000000cd400000| Untracked 
| 167|0x00000000cd500000, 0x00000000cd500000, 0x00000000cd600000|  0%| F|  |TAMS 0x00000000cd500000| PB 0x00000000cd500000| Untracked 
| 168|0x00000000cd600000, 0x00000000cd600000, 0x00000000cd700000|  0%| F|  |TAMS 0x00000000cd600000| PB 0x00000000cd600000| Untracked 
| 169|0x00000000cd700000, 0x00000000cd700000, 0x00000000cd800000|  0%| F|  |TAMS 0x00000000cd700000| PB 0x00000000cd700000| Untracked 
| 170|0x00000000cd800000, 0x00000000cd800000, 0x00000000cd900000|  0%| F|  |TAMS 0x00000000cd800000| PB 0x00000000cd800000| Untracked 
| 171|0x00000000cd900000, 0x00000000cd90ed60, 0x00000000cda00000|  5%| S|CS|TAMS 0x00000000cd900000| PB 0x00000000cd900000| Complete 
| 172|0x00000000cda00000, 0x00000000cda00000, 0x00000000cdb00000|  0%| F|  |TAMS 0x00000000cda00000| PB 0x00000000cda00000| Untracked 
| 173|0x00000000cdb00000, 0x00000000cdb00000, 0x00000000cdc00000|  0%| F|  |TAMS 0x00000000cdb00000| PB 0x00000000cdb00000| Untracked 

Card table byte_map: [0x000002a8f9d60000,0x000002a8f9f50000] _byte_map_base: 0x000002a8f9749000

Marking Bits: (CMBitMap*) 0x000002a8e2ad8610
 Bits: [0x000002a8fa140000, 0x000002a8fb088000)

Polling page: 0x000002a8e2260000

Metaspace:

Usage:
  Non-class:      4.22 MB used.
      Class:    490.03 KB used.
       Both:      4.70 MB used.

Virtual space:
  Non-class space:       64.00 MB reserved,       4.31 MB (  7%) committed,  1 nodes.
      Class space:        1.00 GB reserved,     640.00 KB ( <1%) committed,  1 nodes.
             Both:        1.06 GB reserved,       4.94 MB ( <1%) committed. 

Chunk freelists:
   Non-Class:  2.88 MB
       Class:  3.24 MB
        Both:  6.12 MB

MaxMetaspaceSize: unlimited
CompressedClassSpaceSize: 1.00 GB
Initial GC threshold: 21.00 MB
Current GC threshold: 21.00 MB
CDS: on
MetaspaceReclaimPolicy: balanced
 - commit_granule_bytes: 65536.
 - commit_granule_words: 8192.
 - virtual_space_node_default_size: 8388608.
 - enlarge_chunks_in_place: 1.
 - new_chunks_are_fully_committed: 0.
 - uncommit_free_chunks: 1.
 - use_allocation_guard: 0.


Internal statistics:

num_allocs_failed_limit: 0.
num_arena_births: 126.
num_arena_deaths: 0.
num_vsnodes_births: 2.
num_vsnodes_deaths: 0.
num_space_committed: 79.
num_space_uncommitted: 0.
num_chunks_returned_to_freelist: 0.
num_chunks_taken_from_freelist: 148.
num_chunk_merges: 0.
num_chunk_splits: 91.
num_chunks_enlarged: 40.
num_inconsistent_stats: 0.

CodeHeap 'non-profiled nmethods': size=120000Kb used=286Kb max_used=286Kb free=119713Kb
 bounds [0x000002a8f2640000, 0x000002a8f28b0000, 0x000002a8f9b70000]
CodeHeap 'profiled nmethods': size=120000Kb used=1132Kb max_used=1237Kb free=118868Kb
 bounds [0x000002a8eab70000, 0x000002a8eade0000, 0x000002a8f20a0000]
CodeHeap 'non-nmethods': size=5760Kb used=1509Kb max_used=1533Kb free=4250Kb
 bounds [0x000002a8f20a0000, 0x000002a8f2310000, 0x000002a8f2640000]
 total_blobs=1310 nmethods=774 adapters=447
 compilation: enabled
              stopped_count=0, restarted_count=0
 full_count=0

Compilation events (20 events):
Event: 2.285 Thread 0x000002a8fd5076f0  845       3       java.lang.StringUTF16::checkIndex (9 bytes)
Event: 2.285 Thread 0x000002a8fd5076f0 nmethod 845 0x000002a8eac97990 code [0x000002a8eac97b20, 0x000002a8eac97d18]
Event: 2.285 Thread 0x000002a8fd5076f0  846       1       sun.util.calendar.CalendarDate::getYear (5 bytes)
Event: 2.285 Thread 0x000002a8fd5076f0 nmethod 846 0x000002a8f2685f10 code [0x000002a8f2686080, 0x000002a8f2686148]
Event: 2.285 Thread 0x000002a8fd5076f0  847       1       java.util.Calendar::getFirstDayOfWeek (5 bytes)
Event: 2.285 Thread 0x000002a8fd5076f0 nmethod 847 0x000002a8f2686210 code [0x000002a8f2686380, 0x000002a8f2686448]
Event: 2.285 Thread 0x000002a8fd5076f0  848       1       java.util.Calendar::getMinimalDaysInFirstWeek (5 bytes)
Event: 2.285 Thread 0x000002a8fd5076f0 nmethod 848 0x000002a8f2686510 code [0x000002a8f2686680, 0x000002a8f2686748]
Event: 2.399 Thread 0x000002a8fd5076f0  849       1       java.awt.Component::getParent_NoClientCode (5 bytes)
Event: 2.399 Thread 0x000002a8fd5076f0 nmethod 849 0x000002a8f2686810 code [0x000002a8f2686980, 0x000002a8f2686a48]
Event: 2.400 Thread 0x000002a8fd4fe690  850       4       java.lang.StringBuilder::append (8 bytes)
Event: 2.406 Thread 0x000002a8fd4fe690 nmethod 850 0x000002a8f2686b10 code [0x000002a8f2686cc0, 0x000002a8f2687260]
Event: 2.453 Thread 0x000002a8fd5076f0  851       3       java.util.Locale::hashCode (41 bytes)
Event: 2.454 Thread 0x000002a8fd5076f0 nmethod 851 0x000002a8eac8b510 code [0x000002a8eac8b6c0, 0x000002a8eac8b8c8]
Event: 2.492 Thread 0x000002a8fd5076f0  852       1       java.awt.Component::getObjectLock (5 bytes)
Event: 2.492 Thread 0x000002a8fd5076f0 nmethod 852 0x000002a8f2687510 code [0x000002a8f2687680, 0x000002a8f2687750]
Event: 2.494 Thread 0x000002a8fd5076f0  853       3       java.lang.StringLatin1::inflate (34 bytes)
Event: 2.494 Thread 0x000002a8fd5076f0 nmethod 853 0x000002a8eaba6810 code [0x000002a8eaba69a0, 0x000002a8eaba6ba8]
Event: 2.495 Thread 0x000002a8fd4fe690  854       4       java.util.Calendar::internalSet (8 bytes)
Event: 2.496 Thread 0x000002a8fd4fe690 nmethod 854 0x000002a8f2687810 code [0x000002a8f2687980, 0x000002a8f2687a48]

GC Heap History (20 events):
Event: 1.648 GC heap before
{Heap before GC invocations=11 (full 0):
 garbage-first heap   total 101376K, used 68117K [0x00000000c2e00000, 0x0000000100000000)
  region size 1024K, 13 young (13312K), 1 survivors (1024K)
 Metaspace       used 4788K, committed 4992K, reserved 1114112K
  class space    used 488K, committed 640K, reserved 1048576K
}
Event: 1.648 GC heap after
{Heap after GC invocations=12 (full 0):
 garbage-first heap   total 101376K, used 56865K [0x00000000c2e00000, 0x0000000100000000)
  region size 1024K, 1 young (1024K), 1 survivors (1024K)
 Metaspace       used 4788K, committed 4992K, reserved 1114112K
  class space    used 488K, committed 640K, reserved 1048576K
}
Event: 1.756 GC heap before
{Heap before GC invocations=13 (full 0):
 garbage-first heap   total 104448K, used 63009K [0x00000000c2e00000, 0x0000000100000000)
  region size 1024K, 5 young (5120K), 1 survivors (1024K)
 Metaspace       used 4788K, committed 4992K, reserved 1114112K
  class space    used 488K, committed 640K, reserved 1048576K
}
Event: 1.757 GC heap after
{Heap after GC invocations=14 (full 0):
 garbage-first heap   total 104448K, used 59927K [0x00000000c2e00000, 0x0000000100000000)
  region size 1024K, 1 young (1024K), 1 survivors (1024K)
 Metaspace       used 4788K, committed 4992K, reserved 1114112K
  class space    used 488K, committed 640K, reserved 1048576K
}
Event: 1.940 GC heap before
{Heap before GC invocations=15 (full 0):
 garbage-first heap   total 116736K, used 76311K [0x00000000c2e00000, 0x0000000100000000)
  region size 1024K, 10 young (10240K), 1 survivors (1024K)
 Metaspace       used 4788K, committed 4992K, reserved 1114112K
  class space    used 488K, committed 640K, reserved 1048576K
}
Event: 1.941 GC heap after
{Heap after GC invocations=16 (full 0):
 garbage-first heap   total 116736K, used 68131K [0x00000000c2e00000, 0x0000000100000000)
  region size 1024K, 1 young (1024K), 1 survivors (1024K)
 Metaspace       used 4788K, committed 4992K, reserved 1114112K
  class space    used 488K, committed 640K, reserved 1048576K
}
Event: 2.025 GC heap before
{Heap before GC invocations=17 (full 0):
 garbage-first heap   total 122880K, used 73251K [0x00000000c2e00000, 0x0000000100000000)
  region size 1024K, 4 young (4096K), 1 survivors (1024K)
 Metaspace       used 4788K, committed 4992K, reserved 1114112K
  class space    used 488K, committed 640K, reserved 1048576K
}
Event: 2.026 GC heap after
{Heap after GC invocations=18 (full 0):
 garbage-first heap   total 122880K, used 71194K [0x00000000c2e00000, 0x0000000100000000)
  region size 1024K, 1 young (1024K), 1 survivors (1024K)
 Metaspace       used 4788K, committed 4992K, reserved 1114112K
  class space    used 488K, committed 640K, reserved 1048576K
}
Event: 2.071 GC heap before
{Heap before GC invocations=19 (full 0):
 garbage-first heap   total 128000K, used 77338K [0x00000000c2e00000, 0x0000000100000000)
  region size 1024K, 5 young (5120K), 1 survivors (1024K)
 Metaspace       used 4788K, committed 4992K, reserved 1114112K
  class space    used 488K, committed 640K, reserved 1048576K
}
Event: 2.071 GC heap after
{Heap after GC invocations=20 (full 0):
 garbage-first heap   total 128000K, used 74277K [0x00000000c2e00000, 0x0000000100000000)
  region size 1024K, 1 young (1024K), 1 survivors (1024K)
 Metaspace       used 4788K, committed 4992K, reserved 1114112K
  class space    used 488K, committed 640K, reserved 1048576K
}
Event: 2.122 GC heap before
{Heap before GC invocations=21 (full 0):
 garbage-first heap   total 132096K, used 80421K [0x00000000c2e00000, 0x0000000100000000)
  region size 1024K, 5 young (5120K), 1 survivors (1024K)
 Metaspace       used 4811K, committed 5056K, reserved 1114112K
  class space    used 490K, committed 640K, reserved 1048576K
}
Event: 2.123 GC heap after
{Heap after GC invocations=22 (full 0):
 garbage-first heap   total 132096K, used 77345K [0x00000000c2e00000, 0x0000000100000000)
  region size 1024K, 1 young (1024K), 1 survivors (1024K)
 Metaspace       used 4811K, committed 5056K, reserved 1114112K
  class space    used 490K, committed 640K, reserved 1048576K
}
Event: 2.286 GC heap before
{Heap before GC invocations=23 (full 0):
 garbage-first heap   total 132096K, used 97825K [0x00000000c2e00000, 0x0000000100000000)
  region size 1024K, 12 young (12288K), 1 survivors (1024K)
 Metaspace       used 4811K, committed 5056K, reserved 1114112K
  class space    used 490K, committed 640K, reserved 1048576K
}
Event: 2.286 GC heap after
{Heap after GC invocations=24 (full 0):
 garbage-first heap   total 132096K, used 88624K [0x00000000c2e00000, 0x0000000100000000)
  region size 1024K, 1 young (1024K), 1 survivors (1024K)
 Metaspace       used 4811K, committed 5056K, reserved 1114112K
  class space    used 490K, committed 640K, reserved 1048576K
}
Event: 2.402 GC heap before
{Heap before GC invocations=25 (full 0):
 garbage-first heap   total 157696K, used 93744K [0x00000000c2e00000, 0x0000000100000000)
  region size 1024K, 4 young (4096K), 1 survivors (1024K)
 Metaspace       used 4811K, committed 5056K, reserved 1114112K
  class space    used 490K, committed 640K, reserved 1048576K
}
Event: 2.403 GC heap after
{Heap after GC invocations=26 (full 0):
 garbage-first heap   total 157696K, used 91687K [0x00000000c2e00000, 0x0000000100000000)
  region size 1024K, 1 young (1024K), 1 survivors (1024K)
 Metaspace       used 4811K, committed 5056K, reserved 1114112K
  class space    used 490K, committed 640K, reserved 1048576K
}
Event: 2.454 GC heap before
{Heap before GC invocations=27 (full 0):
 garbage-first heap   total 173056K, used 108071K [0x00000000c2e00000, 0x0000000100000000)
  region size 1024K, 10 young (10240K), 1 survivors (1024K)
 Metaspace       used 4811K, committed 5056K, reserved 1114112K
  class space    used 490K, committed 640K, reserved 1048576K
}
Event: 2.454 GC heap after
{Heap after GC invocations=28 (full 0):
 garbage-first heap   total 173056K, used 100915K [0x00000000c2e00000, 0x0000000100000000)
  region size 1024K, 1 young (1024K), 1 survivors (1024K)
 Metaspace       used 4811K, committed 5056K, reserved 1114112K
  class space    used 490K, committed 640K, reserved 1048576K
}
Event: 2.496 GC heap before
{Heap before GC invocations=29 (full 0):
 garbage-first heap   total 178176K, used 106035K [0x00000000c2e00000, 0x0000000100000000)
  region size 1024K, 4 young (4096K), 1 survivors (1024K)
 Metaspace       used 4812K, committed 5056K, reserved 1114112K
  class space    used 490K, committed 640K, reserved 1048576K
}
Event: 2.497 GC heap after
{Heap after GC invocations=30 (full 0):
 garbage-first heap   total 178176K, used 103991K [0x00000000c2e00000, 0x0000000100000000)
  region size 1024K, 1 young (1024K), 1 survivors (1024K)
 Metaspace       used 4812K, committed 5056K, reserved 1114112K
  class space    used 490K, committed 640K, reserved 1048576K
}

Dll operation events (8 events):
Event: 0.042 Loaded shared library C:\Program Files\java\jdk-20\bin\java.dll
Event: 0.076 Loaded shared library C:\Program Files\java\jdk-20\bin\jsvml.dll
Event: 0.201 Loaded shared library C:\Program Files\java\jdk-20\bin\net.dll
Event: 0.204 Loaded shared library C:\Program Files\java\jdk-20\bin\nio.dll
Event: 0.248 Loaded shared library C:\Program Files\java\jdk-20\bin\zip.dll
Event: 0.269 Loaded shared library C:\Program Files\java\jdk-20\bin\jimage.dll
Event: 0.343 Loaded shared library C:\Program Files\java\jdk-20\bin\awt.dll
Event: 0.986 Loaded shared library C:\Program Files\java\jdk-20\bin\javajpeg.dll

Deoptimization events (20 events):
Event: 1.069 Thread 0x000002a8fd9fd6a0 DEOPT PACKING pc=0x000002a8eac9db29 sp=0x000000e33f9fe710
Event: 1.069 Thread 0x000002a8fd9fd6a0 DEOPT UNPACKING pc=0x000002a8f210a4c2 sp=0x000000e33f9fdba0 mode 0
Event: 1.070 Thread 0x000002a8fd9fd6a0 DEOPT PACKING pc=0x000002a8eac9db29 sp=0x000000e33f9fe710
Event: 1.070 Thread 0x000002a8fd9fd6a0 DEOPT UNPACKING pc=0x000002a8f210a4c2 sp=0x000000e33f9fdba0 mode 0
Event: 1.172 Thread 0x000002a8fd9fd6a0 Uncommon trap: trap_request=0xffffff45 fr.pc=0x000002a8f267907c relative=0x000000000000083c
Event: 1.172 Thread 0x000002a8fd9fd6a0 Uncommon trap: reason=unstable_if action=reinterpret pc=0x000002a8f267907c method=java.awt.image.ReplicateScaleFilter.setPixels(IIIILjava/awt/image/ColorModel;[III)V @ 4 c2
Event: 1.172 Thread 0x000002a8fd9fd6a0 DEOPT PACKING pc=0x000002a8f267907c sp=0x000000e33f9fe740
Event: 1.172 Thread 0x000002a8fd9fd6a0 DEOPT UNPACKING pc=0x000002a8f2109d22 sp=0x000000e33f9fe6a8 mode 2
Event: 1.179 Thread 0x000002a8fd9fd6a0 DEOPT PACKING pc=0x000002a8eaca3e29 sp=0x000000e33f9fe710
Event: 1.179 Thread 0x000002a8fd9fd6a0 DEOPT UNPACKING pc=0x000002a8f210a4c2 sp=0x000000e33f9fdba0 mode 0
Event: 1.181 Thread 0x000002a8fd9fd6a0 DEOPT PACKING pc=0x000002a8eaca3e29 sp=0x000000e33f9fe710
Event: 1.181 Thread 0x000002a8fd9fd6a0 DEOPT UNPACKING pc=0x000002a8f210a4c2 sp=0x000000e33f9fdba0 mode 0
Event: 1.183 Thread 0x000002a8fd9fd6a0 DEOPT PACKING pc=0x000002a8eaca3e29 sp=0x000000e33f9fe710
Event: 1.183 Thread 0x000002a8fd9fd6a0 DEOPT UNPACKING pc=0x000002a8f210a4c2 sp=0x000000e33f9fdba0 mode 0
Event: 1.187 Thread 0x000002a8fd9fd6a0 DEOPT PACKING pc=0x000002a8eaca3e29 sp=0x000000e33f9fe710
Event: 1.187 Thread 0x000002a8fd9fd6a0 DEOPT UNPACKING pc=0x000002a8f210a4c2 sp=0x000000e33f9fdba0 mode 0
Event: 1.189 Thread 0x000002a8fd9fd6a0 DEOPT PACKING pc=0x000002a8eaca3e29 sp=0x000000e33f9fe710
Event: 1.189 Thread 0x000002a8fd9fd6a0 DEOPT UNPACKING pc=0x000002a8f210a4c2 sp=0x000000e33f9fdba0 mode 0
Event: 1.192 Thread 0x000002a8fd9fd6a0 DEOPT PACKING pc=0x000002a8eaca3e29 sp=0x000000e33f9fe710
Event: 1.192 Thread 0x000002a8fd9fd6a0 DEOPT UNPACKING pc=0x000002a8f210a4c2 sp=0x000000e33f9fdba0 mode 0

Classes loaded (20 events):
Event: 0.998 Loading class java/awt/image/WritableRenderedImage done
Event: 0.998 Loading class java/awt/image/BufferedImage done
Event: 0.998 Loading class java/awt/image/BufferedImage$1
Event: 0.998 Loading class java/awt/image/BufferedImage$1 done
Event: 1.041 Loading class java/awt/image/ReplicateScaleFilter
Event: 1.041 Loading class java/awt/image/ImageFilter
Event: 1.042 Loading class java/awt/image/ImageFilter done
Event: 1.042 Loading class java/awt/image/ReplicateScaleFilter done
Event: 1.042 Loading class java/awt/image/FilteredImageSource
Event: 1.042 Loading class java/awt/image/FilteredImageSource done
Event: 1.621 Loading class sun/awt/AppContext$PostShutdownEventRunnable
Event: 1.621 Loading class sun/awt/AppContext$PostShutdownEventRunnable done
Event: 1.621 Loading class sun/awt/AWTAutoShutdown$1
Event: 1.622 Loading class sun/awt/AWTAutoShutdown$1 done
Event: 2.115 Loading class jdk/internal/foreign/MemorySessionImpl
Event: 2.115 Loading class java/lang/foreign/SegmentScope
Event: 2.116 Loading class java/lang/foreign/SegmentScope done
Event: 2.116 Loading class java/lang/foreign/SegmentAllocator
Event: 2.117 Loading class java/lang/foreign/SegmentAllocator done
Event: 2.117 Loading class jdk/internal/foreign/MemorySessionImpl done

Classes unloaded (0 events):
No events

Classes redefined (0 events):
No events

Internal exceptions (14 events):
Event: 0.205 Thread 0x000002a8e2a96fb0 Exception <a 'sun/nio/fs/WindowsException'{0x00000000c6a3f158}> (0x00000000c6a3f158) 
thrown [s\open\src\hotspot\share\prims\jni.cpp, line 519]
Event: 0.209 Thread 0x000002a8e2a96fb0 Exception <a 'sun/nio/fs/WindowsException'{0x00000000c6a41780}> (0x00000000c6a41780) 
thrown [s\open\src\hotspot\share\prims\jni.cpp, line 519]
Event: 0.209 Thread 0x000002a8e2a96fb0 Exception <a 'sun/nio/fs/WindowsException'{0x00000000c6a422e8}> (0x00000000c6a422e8) 
thrown [s\open\src\hotspot\share\prims\jni.cpp, line 519]
Event: 0.276 Thread 0x000002a8e2a96fb0 Exception <a 'java/lang/ClassNotFoundException'{0x00000000c6946298}: sun/awt/resources/spi/awtProvider> (0x00000000c6946298) 
thrown [s\open\src\hotspot\share\classfile\systemDictionary.cpp, line 305]
Event: 0.388 Thread 0x000002a8e2a96fb0 Exception <a 'java/io/FileNotFoundException'{0x00000000c699cab8}> (0x00000000c699cab8) 
thrown [s\open\src\hotspot\share\prims\jni.cpp, line 519]
Event: 0.404 Thread 0x000002a8e2a96fb0 Exception <a 'java/io/FileNotFoundException'{0x00000000c69c6a60}> (0x00000000c69c6a60) 
thrown [s\open\src\hotspot\share\prims\jni.cpp, line 519]
Event: 0.707 Thread 0x000002a8e2a96fb0 Exception <a 'java/lang/NoSuchMethodError'{0x00000000c68e16a8}: 'void java.lang.invoke.DirectMethodHandle$Holder.invokeSpecial(java.lang.Object, java.lang.Object, java.lang.Object)'> (0x00000000c68e16a8) 
thrown [s\open\src\hotspot\share\interpreter\linkResolver.cpp, line 773]
Event: 0.724 Thread 0x000002a8e2a96fb0 Exception <a 'java/lang/NoSuchMethodError'{0x00000000c670c358}: 'java.lang.Object java.lang.invoke.DirectMethodHandle$Holder.newInvokeSpecial(java.lang.Object, java.lang.Object, java.lang.Object, java.lang.Object, java.lang.Object)'> (0x00000000c670c358) 
thrown [s\open\src\hotspot\share\interpreter\linkResolver.cpp, line 773]
Event: 0.738 Thread 0x000002a8e2a96fb0 Exception <a 'java/lang/NoSuchMethodError'{0x00000000c673cc00}: 'java.lang.Object java.lang.invoke.DirectMethodHandle$Holder.invokeStatic(java.lang.Object, int, java.lang.Object)'> (0x00000000c673cc00) 
thrown [s\open\src\hotspot\share\interpreter\linkResolver.cpp, line 773]
Event: 0.821 Thread 0x000002a8e2a96fb0 Exception <a 'java/lang/ClassNotFoundException'{0x00000000c66300e8}: com/sun/swing/internal/plaf/metal/resources/spi/metalProvider> (0x00000000c66300e8) 
thrown [s\open\src\hotspot\share\classfile\systemDictionary.cpp, line 305]
Event: 0.824 Thread 0x000002a8e2a96fb0 Exception <a 'java/lang/ClassNotFoundException'{0x00000000c6633ff8}: com/sun/swing/internal/plaf/basic/resources/spi/basicProvider> (0x00000000c6633ff8) 
thrown [s\open\src\hotspot\share\classfile\systemDictionary.cpp, line 305]
Event: 0.857 Thread 0x000002a8e2a96fb0 Exception <a 'java/lang/NoSuchMethodError'{0x00000000c66537a0}: 'int java.lang.invoke.Invokers$Holder.invokeExact_MT(java.lang.Object, java.lang.Object)'> (0x00000000c66537a0) 
thrown [s\open\src\hotspot\share\interpreter\linkResolver.cpp, line 773]
Event: 0.988 Thread 0x000002a8fd9fd6a0 Exception <a 'java/lang/NoSuchMethodError'{0x00000000c6423f30}: 'java.lang.Object java.lang.invoke.DirectMethodHandle$Holder.newInvokeSpecial(java.lang.Object, java.lang.Object, java.lang.Object, int, int, int, int, int)'> (0x00000000c6423f30) 
thrown [s\open\src\hotspot\share\interpreter\linkResolver.cpp, line 773]
Event: 1.172 Thread 0x000002a8fd9fd6a0 Implicit null exception at 0x000002a8f26788a0 to 0x000002a8f2679068

VM Operations (20 events):
Event: 2.286 Executing VM operation: G1TryInitiateConcMark done
Event: 2.293 Executing VM operation: G1PauseRemark
Event: 2.294 Executing VM operation: G1PauseRemark done
Event: 2.297 Executing VM operation: G1PauseCleanup
Event: 2.297 Executing VM operation: G1PauseCleanup done
Event: 2.402 Executing VM operation: G1TryInitiateConcMark
Event: 2.403 Executing VM operation: G1TryInitiateConcMark done
Event: 2.410 Executing VM operation: G1PauseRemark
Event: 2.411 Executing VM operation: G1PauseRemark done
Event: 2.413 Executing VM operation: G1PauseCleanup
Event: 2.414 Executing VM operation: G1PauseCleanup done
Event: 2.454 Executing VM operation: G1TryInitiateConcMark
Event: 2.454 Executing VM operation: G1TryInitiateConcMark done
Event: 2.461 Executing VM operation: G1PauseRemark
Event: 2.462 Executing VM operation: G1PauseRemark done
Event: 2.464 Executing VM operation: G1PauseCleanup
Event: 2.464 Executing VM operation: G1PauseCleanup done
Event: 2.496 Executing VM operation: G1TryInitiateConcMark
Event: 2.497 Executing VM operation: G1TryInitiateConcMark done
Event: 2.505 Executing VM operation: G1PauseRemark

Events (20 events):
Event: 1.445 Thread 0x000002a8e2b58320 flushing nmethod 0x000002a8eac91310
Event: 1.445 Thread 0x000002a8e2b58320 flushing nmethod 0x000002a8eac8cb10
Event: 1.445 Thread 0x000002a8e2b58320 flushing nmethod 0x000002a8eac8c590
Event: 1.445 Thread 0x000002a8e2b58320 flushing nmethod 0x000002a8eac8b510
Event: 1.492 Thread 0x000002a8e2b58320 flushing nmethod 0x000002a8eac93a90
Event: 1.622 Thread 0x000002a8fd9c2030 Thread exited: 0x000002a8fd9c2030
Event: 1.655 Thread 0x000002a8e2b58320 flushing nmethod 0x000002a8eac47d10
Event: 1.655 Thread 0x000002a8e2b58320 flushing nmethod 0x000002a8eac49390
Event: 1.950 Thread 0x000002a8e2b58320 flushing nmethod 0x000002a8eaca2910
Event: 1.950 Thread 0x000002a8e2b58320 flushing nmethod 0x000002a8eaca1610
Event: 1.950 Thread 0x000002a8e2b58320 flushing nmethod 0x000002a8eaca1110
Event: 1.950 Thread 0x000002a8e2b58320 flushing nmethod 0x000002a8eaca0490
Event: 1.950 Thread 0x000002a8e2b58320 flushing nmethod 0x000002a8eac9f790
Event: 1.950 Thread 0x000002a8e2b58320 flushing nmethod 0x000002a8eab87190
Event: 2.080 Thread 0x000002a8e2b58320 flushing nmethod 0x000002a8eac2a290
Event: 2.080 Thread 0x000002a8e2b58320 flushing nmethod 0x000002a8eaba7210
Event: 2.294 Thread 0x000002a8e2b58320 flushing nmethod 0x000002a8eaba8990
Event: 2.294 Thread 0x000002a8e2b58320 flushing nmethod 0x000002a8eab9ca10
Event: 2.294 Thread 0x000002a8e2b58320 flushing nmethod 0x000002a8eaba6810
Event: 2.462 Thread 0x000002a8e2b58320 flushing nmethod 0x000002a8eab9bb90


Dynamic libraries:
0x00007ff732ab0000 - 0x00007ff732ac0000 	C:\Program Files\java\jdk-20\bin\java.exe
0x00007ffe4ff30000 - 0x00007ffe50144000 	C:\WINDOWS\SYSTEM32\ntdll.dll
0x00007ffe4f2c0000 - 0x00007ffe4f384000 	C:\WINDOWS\System32\KERNEL32.DLL
0x00007ffe4d850000 - 0x00007ffe4dbf4000 	C:\WINDOWS\System32\KERNELBASE.dll
0x00007ffe4d450000 - 0x00007ffe4d561000 	C:\WINDOWS\System32\ucrtbase.dll
0x00007ffe44050000 - 0x00007ffe44069000 	C:\Program Files\java\jdk-20\bin\jli.dll
0x00007ffe4e850000 - 0x00007ffe4e900000 	C:\WINDOWS\System32\ADVAPI32.dll
0x00007ffe4eac0000 - 0x00007ffe4eb67000 	C:\WINDOWS\System32\msvcrt.dll
0x00007ffe4fbc0000 - 0x00007ffe4fc66000 	C:\WINDOWS\System32\sechost.dll
0x00007ffe4f8b0000 - 0x00007ffe4f9c7000 	C:\WINDOWS\System32\RPCRT4.dll
0x00007ffe43f30000 - 0x00007ffe43f4b000 	C:\Program Files\java\jdk-20\bin\VCRUNTIME140.dll
0x00007ffe4f110000 - 0x00007ffe4f2be000 	C:\WINDOWS\System32\USER32.dll
0x00007ffe4d7a0000 - 0x00007ffe4d7c6000 	C:\WINDOWS\System32\win32u.dll
0x00007ffe4fdd0000 - 0x00007ffe4fdf9000 	C:\WINDOWS\System32\GDI32.dll
0x00007ffe4d680000 - 0x00007ffe4d798000 	C:\WINDOWS\System32\gdi32full.dll
0x00007ffe33520000 - 0x00007ffe337b3000 	C:\WINDOWS\WinSxS\amd64_microsoft.windows.common-controls_6595b64144ccf1df_6.0.22621.2215_none_270d72677387dfc3\COMCTL32.dll
0x00007ffe4d5e0000 - 0x00007ffe4d67a000 	C:\WINDOWS\System32\msvcp_win.dll
0x00007ffe45770000 - 0x00007ffe4577a000 	C:\WINDOWS\SYSTEM32\VERSION.dll
0x00007ffe4ef00000 - 0x00007ffe4ef31000 	C:\WINDOWS\System32\IMM32.DLL
0x00007ffe43f20000 - 0x00007ffe43f2c000 	C:\Program Files\java\jdk-20\bin\vcruntime140_1.dll
0x00007ffdff060000 - 0x00007ffdff0ee000 	C:\Program Files\java\jdk-20\bin\msvcp140.dll
0x00007ffded720000 - 0x00007ffdee3b8000 	C:\Program Files\java\jdk-20\bin\server\jvm.dll
0x00007ffe331f0000 - 0x00007ffe331f9000 	C:\WINDOWS\SYSTEM32\WSOCK32.dll
0x00007ffe4fe00000 - 0x00007ffe4fe71000 	C:\WINDOWS\System32\WS2_32.dll
0x00007ffe45e30000 - 0x00007ffe45e64000 	C:\WINDOWS\SYSTEM32\WINMM.dll
0x00007ffe4c330000 - 0x00007ffe4c348000 	C:\WINDOWS\SYSTEM32\kernel.appcore.dll
0x00007ffe43f10000 - 0x00007ffe43f1a000 	C:\Program Files\java\jdk-20\bin\jimage.dll
0x00007ffe4a640000 - 0x00007ffe4a86e000 	C:\WINDOWS\SYSTEM32\DBGHELP.DLL
0x00007ffe4eb70000 - 0x00007ffe4eefa000 	C:\WINDOWS\System32\combase.dll
0x00007ffe4fcf0000 - 0x00007ffe4fdc7000 	C:\WINDOWS\System32\OLEAUT32.dll
0x00007ffe44860000 - 0x00007ffe44892000 	C:\WINDOWS\SYSTEM32\dbgcore.DLL
0x00007ffe4d7d0000 - 0x00007ffe4d84a000 	C:\WINDOWS\System32\bcryptPrimitives.dll
0x00007ffe400d0000 - 0x00007ffe400f6000 	C:\Program Files\java\jdk-20\bin\java.dll
0x00007ffdffcf0000 - 0x00007ffdffdc7000 	C:\Program Files\java\jdk-20\bin\jsvml.dll
0x00007ffe4e020000 - 0x00007ffe4e843000 	C:\WINDOWS\System32\SHELL32.dll
0x00007ffe4b270000 - 0x00007ffe4bb5a000 	C:\WINDOWS\SYSTEM32\windows.storage.dll
0x00007ffe4b130000 - 0x00007ffe4b26e000 	C:\WINDOWS\SYSTEM32\wintypes.dll
0x00007ffe4fac0000 - 0x00007ffe4fbb3000 	C:\WINDOWS\System32\SHCORE.dll
0x00007ffe4ea50000 - 0x00007ffe4eaae000 	C:\WINDOWS\System32\shlwapi.dll
0x00007ffe4d210000 - 0x00007ffe4d236000 	C:\WINDOWS\SYSTEM32\profapi.dll
0x00007ffe43920000 - 0x00007ffe43933000 	C:\Program Files\java\jdk-20\bin\net.dll
0x00007ffe46c20000 - 0x00007ffe46d57000 	C:\WINDOWS\SYSTEM32\WINHTTP.dll
0x00007ffe4c7b0000 - 0x00007ffe4c819000 	C:\WINDOWS\system32\mswsock.dll
0x00007ffe400b0000 - 0x00007ffe400c6000 	C:\Program Files\java\jdk-20\bin\nio.dll
0x00007ffe29e50000 - 0x00007ffe29e68000 	C:\Program Files\java\jdk-20\bin\zip.dll
0x00007ffdffb50000 - 0x00007ffdffce1000 	C:\Program Files\java\jdk-20\bin\awt.dll
0x00007ffe48f90000 - 0x00007ffe49027000 	C:\WINDOWS\SYSTEM32\apphelp.dll
0x00007ffe4acc0000 - 0x00007ffe4aceb000 	C:\WINDOWS\system32\DWMAPI.DLL
0x00007ffe4a590000 - 0x00007ffe4a63b000 	C:\WINDOWS\system32\uxtheme.dll
0x00007ffe14080000 - 0x00007ffe14180000 	C:\WINDOWS\system32\opengl32.dll
0x00007ffe14050000 - 0x00007ffe1407d000 	C:\WINDOWS\SYSTEM32\GLU32.dll
0x00007ffe4a8a0000 - 0x00007ffe4a8d8000 	C:\WINDOWS\SYSTEM32\dxcore.dll
0x00007ffe4e900000 - 0x00007ffe4ea49000 	C:\WINDOWS\System32\MSCTF.dll
0x00007ffe4ddc0000 - 0x00007ffe4df5e000 	C:\WINDOWS\System32\ole32.dll
0x00007ffe43fe0000 - 0x00007ffe4400e000 	C:\Program Files\java\jdk-20\bin\javajpeg.dll

dbghelp: loaded successfully - version: 4.0.5 - missing functions: none
symbol engine: initialized successfully - sym options: 0x614 - pdb path: .;C:\Program Files\java\jdk-20\bin;C:\WINDOWS\SYSTEM32;C:\WINDOWS\WinSxS\amd64_microsoft.windows.common-controls_6595b64144ccf1df_6.0.22621.2215_none_270d72677387dfc3;C:\Program Files\java\jdk-20\bin\server

VM Arguments:
jvm_args: -Dfile.encoding=UTF-8 --module-path=C:\Users\Aryan Tambde\OneDrive\Desktop\Project\Travel Management System\build\classes 
java_command: travel.management.system.CheckHotels
java_class_path (initial): C:\Users\Aryan Tambde\Downloads\mysql-connector-java-8.0.28.jar;C:\Users\Aryan Tambde\OneDrive\Desktop\Project\Travel Management System\build\classes
Launcher Type: SUN_STANDARD

[Global flags]
     intx CICompilerCount                          = 3                                         {product} {ergonomic}
     uint ConcGCThreads                            = 1                                         {product} {ergonomic}
     uint G1ConcRefinementThreads                  = 4                                         {product} {ergonomic}
   size_t G1HeapRegionSize                         = 1048576                                   {product} {ergonomic}
    uintx GCDrainStackTargetSize                   = 64                                        {product} {ergonomic}
   size_t InitialHeapSize                          = 65011712                                  {product} {ergonomic}
   size_t MarkStackSize                            = 4194304                                   {product} {ergonomic}
   size_t MaxHeapSize                              = 1025507328                                {product} {ergonomic}
   size_t MaxNewSize                               = 614465536                                 {product} {ergonomic}
   size_t MinHeapDeltaBytes                        = 1048576                                   {product} {ergonomic}
   size_t MinHeapSize                              = 8388608                                   {product} {ergonomic}
    uintx NonNMethodCodeHeapSize                   = 5832780                                {pd product} {ergonomic}
    uintx NonProfiledCodeHeapSize                  = 122912730                              {pd product} {ergonomic}
    uintx ProfiledCodeHeapSize                     = 122912730                              {pd product} {ergonomic}
    uintx ReservedCodeCacheSize                    = 251658240                              {pd product} {ergonomic}
     bool SegmentedCodeCache                       = true                                      {product} {ergonomic}
   size_t SoftMaxHeapSize                          = 1025507328                             {manageable} {ergonomic}
     bool UseCompressedClassPointers               = true                           {product lp64_product} {ergonomic}
     bool UseCompressedOops                        = true                           {product lp64_product} {ergonomic}
     bool UseG1GC                                  = true                                      {product} {ergonomic}
     bool UseLargePagesIndividualAllocation        = false                                  {pd product} {ergonomic}

Logging:
Log output configuration:
 #0: stdout all=warning uptime,level,tags foldmultilines=false
 #1: stderr all=off uptime,level,tags foldmultilines=false

Environment Variables:
PATH=C:\Program Files\Common Files\Oracle\Java\javapath;C:\Program Files (x86)\NVIDIA Corporation\PhysX\Common;C:\WINDOWS\system32;C:\WINDOWS;C:\WINDOWS\System32\Wbem;C:\WINDOWS\System32\WindowsPowerShell\v1.0\;C:\WINDOWS\System32\OpenSSH\;C:\Program Files (x86)\Intel\Intel(R) Management Engine Components\DAL;C:\Program Files\Intel\Intel(R) Management Engine Components\DAL;C:\Program Files\dotnet\;C:\MinGW\bin;C:\Program Files\java\jdk-20.0.2\bin;C:\Program Files\MySQL\MySQL Shell 8.0\bin\;C:\Users\Aryan Tambde\AppData\Local\Microsoft\WindowsApps;D:\IntelliJ IDEA 2023.2\bin;
USERNAME=Aryan Tambde
OS=Windows_NT
PROCESSOR_IDENTIFIER=Intel64 Family 6 Model 142 Stepping 12, GenuineIntel
TMP=C:\Users\Aryan Tambde\AppData\Local\Temp
TEMP=C:\Users\Aryan Tambde\AppData\Local\Temp




---------------  S Y S T E M  ---------------

OS:
 Windows 11 , 64 bit Build 22621 (10.0.22621.2215)
OS uptime: 0 days 7:21 hours

CPU: total 4 (initial active 4) (2 cores per cpu, 2 threads per core) family 6 model 142 stepping 12 microcode 0xf8, cx8, cmov, fxsr, ht, mmx, 3dnowpref, sse, sse2, sse3, ssse3, sse4.1, sse4.2, popcnt, lzcnt, tsc, tscinvbit, avx, avx2, aes, erms, clmul, bmi1, bmi2, adx, fma, vzeroupper, clflush, clflushopt, rdtscp, f16c

Memory: 4k page, system-wide physical 3910M (232M free)
TotalPageFile size 15686M (AvailPageFile size 26M)
current process WorkingSet (physical memory assigned to process): 198M, peak: 198M
current process commit charge ("private bytes"): 257M, peak: 318M

vm_info: Java HotSpot(TM) 64-Bit Server VM (20.0.2+9-78) for windows-amd64 JRE (20.0.2+9-78), built on 2023-06-14T10:08:48Z by "mach5one" with MS VC++ 17.1 (VS2022)

END.
