#
# There is insufficient memory for the Java Runtime Environment to continue.
# Native memory allocation (mmap) failed to map 65536 bytes for Failed to commit metaspace.
# Possible reasons:
#   The system is out of physical RAM or swap space
#   The process is running with CompressedOops enabled, and the Java Heap may be blocking the growth of the native heap
# Possible solutions:
#   Reduce memory load on the system
#   Increase physical memory or swap space
#   Check if swap backing store is full
#   Decrease Java heap size (-Xmx/-Xms)
#   Decrease number of Java threads
#   Decrease Java thread stack sizes (-Xss)
#   Set larger code cache with -XX:ReservedCodeCacheSize=
#   JVM is running with Unscaled Compressed Oops mode in which the Java heap is
#     placed in the first 4GB address space. The Java Heap base address is the
#     maximum limit for the native heap growth. Please use -XX:HeapBaseMinAddress
#     to set the Java Heap base and to place the Java Heap above 4GB virtual address.
# This output file may be truncated or incomplete.
#
#  Out of Memory Error (virtualSpaceNode.cpp:110), pid=25896, tid=23140
#
# JRE version: Java(TM) SE Runtime Environment (20.0.2+9) (build 20.0.2+9-78)
# Java VM: Java HotSpot(TM) 64-Bit Server VM (20.0.2+9-78, mixed mode, sharing, tiered, compressed oops, compressed class ptrs, g1 gc, windows-amd64)
# No core dump will be written. Minidumps are not enabled by default on client versions of Windows
#

---------------  S U M M A R Y ------------

Command Line: -Dfile.encoding=UTF-8 --module-path=C:\Users\Aryan Tambde\OneDrive\Desktop\Project\Travel Management System\build\classes travel.Dashboard

Host: Intel(R) Core(TM) i3-10110U CPU @ 2.10GHz, 4 cores, 3G,  Windows 11 , 64 bit Build 22621 (10.0.22621.2070)
Time: Wed Sep  6 21:47:56 2023 India Standard Time elapsed time: 0.617234 seconds (0d 0h 0m 0s)

---------------  T H R E A D  ---------------

Current thread (0x00000299531e71c0):  JavaThread "main" [_thread_in_vm, id=23140, stack(0x000000a345600000,0x000000a345700000)]

Stack: [0x000000a345600000,0x000000a345700000]
Native frames: (J=compiled Java code, j=interpreted, Vv=VM code, C=native code)
V  [jvm.dll+0x6bc25a]
V  [jvm.dll+0x84971a]
V  [jvm.dll+0x84b315]
V  [jvm.dll+0x84ba13]
V  [jvm.dll+0x280e4f]
V  [jvm.dll+0x84565b]
V  [jvm.dll+0x660616]
V  [jvm.dll+0x66067a]
V  [jvm.dll+0x662f53]
V  [jvm.dll+0x662e1e]
V  [jvm.dll+0x66102e]
V  [jvm.dll+0x27e2bc]
V  [jvm.dll+0x71134d]
V  [jvm.dll+0x711e4f]
V  [jvm.dll+0x3c8707]
V  [jvm.dll+0x3c77a7]
V  [jvm.dll+0x3c7748]
V  [jvm.dll+0x3d8a3a]
C  0x000002996402f8f4

Java frames: (J=compiled Java code, j=interpreted, Vv=VM code)
j  javax.swing.JRootPane.createLayeredPane()Ljavax/swing/JLayeredPane;+0 java.desktop@20.0.2
j  javax.swing.JRootPane.<init>()V+19 java.desktop@20.0.2
j  javax.swing.JFrame.createRootPane()Ljavax/swing/JRootPane;+4 java.desktop@20.0.2
j  javax.swing.JFrame.frameInit()V+16 java.desktop@20.0.2
j  javax.swing.JFrame.<init>()V+20 java.desktop@20.0.2
j  travel.Dashboard.<init>()V+1
j  travel.Dashboard.main([Ljava/lang/String;)V+4
v  ~StubRoutines::call_stub 0x000002996400100d

---------------  P R O C E S S  ---------------

Threads class SMR info:
_java_thread_list=0x00000299742bd280, length=14, elements={
0x00000299531e71c0, 0x000002996fbc7790, 0x000002996fbc8470, 0x000002996fbc8fb0,
0x000002996fbcda10, 0x000002996fbce350, 0x000002996fbcec90, 0x000002996fbcf900,
0x000002996fbd29e0, 0x0000029974056680, 0x00000299741a5910, 0x00000299742c8500,
0x00000299742c8a50, 0x00000299742d8540
}

Java Threads: ( => current thread )
=>0x00000299531e71c0 JavaThread "main" [_thread_in_vm, id=23140, stack(0x000000a345600000,0x000000a345700000)]
  0x000002996fbc7790 JavaThread "Reference Handler" daemon [_thread_blocked, id=31948, stack(0x000000a345d00000,0x000000a345e00000)]
  0x000002996fbc8470 JavaThread "Finalizer" daemon [_thread_blocked, id=17132, stack(0x000000a345e00000,0x000000a345f00000)]
  0x000002996fbc8fb0 JavaThread "Signal Dispatcher" daemon [_thread_blocked, id=1748, stack(0x000000a345f00000,0x000000a346000000)]
  0x000002996fbcda10 JavaThread "Attach Listener" daemon [_thread_blocked, id=23216, stack(0x000000a346000000,0x000000a346100000)]
  0x000002996fbce350 JavaThread "Service Thread" daemon [_thread_blocked, id=18092, stack(0x000000a346100000,0x000000a346200000)]
  0x000002996fbcec90 JavaThread "Monitor Deflation Thread" daemon [_thread_blocked, id=20080, stack(0x000000a346200000,0x000000a346300000)]
  0x000002996fbcf900 JavaThread "C2 CompilerThread0" daemon [_thread_blocked, id=22224, stack(0x000000a346300000,0x000000a346400000)]
  0x000002996fbd29e0 JavaThread "C1 CompilerThread0" daemon [_thread_blocked, id=8988, stack(0x000000a346400000,0x000000a346500000)]
  0x0000029974056680 JavaThread "Common-Cleaner" daemon [_thread_blocked, id=26168, stack(0x000000a346500000,0x000000a346600000)]
  0x00000299741a5910 JavaThread "Notification Thread" daemon [_thread_blocked, id=34724, stack(0x000000a346600000,0x000000a346700000)]
  0x00000299742c8500 JavaThread "Java2D Disposer" daemon [_thread_blocked, id=32684, stack(0x000000a346800000,0x000000a346900000)]
  0x00000299742c8a50 JavaThread "AWT-Shutdown" [_thread_blocked, id=3132, stack(0x000000a346900000,0x000000a346a00000)]
  0x00000299742d8540 JavaThread "AWT-Windows" daemon [_thread_in_native, id=3528, stack(0x000000a346a00000,0x000000a346b00000)]

Other Threads:
  0x00000299532a7690 VMThread "VM Thread" [stack: 0x000000a345c00000,0x000000a345d00000] [id=25880]
  0x00000299741abe80 WatcherThread "VM Periodic Task Thread" [stack: 0x000000a346700000,0x000000a346800000] [id=23232]
  0x0000029953228100 WorkerThread "GC Thread#0" [stack: 0x000000a345700000,0x000000a345800000] [id=4120]
  0x0000029953231970 ConcurrentGCThread "G1 Main Marker" [stack: 0x000000a345800000,0x000000a345900000] [id=17016]
  0x00000299532325b0 WorkerThread "G1 Conc#0" [stack: 0x000000a345900000,0x000000a345a00000] [id=31432]
  0x0000029953284010 ConcurrentGCThread "G1 Refine#0" [stack: 0x000000a345a00000,0x000000a345b00000] [id=22928]
  0x0000029953285a10 ConcurrentGCThread "G1 Service" [stack: 0x000000a345b00000,0x000000a345c00000] [id=1900]

Threads with active compile tasks:

VM state: not at safepoint (normal execution)

VM Mutex/Monitor currently owned by a thread:  ([mutex/lock_event])
[0x00000299531e0fc0] Metaspace_lock - owner thread: 0x00000299531e71c0

Heap address: 0x00000000c2e00000, size: 978 MB, Compressed Oops mode: 32-bit

CDS archive(s) mapped at: [0x0000029900000000-0x0000029900c60000-0x0000029900c60000), size 12976128, SharedBaseAddress: 0x0000029900000000, ArchiveRelocationMode: 1.
Compressed class space mapped at: 0x0000029901000000-0x0000029941000000, reserved size: 1073741824
Narrow klass base: 0x0000029900000000, Narrow klass shift: 0, Narrow klass range: 0x100000000

GC Precious Log:
 CardTable entry size: 512
 Card Set container configuration: InlinePtr #cards 5 size 8 Array Of Cards #cards 12 size 40 Howl #buckets 4 coarsen threshold 1843 Howl Bitmap #cards 512 size 80 coarsen threshold 460 Card regions per heap region 1 cards per card region 2048
 CPUs: 4 total, 4 available
 Memory: 3910M
 Large Page Support: Disabled
 NUMA Support: Disabled
 Compressed Oops: Enabled (32-bit)
 Heap Region Size: 1M
 Heap Min Capacity: 8M
 Heap Initial Capacity: 62M
 Heap Max Capacity: 978M
 Pre-touch: Disabled
 Parallel Workers: 4
 Concurrent Workers: 1
 Concurrent Refinement Workers: 4
 Periodic GC: Disabled

Heap:
 garbage-first heap   total 63488K, used 5120K [0x00000000c2e00000, 0x0000000100000000)
  region size 1024K, 6 young (6144K), 0 survivors (0K)
 Metaspace       used 3946K, committed 4096K, reserved 1114112K
  class space    used 419K, committed 512K, reserved 1048576K

Heap Regions: E=young(eden), S=young(survivor), O=old, HS=humongous(starts), HC=humongous(continues), CS=collection set, F=free, OA=open archive, CA=closed archive, TAMS=top-at-mark-start, PB=parsable bottom
|   0|0x00000000c2e00000, 0x00000000c2e00000, 0x00000000c2f00000|  0%| F|  |TAMS 0x00000000c2e00000| PB 0x00000000c2e00000| Untracked 
|   1|0x00000000c2f00000, 0x00000000c2f00000, 0x00000000c3000000|  0%| F|  |TAMS 0x00000000c2f00000| PB 0x00000000c2f00000| Untracked 
|   2|0x00000000c3000000, 0x00000000c3000000, 0x00000000c3100000|  0%| F|  |TAMS 0x00000000c3000000| PB 0x00000000c3000000| Untracked 
|   3|0x00000000c3100000, 0x00000000c3100000, 0x00000000c3200000|  0%| F|  |TAMS 0x00000000c3100000| PB 0x00000000c3100000| Untracked 
|   4|0x00000000c3200000, 0x00000000c3200000, 0x00000000c3300000|  0%| F|  |TAMS 0x00000000c3200000| PB 0x00000000c3200000| Untracked 
|   5|0x00000000c3300000, 0x00000000c3300000, 0x00000000c3400000|  0%| F|  |TAMS 0x00000000c3300000| PB 0x00000000c3300000| Untracked 
|   6|0x00000000c3400000, 0x00000000c3400000, 0x00000000c3500000|  0%| F|  |TAMS 0x00000000c3400000| PB 0x00000000c3400000| Untracked 
|   7|0x00000000c3500000, 0x00000000c3500000, 0x00000000c3600000|  0%| F|  |TAMS 0x00000000c3500000| PB 0x00000000c3500000| Untracked 
|   8|0x00000000c3600000, 0x00000000c3600000, 0x00000000c3700000|  0%| F|  |TAMS 0x00000000c3600000| PB 0x00000000c3600000| Untracked 
|   9|0x00000000c3700000, 0x00000000c3700000, 0x00000000c3800000|  0%| F|  |TAMS 0x00000000c3700000| PB 0x00000000c3700000| Untracked 
|  10|0x00000000c3800000, 0x00000000c3800000, 0x00000000c3900000|  0%| F|  |TAMS 0x00000000c3800000| PB 0x00000000c3800000| Untracked 
|  11|0x00000000c3900000, 0x00000000c3900000, 0x00000000c3a00000|  0%| F|  |TAMS 0x00000000c3900000| PB 0x00000000c3900000| Untracked 
|  12|0x00000000c3a00000, 0x00000000c3a00000, 0x00000000c3b00000|  0%| F|  |TAMS 0x00000000c3a00000| PB 0x00000000c3a00000| Untracked 
|  13|0x00000000c3b00000, 0x00000000c3b00000, 0x00000000c3c00000|  0%| F|  |TAMS 0x00000000c3b00000| PB 0x00000000c3b00000| Untracked 
|  14|0x00000000c3c00000, 0x00000000c3c00000, 0x00000000c3d00000|  0%| F|  |TAMS 0x00000000c3c00000| PB 0x00000000c3c00000| Untracked 
|  15|0x00000000c3d00000, 0x00000000c3d00000, 0x00000000c3e00000|  0%| F|  |TAMS 0x00000000c3d00000| PB 0x00000000c3d00000| Untracked 
|  16|0x00000000c3e00000, 0x00000000c3e00000, 0x00000000c3f00000|  0%| F|  |TAMS 0x00000000c3e00000| PB 0x00000000c3e00000| Untracked 
|  17|0x00000000c3f00000, 0x00000000c3f00000, 0x00000000c4000000|  0%| F|  |TAMS 0x00000000c3f00000| PB 0x00000000c3f00000| Untracked 
|  18|0x00000000c4000000, 0x00000000c4000000, 0x00000000c4100000|  0%| F|  |TAMS 0x00000000c4000000| PB 0x00000000c4000000| Untracked 
|  19|0x00000000c4100000, 0x00000000c4100000, 0x00000000c4200000|  0%| F|  |TAMS 0x00000000c4100000| PB 0x00000000c4100000| Untracked 
|  20|0x00000000c4200000, 0x00000000c4200000, 0x00000000c4300000|  0%| F|  |TAMS 0x00000000c4200000| PB 0x00000000c4200000| Untracked 
|  21|0x00000000c4300000, 0x00000000c4300000, 0x00000000c4400000|  0%| F|  |TAMS 0x00000000c4300000| PB 0x00000000c4300000| Untracked 
|  22|0x00000000c4400000, 0x00000000c4400000, 0x00000000c4500000|  0%| F|  |TAMS 0x00000000c4400000| PB 0x00000000c4400000| Untracked 
|  23|0x00000000c4500000, 0x00000000c4500000, 0x00000000c4600000|  0%| F|  |TAMS 0x00000000c4500000| PB 0x00000000c4500000| Untracked 
|  24|0x00000000c4600000, 0x00000000c4600000, 0x00000000c4700000|  0%| F|  |TAMS 0x00000000c4600000| PB 0x00000000c4600000| Untracked 
|  25|0x00000000c4700000, 0x00000000c4700000, 0x00000000c4800000|  0%| F|  |TAMS 0x00000000c4700000| PB 0x00000000c4700000| Untracked 
|  26|0x00000000c4800000, 0x00000000c4800000, 0x00000000c4900000|  0%| F|  |TAMS 0x00000000c4800000| PB 0x00000000c4800000| Untracked 
|  27|0x00000000c4900000, 0x00000000c4900000, 0x00000000c4a00000|  0%| F|  |TAMS 0x00000000c4900000| PB 0x00000000c4900000| Untracked 
|  28|0x00000000c4a00000, 0x00000000c4a00000, 0x00000000c4b00000|  0%| F|  |TAMS 0x00000000c4a00000| PB 0x00000000c4a00000| Untracked 
|  29|0x00000000c4b00000, 0x00000000c4b00000, 0x00000000c4c00000|  0%| F|  |TAMS 0x00000000c4b00000| PB 0x00000000c4b00000| Untracked 
|  30|0x00000000c4c00000, 0x00000000c4c00000, 0x00000000c4d00000|  0%| F|  |TAMS 0x00000000c4c00000| PB 0x00000000c4c00000| Untracked 
|  31|0x00000000c4d00000, 0x00000000c4d00000, 0x00000000c4e00000|  0%| F|  |TAMS 0x00000000c4d00000| PB 0x00000000c4d00000| Untracked 
|  32|0x00000000c4e00000, 0x00000000c4e00000, 0x00000000c4f00000|  0%| F|  |TAMS 0x00000000c4e00000| PB 0x00000000c4e00000| Untracked 
|  33|0x00000000c4f00000, 0x00000000c4f00000, 0x00000000c5000000|  0%| F|  |TAMS 0x00000000c4f00000| PB 0x00000000c4f00000| Untracked 
|  34|0x00000000c5000000, 0x00000000c5000000, 0x00000000c5100000|  0%| F|  |TAMS 0x00000000c5000000| PB 0x00000000c5000000| Untracked 
|  35|0x00000000c5100000, 0x00000000c5100000, 0x00000000c5200000|  0%| F|  |TAMS 0x00000000c5100000| PB 0x00000000c5100000| Untracked 
|  36|0x00000000c5200000, 0x00000000c5200000, 0x00000000c5300000|  0%| F|  |TAMS 0x00000000c5200000| PB 0x00000000c5200000| Untracked 
|  37|0x00000000c5300000, 0x00000000c5300000, 0x00000000c5400000|  0%| F|  |TAMS 0x00000000c5300000| PB 0x00000000c5300000| Untracked 
|  38|0x00000000c5400000, 0x00000000c5400000, 0x00000000c5500000|  0%| F|  |TAMS 0x00000000c5400000| PB 0x00000000c5400000| Untracked 
|  39|0x00000000c5500000, 0x00000000c5500000, 0x00000000c5600000|  0%| F|  |TAMS 0x00000000c5500000| PB 0x00000000c5500000| Untracked 
|  40|0x00000000c5600000, 0x00000000c5600000, 0x00000000c5700000|  0%| F|  |TAMS 0x00000000c5600000| PB 0x00000000c5600000| Untracked 
|  41|0x00000000c5700000, 0x00000000c5700000, 0x00000000c5800000|  0%| F|  |TAMS 0x00000000c5700000| PB 0x00000000c5700000| Untracked 
|  42|0x00000000c5800000, 0x00000000c5800000, 0x00000000c5900000|  0%| F|  |TAMS 0x00000000c5800000| PB 0x00000000c5800000| Untracked 
|  43|0x00000000c5900000, 0x00000000c5900000, 0x00000000c5a00000|  0%| F|  |TAMS 0x00000000c5900000| PB 0x00000000c5900000| Untracked 
|  44|0x00000000c5a00000, 0x00000000c5a00000, 0x00000000c5b00000|  0%| F|  |TAMS 0x00000000c5a00000| PB 0x00000000c5a00000| Untracked 
|  45|0x00000000c5b00000, 0x00000000c5b00000, 0x00000000c5c00000|  0%| F|  |TAMS 0x00000000c5b00000| PB 0x00000000c5b00000| Untracked 
|  46|0x00000000c5c00000, 0x00000000c5c00000, 0x00000000c5d00000|  0%| F|  |TAMS 0x00000000c5c00000| PB 0x00000000c5c00000| Untracked 
|  47|0x00000000c5d00000, 0x00000000c5d00000, 0x00000000c5e00000|  0%| F|  |TAMS 0x00000000c5d00000| PB 0x00000000c5d00000| Untracked 
|  48|0x00000000c5e00000, 0x00000000c5e00000, 0x00000000c5f00000|  0%| F|  |TAMS 0x00000000c5e00000| PB 0x00000000c5e00000| Untracked 
|  49|0x00000000c5f00000, 0x00000000c5f00000, 0x00000000c6000000|  0%| F|  |TAMS 0x00000000c5f00000| PB 0x00000000c5f00000| Untracked 
|  50|0x00000000c6000000, 0x00000000c6000000, 0x00000000c6100000|  0%| F|  |TAMS 0x00000000c6000000| PB 0x00000000c6000000| Untracked 
|  51|0x00000000c6100000, 0x00000000c6100000, 0x00000000c6200000|  0%| F|  |TAMS 0x00000000c6100000| PB 0x00000000c6100000| Untracked 
|  52|0x00000000c6200000, 0x00000000c6200000, 0x00000000c6300000|  0%| F|  |TAMS 0x00000000c6200000| PB 0x00000000c6200000| Untracked 
|  53|0x00000000c6300000, 0x00000000c6300000, 0x00000000c6400000|  0%| F|  |TAMS 0x00000000c6300000| PB 0x00000000c6300000| Untracked 
|  54|0x00000000c6400000, 0x00000000c6400000, 0x00000000c6500000|  0%| F|  |TAMS 0x00000000c6400000| PB 0x00000000c6400000| Untracked 
|  55|0x00000000c6500000, 0x00000000c6500000, 0x00000000c6600000|  0%| F|  |TAMS 0x00000000c6500000| PB 0x00000000c6500000| Untracked 
|  56|0x00000000c6600000, 0x00000000c6643130, 0x00000000c6700000| 26%| E|  |TAMS 0x00000000c6600000| PB 0x00000000c6600000| Complete 
|  57|0x00000000c6700000, 0x00000000c6800000, 0x00000000c6800000|100%| E|CS|TAMS 0x00000000c6700000| PB 0x00000000c6700000| Complete 
|  58|0x00000000c6800000, 0x00000000c6900000, 0x00000000c6900000|100%| E|CS|TAMS 0x00000000c6800000| PB 0x00000000c6800000| Complete 
|  59|0x00000000c6900000, 0x00000000c6a00000, 0x00000000c6a00000|100%| E|CS|TAMS 0x00000000c6900000| PB 0x00000000c6900000| Complete 
|  60|0x00000000c6a00000, 0x00000000c6b00000, 0x00000000c6b00000|100%| E|CS|TAMS 0x00000000c6a00000| PB 0x00000000c6a00000| Complete 
|  61|0x00000000c6b00000, 0x00000000c6c00000, 0x00000000c6c00000|100%| E|CS|TAMS 0x00000000c6b00000| PB 0x00000000c6b00000| Complete 

Card table byte_map: [0x000002996c2e0000,0x000002996c4d0000] _byte_map_base: 0x000002996bcc9000

Marking Bits: (CMBitMap*) 0x0000029953228640
 Bits: [0x000002996c6c0000, 0x000002996d608000)

Polling page: 0x00000299532b0000

Metaspace:

Usage:
  Non-class:      3.44 MB used.
      Class:    419.04 KB used.
       Both:      3.85 MB used.

Virtual space:
  Non-class space:       64.00 MB reserved,       3.50 MB (  5%) committed,  1 nodes.
      Class space:        1.00 GB reserved,     512.00 KB ( <1%) committed,  1 nodes.
             Both:        1.06 GB reserved,       4.00 MB ( <1%) committed. 

Chunk freelists:
   Non-Class:  3.89 MB
       Class:  3.50 MB
        Both:  7.39 MB

MaxMetaspaceSize: unlimited
CompressedClassSpaceSize: 1.00 GB
Initial GC threshold: 21.00 MB
Current GC threshold: 21.00 MB
CDS: on
MetaspaceReclaimPolicy: balanced
 - commit_granule_bytes: 65536.
 - commit_granule_words: 8192.
 - virtual_space_node_default_size: 8388608.
 - enlarge_chunks_in_place: 1.
 - new_chunks_are_fully_committed: 0.
 - uncommit_free_chunks: 1.
 - use_allocation_guard: 0.


Internal statistics:

num_allocs_failed_limit: 0.
num_arena_births: 112.
num_arena_deaths: 0.
num_vsnodes_births: 2.
num_vsnodes_deaths: 0.
num_space_committed: 64.
num_space_uncommitted: 0.
num_chunks_returned_to_freelist: 0.
num_chunks_taken_from_freelist: 132.
num_chunk_merges: 0.
num_chunk_splits: 81.
num_chunks_enlarged: 34.
num_inconsistent_stats: 0.

CodeHeap 'non-profiled nmethods': size=120000Kb used=156Kb max_used=156Kb free=119843Kb
 bounds [0x00000299645a0000, 0x0000029964810000, 0x000002996bad0000]
CodeHeap 'profiled nmethods': size=120000Kb used=733Kb max_used=733Kb free=119266Kb
 bounds [0x000002995cad0000, 0x000002995cd40000, 0x0000029964000000]
CodeHeap 'non-nmethods': size=5760Kb used=1464Kb max_used=1475Kb free=4295Kb
 bounds [0x0000029964000000, 0x0000029964270000, 0x00000299645a0000]
 total_blobs=1036 nmethods=537 adapters=410
 compilation: enabled
              stopped_count=0, restarted_count=0
 full_count=0

Compilation events (20 events):
Event: 0.603 Thread 0x000002996fbd29e0  528       3       java.lang.String::startsWith (138 bytes)
Event: 0.603 Thread 0x000002996fbd29e0 nmethod 528 0x000002995cb83810 code [0x000002995cb83a20, 0x000002995cb842a8]
Event: 0.603 Thread 0x000002996fbd29e0  529       3       java.lang.invoke.Invokers::checkExactType (17 bytes)
Event: 0.603 Thread 0x000002996fbd29e0 nmethod 529 0x000002995cb84590 code [0x000002995cb84720, 0x000002995cb84920]
Event: 0.603 Thread 0x000002996fbd29e0  530       3       java.lang.invoke.Invokers::checkCustomized (23 bytes)
Event: 0.604 Thread 0x000002996fbd29e0 nmethod 530 0x000002995cb84a10 code [0x000002995cb84ba0, 0x000002995cb84d60]
Event: 0.608 Thread 0x000002996fbd29e0  531       3       java.util.ImmutableCollections$List12::get (35 bytes)
Event: 0.609 Thread 0x000002996fbd29e0 nmethod 531 0x000002995cb84e90 code [0x000002995cb85040, 0x000002995cb852f0]
Event: 0.609 Thread 0x000002996fbd29e0  533       3       java.lang.String::lastIndexOf (12 bytes)
Event: 0.609 Thread 0x000002996fbd29e0 nmethod 533 0x000002995cb85390 code [0x000002995cb85560, 0x000002995cb85960]
Event: 0.609 Thread 0x000002996fbd29e0  532       3       java.lang.CharacterDataLatin1::getProperties (11 bytes)
Event: 0.609 Thread 0x000002996fbd29e0 nmethod 532 0x000002995cb85b10 code [0x000002995cb85ca0, 0x000002995cb85de8]
Event: 0.609 Thread 0x000002996fbd29e0  534       3       java.lang.String::lastIndexOf (29 bytes)
Event: 0.609 Thread 0x000002996fbd29e0 nmethod 534 0x000002995cb85e90 code [0x000002995cb86040, 0x000002995cb862e0]
Event: 0.609 Thread 0x000002996fbd29e0  535       3       java.lang.String::endsWith (15 bytes)
Event: 0.609 Thread 0x000002996fbd29e0 nmethod 535 0x000002995cb86410 code [0x000002995cb865c0, 0x000002995cb868f8]
Event: 0.610 Thread 0x000002996fbd29e0  536       3       jdk.internal.org.objectweb.asm.SymbolTable::addTypeInternal (85 bytes)
Event: 0.611 Thread 0x000002996fbd29e0 nmethod 536 0x000002995cb86a90 code [0x000002995cb86c60, 0x000002995cb87290]
Event: 0.611 Thread 0x000002996fbd29e0  537       3       jdk.internal.access.SharedSecrets::getJavaLangAccess (4 bytes)
Event: 0.611 Thread 0x000002996fbd29e0 nmethod 537 0x000002995cb87490 code [0x000002995cb87620, 0x000002995cb87718]

GC Heap History (0 events):
No events

Dll operation events (7 events):
Event: 0.125 Loaded shared library C:\Program Files\java\jdk-20\bin\java.dll
Event: 0.174 Loaded shared library C:\Program Files\java\jdk-20\bin\jsvml.dll
Event: 0.270 Loaded shared library C:\Program Files\java\jdk-20\bin\net.dll
Event: 0.273 Loaded shared library C:\Program Files\java\jdk-20\bin\nio.dll
Event: 0.336 Loaded shared library C:\Program Files\java\jdk-20\bin\zip.dll
Event: 0.354 Loaded shared library C:\Program Files\java\jdk-20\bin\jimage.dll
Event: 0.381 Loaded shared library C:\Program Files\java\jdk-20\bin\awt.dll

Deoptimization events (4 events):
Event: 0.543 Thread 0x00000299531e71c0 Uncommon trap: trap_request=0xffffff45 fr.pc=0x00000299645ae9c0 relative=0x0000000000000a40
Event: 0.543 Thread 0x00000299531e71c0 Uncommon trap: reason=unstable_if action=reinterpret pc=0x00000299645ae9c0 method=java.util.HashMap.putVal(ILjava/lang/Object;Ljava/lang/Object;ZZ)Ljava/lang/Object; @ 236 c2
Event: 0.543 Thread 0x00000299531e71c0 DEOPT PACKING pc=0x00000299645ae9c0 sp=0x000000a3456fdf90
Event: 0.543 Thread 0x00000299531e71c0 DEOPT UNPACKING pc=0x0000029964069d22 sp=0x000000a3456fdf48 mode 2

Classes loaded (20 events):
Event: 0.608 Loading class com/sun/swing/internal/plaf/basic/resources/basic_en_IN
Event: 0.608 Loading class com/sun/swing/internal/plaf/basic/resources/basic_en_IN done
Event: 0.608 Loading class com/sun/swing/internal/plaf/basic/resources/basic_en_IN
Event: 0.608 Loading class com/sun/swing/internal/plaf/basic/resources/basic_en_IN done
Event: 0.609 Loading class sun/reflect/misc/ReflectUtil
Event: 0.609 Loading class sun/reflect/misc/ReflectUtil done
Event: 0.609 Loading class javax/swing/plaf/basic/BasicPanelUI
Event: 0.609 Loading class javax/swing/plaf/PanelUI
Event: 0.609 Loading class javax/swing/plaf/ComponentUI
Event: 0.610 Loading class javax/swing/plaf/ComponentUI done
Event: 0.610 Loading class javax/swing/plaf/PanelUI done
Event: 0.610 Loading class javax/swing/plaf/basic/BasicPanelUI done
Event: 0.610 Loading class java/awt/Component$BaselineResizeBehavior
Event: 0.610 Loading class java/awt/Component$BaselineResizeBehavior done
Event: 0.612 Loading class javax/swing/RepaintManager$ProcessingRunnable
Event: 0.612 Loading class javax/swing/RepaintManager$ProcessingRunnable done
Event: 0.612 Loading class com/sun/java/swing/SwingUtilities3
Event: 0.612 Loading class com/sun/java/swing/SwingUtilities3 done
Event: 0.613 Loading class javax/swing/JLayeredPane
Event: 0.614 Loading class javax/swing/JLayeredPane done

Classes unloaded (0 events):
No events

Classes redefined (0 events):
No events

Internal exceptions (11 events):
Event: 0.275 Thread 0x00000299531e71c0 Exception <a 'sun/nio/fs/WindowsException'{0x00000000c6a3f158}> (0x00000000c6a3f158) 
thrown [s\open\src\hotspot\share\prims\jni.cpp, line 519]
Event: 0.278 Thread 0x00000299531e71c0 Exception <a 'sun/nio/fs/WindowsException'{0x00000000c6a41780}> (0x00000000c6a41780) 
thrown [s\open\src\hotspot\share\prims\jni.cpp, line 519]
Event: 0.279 Thread 0x00000299531e71c0 Exception <a 'sun/nio/fs/WindowsException'{0x00000000c6a422e8}> (0x00000000c6a422e8) 
thrown [s\open\src\hotspot\share\prims\jni.cpp, line 519]
Event: 0.362 Thread 0x00000299531e71c0 Exception <a 'java/lang/ClassNotFoundException'{0x00000000c6946460}: sun/awt/resources/spi/awtProvider> (0x00000000c6946460) 
thrown [s\open\src\hotspot\share\classfile\systemDictionary.cpp, line 305]
Event: 0.400 Thread 0x00000299531e71c0 Exception <a 'java/io/FileNotFoundException'{0x00000000c699ce10}> (0x00000000c699ce10) 
thrown [s\open\src\hotspot\share\prims\jni.cpp, line 519]
Event: 0.409 Thread 0x00000299531e71c0 Exception <a 'java/io/FileNotFoundException'{0x00000000c69c6db8}> (0x00000000c69c6db8) 
thrown [s\open\src\hotspot\share\prims\jni.cpp, line 519]
Event: 0.548 Thread 0x00000299531e71c0 Exception <a 'java/lang/NoSuchMethodError'{0x00000000c670e360}: 'void java.lang.invoke.DirectMethodHandle$Holder.invokeSpecial(java.lang.Object, java.lang.Object, java.lang.Object)'> (0x00000000c670e360) 
thrown [s\open\src\hotspot\share\interpreter\linkResolver.cpp, line 773]
Event: 0.560 Thread 0x00000299531e71c0 Exception <a 'java/lang/NoSuchMethodError'{0x00000000c6738ae0}: 'java.lang.Object java.lang.invoke.DirectMethodHandle$Holder.newInvokeSpecial(java.lang.Object, java.lang.Object, java.lang.Object, java.lang.Object, java.lang.Object)'> (0x00000000c6738ae0) 
thrown [s\open\src\hotspot\share\interpreter\linkResolver.cpp, line 773]
Event: 0.571 Thread 0x00000299531e71c0 Exception <a 'java/lang/NoSuchMethodError'{0x00000000c67695c8}: 'java.lang.Object java.lang.invoke.DirectMethodHandle$Holder.invokeStatic(java.lang.Object, int, java.lang.Object)'> (0x00000000c67695c8) 
thrown [s\open\src\hotspot\share\interpreter\linkResolver.cpp, line 773]
Event: 0.607 Thread 0x00000299531e71c0 Exception <a 'java/lang/ClassNotFoundException'{0x00000000c6624e10}: com/sun/swing/internal/plaf/metal/resources/spi/metalProvider> (0x00000000c6624e10) 
thrown [s\open\src\hotspot\share\classfile\systemDictionary.cpp, line 305]
Event: 0.608 Thread 0x00000299531e71c0 Exception <a 'java/lang/ClassNotFoundException'{0x00000000c6628d20}: com/sun/swing/internal/plaf/basic/resources/spi/basicProvider> (0x00000000c6628d20) 
thrown [s\open\src\hotspot\share\classfile\systemDictionary.cpp, line 305]

VM Operations (4 events):
Event: 0.281 Executing VM operation: HandshakeAllThreads
Event: 0.281 Executing VM operation: HandshakeAllThreads done
Event: 0.417 Executing VM operation: HandshakeAllThreads
Event: 0.417 Executing VM operation: HandshakeAllThreads done

Events (14 events):
Event: 0.174 Thread 0x00000299531e71c0 Thread added: 0x00000299531e71c0
Event: 0.212 Thread 0x000002996fbc7790 Thread added: 0x000002996fbc7790
Event: 0.212 Thread 0x000002996fbc8470 Thread added: 0x000002996fbc8470
Event: 0.213 Thread 0x000002996fbc8fb0 Thread added: 0x000002996fbc8fb0
Event: 0.213 Thread 0x000002996fbcda10 Thread added: 0x000002996fbcda10
Event: 0.213 Thread 0x000002996fbce350 Thread added: 0x000002996fbce350
Event: 0.213 Thread 0x000002996fbcec90 Thread added: 0x000002996fbcec90
Event: 0.213 Thread 0x000002996fbcf900 Thread added: 0x000002996fbcf900
Event: 0.214 Thread 0x000002996fbd29e0 Thread added: 0x000002996fbd29e0
Event: 0.247 Thread 0x0000029974056680 Thread added: 0x0000029974056680
Event: 0.324 Thread 0x00000299741a5910 Thread added: 0x00000299741a5910
Event: 0.480 Thread 0x00000299742c8500 Thread added: 0x00000299742c8500
Event: 0.482 Thread 0x00000299742c8a50 Thread added: 0x00000299742c8a50
Event: 0.486 Thread 0x00000299742d8540 Thread added: 0x00000299742d8540


Dynamic libraries:
0x00007ff792570000 - 0x00007ff792580000 	C:\Program Files\java\jdk-20\bin\java.exe
0x00007ffcd0770000 - 0x00007ffcd0984000 	C:\WINDOWS\SYSTEM32\ntdll.dll
0x00007ffccec00000 - 0x00007ffccecc4000 	C:\WINDOWS\System32\KERNEL32.DLL
0x00007ffccdf40000 - 0x00007ffcce2e4000 	C:\WINDOWS\System32\KERNELBASE.dll
0x00007ffcce2f0000 - 0x00007ffcce401000 	C:\WINDOWS\System32\ucrtbase.dll
0x00007ffcc4bc0000 - 0x00007ffcc4bdb000 	C:\Program Files\java\jdk-20\bin\VCRUNTIME140.dll
0x00007ffcbc680000 - 0x00007ffcbc699000 	C:\Program Files\java\jdk-20\bin\jli.dll
0x00007ffcd0610000 - 0x00007ffcd06c0000 	C:\WINDOWS\System32\ADVAPI32.dll
0x00007ffcce780000 - 0x00007ffcce827000 	C:\WINDOWS\System32\msvcrt.dll
0x00007ffccfa60000 - 0x00007ffccfb06000 	C:\WINDOWS\System32\sechost.dll
0x00007ffccecd0000 - 0x00007ffccede7000 	C:\WINDOWS\System32\RPCRT4.dll
0x00007ffcce9d0000 - 0x00007ffcceb7a000 	C:\WINDOWS\System32\USER32.dll
0x00007ffcce500000 - 0x00007ffcce526000 	C:\WINDOWS\System32\win32u.dll
0x00007ffccfb10000 - 0x00007ffccfb39000 	C:\WINDOWS\System32\GDI32.dll
0x00007ffcb9100000 - 0x00007ffcb938f000 	C:\WINDOWS\WinSxS\amd64_microsoft.windows.common-controls_6595b64144ccf1df_6.0.22621.2070_none_2713e6537381f706\COMCTL32.dll
0x00007ffccdcc0000 - 0x00007ffccddd9000 	C:\WINDOWS\System32\gdi32full.dll
0x00007ffccdde0000 - 0x00007ffccde7a000 	C:\WINDOWS\System32\msvcp_win.dll
0x00007ffcc2b40000 - 0x00007ffcc2b4a000 	C:\WINDOWS\SYSTEM32\VERSION.dll
0x00007ffccf620000 - 0x00007ffccf651000 	C:\WINDOWS\System32\IMM32.DLL
0x00007ffcc7a30000 - 0x00007ffcc7a3c000 	C:\Program Files\java\jdk-20\bin\vcruntime140_1.dll
0x00007ffca2f20000 - 0x00007ffca2fae000 	C:\Program Files\java\jdk-20\bin\msvcp140.dll
0x00007ffc83470000 - 0x00007ffc84108000 	C:\Program Files\java\jdk-20\bin\server\jvm.dll
0x00007ffcc4230000 - 0x00007ffcc4264000 	C:\WINDOWS\SYSTEM32\WINMM.dll
0x00007ffcc4c70000 - 0x00007ffcc4c79000 	C:\WINDOWS\SYSTEM32\WSOCK32.dll
0x00007ffcceb80000 - 0x00007ffccebf1000 	C:\WINDOWS\System32\ws2_32.DLL
0x00007ffcccb90000 - 0x00007ffcccba8000 	C:\WINDOWS\SYSTEM32\kernel.appcore.dll
0x00007ffcc5390000 - 0x00007ffcc539a000 	C:\Program Files\java\jdk-20\bin\jimage.dll
0x00007ffcc8e80000 - 0x00007ffcc90ae000 	C:\WINDOWS\SYSTEM32\DBGHELP.DLL
0x00007ffccf6c0000 - 0x00007ffccfa4a000 	C:\WINDOWS\System32\combase.dll
0x00007ffccfc50000 - 0x00007ffccfd27000 	C:\WINDOWS\System32\OLEAUT32.dll
0x00007ffcb2a60000 - 0x00007ffcb2a92000 	C:\WINDOWS\SYSTEM32\dbgcore.DLL
0x00007ffcce480000 - 0x00007ffcce4fa000 	C:\WINDOWS\System32\bcryptPrimitives.dll
0x00007ffcba220000 - 0x00007ffcba246000 	C:\Program Files\java\jdk-20\bin\java.dll
0x00007ffc8fa40000 - 0x00007ffc8fb17000 	C:\Program Files\java\jdk-20\bin\jsvml.dll
0x00007ffccedf0000 - 0x00007ffccf606000 	C:\WINDOWS\System32\SHELL32.dll
0x00007ffccbb20000 - 0x00007ffccc40a000 	C:\WINDOWS\SYSTEM32\windows.storage.dll
0x00007ffccb9e0000 - 0x00007ffccbb1e000 	C:\WINDOWS\SYSTEM32\wintypes.dll
0x00007ffcd0510000 - 0x00007ffcd0603000 	C:\WINDOWS\System32\SHCORE.dll
0x00007ffccf660000 - 0x00007ffccf6be000 	C:\WINDOWS\System32\shlwapi.dll
0x00007ffccda80000 - 0x00007ffccdaa6000 	C:\WINDOWS\SYSTEM32\profapi.dll
0x00007ffcbe910000 - 0x00007ffcbe923000 	C:\Program Files\java\jdk-20\bin\net.dll
0x00007ffcc4270000 - 0x00007ffcc43a7000 	C:\WINDOWS\SYSTEM32\WINHTTP.dll
0x00007ffccd010000 - 0x00007ffccd079000 	C:\WINDOWS\system32\mswsock.dll
0x00007ffcbce80000 - 0x00007ffcbce96000 	C:\Program Files\java\jdk-20\bin\nio.dll
0x00007ffcbc7d0000 - 0x00007ffcbc7e8000 	C:\Program Files\java\jdk-20\bin\zip.dll
0x00007ffc811f0000 - 0x00007ffc81381000 	C:\Program Files\java\jdk-20\bin\awt.dll
0x00007ffccb080000 - 0x00007ffccb117000 	C:\WINDOWS\SYSTEM32\apphelp.dll
0x00007ffccb480000 - 0x00007ffccb4ab000 	C:\WINDOWS\system32\DWMAPI.DLL
0x00007ffccb160000 - 0x00007ffccb20b000 	C:\WINDOWS\system32\uxtheme.dll
0x00007ffcbab20000 - 0x00007ffcbac20000 	C:\WINDOWS\system32\opengl32.dll
0x00007ffcbdfe0000 - 0x00007ffcbe00d000 	C:\WINDOWS\SYSTEM32\GLU32.dll
0x00007ffccb240000 - 0x00007ffccb278000 	C:\WINDOWS\SYSTEM32\dxcore.dll
0x00007ffcd03e0000 - 0x00007ffcd0507000 	C:\WINDOWS\System32\MSCTF.dll
0x00007ffcce830000 - 0x00007ffcce9cc000 	C:\WINDOWS\System32\ole32.dll

dbghelp: loaded successfully - version: 4.0.5 - missing functions: none
symbol engine: initialized successfully - sym options: 0x614 - pdb path: .;C:\Program Files\java\jdk-20\bin;C:\WINDOWS\SYSTEM32;C:\WINDOWS\WinSxS\amd64_microsoft.windows.common-controls_6595b64144ccf1df_6.0.22621.2070_none_2713e6537381f706;C:\Program Files\java\jdk-20\bin\server

VM Arguments:
jvm_args: -Dfile.encoding=UTF-8 --module-path=C:\Users\Aryan Tambde\OneDrive\Desktop\Project\Travel Management System\build\classes 
java_command: travel.Dashboard
java_class_path (initial): C:\Users\Aryan Tambde\Downloads\mysql-connector-java-8.0.28.jar;C:\Users\Aryan Tambde\OneDrive\Desktop\Project\Travel Management System\build\classes
Launcher Type: SUN_STANDARD

[Global flags]
     intx CICompilerCount                          = 3                                         {product} {ergonomic}
     uint ConcGCThreads                            = 1                                         {product} {ergonomic}
     uint G1ConcRefinementThreads                  = 4                                         {product} {ergonomic}
   size_t G1HeapRegionSize                         = 1048576                                   {product} {ergonomic}
    uintx GCDrainStackTargetSize                   = 64                                        {product} {ergonomic}
   size_t InitialHeapSize                          = 65011712                                  {product} {ergonomic}
   size_t MarkStackSize                            = 4194304                                   {product} {ergonomic}
   size_t MaxHeapSize                              = 1025507328                                {product} {ergonomic}
   size_t MaxNewSize                               = 614465536                                 {product} {ergonomic}
   size_t MinHeapDeltaBytes                        = 1048576                                   {product} {ergonomic}
   size_t MinHeapSize                              = 8388608                                   {product} {ergonomic}
    uintx NonNMethodCodeHeapSize                   = 5832780                                {pd product} {ergonomic}
    uintx NonProfiledCodeHeapSize                  = 122912730                              {pd product} {ergonomic}
    uintx ProfiledCodeHeapSize                     = 122912730                              {pd product} {ergonomic}
    uintx ReservedCodeCacheSize                    = 251658240                              {pd product} {ergonomic}
     bool SegmentedCodeCache                       = true                                      {product} {ergonomic}
   size_t SoftMaxHeapSize                          = 1025507328                             {manageable} {ergonomic}
     bool UseCompressedClassPointers               = true                           {product lp64_product} {ergonomic}
     bool UseCompressedOops                        = true                           {product lp64_product} {ergonomic}
     bool UseG1GC                                  = true                                      {product} {ergonomic}
     bool UseLargePagesIndividualAllocation        = false                                  {pd product} {ergonomic}

Logging:
Log output configuration:
 #0: stdout all=warning uptime,level,tags foldmultilines=false
 #1: stderr all=off uptime,level,tags foldmultilines=false

Environment Variables:
PATH=C:\Program Files\Common Files\Oracle\Java\javapath;C:\Program Files (x86)\NVIDIA Corporation\PhysX\Common;C:\WINDOWS\system32;C:\WINDOWS;C:\WINDOWS\System32\Wbem;C:\WINDOWS\System32\WindowsPowerShell\v1.0\;C:\WINDOWS\System32\OpenSSH\;C:\Program Files (x86)\Intel\Intel(R) Management Engine Components\DAL;C:\Program Files\Intel\Intel(R) Management Engine Components\DAL;C:\Program Files\dotnet\;C:\MinGW\bin;C:\Program Files\java\jdk-20.0.2\bin;C:\Program Files\MySQL\MySQL Shell 8.0\bin\;C:\Users\Aryan Tambde\AppData\Local\Microsoft\WindowsApps;D:\IntelliJ IDEA 2023.2\bin;
USERNAME=Aryan Tambde
OS=Windows_NT
PROCESSOR_IDENTIFIER=Intel64 Family 6 Model 142 Stepping 12, GenuineIntel
TMP=C:\Users\Aryan Tambde\AppData\Local\Temp
TEMP=C:\Users\Aryan Tambde\AppData\Local\Temp




---------------  S Y S T E M  ---------------

OS:
 Windows 11 , 64 bit Build 22621 (10.0.22621.2070)
OS uptime: 17 days 2:26 hours

CPU: total 4 (initial active 4) (2 cores per cpu, 2 threads per core) family 6 model 142 stepping 12 microcode 0xf4, cx8, cmov, fxsr, ht, mmx, 3dnowpref, sse, sse2, sse3, ssse3, sse4.1, sse4.2, popcnt, lzcnt, tsc, tscinvbit, avx, avx2, aes, erms, clmul, bmi1, bmi2, adx, fma, vzeroupper, clflush, clflushopt, rdtscp, f16c

Memory: 4k page, system-wide physical 3910M (132M free)
TotalPageFile size 15686M (AvailPageFile size 0M)
current process WorkingSet (physical memory assigned to process): 48M, peak: 48M
current process commit charge ("private bytes"): 139M, peak: 139M

vm_info: Java HotSpot(TM) 64-Bit Server VM (20.0.2+9-78) for windows-amd64 JRE (20.0.2+9-78), built on 2023-06-14T10:08:48Z by "mach5one" with MS VC++ 17.1 (VS2022)

END.
