#
# There is insufficient memory for the Java Runtime Environment to continue.
# Native memory allocation (mmap) failed to map 3145728 bytes for G1 virtual space
# Possible reasons:
#   The system is out of physical RAM or swap space
#   The process is running with CompressedOops enabled, and the Java Heap may be blocking the growth of the native heap
# Possible solutions:
#   Reduce memory load on the system
#   Increase physical memory or swap space
#   Check if swap backing store is full
#   Decrease Java heap size (-Xmx/-Xms)
#   Decrease number of Java threads
#   Decrease Java thread stack sizes (-Xss)
#   Set larger code cache with -XX:ReservedCodeCacheSize=
#   JVM is running with Unscaled Compressed Oops mode in which the Java heap is
#     placed in the first 4GB address space. The Java Heap base address is the
#     maximum limit for the native heap growth. Please use -XX:HeapBaseMinAddress
#     to set the Java Heap base and to place the Java Heap above 4GB virtual address.
# This output file may be truncated or incomplete.
#
#  Out of Memory Error (os_windows.cpp:3528), pid=20620, tid=23820
#
# JRE version: Java(TM) SE Runtime Environment (20.0.2+9) (build 20.0.2+9-78)
# Java VM: Java HotSpot(TM) 64-Bit Server VM (20.0.2+9-78, mixed mode, sharing, tiered, compressed oops, compressed class ptrs, g1 gc, windows-amd64)
# No core dump will be written. Minidumps are not enabled by default on client versions of Windows
#

---------------  S U M M A R Y ------------

Command Line: -Dfile.encoding=UTF-8 --module-path=C:\Users\Aryan Tambde\OneDrive\Desktop\Project\Travel Management System\build\classes travel.management.system.CheckHotels

Host: Intel(R) Core(TM) i3-10110U CPU @ 2.10GHz, 4 cores, 3G,  Windows 11 , 64 bit Build 22621 (10.0.22621.2215)
Time: Sun Oct  8 19:03:17 2023 India Standard Time elapsed time: 2.270891 seconds (0d 0h 0m 2s)

---------------  T H R E A D  ---------------

Current thread (0x000001f77651ffc0):  VMThread "VM Thread" [stack: 0x000000ec58900000,0x000000ec58a00000] [id=23820]

Stack: [0x000000ec58900000,0x000000ec58a00000]
Native frames: (J=compiled Java code, j=interpreted, Vv=VM code, C=native code)
V  [jvm.dll+0x6bc25a]
V  [jvm.dll+0x84971a]
V  [jvm.dll+0x84b315]
V  [jvm.dll+0x84ba13]
V  [jvm.dll+0x280e4f]
V  [jvm.dll+0x6b8fe9]
V  [jvm.dll+0x6adbca]
V  [jvm.dll+0x35b165]
V  [jvm.dll+0x363386]
V  [jvm.dll+0x3b400e]
V  [jvm.dll+0x3b4295]
V  [jvm.dll+0x32b86a]
V  [jvm.dll+0x32e486]
V  [jvm.dll+0x33854e]
V  [jvm.dll+0x371dd0]
V  [jvm.dll+0x85135e]
V  [jvm.dll+0x852471]
V  [jvm.dll+0x852979]
V  [jvm.dll+0x852bf3]
V  [jvm.dll+0x7f5c76]
V  [jvm.dll+0x6baecb]
C  [ucrtbase.dll+0x29363]
C  [KERNEL32.DLL+0x1257d]
C  [ntdll.dll+0x5aa68]

VM_Operation (0x000000ec585ffa90): G1PauseRemark, mode: safepoint, requested by thread 0x000001f71a9f07b0


---------------  P R O C E S S  ---------------

Threads class SMR info:
_java_thread_list=0x000001f77ab063c0, length=18, elements={
0x000001f776537e50, 0x000001f776539c60, 0x000001f77653b590, 0x000001f77653fa90,
0x000001f7765403d0, 0x000001f776540f70, 0x000001f776544fc0, 0x000001f77654b1c0,
0x000001f77651a530, 0x000001f77a8c3450, 0x000001f77aad1a10, 0x000001f77aad7c50,
0x000001f77ab604a0, 0x000001f77abd6d10, 0x000001f77c2fea20, 0x000001f77aad7250,
0x000001f77c034070, 0x000001f71a9a6df0
}

Java Threads: ( => current thread )
  0x000001f776537e50 JavaThread "Reference Handler" daemon [_thread_blocked, id=25064, stack(0x000000ec58a00000,0x000000ec58b00000)]
  0x000001f776539c60 JavaThread "Finalizer" daemon [_thread_blocked, id=24844, stack(0x000000ec58b00000,0x000000ec58c00000)]
  0x000001f77653b590 JavaThread "Signal Dispatcher" daemon [_thread_blocked, id=21544, stack(0x000000ec58c00000,0x000000ec58d00000)]
  0x000001f77653fa90 JavaThread "Attach Listener" daemon [_thread_blocked, id=2360, stack(0x000000ec58d00000,0x000000ec58e00000)]
  0x000001f7765403d0 JavaThread "Service Thread" daemon [_thread_blocked, id=19064, stack(0x000000ec58e00000,0x000000ec58f00000)]
  0x000001f776540f70 JavaThread "Monitor Deflation Thread" daemon [_thread_blocked, id=24316, stack(0x000000ec58f00000,0x000000ec59000000)]
  0x000001f776544fc0 JavaThread "C2 CompilerThread0" daemon [_thread_blocked, id=24084, stack(0x000000ec59000000,0x000000ec59100000)]
  0x000001f77654b1c0 JavaThread "C1 CompilerThread0" daemon [_thread_blocked, id=23160, stack(0x000000ec59100000,0x000000ec59200000)]
  0x000001f77651a530 JavaThread "Common-Cleaner" daemon [_thread_blocked, id=13320, stack(0x000000ec59200000,0x000000ec59300000)]
  0x000001f77a8c3450 JavaThread "Notification Thread" daemon [_thread_blocked, id=18548, stack(0x000000ec59300000,0x000000ec59400000)]
  0x000001f77aad1a10 JavaThread "Java2D Disposer" daemon [_thread_blocked, id=22536, stack(0x000000ec59500000,0x000000ec59600000)]
  0x000001f77aad7c50 JavaThread "AWT-Windows" daemon [_thread_blocked, id=22484, stack(0x000000ec59700000,0x000000ec59800000)]
  0x000001f77ab604a0 JavaThread "Image Fetcher 0" daemon [_thread_blocked, id=11896, stack(0x000000ec59800000,0x000000ec59900000)]
  0x000001f77abd6d10 JavaThread "Image Fetcher 1" daemon [_thread_blocked, id=14852, stack(0x000000ec59c00000,0x000000ec59d00000)]
  0x000001f77c2fea20 JavaThread "Thread-0" [_thread_blocked, id=124, stack(0x000000ec59600000,0x000000ec59700000)]
  0x000001f77aad7250 JavaThread "AWT-Shutdown" [_thread_blocked, id=12812, stack(0x000000ec59d00000,0x000000ec59e00000)]
  0x000001f77c034070 JavaThread "AWT-EventQueue-0" [_thread_blocked, id=20328, stack(0x000000ec59e00000,0x000000ec59f00000)]
  0x000001f71a9a6df0 JavaThread "DestroyJavaVM" [_thread_blocked, id=18284, stack(0x000000ec58300000,0x000000ec58400000)]

Other Threads:
=>0x000001f77651ffc0 VMThread "VM Thread" [stack: 0x000000ec58900000,0x000000ec58a00000] [id=23820]
  0x000001f77a89e620 WatcherThread "VM Periodic Task Thread" [stack: 0x000000ec59400000,0x000000ec59500000] [id=19376]
  0x000001f71a9e7d30 WorkerThread "GC Thread#0" [stack: 0x000000ec58400000,0x000000ec58500000] [id=19392]
  0x000001f77abd8240 WorkerThread "GC Thread#1" [stack: 0x000000ec59900000,0x000000ec59a00000] [id=24184]
  0x000001f77abc6010 WorkerThread "GC Thread#2" [stack: 0x000000ec59a00000,0x000000ec59b00000] [id=10880]
  0x000001f77abc62e0 WorkerThread "GC Thread#3" [stack: 0x000000ec59b00000,0x000000ec59c00000] [id=16192]
  0x000001f71a9f07b0 ConcurrentGCThread "G1 Main Marker" [stack: 0x000000ec58500000,0x000000ec58600000] [id=21476]
  0x000001f71a9f10f0 WorkerThread "G1 Conc#0" [stack: 0x000000ec58600000,0x000000ec58700000] [id=22836]
  0x000001f71aa43c50 ConcurrentGCThread "G1 Refine#0" [stack: 0x000000ec58700000,0x000000ec58800000] [id=16204]
  0x000001f71aa44600 ConcurrentGCThread "G1 Service" [stack: 0x000000ec58800000,0x000000ec58900000] [id=20776]

Threads with active compile tasks:
C1 CompilerThread0     2319  969       3       java.lang.invoke.DirectMethodHandle::make (275 bytes)

VM state: at safepoint (normal execution)

VM Mutex/Monitor currently owned by a thread:  ([mutex/lock_event])
[0x000001f71a9a2ec0] Threads_lock - owner thread: 0x000001f77651ffc0
[0x000001f71a9a3070] Heap_lock - owner thread: 0x000001f71a9f07b0

Heap address: 0x00000000c2e00000, size: 978 MB, Compressed Oops mode: 32-bit

CDS archive(s) mapped at: [0x000001f735400000-0x000001f736060000-0x000001f736060000), size 12976128, SharedBaseAddress: 0x000001f735400000, ArchiveRelocationMode: 1.
Compressed class space mapped at: 0x000001f736400000-0x000001f776400000, reserved size: 1073741824
Narrow klass base: 0x000001f735400000, Narrow klass shift: 0, Narrow klass range: 0x100000000

GC Precious Log:
 CardTable entry size: 512
 Card Set container configuration: InlinePtr #cards 5 size 8 Array Of Cards #cards 12 size 40 Howl #buckets 4 coarsen threshold 1843 Howl Bitmap #cards 512 size 80 coarsen threshold 460 Card regions per heap region 1 cards per card region 2048
 CPUs: 4 total, 4 available
 Memory: 3910M
 Large Page Support: Disabled
 NUMA Support: Disabled
 Compressed Oops: Enabled (32-bit)
 Heap Region Size: 1M
 Heap Min Capacity: 8M
 Heap Initial Capacity: 62M
 Heap Max Capacity: 978M
 Pre-touch: Disabled
 Parallel Workers: 4
 Concurrent Workers: 1
 Concurrent Refinement Workers: 4
 Periodic GC: Disabled

Heap:
 garbage-first heap   total 247808K, used 148217K [0x00000000c2e00000, 0x0000000100000000)
  region size 1024K, 3 young (3072K), 1 survivors (1024K)
 Metaspace       used 6368K, committed 6592K, reserved 1114112K
  class space    used 678K, committed 768K, reserved 1048576K

Heap Regions: E=young(eden), S=young(survivor), O=old, HS=humongous(starts), HC=humongous(continues), CS=collection set, F=free, OA=open archive, CA=closed archive, TAMS=top-at-mark-start, PB=parsable bottom
|   0|0x00000000c2e00000, 0x00000000c2f00000, 0x00000000c2f00000|100%|HS|  |TAMS 0x00000000c2f00000| PB 0x00000000c2e00000| Complete 
|   1|0x00000000c2f00000, 0x00000000c3000000, 0x00000000c3000000|100%|HC|  |TAMS 0x00000000c3000000| PB 0x00000000c2f00000| Complete 
|   2|0x00000000c3000000, 0x00000000c3100000, 0x00000000c3100000|100%|HC|  |TAMS 0x00000000c3100000| PB 0x00000000c3000000| Complete 
|   3|0x00000000c3100000, 0x00000000c3200000, 0x00000000c3200000|100%|HC|  |TAMS 0x00000000c3200000| PB 0x00000000c3100000| Complete 
|   4|0x00000000c3200000, 0x00000000c3300000, 0x00000000c3300000|100%|HC|  |TAMS 0x00000000c3300000| PB 0x00000000c3200000| Complete 
|   5|0x00000000c3300000, 0x00000000c3400000, 0x00000000c3400000|100%|HC|  |TAMS 0x00000000c3400000| PB 0x00000000c3300000| Complete 
|   6|0x00000000c3400000, 0x00000000c3500000, 0x00000000c3500000|100%|HC|  |TAMS 0x00000000c3500000| PB 0x00000000c3400000| Complete 
|   7|0x00000000c3500000, 0x00000000c3600000, 0x00000000c3600000|100%|HC|  |TAMS 0x00000000c3600000| PB 0x00000000c3500000| Complete 
|   8|0x00000000c3600000, 0x00000000c3700000, 0x00000000c3700000|100%| O|  |TAMS 0x00000000c3700000| PB 0x00000000c3700000| Untracked 
|   9|0x00000000c3700000, 0x00000000c3800000, 0x00000000c3800000|100%|HS|  |TAMS 0x00000000c3800000| PB 0x00000000c3700000| Complete 
|  10|0x00000000c3800000, 0x00000000c3900000, 0x00000000c3900000|100%|HC|  |TAMS 0x00000000c3900000| PB 0x00000000c3800000| Complete 
|  11|0x00000000c3900000, 0x00000000c3a00000, 0x00000000c3a00000|100%|HC|  |TAMS 0x00000000c3a00000| PB 0x00000000c3900000| Complete 
|  12|0x00000000c3a00000, 0x00000000c3b00000, 0x00000000c3b00000|100%|HS|  |TAMS 0x00000000c3b00000| PB 0x00000000c3a00000| Complete 
|  13|0x00000000c3b00000, 0x00000000c3c00000, 0x00000000c3c00000|100%|HC|  |TAMS 0x00000000c3c00000| PB 0x00000000c3b00000| Complete 
|  14|0x00000000c3c00000, 0x00000000c3d00000, 0x00000000c3d00000|100%|HC|  |TAMS 0x00000000c3d00000| PB 0x00000000c3c00000| Complete 
|  15|0x00000000c3d00000, 0x00000000c3e00000, 0x00000000c3e00000|100%|HC|  |TAMS 0x00000000c3e00000| PB 0x00000000c3d00000| Complete 
|  16|0x00000000c3e00000, 0x00000000c3f00000, 0x00000000c3f00000|100%|HC|  |TAMS 0x00000000c3f00000| PB 0x00000000c3e00000| Complete 
|  17|0x00000000c3f00000, 0x00000000c4000000, 0x00000000c4000000|100%|HC|  |TAMS 0x00000000c4000000| PB 0x00000000c3f00000| Complete 
|  18|0x00000000c4000000, 0x00000000c4100000, 0x00000000c4100000|100%|HC|  |TAMS 0x00000000c4100000| PB 0x00000000c4000000| Complete 
|  19|0x00000000c4100000, 0x00000000c4200000, 0x00000000c4200000|100%|HC|  |TAMS 0x00000000c4200000| PB 0x00000000c4100000| Complete 
|  20|0x00000000c4200000, 0x00000000c4200000, 0x00000000c4300000|  0%| F|  |TAMS 0x00000000c4200000| PB 0x00000000c4200000| Untracked 
|  21|0x00000000c4300000, 0x00000000c4300000, 0x00000000c4400000|  0%| F|  |TAMS 0x00000000c4300000| PB 0x00000000c4300000| Untracked 
|  22|0x00000000c4400000, 0x00000000c4400000, 0x00000000c4500000|  0%| F|  |TAMS 0x00000000c4400000| PB 0x00000000c4400000| Untracked 
|  23|0x00000000c4500000, 0x00000000c4600000, 0x00000000c4600000|100%| O|  |TAMS 0x00000000c4600000| PB 0x00000000c4600000| Untracked 
|  24|0x00000000c4600000, 0x00000000c4678800, 0x00000000c4700000| 47%| O|  |TAMS 0x00000000c4677e00| PB 0x00000000c4677e00| Updating 
|  25|0x00000000c4700000, 0x00000000c4800000, 0x00000000c4800000|100%|HS|  |TAMS 0x00000000c4800000| PB 0x00000000c4700000| Complete 
|  26|0x00000000c4800000, 0x00000000c4900000, 0x00000000c4900000|100%|HC|  |TAMS 0x00000000c4900000| PB 0x00000000c4800000| Complete 
|  27|0x00000000c4900000, 0x00000000c4a00000, 0x00000000c4a00000|100%|HC|  |TAMS 0x00000000c4a00000| PB 0x00000000c4900000| Complete 
|  28|0x00000000c4a00000, 0x00000000c4b00000, 0x00000000c4b00000|100%|HC|  |TAMS 0x00000000c4b00000| PB 0x00000000c4a00000| Complete 
|  29|0x00000000c4b00000, 0x00000000c4c00000, 0x00000000c4c00000|100%|HC|  |TAMS 0x00000000c4c00000| PB 0x00000000c4b00000| Complete 
|  30|0x00000000c4c00000, 0x00000000c4d00000, 0x00000000c4d00000|100%|HC|  |TAMS 0x00000000c4d00000| PB 0x00000000c4c00000| Complete 
|  31|0x00000000c4d00000, 0x00000000c4e00000, 0x00000000c4e00000|100%|HC|  |TAMS 0x00000000c4e00000| PB 0x00000000c4d00000| Complete 
|  32|0x00000000c4e00000, 0x00000000c4f00000, 0x00000000c4f00000|100%|HC|  |TAMS 0x00000000c4f00000| PB 0x00000000c4e00000| Complete 
|  33|0x00000000c4f00000, 0x00000000c5000000, 0x00000000c5000000|100%|HS|  |TAMS 0x00000000c5000000| PB 0x00000000c4f00000| Complete 
|  34|0x00000000c5000000, 0x00000000c5100000, 0x00000000c5100000|100%|HC|  |TAMS 0x00000000c5100000| PB 0x00000000c5000000| Complete 
|  35|0x00000000c5100000, 0x00000000c5200000, 0x00000000c5200000|100%|HC|  |TAMS 0x00000000c5200000| PB 0x00000000c5100000| Complete 
|  36|0x00000000c5200000, 0x00000000c5300000, 0x00000000c5300000|100%|HS|  |TAMS 0x00000000c5300000| PB 0x00000000c5200000| Complete 
|  37|0x00000000c5300000, 0x00000000c5400000, 0x00000000c5400000|100%|HC|  |TAMS 0x00000000c5400000| PB 0x00000000c5300000| Complete 
|  38|0x00000000c5400000, 0x00000000c5500000, 0x00000000c5500000|100%|HC|  |TAMS 0x00000000c5500000| PB 0x00000000c5400000| Complete 
|  39|0x00000000c5500000, 0x00000000c5600000, 0x00000000c5600000|100%|HC|  |TAMS 0x00000000c5600000| PB 0x00000000c5500000| Complete 
|  40|0x00000000c5600000, 0x00000000c5700000, 0x00000000c5700000|100%|HC|  |TAMS 0x00000000c5700000| PB 0x00000000c5600000| Complete 
|  41|0x00000000c5700000, 0x00000000c5800000, 0x00000000c5800000|100%|HC|  |TAMS 0x00000000c5800000| PB 0x00000000c5700000| Complete 
|  42|0x00000000c5800000, 0x00000000c5900000, 0x00000000c5900000|100%|HC|  |TAMS 0x00000000c5900000| PB 0x00000000c5800000| Complete 
|  43|0x00000000c5900000, 0x00000000c5a00000, 0x00000000c5a00000|100%|HC|  |TAMS 0x00000000c5a00000| PB 0x00000000c5900000| Complete 
|  44|0x00000000c5a00000, 0x00000000c5b00000, 0x00000000c5b00000|100%|HS|  |TAMS 0x00000000c5b00000| PB 0x00000000c5a00000| Complete 
|  45|0x00000000c5b00000, 0x00000000c5c00000, 0x00000000c5c00000|100%|HC|  |TAMS 0x00000000c5c00000| PB 0x00000000c5b00000| Complete 
|  46|0x00000000c5c00000, 0x00000000c5d00000, 0x00000000c5d00000|100%|HC|  |TAMS 0x00000000c5d00000| PB 0x00000000c5c00000| Complete 
|  47|0x00000000c5d00000, 0x00000000c5e00000, 0x00000000c5e00000|100%|HS|  |TAMS 0x00000000c5e00000| PB 0x00000000c5d00000| Complete 
|  48|0x00000000c5e00000, 0x00000000c5f00000, 0x00000000c5f00000|100%|HC|  |TAMS 0x00000000c5f00000| PB 0x00000000c5e00000| Complete 
|  49|0x00000000c5f00000, 0x00000000c6000000, 0x00000000c6000000|100%|HC|  |TAMS 0x00000000c6000000| PB 0x00000000c5f00000| Complete 
|  50|0x00000000c6000000, 0x00000000c6100000, 0x00000000c6100000|100%|HC|  |TAMS 0x00000000c6100000| PB 0x00000000c6000000| Complete 
|  51|0x00000000c6100000, 0x00000000c6200000, 0x00000000c6200000|100%|HC|  |TAMS 0x00000000c6200000| PB 0x00000000c6100000| Complete 
|  52|0x00000000c6200000, 0x00000000c6300000, 0x00000000c6300000|100%|HC|  |TAMS 0x00000000c6300000| PB 0x00000000c6200000| Complete 
|  53|0x00000000c6300000, 0x00000000c6400000, 0x00000000c6400000|100%|HC|  |TAMS 0x00000000c6400000| PB 0x00000000c6300000| Complete 
|  54|0x00000000c6400000, 0x00000000c6500000, 0x00000000c6500000|100%|HC|  |TAMS 0x00000000c6500000| PB 0x00000000c6400000| Complete 
|  55|0x00000000c6500000, 0x00000000c6600000, 0x00000000c6600000|100%|HC|  |TAMS 0x00000000c6600000| PB 0x00000000c6500000| Complete 
|  56|0x00000000c6600000, 0x00000000c6700000, 0x00000000c6700000|100%|HS|  |TAMS 0x00000000c6700000| PB 0x00000000c6600000| Complete 
|  57|0x00000000c6700000, 0x00000000c6800000, 0x00000000c6800000|100%|HC|  |TAMS 0x00000000c6800000| PB 0x00000000c6700000| Complete 
|  58|0x00000000c6800000, 0x00000000c6900000, 0x00000000c6900000|100%|HC|  |TAMS 0x00000000c6900000| PB 0x00000000c6800000| Complete 
|  59|0x00000000c6900000, 0x00000000c6a00000, 0x00000000c6a00000|100%|HS|  |TAMS 0x00000000c6a00000| PB 0x00000000c6900000| Complete 
|  60|0x00000000c6a00000, 0x00000000c6b00000, 0x00000000c6b00000|100%|HC|  |TAMS 0x00000000c6b00000| PB 0x00000000c6a00000| Complete 
|  61|0x00000000c6b00000, 0x00000000c6c00000, 0x00000000c6c00000|100%|HC|  |TAMS 0x00000000c6c00000| PB 0x00000000c6b00000| Complete 
|  62|0x00000000c6c00000, 0x00000000c6d00000, 0x00000000c6d00000|100%|HC|  |TAMS 0x00000000c6d00000| PB 0x00000000c6c00000| Complete 
|  63|0x00000000c6d00000, 0x00000000c6e00000, 0x00000000c6e00000|100%|HC|  |TAMS 0x00000000c6e00000| PB 0x00000000c6d00000| Complete 
|  64|0x00000000c6e00000, 0x00000000c6f00000, 0x00000000c6f00000|100%|HC|  |TAMS 0x00000000c6f00000| PB 0x00000000c6e00000| Complete 
|  65|0x00000000c6f00000, 0x00000000c7000000, 0x00000000c7000000|100%|HC|  |TAMS 0x00000000c7000000| PB 0x00000000c6f00000| Complete 
|  66|0x00000000c7000000, 0x00000000c7100000, 0x00000000c7100000|100%|HC|  |TAMS 0x00000000c7100000| PB 0x00000000c7000000| Complete 
|  67|0x00000000c7100000, 0x00000000c7200000, 0x00000000c7200000|100%|HS|  |TAMS 0x00000000c7200000| PB 0x00000000c7100000| Complete 
|  68|0x00000000c7200000, 0x00000000c7300000, 0x00000000c7300000|100%|HC|  |TAMS 0x00000000c7300000| PB 0x00000000c7200000| Complete 
|  69|0x00000000c7300000, 0x00000000c7400000, 0x00000000c7400000|100%|HC|  |TAMS 0x00000000c7400000| PB 0x00000000c7300000| Complete 
|  70|0x00000000c7400000, 0x00000000c7500000, 0x00000000c7500000|100%|HS|  |TAMS 0x00000000c7500000| PB 0x00000000c7400000| Complete 
|  71|0x00000000c7500000, 0x00000000c7600000, 0x00000000c7600000|100%|HC|  |TAMS 0x00000000c7600000| PB 0x00000000c7500000| Complete 
|  72|0x00000000c7600000, 0x00000000c7700000, 0x00000000c7700000|100%|HC|  |TAMS 0x00000000c7700000| PB 0x00000000c7600000| Complete 
|  73|0x00000000c7700000, 0x00000000c7800000, 0x00000000c7800000|100%|HS|  |TAMS 0x00000000c7800000| PB 0x00000000c7700000| Complete 
|  74|0x00000000c7800000, 0x00000000c7900000, 0x00000000c7900000|100%|HC|  |TAMS 0x00000000c7900000| PB 0x00000000c7800000| Complete 
|  75|0x00000000c7900000, 0x00000000c7a00000, 0x00000000c7a00000|100%|HC|  |TAMS 0x00000000c7a00000| PB 0x00000000c7900000| Complete 
|  76|0x00000000c7a00000, 0x00000000c7b00000, 0x00000000c7b00000|100%|HS|  |TAMS 0x00000000c7b00000| PB 0x00000000c7a00000| Complete 
|  77|0x00000000c7b00000, 0x00000000c7c00000, 0x00000000c7c00000|100%|HC|  |TAMS 0x00000000c7c00000| PB 0x00000000c7b00000| Complete 
|  78|0x00000000c7c00000, 0x00000000c7d00000, 0x00000000c7d00000|100%|HC|  |TAMS 0x00000000c7d00000| PB 0x00000000c7c00000| Complete 
|  79|0x00000000c7d00000, 0x00000000c7e00000, 0x00000000c7e00000|100%|HC|  |TAMS 0x00000000c7e00000| PB 0x00000000c7d00000| Complete 
|  80|0x00000000c7e00000, 0x00000000c7f00000, 0x00000000c7f00000|100%|HC|  |TAMS 0x00000000c7f00000| PB 0x00000000c7e00000| Complete 
|  81|0x00000000c7f00000, 0x00000000c8000000, 0x00000000c8000000|100%|HC|  |TAMS 0x00000000c8000000| PB 0x00000000c7f00000| Complete 
|  82|0x00000000c8000000, 0x00000000c8100000, 0x00000000c8100000|100%|HC|  |TAMS 0x00000000c8100000| PB 0x00000000c8000000| Complete 
|  83|0x00000000c8100000, 0x00000000c8200000, 0x00000000c8200000|100%|HC|  |TAMS 0x00000000c8200000| PB 0x00000000c8100000| Complete 
|  84|0x00000000c8200000, 0x00000000c8300000, 0x00000000c8300000|100%|HC|  |TAMS 0x00000000c8300000| PB 0x00000000c8200000| Complete 
|  85|0x00000000c8300000, 0x00000000c8400000, 0x00000000c8400000|100%|HC|  |TAMS 0x00000000c8400000| PB 0x00000000c8300000| Complete 
|  86|0x00000000c8400000, 0x00000000c8500000, 0x00000000c8500000|100%|HC|  |TAMS 0x00000000c8500000| PB 0x00000000c8400000| Complete 
|  87|0x00000000c8500000, 0x00000000c8600000, 0x00000000c8600000|100%|HS|  |TAMS 0x00000000c8600000| PB 0x00000000c8500000| Complete 
|  88|0x00000000c8600000, 0x00000000c8700000, 0x00000000c8700000|100%|HC|  |TAMS 0x00000000c8700000| PB 0x00000000c8600000| Complete 
|  89|0x00000000c8700000, 0x00000000c8800000, 0x00000000c8800000|100%|HC|  |TAMS 0x00000000c8800000| PB 0x00000000c8700000| Complete 
|  90|0x00000000c8800000, 0x00000000c8900000, 0x00000000c8900000|100%|HS|  |TAMS 0x00000000c8900000| PB 0x00000000c8800000| Complete 
|  91|0x00000000c8900000, 0x00000000c8a00000, 0x00000000c8a00000|100%|HC|  |TAMS 0x00000000c8a00000| PB 0x00000000c8900000| Complete 
|  92|0x00000000c8a00000, 0x00000000c8b00000, 0x00000000c8b00000|100%|HC|  |TAMS 0x00000000c8b00000| PB 0x00000000c8a00000| Complete 
|  93|0x00000000c8b00000, 0x00000000c8c00000, 0x00000000c8c00000|100%|HC|  |TAMS 0x00000000c8c00000| PB 0x00000000c8b00000| Complete 
|  94|0x00000000c8c00000, 0x00000000c8d00000, 0x00000000c8d00000|100%|HC|  |TAMS 0x00000000c8d00000| PB 0x00000000c8c00000| Complete 
|  95|0x00000000c8d00000, 0x00000000c8e00000, 0x00000000c8e00000|100%|HC|  |TAMS 0x00000000c8e00000| PB 0x00000000c8d00000| Complete 
|  96|0x00000000c8e00000, 0x00000000c8f00000, 0x00000000c8f00000|100%|HC|  |TAMS 0x00000000c8f00000| PB 0x00000000c8e00000| Complete 
|  97|0x00000000c8f00000, 0x00000000c9000000, 0x00000000c9000000|100%|HC|  |TAMS 0x00000000c9000000| PB 0x00000000c8f00000| Complete 
|  98|0x00000000c9000000, 0x00000000c9100000, 0x00000000c9100000|100%|HC|  |TAMS 0x00000000c9100000| PB 0x00000000c9000000| Complete 
|  99|0x00000000c9100000, 0x00000000c9200000, 0x00000000c9200000|100%|HS|  |TAMS 0x00000000c9200000| PB 0x00000000c9100000| Complete 
| 100|0x00000000c9200000, 0x00000000c9300000, 0x00000000c9300000|100%|HC|  |TAMS 0x00000000c9300000| PB 0x00000000c9200000| Complete 
| 101|0x00000000c9300000, 0x00000000c9400000, 0x00000000c9400000|100%|HC|  |TAMS 0x00000000c9400000| PB 0x00000000c9300000| Complete 
| 102|0x00000000c9400000, 0x00000000c9500000, 0x00000000c9500000|100%|HS|  |TAMS 0x00000000c9500000| PB 0x00000000c9400000| Complete 
| 103|0x00000000c9500000, 0x00000000c9600000, 0x00000000c9600000|100%|HC|  |TAMS 0x00000000c9600000| PB 0x00000000c9500000| Complete 
| 104|0x00000000c9600000, 0x00000000c9700000, 0x00000000c9700000|100%|HC|  |TAMS 0x00000000c9700000| PB 0x00000000c9600000| Complete 
| 105|0x00000000c9700000, 0x00000000c9800000, 0x00000000c9800000|100%|HC|  |TAMS 0x00000000c9800000| PB 0x00000000c9700000| Complete 
| 106|0x00000000c9800000, 0x00000000c9900000, 0x00000000c9900000|100%|HC|  |TAMS 0x00000000c9900000| PB 0x00000000c9800000| Complete 
| 107|0x00000000c9900000, 0x00000000c9a00000, 0x00000000c9a00000|100%|HC|  |TAMS 0x00000000c9a00000| PB 0x00000000c9900000| Complete 
| 108|0x00000000c9a00000, 0x00000000c9b00000, 0x00000000c9b00000|100%|HC|  |TAMS 0x00000000c9b00000| PB 0x00000000c9a00000| Complete 
| 109|0x00000000c9b00000, 0x00000000c9c00000, 0x00000000c9c00000|100%|HC|  |TAMS 0x00000000c9c00000| PB 0x00000000c9b00000| Complete 
| 110|0x00000000c9c00000, 0x00000000c9d00000, 0x00000000c9d00000|100%|HC|  |TAMS 0x00000000c9d00000| PB 0x00000000c9c00000| Complete 
| 111|0x00000000c9d00000, 0x00000000c9e00000, 0x00000000c9e00000|100%|HC|  |TAMS 0x00000000c9e00000| PB 0x00000000c9d00000| Complete 
| 112|0x00000000c9e00000, 0x00000000c9f00000, 0x00000000c9f00000|100%|HC|  |TAMS 0x00000000c9f00000| PB 0x00000000c9e00000| Complete 
| 113|0x00000000c9f00000, 0x00000000ca000000, 0x00000000ca000000|100%|HC|  |TAMS 0x00000000ca000000| PB 0x00000000c9f00000| Complete 
| 114|0x00000000ca000000, 0x00000000ca100000, 0x00000000ca100000|100%|HC|  |TAMS 0x00000000ca100000| PB 0x00000000ca000000| Complete 
| 115|0x00000000ca100000, 0x00000000ca200000, 0x00000000ca200000|100%|HC|  |TAMS 0x00000000ca200000| PB 0x00000000ca100000| Complete 
| 116|0x00000000ca200000, 0x00000000ca300000, 0x00000000ca300000|100%|HC|  |TAMS 0x00000000ca300000| PB 0x00000000ca200000| Complete 
| 117|0x00000000ca300000, 0x00000000ca400000, 0x00000000ca400000|100%|HC|  |TAMS 0x00000000ca400000| PB 0x00000000ca300000| Complete 
| 118|0x00000000ca400000, 0x00000000ca500000, 0x00000000ca500000|100%|HC|  |TAMS 0x00000000ca500000| PB 0x00000000ca400000| Complete 
| 119|0x00000000ca500000, 0x00000000ca600000, 0x00000000ca600000|100%|HC|  |TAMS 0x00000000ca600000| PB 0x00000000ca500000| Complete 
| 120|0x00000000ca600000, 0x00000000ca700000, 0x00000000ca700000|100%|HC|  |TAMS 0x00000000ca700000| PB 0x00000000ca600000| Complete 
| 121|0x00000000ca700000, 0x00000000ca800000, 0x00000000ca800000|100%|HC|  |TAMS 0x00000000ca800000| PB 0x00000000ca700000| Complete 
| 122|0x00000000ca800000, 0x00000000ca900000, 0x00000000ca900000|100%|HC|  |TAMS 0x00000000ca900000| PB 0x00000000ca800000| Complete 
| 123|0x00000000ca900000, 0x00000000caa00000, 0x00000000caa00000|100%|HC|  |TAMS 0x00000000caa00000| PB 0x00000000ca900000| Complete 
| 124|0x00000000caa00000, 0x00000000cab00000, 0x00000000cab00000|100%|HC|  |TAMS 0x00000000cab00000| PB 0x00000000caa00000| Complete 
| 125|0x00000000cab00000, 0x00000000cac00000, 0x00000000cac00000|100%|HC|  |TAMS 0x00000000cac00000| PB 0x00000000cab00000| Complete 
| 126|0x00000000cac00000, 0x00000000cad00000, 0x00000000cad00000|100%|HC|  |TAMS 0x00000000cad00000| PB 0x00000000cac00000| Complete 
| 127|0x00000000cad00000, 0x00000000cae00000, 0x00000000cae00000|100%|HC|  |TAMS 0x00000000cae00000| PB 0x00000000cad00000| Complete 
| 128|0x00000000cae00000, 0x00000000caf00000, 0x00000000caf00000|100%|HC|  |TAMS 0x00000000caf00000| PB 0x00000000cae00000| Complete 
| 129|0x00000000caf00000, 0x00000000cb000000, 0x00000000cb000000|100%|HC|  |TAMS 0x00000000cb000000| PB 0x00000000caf00000| Complete 
| 130|0x00000000cb000000, 0x00000000cb100000, 0x00000000cb100000|100%|HC|  |TAMS 0x00000000cb100000| PB 0x00000000cb000000| Complete 
| 131|0x00000000cb100000, 0x00000000cb200000, 0x00000000cb200000|100%|HC|  |TAMS 0x00000000cb200000| PB 0x00000000cb100000| Complete 
| 132|0x00000000cb200000, 0x00000000cb300000, 0x00000000cb300000|100%|HC|  |TAMS 0x00000000cb300000| PB 0x00000000cb200000| Complete 
| 133|0x00000000cb300000, 0x00000000cb400000, 0x00000000cb400000|100%|HC|  |TAMS 0x00000000cb400000| PB 0x00000000cb300000| Complete 
| 134|0x00000000cb400000, 0x00000000cb500000, 0x00000000cb500000|100%|HC|  |TAMS 0x00000000cb500000| PB 0x00000000cb400000| Complete 
| 135|0x00000000cb500000, 0x00000000cb600000, 0x00000000cb600000|100%|HC|  |TAMS 0x00000000cb600000| PB 0x00000000cb500000| Complete 
| 136|0x00000000cb600000, 0x00000000cb700000, 0x00000000cb700000|100%|HC|  |TAMS 0x00000000cb700000| PB 0x00000000cb600000| Complete 
| 137|0x00000000cb700000, 0x00000000cb800000, 0x00000000cb800000|100%|HC|  |TAMS 0x00000000cb800000| PB 0x00000000cb700000| Complete 
| 138|0x00000000cb800000, 0x00000000cb900000, 0x00000000cb900000|100%|HC|  |TAMS 0x00000000cb900000| PB 0x00000000cb800000| Complete 
| 139|0x00000000cb900000, 0x00000000cba00000, 0x00000000cba00000|100%|HC|  |TAMS 0x00000000cba00000| PB 0x00000000cb900000| Complete 
| 140|0x00000000cba00000, 0x00000000cbb00000, 0x00000000cbb00000|100%|HS|  |TAMS 0x00000000cbb00000| PB 0x00000000cba00000| Complete 
| 141|0x00000000cbb00000, 0x00000000cbc00000, 0x00000000cbc00000|100%|HC|  |TAMS 0x00000000cbc00000| PB 0x00000000cbb00000| Complete 
| 142|0x00000000cbc00000, 0x00000000cbd00000, 0x00000000cbd00000|100%|HC|  |TAMS 0x00000000cbd00000| PB 0x00000000cbc00000| Complete 
| 143|0x00000000cbd00000, 0x00000000cbe00000, 0x00000000cbe00000|100%|HS|  |TAMS 0x00000000cbd00000| PB 0x00000000cbd00000| Complete 
| 144|0x00000000cbe00000, 0x00000000cbf00000, 0x00000000cbf00000|100%|HC|  |TAMS 0x00000000cbe00000| PB 0x00000000cbe00000| Complete 
| 145|0x00000000cbf00000, 0x00000000cc000000, 0x00000000cc000000|100%|HC|  |TAMS 0x00000000cbf00000| PB 0x00000000cbf00000| Complete 
| 146|0x00000000cc000000, 0x00000000cc100000, 0x00000000cc100000|100%|HC|  |TAMS 0x00000000cc000000| PB 0x00000000cc000000| Complete 
| 147|0x00000000cc100000, 0x00000000cc100000, 0x00000000cc200000|  0%| F|  |TAMS 0x00000000cc100000| PB 0x00000000cc100000| Untracked 
| 148|0x00000000cc200000, 0x00000000cc200000, 0x00000000cc300000|  0%| F|  |TAMS 0x00000000cc200000| PB 0x00000000cc200000| Untracked 
| 149|0x00000000cc300000, 0x00000000cc300000, 0x00000000cc400000|  0%| F|  |TAMS 0x00000000cc300000| PB 0x00000000cc300000| Untracked 
| 150|0x00000000cc400000, 0x00000000cc400000, 0x00000000cc500000|  0%| F|  |TAMS 0x00000000cc400000| PB 0x00000000cc400000| Untracked 
| 151|0x00000000cc500000, 0x00000000cc500000, 0x00000000cc600000|  0%| F|  |TAMS 0x00000000cc500000| PB 0x00000000cc500000| Untracked 
| 152|0x00000000cc600000, 0x00000000cc600000, 0x00000000cc700000|  0%| F|  |TAMS 0x00000000cc600000| PB 0x00000000cc600000| Untracked 
| 153|0x00000000cc700000, 0x00000000cc700000, 0x00000000cc800000|  0%| F|  |TAMS 0x00000000cc700000| PB 0x00000000cc700000| Untracked 
| 154|0x00000000cc800000, 0x00000000cc800000, 0x00000000cc900000|  0%| F|  |TAMS 0x00000000cc800000| PB 0x00000000cc800000| Untracked 
| 155|0x00000000cc900000, 0x00000000cc900000, 0x00000000cca00000|  0%| F|  |TAMS 0x00000000cc900000| PB 0x00000000cc900000| Untracked 
| 156|0x00000000cca00000, 0x00000000cca00000, 0x00000000ccb00000|  0%| F|  |TAMS 0x00000000cca00000| PB 0x00000000cca00000| Untracked 
| 157|0x00000000ccb00000, 0x00000000ccb00000, 0x00000000ccc00000|  0%| F|  |TAMS 0x00000000ccb00000| PB 0x00000000ccb00000| Untracked 
| 158|0x00000000ccc00000, 0x00000000ccc00000, 0x00000000ccd00000|  0%| F|  |TAMS 0x00000000ccc00000| PB 0x00000000ccc00000| Untracked 
| 159|0x00000000ccd00000, 0x00000000ccd00000, 0x00000000cce00000|  0%| F|  |TAMS 0x00000000ccd00000| PB 0x00000000ccd00000| Untracked 
| 160|0x00000000cce00000, 0x00000000cce00000, 0x00000000ccf00000|  0%| F|  |TAMS 0x00000000cce00000| PB 0x00000000cce00000| Untracked 
| 161|0x00000000ccf00000, 0x00000000ccf00000, 0x00000000cd000000|  0%| F|  |TAMS 0x00000000ccf00000| PB 0x00000000ccf00000| Untracked 
| 162|0x00000000cd000000, 0x00000000cd000000, 0x00000000cd100000|  0%| F|  |TAMS 0x00000000cd000000| PB 0x00000000cd000000| Untracked 
| 163|0x00000000cd100000, 0x00000000cd100000, 0x00000000cd200000|  0%| F|  |TAMS 0x00000000cd100000| PB 0x00000000cd100000| Untracked 
| 164|0x00000000cd200000, 0x00000000cd200000, 0x00000000cd300000|  0%| F|  |TAMS 0x00000000cd200000| PB 0x00000000cd200000| Untracked 
| 165|0x00000000cd300000, 0x00000000cd300000, 0x00000000cd400000|  0%| F|  |TAMS 0x00000000cd300000| PB 0x00000000cd300000| Untracked 
| 166|0x00000000cd400000, 0x00000000cd400000, 0x00000000cd500000|  0%| F|  |TAMS 0x00000000cd400000| PB 0x00000000cd400000| Untracked 
| 167|0x00000000cd500000, 0x00000000cd500000, 0x00000000cd600000|  0%| F|  |TAMS 0x00000000cd500000| PB 0x00000000cd500000| Untracked 
| 168|0x00000000cd600000, 0x00000000cd600000, 0x00000000cd700000|  0%| F|  |TAMS 0x00000000cd600000| PB 0x00000000cd600000| Untracked 
| 169|0x00000000cd700000, 0x00000000cd700000, 0x00000000cd800000|  0%| F|  |TAMS 0x00000000cd700000| PB 0x00000000cd700000| Untracked 
| 170|0x00000000cd800000, 0x00000000cd800000, 0x00000000cd900000|  0%| F|  |TAMS 0x00000000cd800000| PB 0x00000000cd800000| Untracked 
| 171|0x00000000cd900000, 0x00000000cd900000, 0x00000000cda00000|  0%| F|  |TAMS 0x00000000cd900000| PB 0x00000000cd900000| Untracked 
| 172|0x00000000cda00000, 0x00000000cda00000, 0x00000000cdb00000|  0%| F|  |TAMS 0x00000000cda00000| PB 0x00000000cda00000| Untracked 
| 173|0x00000000cdb00000, 0x00000000cdb00000, 0x00000000cdc00000|  0%| F|  |TAMS 0x00000000cdb00000| PB 0x00000000cdb00000| Untracked 
| 174|0x00000000cdc00000, 0x00000000cdc00000, 0x00000000cdd00000|  0%| F|  |TAMS 0x00000000cdc00000| PB 0x00000000cdc00000| Untracked 
| 175|0x00000000cdd00000, 0x00000000cdd00000, 0x00000000cde00000|  0%| F|  |TAMS 0x00000000cdd00000| PB 0x00000000cdd00000| Untracked 
| 176|0x00000000cde00000, 0x00000000cde00000, 0x00000000cdf00000|  0%| F|  |TAMS 0x00000000cde00000| PB 0x00000000cde00000| Untracked 
| 177|0x00000000cdf00000, 0x00000000cdf00000, 0x00000000ce000000|  0%| F|  |TAMS 0x00000000cdf00000| PB 0x00000000cdf00000| Untracked 
| 178|0x00000000ce000000, 0x00000000ce000000, 0x00000000ce100000|  0%| F|  |TAMS 0x00000000ce000000| PB 0x00000000ce000000| Untracked 
| 179|0x00000000ce100000, 0x00000000ce100000, 0x00000000ce200000|  0%| F|  |TAMS 0x00000000ce100000| PB 0x00000000ce100000| Untracked 
| 180|0x00000000ce200000, 0x00000000ce200000, 0x00000000ce300000|  0%| F|  |TAMS 0x00000000ce200000| PB 0x00000000ce200000| Untracked 
| 181|0x00000000ce300000, 0x00000000ce300000, 0x00000000ce400000|  0%| F|  |TAMS 0x00000000ce300000| PB 0x00000000ce300000| Untracked 
| 182|0x00000000ce400000, 0x00000000ce400000, 0x00000000ce500000|  0%| F|  |TAMS 0x00000000ce400000| PB 0x00000000ce400000| Untracked 
| 183|0x00000000ce500000, 0x00000000ce500000, 0x00000000ce600000|  0%| F|  |TAMS 0x00000000ce500000| PB 0x00000000ce500000| Untracked 
| 184|0x00000000ce600000, 0x00000000ce600000, 0x00000000ce700000|  0%| F|  |TAMS 0x00000000ce600000| PB 0x00000000ce600000| Untracked 
| 185|0x00000000ce700000, 0x00000000ce700000, 0x00000000ce800000|  0%| F|  |TAMS 0x00000000ce700000| PB 0x00000000ce700000| Untracked 
| 186|0x00000000ce800000, 0x00000000ce800000, 0x00000000ce900000|  0%| F|  |TAMS 0x00000000ce800000| PB 0x00000000ce800000| Untracked 
| 187|0x00000000ce900000, 0x00000000ce900000, 0x00000000cea00000|  0%| F|  |TAMS 0x00000000ce900000| PB 0x00000000ce900000| Untracked 
| 188|0x00000000cea00000, 0x00000000cea00000, 0x00000000ceb00000|  0%| F|  |TAMS 0x00000000cea00000| PB 0x00000000cea00000| Untracked 
| 189|0x00000000ceb00000, 0x00000000ceb00000, 0x00000000cec00000|  0%| F|  |TAMS 0x00000000ceb00000| PB 0x00000000ceb00000| Untracked 
| 190|0x00000000cec00000, 0x00000000cec00000, 0x00000000ced00000|  0%| F|  |TAMS 0x00000000cec00000| PB 0x00000000cec00000| Untracked 
| 191|0x00000000ced00000, 0x00000000ced00000, 0x00000000cee00000|  0%| F|  |TAMS 0x00000000ced00000| PB 0x00000000ced00000| Untracked 
| 192|0x00000000cee00000, 0x00000000cee00000, 0x00000000cef00000|  0%| F|  |TAMS 0x00000000cee00000| PB 0x00000000cee00000| Untracked 
| 193|0x00000000cef00000, 0x00000000cef00000, 0x00000000cf000000|  0%| F|  |TAMS 0x00000000cef00000| PB 0x00000000cef00000| Untracked 
| 194|0x00000000cf000000, 0x00000000cf000000, 0x00000000cf100000|  0%| F|  |TAMS 0x00000000cf000000| PB 0x00000000cf000000| Untracked 
| 195|0x00000000cf100000, 0x00000000cf100000, 0x00000000cf200000|  0%| F|  |TAMS 0x00000000cf100000| PB 0x00000000cf100000| Untracked 
| 196|0x00000000cf200000, 0x00000000cf200000, 0x00000000cf300000|  0%| F|  |TAMS 0x00000000cf200000| PB 0x00000000cf200000| Untracked 
| 197|0x00000000cf300000, 0x00000000cf300000, 0x00000000cf400000|  0%| F|  |TAMS 0x00000000cf300000| PB 0x00000000cf300000| Untracked 
| 198|0x00000000cf400000, 0x00000000cf400000, 0x00000000cf500000|  0%| F|  |TAMS 0x00000000cf400000| PB 0x00000000cf400000| Untracked 
| 199|0x00000000cf500000, 0x00000000cf500000, 0x00000000cf600000|  0%| F|  |TAMS 0x00000000cf500000| PB 0x00000000cf500000| Untracked 
| 200|0x00000000cf600000, 0x00000000cf600000, 0x00000000cf700000|  0%| F|  |TAMS 0x00000000cf600000| PB 0x00000000cf600000| Untracked 
| 201|0x00000000cf700000, 0x00000000cf700000, 0x00000000cf800000|  0%| F|  |TAMS 0x00000000cf700000| PB 0x00000000cf700000| Untracked 
| 202|0x00000000cf800000, 0x00000000cf800000, 0x00000000cf900000|  0%| F|  |TAMS 0x00000000cf800000| PB 0x00000000cf800000| Untracked 
| 203|0x00000000cf900000, 0x00000000cf900000, 0x00000000cfa00000|  0%| F|  |TAMS 0x00000000cf900000| PB 0x00000000cf900000| Untracked 
| 204|0x00000000cfa00000, 0x00000000cfa00000, 0x00000000cfb00000|  0%| F|  |TAMS 0x00000000cfa00000| PB 0x00000000cfa00000| Untracked 
| 205|0x00000000cfb00000, 0x00000000cfb00000, 0x00000000cfc00000|  0%| F|  |TAMS 0x00000000cfb00000| PB 0x00000000cfb00000| Untracked 
| 206|0x00000000cfc00000, 0x00000000cfc00000, 0x00000000cfd00000|  0%| F|  |TAMS 0x00000000cfc00000| PB 0x00000000cfc00000| Untracked 
| 207|0x00000000cfd00000, 0x00000000cfd00000, 0x00000000cfe00000|  0%| F|  |TAMS 0x00000000cfd00000| PB 0x00000000cfd00000| Untracked 
| 208|0x00000000cfe00000, 0x00000000cfe00000, 0x00000000cff00000|  0%| F|  |TAMS 0x00000000cfe00000| PB 0x00000000cfe00000| Untracked 
| 209|0x00000000cff00000, 0x00000000cff00000, 0x00000000d0000000|  0%| F|  |TAMS 0x00000000cff00000| PB 0x00000000cff00000| Untracked 
| 210|0x00000000d0000000, 0x00000000d0000000, 0x00000000d0100000|  0%| F|  |TAMS 0x00000000d0000000| PB 0x00000000d0000000| Untracked 
| 211|0x00000000d0100000, 0x00000000d0100000, 0x00000000d0200000|  0%| F|  |TAMS 0x00000000d0100000| PB 0x00000000d0100000| Untracked 
| 212|0x00000000d0200000, 0x00000000d0200000, 0x00000000d0300000|  0%| F|  |TAMS 0x00000000d0200000| PB 0x00000000d0200000| Untracked 
| 213|0x00000000d0300000, 0x00000000d0300000, 0x00000000d0400000|  0%| F|  |TAMS 0x00000000d0300000| PB 0x00000000d0300000| Untracked 
| 214|0x00000000d0400000, 0x00000000d0400000, 0x00000000d0500000|  0%| F|  |TAMS 0x00000000d0400000| PB 0x00000000d0400000| Untracked 
| 215|0x00000000d0500000, 0x00000000d0500000, 0x00000000d0600000|  0%| F|  |TAMS 0x00000000d0500000| PB 0x00000000d0500000| Untracked 
| 216|0x00000000d0600000, 0x00000000d0600000, 0x00000000d0700000|  0%| F|  |TAMS 0x00000000d0600000| PB 0x00000000d0600000| Untracked 
| 217|0x00000000d0700000, 0x00000000d0700000, 0x00000000d0800000|  0%| F|  |TAMS 0x00000000d0700000| PB 0x00000000d0700000| Untracked 
| 218|0x00000000d0800000, 0x00000000d0800000, 0x00000000d0900000|  0%| F|  |TAMS 0x00000000d0800000| PB 0x00000000d0800000| Untracked 
| 219|0x00000000d0900000, 0x00000000d0900000, 0x00000000d0a00000|  0%| F|  |TAMS 0x00000000d0900000| PB 0x00000000d0900000| Untracked 
| 220|0x00000000d0a00000, 0x00000000d0a00000, 0x00000000d0b00000|  0%| F|  |TAMS 0x00000000d0a00000| PB 0x00000000d0a00000| Untracked 
| 221|0x00000000d0b00000, 0x00000000d0b00000, 0x00000000d0c00000|  0%| F|  |TAMS 0x00000000d0b00000| PB 0x00000000d0b00000| Untracked 
| 222|0x00000000d0c00000, 0x00000000d0c00000, 0x00000000d0d00000|  0%| F|  |TAMS 0x00000000d0c00000| PB 0x00000000d0c00000| Untracked 
| 223|0x00000000d0d00000, 0x00000000d0d00000, 0x00000000d0e00000|  0%| F|  |TAMS 0x00000000d0d00000| PB 0x00000000d0d00000| Untracked 
| 224|0x00000000d0e00000, 0x00000000d0e00000, 0x00000000d0f00000|  0%| F|  |TAMS 0x00000000d0e00000| PB 0x00000000d0e00000| Untracked 
| 225|0x00000000d0f00000, 0x00000000d0f00000, 0x00000000d1000000|  0%| F|  |TAMS 0x00000000d0f00000| PB 0x00000000d0f00000| Untracked 
| 226|0x00000000d1000000, 0x00000000d1000000, 0x00000000d1100000|  0%| F|  |TAMS 0x00000000d1000000| PB 0x00000000d1000000| Untracked 
| 227|0x00000000d1100000, 0x00000000d1100000, 0x00000000d1200000|  0%| F|  |TAMS 0x00000000d1100000| PB 0x00000000d1100000| Untracked 
| 228|0x00000000d1200000, 0x00000000d1200000, 0x00000000d1300000|  0%| F|  |TAMS 0x00000000d1200000| PB 0x00000000d1200000| Untracked 
| 229|0x00000000d1300000, 0x00000000d1300000, 0x00000000d1400000|  0%| F|  |TAMS 0x00000000d1300000| PB 0x00000000d1300000| Untracked 
| 230|0x00000000d1400000, 0x00000000d1400000, 0x00000000d1500000|  0%| F|  |TAMS 0x00000000d1400000| PB 0x00000000d1400000| Untracked 
| 231|0x00000000d1500000, 0x00000000d1500000, 0x00000000d1600000|  0%| F|  |TAMS 0x00000000d1500000| PB 0x00000000d1500000| Untracked 
| 232|0x00000000d1600000, 0x00000000d1600000, 0x00000000d1700000|  0%| F|  |TAMS 0x00000000d1600000| PB 0x00000000d1600000| Untracked 
| 233|0x00000000d1700000, 0x00000000d1700000, 0x00000000d1800000|  0%| F|  |TAMS 0x00000000d1700000| PB 0x00000000d1700000| Untracked 
| 234|0x00000000d1800000, 0x00000000d1800000, 0x00000000d1900000|  0%| F|  |TAMS 0x00000000d1800000| PB 0x00000000d1800000| Untracked 
| 235|0x00000000d1900000, 0x00000000d1900000, 0x00000000d1a00000|  0%| F|  |TAMS 0x00000000d1900000| PB 0x00000000d1900000| Untracked 
| 236|0x00000000d1a00000, 0x00000000d1a00000, 0x00000000d1b00000|  0%| F|  |TAMS 0x00000000d1a00000| PB 0x00000000d1a00000| Untracked 
| 237|0x00000000d1b00000, 0x00000000d1b45e78, 0x00000000d1c00000| 27%| S|CS|TAMS 0x00000000d1b00000| PB 0x00000000d1b00000| Complete 
| 238|0x00000000d1c00000, 0x00000000d1c00000, 0x00000000d1d00000|  0%| F|  |TAMS 0x00000000d1c00000| PB 0x00000000d1c00000| Untracked 
| 239|0x00000000d1d00000, 0x00000000d1d00000, 0x00000000d1e00000|  0%| F|  |TAMS 0x00000000d1d00000| PB 0x00000000d1d00000| Untracked 
| 240|0x00000000d1e00000, 0x00000000d1e80800, 0x00000000d1f00000| 50%| E|  |TAMS 0x00000000d1e00000| PB 0x00000000d1e00000| Complete 
| 241|0x00000000d1f00000, 0x00000000d2000000, 0x00000000d2000000|100%| E|CS|TAMS 0x00000000d1f00000| PB 0x00000000d1f00000| Complete 

Card table byte_map: [0x000001f731c70000,0x000001f731e60000] _byte_map_base: 0x000001f731659000

Marking Bits: (CMBitMap*) 0x000001f71a9e8270
 Bits: [0x000001f732050000, 0x000001f732f98000)

Polling page: 0x000001f71a170000

Metaspace:

Usage:
  Non-class:      5.56 MB used.
      Class:    678.85 KB used.
       Both:      6.22 MB used.

Virtual space:
  Non-class space:       64.00 MB reserved,       5.69 MB (  9%) committed,  1 nodes.
      Class space:        1.00 GB reserved,     768.00 KB ( <1%) committed,  1 nodes.
             Both:        1.06 GB reserved,       6.44 MB ( <1%) committed. 

Chunk freelists:
   Non-Class:  2.35 MB
       Class:  3.23 MB
        Both:  5.58 MB

MaxMetaspaceSize: unlimited
CompressedClassSpaceSize: 1.00 GB
Initial GC threshold: 21.00 MB
Current GC threshold: 21.00 MB
CDS: on
MetaspaceReclaimPolicy: balanced
 - commit_granule_bytes: 65536.
 - commit_granule_words: 8192.
 - virtual_space_node_default_size: 8388608.
 - enlarge_chunks_in_place: 1.
 - new_chunks_are_fully_committed: 0.
 - uncommit_free_chunks: 1.
 - use_allocation_guard: 0.


Internal statistics:

num_allocs_failed_limit: 0.
num_arena_births: 152.
num_arena_deaths: 0.
num_vsnodes_births: 2.
num_vsnodes_deaths: 0.
num_space_committed: 103.
num_space_uncommitted: 0.
num_chunks_returned_to_freelist: 0.
num_chunks_taken_from_freelist: 184.
num_chunk_merges: 0.
num_chunk_splits: 110.
num_chunks_enlarged: 43.
num_inconsistent_stats: 0.

CodeHeap 'non-profiled nmethods': size=120000Kb used=318Kb max_used=318Kb free=119681Kb
 bounds [0x000001f72a550000, 0x000001f72a7c0000, 0x000001f731a80000]
CodeHeap 'profiled nmethods': size=120000Kb used=1295Kb max_used=1295Kb free=118704Kb
 bounds [0x000001f722a80000, 0x000001f722cf0000, 0x000001f729fb0000]
CodeHeap 'non-nmethods': size=5760Kb used=1572Kb max_used=1579Kb free=4187Kb
 bounds [0x000001f729fb0000, 0x000001f72a220000, 0x000001f72a550000]
 total_blobs=1476 nmethods=889 adapters=498
 compilation: enabled
              stopped_count=0, restarted_count=0
 full_count=0

Compilation events (20 events):
Event: 2.180 Thread 0x000001f77654b1c0 nmethod 956 0x000001f722bc1210 code [0x000001f722bc13a0, 0x000001f722bc14c8]
Event: 2.181 Thread 0x000001f77654b1c0  957       3       java.util.concurrent.locks.ReentrantLock::lock (8 bytes)
Event: 2.181 Thread 0x000001f77654b1c0 nmethod 957 0x000001f722bc1590 code [0x000001f722bc1740, 0x000001f722bc19f0]
Event: 2.187 Thread 0x000001f77654b1c0  958       3       java.awt.Component::getContainer (5 bytes)
Event: 2.187 Thread 0x000001f77654b1c0 nmethod 958 0x000001f722bc1b10 code [0x000001f722bc1ca0, 0x000001f722bc1dc8]
Event: 2.187 Thread 0x000001f77654b1c0  959       3       java.awt.Component::checkTreeLock (21 bytes)
Event: 2.188 Thread 0x000001f77654b1c0 nmethod 959 0x000001f722bc1e90 code [0x000001f722bc2040, 0x000001f722bc22d8]
Event: 2.214 Thread 0x000001f77654b1c0  961       3       java.awt.Component::isValid (20 bytes)
Event: 2.215 Thread 0x000001f77654b1c0 nmethod 961 0x000001f722bc2410 code [0x000001f722bc25a0, 0x000001f722bc2748]
Event: 2.215 Thread 0x000001f77654b1c0  962       3       jdk.internal.logger.SurrogateLogger::defaultPlatformLevel (4 bytes)
Event: 2.215 Thread 0x000001f77654b1c0 nmethod 962 0x000001f722bc2810 code [0x000001f722bc29a0, 0x000001f722bc2ab8]
Event: 2.234 Thread 0x000001f77654b1c0  963   !   3       java.lang.ref.NativeReferenceQueue::enqueue (20 bytes)
Event: 2.235 Thread 0x000001f77654b1c0 nmethod 963 0x000001f722bc2b90 code [0x000001f722bc2d20, 0x000001f722bc2f48]
Event: 2.235 Thread 0x000001f77654b1c0  964       3       java.lang.ref.NativeReferenceQueue::signal (8 bytes)
Event: 2.236 Thread 0x000001f77654b1c0 nmethod 964 0x000001f722bc3090 code [0x000001f722bc3220, 0x000001f722bc3358]
Event: 2.240 Thread 0x000001f77654b1c0  967       3       java.lang.StrictMath::floorOrCeil (128 bytes)
Event: 2.240 Thread 0x000001f77654b1c0 nmethod 967 0x000001f722bc3410 code [0x000001f722bc35c0, 0x000001f722bc3a60]
Event: 2.240 Thread 0x000001f77654b1c0  968       3       java.lang.Math::getExponent (17 bytes)
Event: 2.240 Thread 0x000001f77654b1c0 nmethod 968 0x000001f722bc3b10 code [0x000001f722bc3ca0, 0x000001f722bc3dd0]
Event: 2.242 Thread 0x000001f77654b1c0  969       3       java.lang.invoke.DirectMethodHandle::make (275 bytes)

GC Heap History (20 events):
Event: 1.179 GC heap before
{Heap before GC invocations=15 (full 0):
 garbage-first heap   total 117760K, used 76282K [0x00000000c2e00000, 0x0000000100000000)
  region size 1024K, 10 young (10240K), 1 survivors (1024K)
 Metaspace       used 4773K, committed 4992K, reserved 1114112K
  class space    used 486K, committed 640K, reserved 1048576K
}
Event: 1.179 GC heap after
{Heap after GC invocations=16 (full 0):
 garbage-first heap   total 117760K, used 68102K [0x00000000c2e00000, 0x0000000100000000)
  region size 1024K, 1 young (1024K), 1 survivors (1024K)
 Metaspace       used 4773K, committed 4992K, reserved 1114112K
  class space    used 486K, committed 640K, reserved 1048576K
}
Event: 1.214 GC heap before
{Heap before GC invocations=17 (full 0):
 garbage-first heap   total 122880K, used 73222K [0x00000000c2e00000, 0x0000000100000000)
  region size 1024K, 4 young (4096K), 1 survivors (1024K)
 Metaspace       used 4773K, committed 4992K, reserved 1114112K
  class space    used 486K, committed 640K, reserved 1048576K
}
Event: 1.214 GC heap after
{Heap after GC invocations=18 (full 0):
 garbage-first heap   total 122880K, used 71163K [0x00000000c2e00000, 0x0000000100000000)
  region size 1024K, 1 young (1024K), 1 survivors (1024K)
 Metaspace       used 4773K, committed 4992K, reserved 1114112K
  class space    used 486K, committed 640K, reserved 1048576K
}
Event: 1.235 GC heap before
{Heap before GC invocations=19 (full 0):
 garbage-first heap   total 128000K, used 77307K [0x00000000c2e00000, 0x0000000100000000)
  region size 1024K, 5 young (5120K), 1 survivors (1024K)
 Metaspace       used 4773K, committed 4992K, reserved 1114112K
  class space    used 486K, committed 640K, reserved 1048576K
}
Event: 1.236 GC heap after
{Heap after GC invocations=20 (full 0):
 garbage-first heap   total 128000K, used 74246K [0x00000000c2e00000, 0x0000000100000000)
  region size 1024K, 1 young (1024K), 1 survivors (1024K)
 Metaspace       used 4773K, committed 4992K, reserved 1114112K
  class space    used 486K, committed 640K, reserved 1048576K
}
Event: 1.264 GC heap before
{Heap before GC invocations=21 (full 0):
 garbage-first heap   total 133120K, used 80390K [0x00000000c2e00000, 0x0000000100000000)
  region size 1024K, 5 young (5120K), 1 survivors (1024K)
 Metaspace       used 4793K, committed 4992K, reserved 1114112K
  class space    used 488K, committed 640K, reserved 1048576K
}
Event: 1.264 GC heap after
{Heap after GC invocations=22 (full 0):
 garbage-first heap   total 133120K, used 77312K [0x00000000c2e00000, 0x0000000100000000)
  region size 1024K, 1 young (1024K), 1 survivors (1024K)
 Metaspace       used 4793K, committed 4992K, reserved 1114112K
  class space    used 488K, committed 640K, reserved 1048576K
}
Event: 1.369 GC heap before
{Heap before GC invocations=23 (full 0):
 garbage-first heap   total 152576K, used 99840K [0x00000000c2e00000, 0x0000000100000000)
  region size 1024K, 13 young (13312K), 1 survivors (1024K)
 Metaspace       used 4796K, committed 4992K, reserved 1114112K
  class space    used 489K, committed 640K, reserved 1048576K
}
Event: 1.369 GC heap after
{Heap after GC invocations=24 (full 0):
 garbage-first heap   total 152576K, used 88591K [0x00000000c2e00000, 0x0000000100000000)
  region size 1024K, 1 young (1024K), 1 survivors (1024K)
 Metaspace       used 4796K, committed 4992K, reserved 1114112K
  class space    used 489K, committed 640K, reserved 1048576K
}
Event: 1.457 GC heap before
{Heap before GC invocations=25 (full 0):
 garbage-first heap   total 157696K, used 93711K [0x00000000c2e00000, 0x0000000100000000)
  region size 1024K, 4 young (4096K), 1 survivors (1024K)
 Metaspace       used 4796K, committed 4992K, reserved 1114112K
  class space    used 489K, committed 640K, reserved 1048576K
}
Event: 1.458 GC heap after
{Heap after GC invocations=26 (full 0):
 garbage-first heap   total 157696K, used 91652K [0x00000000c2e00000, 0x0000000100000000)
  region size 1024K, 1 young (1024K), 1 survivors (1024K)
 Metaspace       used 4796K, committed 4992K, reserved 1114112K
  class space    used 489K, committed 640K, reserved 1048576K
}
Event: 1.511 GC heap before
{Heap before GC invocations=27 (full 0):
 garbage-first heap   total 173056K, used 110084K [0x00000000c2e00000, 0x0000000100000000)
  region size 1024K, 11 young (11264K), 1 survivors (1024K)
 Metaspace       used 4797K, committed 4992K, reserved 1114112K
  class space    used 489K, committed 640K, reserved 1048576K
}
Event: 1.512 GC heap after
{Heap after GC invocations=28 (full 0):
 garbage-first heap   total 173056K, used 100882K [0x00000000c2e00000, 0x0000000100000000)
  region size 1024K, 1 young (1024K), 1 survivors (1024K)
 Metaspace       used 4797K, committed 4992K, reserved 1114112K
  class space    used 489K, committed 640K, reserved 1048576K
}
Event: 1.560 GC heap before
{Heap before GC invocations=29 (full 0):
 garbage-first heap   total 178176K, used 106002K [0x00000000c2e00000, 0x0000000100000000)
  region size 1024K, 4 young (4096K), 1 survivors (1024K)
 Metaspace       used 4799K, committed 5056K, reserved 1114112K
  class space    used 489K, committed 640K, reserved 1048576K
}
Event: 1.560 GC heap after
{Heap after GC invocations=30 (full 0):
 garbage-first heap   total 178176K, used 103953K [0x00000000c2e00000, 0x0000000100000000)
  region size 1024K, 1 young (1024K), 1 survivors (1024K)
 Metaspace       used 4799K, committed 5056K, reserved 1114112K
  class space    used 489K, committed 640K, reserved 1048576K
}
Event: 1.827 GC heap before
{Heap before GC invocations=31 (full 0):
 garbage-first heap   total 240640K, used 180753K [0x00000000c2e00000, 0x0000000100000000)
  region size 1024K, 40 young (40960K), 1 survivors (1024K)
 Metaspace       used 4799K, committed 5056K, reserved 1114112K
  class space    used 489K, committed 640K, reserved 1048576K
}
Event: 1.828 GC heap after
{Heap after GC invocations=32 (full 0):
 garbage-first heap   total 240640K, used 142883K [0x00000000c2e00000, 0x0000000100000000)
  region size 1024K, 1 young (1024K), 1 survivors (1024K)
 Metaspace       used 4799K, committed 5056K, reserved 1114112K
  class space    used 489K, committed 640K, reserved 1048576K
}
Event: 2.232 GC heap before
{Heap before GC invocations=33 (full 0):
 garbage-first heap   total 247808K, used 150051K [0x00000000c2e00000, 0x0000000100000000)
  region size 1024K, 6 young (6144K), 1 survivors (1024K)
 Metaspace       used 6295K, committed 6528K, reserved 1114112K
  class space    used 671K, committed 768K, reserved 1048576K
}
Event: 2.234 GC heap after
{Heap after GC invocations=34 (full 0):
 garbage-first heap   total 247808K, used 146169K [0x00000000c2e00000, 0x0000000100000000)
  region size 1024K, 1 young (1024K), 1 survivors (1024K)
 Metaspace       used 6295K, committed 6528K, reserved 1114112K
  class space    used 671K, committed 768K, reserved 1048576K
}

Dll operation events (10 events):
Event: 0.012 Loaded shared library C:\Program Files\java\jdk-20\bin\java.dll
Event: 0.038 Loaded shared library C:\Program Files\java\jdk-20\bin\jsvml.dll
Event: 0.090 Loaded shared library C:\Program Files\java\jdk-20\bin\net.dll
Event: 0.092 Loaded shared library C:\Program Files\java\jdk-20\bin\nio.dll
Event: 0.126 Loaded shared library C:\Program Files\java\jdk-20\bin\zip.dll
Event: 0.140 Loaded shared library C:\Program Files\java\jdk-20\bin\jimage.dll
Event: 0.160 Loaded shared library C:\Program Files\java\jdk-20\bin\awt.dll
Event: 0.432 Loaded shared library C:\Program Files\java\jdk-20\bin\javajpeg.dll
Event: 2.063 Loaded shared library C:\Program Files\java\jdk-20\bin\freetype.dll
Event: 2.066 Loaded shared library C:\Program Files\java\jdk-20\bin\fontmanager.dll

Deoptimization events (20 events):
Event: 0.697 Thread 0x000001f77ab604a0 DEOPT PACKING pc=0x000001f722bb1e29 sp=0x000000ec598fe4f0
Event: 0.697 Thread 0x000001f77ab604a0 DEOPT UNPACKING pc=0x000001f72a01a4c2 sp=0x000000ec598fd980 mode 0
Event: 0.700 Thread 0x000001f77ab604a0 DEOPT PACKING pc=0x000001f722bb1e29 sp=0x000000ec598fe4f0
Event: 0.700 Thread 0x000001f77ab604a0 DEOPT UNPACKING pc=0x000001f72a01a4c2 sp=0x000000ec598fd980 mode 0
Event: 0.703 Thread 0x000001f77ab604a0 DEOPT PACKING pc=0x000001f722bb1e29 sp=0x000000ec598fe4f0
Event: 0.703 Thread 0x000001f77ab604a0 DEOPT UNPACKING pc=0x000001f72a01a4c2 sp=0x000000ec598fd980 mode 0
Event: 2.016 Thread 0x000001f77c2fea20 Uncommon trap: trap_request=0xffffff45 fr.pc=0x000001f72a58658c relative=0x000000000000018c
Event: 2.016 Thread 0x000001f77c2fea20 Uncommon trap: reason=unstable_if action=reinterpret pc=0x000001f72a58658c method=java.util.concurrent.locks.ReentrantLock$NonfairSync.initialTryLock()Z @ 25 c2
Event: 2.016 Thread 0x000001f77c2fea20 DEOPT PACKING pc=0x000001f72a58658c sp=0x000000ec596feee0
Event: 2.016 Thread 0x000001f77c2fea20 DEOPT UNPACKING pc=0x000001f72a019d22 sp=0x000000ec596fedc8 mode 2
Event: 2.017 Thread 0x000001f77c2fea20 Uncommon trap: trap_request=0xffffff45 fr.pc=0x000001f72a589254 relative=0x00000000000000d4
Event: 2.017 Thread 0x000001f77c2fea20 Uncommon trap: reason=unstable_if action=reinterpret pc=0x000001f72a589254 method=java.util.concurrent.locks.ReentrantLock$Sync.tryRelease(I)Z @ 26 c2
Event: 2.017 Thread 0x000001f77c2fea20 DEOPT PACKING pc=0x000001f72a589254 sp=0x000000ec596fee90
Event: 2.017 Thread 0x000001f77c2fea20 DEOPT UNPACKING pc=0x000001f72a019d22 sp=0x000000ec596fee30 mode 2
Event: 2.114 Thread 0x000001f71a9a6df0 Uncommon trap: trap_request=0xffffff45 fr.pc=0x000001f72a580400 relative=0x0000000000000200
Event: 2.114 Thread 0x000001f71a9a6df0 Uncommon trap: reason=unstable_if action=reinterpret pc=0x000001f72a580400 method=java.lang.StringUTF16.compress([CI[BII)I @ 20 c2
Event: 2.114 Thread 0x000001f71a9a6df0 DEOPT PACKING pc=0x000001f72a580400 sp=0x000000ec583fddc0
Event: 2.114 Thread 0x000001f71a9a6df0 DEOPT UNPACKING pc=0x000001f72a019d22 sp=0x000000ec583fdd30 mode 2
Event: 2.151 Thread 0x000001f71a9a6df0 DEOPT PACKING pc=0x000001f722a9a857 sp=0x000000ec583fdf10
Event: 2.151 Thread 0x000001f71a9a6df0 DEOPT UNPACKING pc=0x000001f72a01a4c2 sp=0x000000ec583fd330 mode 0

Classes loaded (20 events):
Event: 2.231 Loading class sun/java2d/opengl/OGLGraphicsConfig done
Event: 2.231 Loading class sun/java2d/opengl/WGLGraphicsConfig done
Event: 2.231 Loading class sun/awt/image/BufImgVolatileSurfaceManager
Event: 2.231 Loading class sun/awt/image/BufImgVolatileSurfaceManager done
Event: 2.236 Loading class sun/awt/image/BufImgSurfaceData
Event: 2.236 Loading class sun/awt/image/BufImgSurfaceData done
Event: 2.236 Loading class sun/awt/image/BufImgSurfaceData$ICMColorData
Event: 2.236 Loading class sun/awt/image/BufImgSurfaceData$ICMColorData done
Event: 2.237 Loading class sun/awt/image/BufferedImageDevice
Event: 2.237 Loading class sun/awt/image/BufferedImageDevice done
Event: 2.241 Loading class sun/swing/SwingUtilities2$KeyPair
Event: 2.241 Loading class sun/swing/SwingUtilities2$KeyPair done
Event: 2.241 Loading class sun/font/FontDesignMetrics
Event: 2.241 Loading class java/awt/FontMetrics
Event: 2.241 Loading class java/awt/FontMetrics done
Event: 2.241 Loading class sun/font/FontDesignMetrics done
Event: 2.242 Loading class sun/font/FontDesignMetrics$MetricsKey
Event: 2.242 Loading class sun/font/FontDesignMetrics$MetricsKey done
Event: 2.242 Loading class sun/font/FontStrikeDesc
Event: 2.243 Loading class sun/font/FontStrikeDesc done

Classes unloaded (0 events):
No events

Classes redefined (0 events):
No events

Internal exceptions (16 events):
Event: 0.093 Thread 0x000001f71a9a6df0 Exception <a 'sun/nio/fs/WindowsException'{0x00000000c6a3f158}> (0x00000000c6a3f158) 
thrown [s\open\src\hotspot\share\prims\jni.cpp, line 519]
Event: 0.095 Thread 0x000001f71a9a6df0 Exception <a 'sun/nio/fs/WindowsException'{0x00000000c6a41780}> (0x00000000c6a41780) 
thrown [s\open\src\hotspot\share\prims\jni.cpp, line 519]
Event: 0.095 Thread 0x000001f71a9a6df0 Exception <a 'sun/nio/fs/WindowsException'{0x00000000c6a422e8}> (0x00000000c6a422e8) 
thrown [s\open\src\hotspot\share\prims\jni.cpp, line 519]
Event: 0.147 Thread 0x000001f71a9a6df0 Exception <a 'java/lang/ClassNotFoundException'{0x00000000c69462d8}: sun/awt/resources/spi/awtProvider> (0x00000000c69462d8) 
thrown [s\open\src\hotspot\share\classfile\systemDictionary.cpp, line 305]
Event: 0.177 Thread 0x000001f71a9a6df0 Exception <a 'java/io/FileNotFoundException'{0x00000000c699cbf8}> (0x00000000c699cbf8) 
thrown [s\open\src\hotspot\share\prims\jni.cpp, line 519]
Event: 0.186 Thread 0x000001f71a9a6df0 Exception <a 'java/io/FileNotFoundException'{0x00000000c69c6c08}> (0x00000000c69c6c08) 
thrown [s\open\src\hotspot\share\prims\jni.cpp, line 519]
Event: 0.281 Thread 0x000001f71a9a6df0 Exception <a 'java/lang/NoSuchMethodError'{0x00000000c68e1a48}: 'void java.lang.invoke.DirectMethodHandle$Holder.invokeSpecial(java.lang.Object, java.lang.Object, java.lang.Object)'> (0x00000000c68e1a48) 
thrown [s\open\src\hotspot\share\interpreter\linkResolver.cpp, line 773]
Event: 0.291 Thread 0x000001f71a9a6df0 Exception <a 'java/lang/NoSuchMethodError'{0x00000000c670c730}: 'java.lang.Object java.lang.invoke.DirectMethodHandle$Holder.newInvokeSpecial(java.lang.Object, java.lang.Object, java.lang.Object, java.lang.Object, java.lang.Object)'> (0x00000000c670c730) 
thrown [s\open\src\hotspot\share\interpreter\linkResolver.cpp, line 773]
Event: 0.299 Thread 0x000001f71a9a6df0 Exception <a 'java/lang/NoSuchMethodError'{0x00000000c673cfd8}: 'java.lang.Object java.lang.invoke.DirectMethodHandle$Holder.invokeStatic(java.lang.Object, int, java.lang.Object)'> (0x00000000c673cfd8) 
thrown [s\open\src\hotspot\share\interpreter\linkResolver.cpp, line 773]
Event: 0.328 Thread 0x000001f71a9a6df0 Exception <a 'java/lang/ClassNotFoundException'{0x00000000c6630220}: com/sun/swing/internal/plaf/metal/resources/spi/metalProvider> (0x00000000c6630220) 
thrown [s\open\src\hotspot\share\classfile\systemDictionary.cpp, line 305]
Event: 0.329 Thread 0x000001f71a9a6df0 Exception <a 'java/lang/ClassNotFoundException'{0x00000000c6634130}: com/sun/swing/internal/plaf/basic/resources/spi/basicProvider> (0x00000000c6634130) 
thrown [s\open\src\hotspot\share\classfile\systemDictionary.cpp, line 305]
Event: 0.340 Thread 0x000001f71a9a6df0 Exception <a 'java/lang/NoSuchMethodError'{0x00000000c6653648}: 'int java.lang.invoke.Invokers$Holder.invokeExact_MT(java.lang.Object, java.lang.Object)'> (0x00000000c6653648) 
thrown [s\open\src\hotspot\share\interpreter\linkResolver.cpp, line 773]
Event: 0.435 Thread 0x000001f77ab604a0 Exception <a 'java/lang/NoSuchMethodError'{0x00000000c6423e40}: 'java.lang.Object java.lang.invoke.DirectMethodHandle$Holder.newInvokeSpecial(java.lang.Object, java.lang.Object, java.lang.Object, int, int, int, int, int)'> (0x00000000c6423e40) 
thrown [s\open\src\hotspot\share\interpreter\linkResolver.cpp, line 773]
Event: 0.683 Thread 0x000001f77ab604a0 Implicit null exception at 0x000001f72a587820 to 0x000001f72a587f84
Event: 2.024 Thread 0x000001f77aad7c50 Exception <a 'java/lang/NoSuchMethodError'{0x00000000d1d085b0}: 'void java.lang.invoke.DirectMethodHandle$Holder.invokeVirtual(java.lang.Object, java.lang.Object)'> (0x00000000d1d085b0) 
thrown [s\open\src\hotspot\share\interpreter\linkResolver.cpp, line 773]
Event: 2.054 Thread 0x000001f71a9a6df0 Exception <a 'java/lang/NoSuchMethodError'{0x00000000d1ea2de8}: 'void java.lang.invoke.DirectMethodHandle$Holder.invokeStaticInit(java.lang.Object)'> (0x00000000d1ea2de8) 
thrown [s\open\src\hotspot\share\interpreter\linkResolver.cpp, line 773]

VM Operations (20 events):
Event: 1.520 Executing VM operation: G1PauseRemark done
Event: 1.522 Executing VM operation: G1PauseCleanup
Event: 1.523 Executing VM operation: G1PauseCleanup done
Event: 1.560 Executing VM operation: G1TryInitiateConcMark
Event: 1.560 Executing VM operation: G1TryInitiateConcMark done
Event: 1.568 Executing VM operation: G1PauseRemark
Event: 1.584 Executing VM operation: G1PauseRemark done
Event: 1.585 Executing VM operation: G1PauseCleanup
Event: 1.586 Executing VM operation: G1PauseCleanup done
Event: 1.827 Executing VM operation: G1TryInitiateConcMark
Event: 1.828 Executing VM operation: G1TryInitiateConcMark done
Event: 1.835 Executing VM operation: G1PauseRemark
Event: 1.836 Executing VM operation: G1PauseRemark done
Event: 1.838 Executing VM operation: G1PauseCleanup
Event: 1.838 Executing VM operation: G1PauseCleanup done
Event: 2.035 Executing VM operation: HandshakeAllThreads
Event: 2.035 Executing VM operation: HandshakeAllThreads done
Event: 2.232 Executing VM operation: G1TryInitiateConcMark
Event: 2.234 Executing VM operation: G1TryInitiateConcMark done
Event: 2.242 Executing VM operation: G1PauseRemark

Events (20 events):
Event: 1.068 Thread 0x000001f77651ffc0 flushing nmethod 0x000001f722b50410
Event: 1.185 Thread 0x000001f77651ffc0 flushing nmethod 0x000001f722bb0910
Event: 1.185 Thread 0x000001f77651ffc0 flushing nmethod 0x000001f722baf610
Event: 1.185 Thread 0x000001f77651ffc0 flushing nmethod 0x000001f722baf110
Event: 1.185 Thread 0x000001f77651ffc0 flushing nmethod 0x000001f722bae490
Event: 1.185 Thread 0x000001f77651ffc0 flushing nmethod 0x000001f722bad790
Event: 1.244 Thread 0x000001f77651ffc0 flushing nmethod 0x000001f722b32110
Event: 1.244 Thread 0x000001f77651ffc0 flushing nmethod 0x000001f722ab9010
Event: 1.271 Thread 0x000001f77aad4a20 Thread exited: 0x000001f77aad4a20
Event: 1.377 Thread 0x000001f77651ffc0 flushing nmethod 0x000001f722aba410
Event: 1.377 Thread 0x000001f77651ffc0 flushing nmethod 0x000001f722aad790
Event: 1.377 Thread 0x000001f77651ffc0 flushing nmethod 0x000001f722ab8290
Event: 1.520 Thread 0x000001f77651ffc0 flushing nmethod 0x000001f722aad410
Event: 1.583 Thread 0x000001f77651ffc0 flushing nmethod 0x000001f722bb1010
Event: 1.835 Thread 0x000001f77651ffc0 flushing nmethod 0x000001f722b5db10
Event: 2.010 Thread 0x000001f77c2fea20 Thread added: 0x000001f77c2fea20
Event: 2.016 Thread 0x000001f77aad7250 Thread added: 0x000001f77aad7250
Event: 2.017 Thread 0x000001f77c034070 Thread added: 0x000001f77c034070
Event: 2.214 Thread 0x000001f71a9a6df0 Thread exited: 0x000001f71a9a6df0
Event: 2.214 Thread 0x000001f71a9a6df0 Thread added: 0x000001f71a9a6df0


Dynamic libraries:
0x00007ff732ab0000 - 0x00007ff732ac0000 	C:\Program Files\java\jdk-20\bin\java.exe
0x00007ffe4ff30000 - 0x00007ffe50144000 	C:\WINDOWS\SYSTEM32\ntdll.dll
0x00007ffe4f2c0000 - 0x00007ffe4f384000 	C:\WINDOWS\System32\KERNEL32.DLL
0x00007ffe4d850000 - 0x00007ffe4dbf4000 	C:\WINDOWS\System32\KERNELBASE.dll
0x00007ffe44050000 - 0x00007ffe44069000 	C:\Program Files\java\jdk-20\bin\jli.dll
0x00007ffe4e850000 - 0x00007ffe4e900000 	C:\WINDOWS\System32\ADVAPI32.dll
0x00007ffe4eac0000 - 0x00007ffe4eb67000 	C:\WINDOWS\System32\msvcrt.dll
0x00007ffe4fbc0000 - 0x00007ffe4fc66000 	C:\WINDOWS\System32\sechost.dll
0x00007ffe4f8b0000 - 0x00007ffe4f9c7000 	C:\WINDOWS\System32\RPCRT4.dll
0x00007ffe4d450000 - 0x00007ffe4d561000 	C:\WINDOWS\System32\ucrtbase.dll
0x00007ffe43f30000 - 0x00007ffe43f4b000 	C:\Program Files\java\jdk-20\bin\VCRUNTIME140.dll
0x00007ffe4f110000 - 0x00007ffe4f2be000 	C:\WINDOWS\System32\USER32.dll
0x00007ffe33520000 - 0x00007ffe337b3000 	C:\WINDOWS\WinSxS\amd64_microsoft.windows.common-controls_6595b64144ccf1df_6.0.22621.2215_none_270d72677387dfc3\COMCTL32.dll
0x00007ffe4fdd0000 - 0x00007ffe4fdf9000 	C:\WINDOWS\System32\GDI32.dll
0x00007ffe4d7a0000 - 0x00007ffe4d7c6000 	C:\WINDOWS\System32\win32u.dll
0x00007ffe4d680000 - 0x00007ffe4d798000 	C:\WINDOWS\System32\gdi32full.dll
0x00007ffe4d5e0000 - 0x00007ffe4d67a000 	C:\WINDOWS\System32\msvcp_win.dll
0x00007ffe45770000 - 0x00007ffe4577a000 	C:\WINDOWS\SYSTEM32\VERSION.dll
0x00007ffe4ef00000 - 0x00007ffe4ef31000 	C:\WINDOWS\System32\IMM32.DLL
0x00007ffe43f20000 - 0x00007ffe43f2c000 	C:\Program Files\java\jdk-20\bin\vcruntime140_1.dll
0x00007ffdff060000 - 0x00007ffdff0ee000 	C:\Program Files\java\jdk-20\bin\msvcp140.dll
0x00007ffded720000 - 0x00007ffdee3b8000 	C:\Program Files\java\jdk-20\bin\server\jvm.dll
0x00007ffe331f0000 - 0x00007ffe331f9000 	C:\WINDOWS\SYSTEM32\WSOCK32.dll
0x00007ffe45e30000 - 0x00007ffe45e64000 	C:\WINDOWS\SYSTEM32\WINMM.dll
0x00007ffe4fe00000 - 0x00007ffe4fe71000 	C:\WINDOWS\System32\WS2_32.dll
0x00007ffe4c330000 - 0x00007ffe4c348000 	C:\WINDOWS\SYSTEM32\kernel.appcore.dll
0x00007ffe43f10000 - 0x00007ffe43f1a000 	C:\Program Files\java\jdk-20\bin\jimage.dll
0x00007ffe4a640000 - 0x00007ffe4a86e000 	C:\WINDOWS\SYSTEM32\DBGHELP.DLL
0x00007ffe4eb70000 - 0x00007ffe4eefa000 	C:\WINDOWS\System32\combase.dll
0x00007ffe4fcf0000 - 0x00007ffe4fdc7000 	C:\WINDOWS\System32\OLEAUT32.dll
0x00007ffe44860000 - 0x00007ffe44892000 	C:\WINDOWS\SYSTEM32\dbgcore.DLL
0x00007ffe4d7d0000 - 0x00007ffe4d84a000 	C:\WINDOWS\System32\bcryptPrimitives.dll
0x00007ffe400d0000 - 0x00007ffe400f6000 	C:\Program Files\java\jdk-20\bin\java.dll
0x00007ffdffcf0000 - 0x00007ffdffdc7000 	C:\Program Files\java\jdk-20\bin\jsvml.dll
0x00007ffe4e020000 - 0x00007ffe4e843000 	C:\WINDOWS\System32\SHELL32.dll
0x00007ffe4b270000 - 0x00007ffe4bb5a000 	C:\WINDOWS\SYSTEM32\windows.storage.dll
0x00007ffe4b130000 - 0x00007ffe4b26e000 	C:\WINDOWS\SYSTEM32\wintypes.dll
0x00007ffe4fac0000 - 0x00007ffe4fbb3000 	C:\WINDOWS\System32\SHCORE.dll
0x00007ffe4ea50000 - 0x00007ffe4eaae000 	C:\WINDOWS\System32\shlwapi.dll
0x00007ffe4d210000 - 0x00007ffe4d236000 	C:\WINDOWS\SYSTEM32\profapi.dll
0x00007ffe43920000 - 0x00007ffe43933000 	C:\Program Files\java\jdk-20\bin\net.dll
0x00007ffe46c20000 - 0x00007ffe46d57000 	C:\WINDOWS\SYSTEM32\WINHTTP.dll
0x00007ffe4c7b0000 - 0x00007ffe4c819000 	C:\WINDOWS\system32\mswsock.dll
0x00007ffe400b0000 - 0x00007ffe400c6000 	C:\Program Files\java\jdk-20\bin\nio.dll
0x00007ffe29e50000 - 0x00007ffe29e68000 	C:\Program Files\java\jdk-20\bin\zip.dll
0x00007ffdffb50000 - 0x00007ffdffce1000 	C:\Program Files\java\jdk-20\bin\awt.dll
0x00007ffe48f90000 - 0x00007ffe49027000 	C:\WINDOWS\SYSTEM32\apphelp.dll
0x00007ffe4acc0000 - 0x00007ffe4aceb000 	C:\WINDOWS\system32\DWMAPI.DLL
0x00007ffe4a590000 - 0x00007ffe4a63b000 	C:\WINDOWS\system32\uxtheme.dll
0x00007ffe14080000 - 0x00007ffe14180000 	C:\WINDOWS\system32\opengl32.dll
0x00007ffe14050000 - 0x00007ffe1407d000 	C:\WINDOWS\SYSTEM32\GLU32.dll
0x00007ffe4a8a0000 - 0x00007ffe4a8d8000 	C:\WINDOWS\SYSTEM32\dxcore.dll
0x00007ffe4e900000 - 0x00007ffe4ea49000 	C:\WINDOWS\System32\MSCTF.dll
0x00007ffe4ddc0000 - 0x00007ffe4df5e000 	C:\WINDOWS\System32\ole32.dll
0x00007ffe43fe0000 - 0x00007ffe4400e000 	C:\Program Files\java\jdk-20\bin\javajpeg.dll
0x00007ffded690000 - 0x00007ffded716000 	C:\Program Files\java\jdk-20\bin\freetype.dll
0x00007ffded5b0000 - 0x00007ffded683000 	C:\Program Files\java\jdk-20\bin\fontmanager.dll
0x00007ffe39860000 - 0x00007ffe399a4000 	C:\WINDOWS\SYSTEM32\textinputframework.dll

dbghelp: loaded successfully - version: 4.0.5 - missing functions: none
symbol engine: initialized successfully - sym options: 0x614 - pdb path: .;C:\Program Files\java\jdk-20\bin;C:\WINDOWS\SYSTEM32;C:\WINDOWS\WinSxS\amd64_microsoft.windows.common-controls_6595b64144ccf1df_6.0.22621.2215_none_270d72677387dfc3;C:\Program Files\java\jdk-20\bin\server

VM Arguments:
jvm_args: -Dfile.encoding=UTF-8 --module-path=C:\Users\Aryan Tambde\OneDrive\Desktop\Project\Travel Management System\build\classes 
java_command: travel.management.system.CheckHotels
java_class_path (initial): C:\Users\Aryan Tambde\Downloads\mysql-connector-java-8.0.28.jar;C:\Users\Aryan Tambde\OneDrive\Desktop\Project\Travel Management System\build\classes
Launcher Type: SUN_STANDARD

[Global flags]
     intx CICompilerCount                          = 3                                         {product} {ergonomic}
     uint ConcGCThreads                            = 1                                         {product} {ergonomic}
     uint G1ConcRefinementThreads                  = 4                                         {product} {ergonomic}
   size_t G1HeapRegionSize                         = 1048576                                   {product} {ergonomic}
    uintx GCDrainStackTargetSize                   = 64                                        {product} {ergonomic}
   size_t InitialHeapSize                          = 65011712                                  {product} {ergonomic}
   size_t MarkStackSize                            = 4194304                                   {product} {ergonomic}
   size_t MaxHeapSize                              = 1025507328                                {product} {ergonomic}
   size_t MaxNewSize                               = 614465536                                 {product} {ergonomic}
   size_t MinHeapDeltaBytes                        = 1048576                                   {product} {ergonomic}
   size_t MinHeapSize                              = 8388608                                   {product} {ergonomic}
    uintx NonNMethodCodeHeapSize                   = 5832780                                {pd product} {ergonomic}
    uintx NonProfiledCodeHeapSize                  = 122912730                              {pd product} {ergonomic}
    uintx ProfiledCodeHeapSize                     = 122912730                              {pd product} {ergonomic}
    uintx ReservedCodeCacheSize                    = 251658240                              {pd product} {ergonomic}
     bool SegmentedCodeCache                       = true                                      {product} {ergonomic}
   size_t SoftMaxHeapSize                          = 1025507328                             {manageable} {ergonomic}
     bool UseCompressedClassPointers               = true                           {product lp64_product} {ergonomic}
     bool UseCompressedOops                        = true                           {product lp64_product} {ergonomic}
     bool UseG1GC                                  = true                                      {product} {ergonomic}
     bool UseLargePagesIndividualAllocation        = false                                  {pd product} {ergonomic}

Logging:
Log output configuration:
 #0: stdout all=warning uptime,level,tags foldmultilines=false
 #1: stderr all=off uptime,level,tags foldmultilines=false

Environment Variables:
PATH=C:\Program Files\Common Files\Oracle\Java\javapath;C:\Program Files (x86)\NVIDIA Corporation\PhysX\Common;C:\WINDOWS\system32;C:\WINDOWS;C:\WINDOWS\System32\Wbem;C:\WINDOWS\System32\WindowsPowerShell\v1.0\;C:\WINDOWS\System32\OpenSSH\;C:\Program Files (x86)\Intel\Intel(R) Management Engine Components\DAL;C:\Program Files\Intel\Intel(R) Management Engine Components\DAL;C:\Program Files\dotnet\;C:\MinGW\bin;C:\Program Files\java\jdk-20.0.2\bin;C:\Program Files\MySQL\MySQL Shell 8.0\bin\;C:\Users\Aryan Tambde\AppData\Local\Microsoft\WindowsApps;D:\IntelliJ IDEA 2023.2\bin;
USERNAME=Aryan Tambde
OS=Windows_NT
PROCESSOR_IDENTIFIER=Intel64 Family 6 Model 142 Stepping 12, GenuineIntel
TMP=C:\Users\Aryan Tambde\AppData\Local\Temp
TEMP=C:\Users\Aryan Tambde\AppData\Local\Temp




---------------  S Y S T E M  ---------------

OS:
 Windows 11 , 64 bit Build 22621 (10.0.22621.2215)
OS uptime: 0 days 7:22 hours

CPU: total 4 (initial active 4) (2 cores per cpu, 2 threads per core) family 6 model 142 stepping 12 microcode 0xf8, cx8, cmov, fxsr, ht, mmx, 3dnowpref, sse, sse2, sse3, ssse3, sse4.1, sse4.2, popcnt, lzcnt, tsc, tscinvbit, avx, avx2, aes, erms, clmul, bmi1, bmi2, adx, fma, vzeroupper, clflush, clflushopt, rdtscp, f16c

Memory: 4k page, system-wide physical 3910M (233M free)
TotalPageFile size 15686M (AvailPageFile size 4M)
current process WorkingSet (physical memory assigned to process): 243M, peak: 243M
current process commit charge ("private bytes"): 329M, peak: 332M

vm_info: Java HotSpot(TM) 64-Bit Server VM (20.0.2+9-78) for windows-amd64 JRE (20.0.2+9-78), built on 2023-06-14T10:08:48Z by "mach5one" with MS VC++ 17.1 (VS2022)

END.
