#
# There is insufficient memory for the Java Runtime Environment to continue.
# Native memory allocation (mmap) failed to map 254803968 bytes for G1 virtual space
# Possible reasons:
#   The system is out of physical RAM or swap space
#   The process is running with CompressedOops enabled, and the Java Heap may be blocking the growth of the native heap
# Possible solutions:
#   Reduce memory load on the system
#   Increase physical memory or swap space
#   Check if swap backing store is full
#   Decrease Java heap size (-Xmx/-Xms)
#   Decrease number of Java threads
#   Decrease Java thread stack sizes (-Xss)
#   Set larger code cache with -XX:ReservedCodeCacheSize=
#   JVM is running with Unscaled Compressed Oops mode in which the Java heap is
#     placed in the first 4GB address space. The Java Heap base address is the
#     maximum limit for the native heap growth. Please use -XX:HeapBaseMinAddress
#     to set the Java Heap base and to place the Java Heap above 4GB virtual address.
# This output file may be truncated or incomplete.
#
#  Out of Memory Error (os_windows.cpp:3550), pid=32372, tid=32408
#
# JRE version: Java(TM) SE Runtime Environment (17.0.8+9) (build 17.0.8+9-LTS-211)
# Java VM: Java HotSpot(TM) 64-Bit Server VM (17.0.8+9-LTS-211, mixed mode, sharing, tiered, compressed oops, compressed class ptrs, g1 gc, windows-amd64)
# No core dump will be written. Minidumps are not enabled by default on client versions of Windows
#

---------------  S U M M A R Y ------------

Command Line: -Dfile.encoding=UTF-8 --module-path=C:\Users\prana\OneDrive\Documents\NetBeansProjects\travel management systemm\build\classes travel.management.systemm.Loading

Host: AMD Ryzen 5 5500U with Radeon Graphics         , 12 cores, 7G,  Windows 11 , 64 bit Build 22621 (10.0.22621.1194)
Time: Tue Oct 10 12:01:39 2023 India Standard Time elapsed time: 1173.113822 seconds (0d 0h 19m 33s)

---------------  T H R E A D  ---------------

Current thread (0x0000025a28a7ea10):  VMThread "VM Thread" [stack: 0x000000bc96200000,0x000000bc96300000] [id=32408]

Stack: [0x000000bc96200000,0x000000bc96300000]
Native frames: (J=compiled Java code, j=interpreted, Vv=VM code, C=native code)
V  [jvm.dll+0x677d0a]
V  [jvm.dll+0x7d8c54]
V  [jvm.dll+0x7da3fe]
V  [jvm.dll+0x7daa63]
V  [jvm.dll+0x245c5f]
V  [jvm.dll+0x674bb9]
V  [jvm.dll+0x6694f2]
V  [jvm.dll+0x3031d6]
V  [jvm.dll+0x30a756]
V  [jvm.dll+0x359f9e]
V  [jvm.dll+0x35a1cf]
V  [jvm.dll+0x2da3e8]
V  [jvm.dll+0x2d87f5]
V  [jvm.dll+0x2d7dfc]
V  [jvm.dll+0x31b7f1]
V  [jvm.dll+0x7df26b]
V  [jvm.dll+0x7dffa4]
V  [jvm.dll+0x7e04bd]
V  [jvm.dll+0x7e0894]
V  [jvm.dll+0x7e0960]
V  [jvm.dll+0x788bba]
V  [jvm.dll+0x676b35]
C  [ucrtbase.dll+0x29363]
C  [KERNEL32.DLL+0x126bd]
C  [ntdll.dll+0x5dfb8]

VM_Operation (0x000000bc95afdfe8): G1TryInitiateConcMark, mode: safepoint, requested by thread 0x0000025a70e1b0a0


---------------  P R O C E S S  ---------------

Threads class SMR info:
_java_thread_list=0x0000025a70fd8e50, length=20, elements={
0x0000025a28a863c0, 0x0000025a28a86d70, 0x0000025a28a9a520, 0x0000025a28a9b5f0,
0x0000025a28a9bfa0, 0x0000025a28a9d960, 0x0000025a28a9e6f0, 0x0000025a28a9f190,
0x0000025a28a9fb80, 0x0000025a28a6ccb0, 0x0000025a6e10b910, 0x0000025a6e254150,
0x0000025a6e33b680, 0x0000025a6e33ea20, 0x0000025a70ad46a0, 0x0000025a0aaba390,
0x0000025a6e119720, 0x0000025a70c4a300, 0x0000025a70c4bfe0, 0x0000025a70e1b0a0
}

Java Threads: ( => current thread )
  0x0000025a28a863c0 JavaThread "Reference Handler" daemon [_thread_blocked, id=29652, stack(0x000000bc96300000,0x000000bc96400000)]
  0x0000025a28a86d70 JavaThread "Finalizer" daemon [_thread_blocked, id=33156, stack(0x000000bc96400000,0x000000bc96500000)]
  0x0000025a28a9a520 JavaThread "Signal Dispatcher" daemon [_thread_blocked, id=20772, stack(0x000000bc96500000,0x000000bc96600000)]
  0x0000025a28a9b5f0 JavaThread "Attach Listener" daemon [_thread_blocked, id=8232, stack(0x000000bc96600000,0x000000bc96700000)]
  0x0000025a28a9bfa0 JavaThread "Service Thread" daemon [_thread_blocked, id=31056, stack(0x000000bc96700000,0x000000bc96800000)]
  0x0000025a28a9d960 JavaThread "Monitor Deflation Thread" daemon [_thread_blocked, id=32676, stack(0x000000bc96800000,0x000000bc96900000)]
  0x0000025a28a9e6f0 JavaThread "C2 CompilerThread0" daemon [_thread_blocked, id=28724, stack(0x000000bc96900000,0x000000bc96a00000)]
  0x0000025a28a9f190 JavaThread "C1 CompilerThread0" daemon [_thread_blocked, id=31908, stack(0x000000bc96a00000,0x000000bc96b00000)]
  0x0000025a28a9fb80 JavaThread "Sweeper thread" daemon [_thread_blocked, id=30876, stack(0x000000bc96b00000,0x000000bc96c00000)]
  0x0000025a28a6ccb0 JavaThread "Common-Cleaner" daemon [_thread_blocked, id=1876, stack(0x000000bc96c00000,0x000000bc96d00000)]
  0x0000025a6e10b910 JavaThread "Notification Thread" daemon [_thread_blocked, id=27568, stack(0x000000bc96d00000,0x000000bc96e00000)]
  0x0000025a6e254150 JavaThread "Java2D Disposer" daemon [_thread_blocked, id=30036, stack(0x000000bc96f00000,0x000000bc97000000)]
  0x0000025a6e33b680 JavaThread "AWT-Shutdown" [_thread_blocked, id=31980, stack(0x000000bc97000000,0x000000bc97100000)]
  0x0000025a6e33ea20 JavaThread "AWT-Windows" daemon [_thread_blocked, id=21144, stack(0x000000bc97100000,0x000000bc97200000)]
  0x0000025a70ad46a0 JavaThread "AWT-EventQueue-0" [_thread_blocked, id=27092, stack(0x000000bc97d00000,0x000000bc97e00000)]
  0x0000025a0aaba390 JavaThread "DestroyJavaVM" [_thread_blocked, id=16288, stack(0x000000bc95c00000,0x000000bc95d00000)]
  0x0000025a6e119720 JavaThread "D3D Screen Updater" daemon [_thread_blocked, id=28700, stack(0x000000bc97e00000,0x000000bc97f00000)]
  0x0000025a70c4a300 JavaThread "mysql-cj-abandoned-connection-cleanup" daemon [_thread_blocked, id=33084, stack(0x000000bc98c00000,0x000000bc98d00000)]
  0x0000025a70c4bfe0 JavaThread "TimerQueue" daemon [_thread_blocked, id=32300, stack(0x000000bc98f00000,0x000000bc99000000)]
  0x0000025a70e1b0a0 JavaThread "Image Fetcher 0" daemon [_thread_blocked, id=7604, stack(0x000000bc95a00000,0x000000bc95b00000)]

Other Threads:
=>0x0000025a28a7ea10 VMThread "VM Thread" [stack: 0x000000bc96200000,0x000000bc96300000] [id=32408]
  0x0000025a0ab2d1e0 WatcherThread [stack: 0x000000bc96e00000,0x000000bc96f00000] [id=21740]
  0x0000025a0ab11c80 GCTaskThread "GC Thread#0" [stack: 0x000000bc95d00000,0x000000bc95e00000] [id=20744]
  0x0000025a73dfb8b0 GCTaskThread "GC Thread#1" [stack: 0x000000bc98000000,0x000000bc98100000] [id=32884]
  0x0000025a740c2cb0 GCTaskThread "GC Thread#2" [stack: 0x000000bc98100000,0x000000bc98200000] [id=22648]
  0x0000025a70e92a50 GCTaskThread "GC Thread#3" [stack: 0x000000bc98200000,0x000000bc98300000] [id=17944]
  0x0000025a70e92d00 GCTaskThread "GC Thread#4" [stack: 0x000000bc98300000,0x000000bc98400000] [id=21840]
  0x0000025a70e93fd0 GCTaskThread "GC Thread#5" [stack: 0x000000bc98400000,0x000000bc98500000] [id=640]
  0x0000025a70e06d70 GCTaskThread "GC Thread#6" [stack: 0x000000bc98500000,0x000000bc98600000] [id=23908]
  0x0000025a70e08030 GCTaskThread "GC Thread#7" [stack: 0x000000bc98600000,0x000000bc98700000] [id=30140]
  0x0000025a70e5d430 GCTaskThread "GC Thread#8" [stack: 0x000000bc98700000,0x000000bc98800000] [id=22280]
  0x0000025a70e5e700 GCTaskThread "GC Thread#9" [stack: 0x000000bc98d00000,0x000000bc98e00000] [id=29556]
  0x0000025a0ab21640 ConcurrentGCThread "G1 Main Marker" [stack: 0x000000bc95e00000,0x000000bc95f00000] [id=1320]
  0x0000025a0ab221b0 ConcurrentGCThread "G1 Conc#0" [stack: 0x000000bc95f00000,0x000000bc96000000] [id=33036]
  0x0000025a70e5ec60 ConcurrentGCThread "G1 Conc#1" [stack: 0x000000bc98a00000,0x000000bc98b00000] [id=25860]
  0x0000025a70e5e450 ConcurrentGCThread "G1 Conc#2" [stack: 0x000000bc98b00000,0x000000bc98c00000] [id=26416]
  0x0000025a289410b0 ConcurrentGCThread "G1 Refine#0" [stack: 0x000000bc96000000,0x000000bc96100000] [id=32040]
  0x0000025a28942880 ConcurrentGCThread "G1 Service" [stack: 0x000000bc96100000,0x000000bc96200000] [id=8732]

Threads with active compile tasks:
C2 CompilerThread0  1173157 3829   !   4       java.awt.Component::firePropertyChange (59 bytes)
C1 CompilerThread0  1173157 3831       3       javax.swing.JLabel::setText (107 bytes)

VM state: at safepoint (normal execution)

VM Mutex/Monitor currently owned by a thread:  ([mutex/lock_event])
[0x0000025a0aab55d0] Threads_lock - owner thread: 0x0000025a28a7ea10
[0x0000025a0aab5270] Heap_lock - owner thread: 0x0000025a70e1b0a0

Heap address: 0x000000008ac00000, size: 1876 MB, Compressed Oops mode: 32-bit

CDS archive(s) mapped at: [0x0000025a29000000-0x0000025a29bd0000-0x0000025a29bd0000), size 12386304, SharedBaseAddress: 0x0000025a29000000, ArchiveRelocationMode: 1.
Compressed class space mapped at: 0x0000025a2a000000-0x0000025a6a000000, reserved size: 1073741824
Narrow klass base: 0x0000025a29000000, Narrow klass shift: 0, Narrow klass range: 0x100000000

GC Precious Log:
 CPUs: 12 total, 12 available
 Memory: 7502M
 Large Page Support: Disabled
 NUMA Support: Disabled
 Compressed Oops: Enabled (32-bit)
 Heap Region Size: 1M
 Heap Min Capacity: 8M
 Heap Initial Capacity: 118M
 Heap Max Capacity: 1876M
 Pre-touch: Disabled
 Parallel Workers: 10
 Concurrent Workers: 3
 Concurrent Refinement Workers: 10
 Periodic GC: Disabled

Heap:
 garbage-first heap   total 332800K, used 161087K [0x000000008ac00000, 0x0000000100000000)
  region size 1024K, 9 young (9216K), 9 survivors (9216K)
 Metaspace       used 20503K, committed 20736K, reserved 1114112K
  class space    used 2265K, committed 2368K, reserved 1048576K

Heap Regions: E=young(eden), S=young(survivor), O=old, HS=humongous(starts), HC=humongous(continues), CS=collection set, F=free, OA=open archive, CA=closed archive, TAMS=top-at-mark-start (previous, next)
|   0|0x000000008ac00000, 0x000000008ad00000, 0x000000008ad00000|100%|HS|  |TAMS 0x000000008ad00000, 0x000000008ad00000| Complete 
|   1|0x000000008ad00000, 0x000000008ae00000, 0x000000008ae00000|100%|HC|  |TAMS 0x000000008ae00000, 0x000000008ae00000| Complete 
|   2|0x000000008ae00000, 0x000000008af00000, 0x000000008af00000|100%| O|  |TAMS 0x000000008af00000, 0x000000008af00000| Untracked 
|   3|0x000000008af00000, 0x000000008b000000, 0x000000008b000000|100%| O|  |TAMS 0x000000008b000000, 0x000000008b000000| Untracked 
|   4|0x000000008b000000, 0x000000008b100000, 0x000000008b100000|100%| O|  |TAMS 0x000000008b100000, 0x000000008b100000| Untracked 
|   5|0x000000008b100000, 0x000000008b200000, 0x000000008b200000|100%| O|  |TAMS 0x000000008b200000, 0x000000008b200000| Untracked 
|   6|0x000000008b200000, 0x000000008b21bc00, 0x000000008b300000| 10%| O|  |TAMS 0x000000008b21bc00, 0x000000008b21bc00| Untracked 
|   7|0x000000008b300000, 0x000000008b400000, 0x000000008b400000|100%|HS|  |TAMS 0x000000008b400000, 0x000000008b400000| Complete 
|   8|0x000000008b400000, 0x000000008b500000, 0x000000008b500000|100%|HC|  |TAMS 0x000000008b500000, 0x000000008b500000| Complete 
|   9|0x000000008b500000, 0x000000008b600000, 0x000000008b600000|100%|HC|  |TAMS 0x000000008b600000, 0x000000008b600000| Complete 
|  10|0x000000008b600000, 0x000000008b700000, 0x000000008b700000|100%|HC|  |TAMS 0x000000008b700000, 0x000000008b700000| Complete 
|  11|0x000000008b700000, 0x000000008b800000, 0x000000008b800000|100%|HC|  |TAMS 0x000000008b800000, 0x000000008b800000| Complete 
|  12|0x000000008b800000, 0x000000008b900000, 0x000000008b900000|100%|HC|  |TAMS 0x000000008b900000, 0x000000008b900000| Complete 
|  13|0x000000008b900000, 0x000000008ba00000, 0x000000008ba00000|100%|HS|  |TAMS 0x000000008ba00000, 0x000000008ba00000| Complete 
|  14|0x000000008ba00000, 0x000000008bb00000, 0x000000008bb00000|100%|HS|  |TAMS 0x000000008bb00000, 0x000000008bb00000| Complete 
|  15|0x000000008bb00000, 0x000000008bc00000, 0x000000008bc00000|100%|HS|  |TAMS 0x000000008bc00000, 0x000000008bc00000| Complete 
|  16|0x000000008bc00000, 0x000000008bd00000, 0x000000008bd00000|100%|HS|  |TAMS 0x000000008bd00000, 0x000000008bd00000| Complete 
|  17|0x000000008bd00000, 0x000000008be00000, 0x000000008be00000|100%|HC|  |TAMS 0x000000008be00000, 0x000000008be00000| Complete 
|  18|0x000000008be00000, 0x000000008bf00000, 0x000000008bf00000|100%|HS|  |TAMS 0x000000008bf00000, 0x000000008bf00000| Complete 
|  19|0x000000008bf00000, 0x000000008c000000, 0x000000008c000000|100%|HS|  |TAMS 0x000000008c000000, 0x000000008c000000| Complete 
|  20|0x000000008c000000, 0x000000008c100000, 0x000000008c100000|100%|HS|  |TAMS 0x000000008c100000, 0x000000008c100000| Complete 
|  21|0x000000008c100000, 0x000000008c200000, 0x000000008c200000|100%|HS|  |TAMS 0x000000008c200000, 0x000000008c200000| Complete 
|  22|0x000000008c200000, 0x000000008c300000, 0x000000008c300000|100%|HS|  |TAMS 0x000000008c300000, 0x000000008c300000| Complete 
|  23|0x000000008c300000, 0x000000008c400000, 0x000000008c400000|100%|HC|  |TAMS 0x000000008c400000, 0x000000008c400000| Complete 
|  24|0x000000008c400000, 0x000000008c500000, 0x000000008c500000|100%|HS|  |TAMS 0x000000008c500000, 0x000000008c500000| Complete 
|  25|0x000000008c500000, 0x000000008c600000, 0x000000008c600000|100%|HS|  |TAMS 0x000000008c600000, 0x000000008c600000| Complete 
|  26|0x000000008c600000, 0x000000008c700000, 0x000000008c700000|100%|HC|  |TAMS 0x000000008c700000, 0x000000008c700000| Complete 
|  27|0x000000008c700000, 0x000000008c800000, 0x000000008c800000|100%|HS|  |TAMS 0x000000008c800000, 0x000000008c800000| Complete 
|  28|0x000000008c800000, 0x000000008c900000, 0x000000008c900000|100%|HS|  |TAMS 0x000000008c900000, 0x000000008c900000| Complete 
|  29|0x000000008c900000, 0x000000008ca00000, 0x000000008ca00000|100%|HS|  |TAMS 0x000000008ca00000, 0x000000008ca00000| Complete 
|  30|0x000000008ca00000, 0x000000008cb00000, 0x000000008cb00000|100%|HC|  |TAMS 0x000000008cb00000, 0x000000008cb00000| Complete 
|  31|0x000000008cb00000, 0x000000008cc00000, 0x000000008cc00000|100%|HC|  |TAMS 0x000000008cc00000, 0x000000008cc00000| Complete 
|  32|0x000000008cc00000, 0x000000008cd00000, 0x000000008cd00000|100%|HC|  |TAMS 0x000000008cd00000, 0x000000008cd00000| Complete 
|  33|0x000000008cd00000, 0x000000008ce00000, 0x000000008ce00000|100%|HS|  |TAMS 0x000000008ce00000, 0x000000008ce00000| Complete 
|  34|0x000000008ce00000, 0x000000008cf00000, 0x000000008cf00000|100%|HS|  |TAMS 0x000000008ce00000, 0x000000008cf00000| Complete 
|  35|0x000000008cf00000, 0x000000008cf00000, 0x000000008d000000|  0%| F|  |TAMS 0x000000008cf00000, 0x000000008cf00000| Untracked 
|  36|0x000000008d000000, 0x000000008d000000, 0x000000008d100000|  0%| F|  |TAMS 0x000000008d000000, 0x000000008d000000| Untracked 
|  37|0x000000008d100000, 0x000000008d100000, 0x000000008d200000|  0%| F|  |TAMS 0x000000008d100000, 0x000000008d100000| Untracked 
|  38|0x000000008d200000, 0x000000008d200000, 0x000000008d300000|  0%| F|  |TAMS 0x000000008d200000, 0x000000008d200000| Untracked 
|  39|0x000000008d300000, 0x000000008d300000, 0x000000008d400000|  0%| F|  |TAMS 0x000000008d300000, 0x000000008d300000| Untracked 
|  40|0x000000008d400000, 0x000000008d400000, 0x000000008d500000|  0%| F|  |TAMS 0x000000008d400000, 0x000000008d400000| Untracked 
|  41|0x000000008d500000, 0x000000008d500000, 0x000000008d600000|  0%| F|  |TAMS 0x000000008d500000, 0x000000008d500000| Untracked 
|  42|0x000000008d600000, 0x000000008d600000, 0x000000008d700000|  0%| F|  |TAMS 0x000000008d600000, 0x000000008d600000| Untracked 
|  43|0x000000008d700000, 0x000000008d700000, 0x000000008d800000|  0%| F|  |TAMS 0x000000008d700000, 0x000000008d700000| Untracked 
|  44|0x000000008d800000, 0x000000008d800000, 0x000000008d900000|  0%| F|  |TAMS 0x000000008d800000, 0x000000008d800000| Untracked 
|  45|0x000000008d900000, 0x000000008d900000, 0x000000008da00000|  0%| F|  |TAMS 0x000000008d900000, 0x000000008d900000| Untracked 
|  46|0x000000008da00000, 0x000000008da00000, 0x000000008db00000|  0%| F|  |TAMS 0x000000008da00000, 0x000000008da00000| Untracked 
|  47|0x000000008db00000, 0x000000008db00000, 0x000000008dc00000|  0%| F|  |TAMS 0x000000008db00000, 0x000000008db00000| Untracked 
|  48|0x000000008dc00000, 0x000000008dc00000, 0x000000008dd00000|  0%| F|  |TAMS 0x000000008dc00000, 0x000000008dc00000| Untracked 
|  49|0x000000008dd00000, 0x000000008dd00000, 0x000000008de00000|  0%| F|  |TAMS 0x000000008dd00000, 0x000000008dd00000| Untracked 
|  50|0x000000008de00000, 0x000000008de00000, 0x000000008df00000|  0%| F|  |TAMS 0x000000008de00000, 0x000000008de00000| Untracked 
|  51|0x000000008df00000, 0x000000008df00000, 0x000000008e000000|  0%| F|  |TAMS 0x000000008df00000, 0x000000008df00000| Untracked 
|  52|0x000000008e000000, 0x000000008e000000, 0x000000008e100000|  0%| F|  |TAMS 0x000000008e000000, 0x000000008e000000| Untracked 
|  53|0x000000008e100000, 0x000000008e100000, 0x000000008e200000|  0%| F|  |TAMS 0x000000008e100000, 0x000000008e100000| Untracked 
|  54|0x000000008e200000, 0x000000008e200000, 0x000000008e300000|  0%| F|  |TAMS 0x000000008e200000, 0x000000008e200000| Untracked 
|  55|0x000000008e300000, 0x000000008e300000, 0x000000008e400000|  0%| F|  |TAMS 0x000000008e300000, 0x000000008e300000| Untracked 
|  56|0x000000008e400000, 0x000000008e400000, 0x000000008e500000|  0%| F|  |TAMS 0x000000008e400000, 0x000000008e400000| Untracked 
|  57|0x000000008e500000, 0x000000008e500000, 0x000000008e600000|  0%| F|  |TAMS 0x000000008e500000, 0x000000008e500000| Untracked 
|  58|0x000000008e600000, 0x000000008e600000, 0x000000008e700000|  0%| F|  |TAMS 0x000000008e600000, 0x000000008e600000| Untracked 
|  59|0x000000008e700000, 0x000000008e700000, 0x000000008e800000|  0%| F|  |TAMS 0x000000008e700000, 0x000000008e700000| Untracked 
|  60|0x000000008e800000, 0x000000008e800000, 0x000000008e900000|  0%| F|  |TAMS 0x000000008e800000, 0x000000008e800000| Untracked 
|  61|0x000000008e900000, 0x000000008e900000, 0x000000008ea00000|  0%| F|  |TAMS 0x000000008e900000, 0x000000008e900000| Untracked 
|  62|0x000000008ea00000, 0x000000008ea00000, 0x000000008eb00000|  0%| F|  |TAMS 0x000000008ea00000, 0x000000008ea00000| Untracked 
|  63|0x000000008eb00000, 0x000000008eb00000, 0x000000008ec00000|  0%| F|  |TAMS 0x000000008eb00000, 0x000000008eb00000| Untracked 
|  64|0x000000008ec00000, 0x000000008ec00000, 0x000000008ed00000|  0%| F|  |TAMS 0x000000008ec00000, 0x000000008ec00000| Untracked 
|  65|0x000000008ed00000, 0x000000008ed00000, 0x000000008ee00000|  0%| F|  |TAMS 0x000000008ed00000, 0x000000008ed00000| Untracked 
|  66|0x000000008ee00000, 0x000000008ee00000, 0x000000008ef00000|  0%| F|  |TAMS 0x000000008ee00000, 0x000000008ee00000| Untracked 
|  67|0x000000008ef00000, 0x000000008ef00000, 0x000000008f000000|  0%| F|  |TAMS 0x000000008ef00000, 0x000000008ef00000| Untracked 
|  68|0x000000008f000000, 0x000000008f000000, 0x000000008f100000|  0%| F|  |TAMS 0x000000008f000000, 0x000000008f000000| Untracked 
|  69|0x000000008f100000, 0x000000008f100000, 0x000000008f200000|  0%| F|  |TAMS 0x000000008f100000, 0x000000008f100000| Untracked 
|  70|0x000000008f200000, 0x000000008f200000, 0x000000008f300000|  0%| F|  |TAMS 0x000000008f200000, 0x000000008f200000| Untracked 
|  71|0x000000008f300000, 0x000000008f300000, 0x000000008f400000|  0%| F|  |TAMS 0x000000008f300000, 0x000000008f300000| Untracked 
|  72|0x000000008f400000, 0x000000008f400000, 0x000000008f500000|  0%| F|  |TAMS 0x000000008f400000, 0x000000008f400000| Untracked 
|  73|0x000000008f500000, 0x000000008f500000, 0x000000008f600000|  0%| F|  |TAMS 0x000000008f500000, 0x000000008f500000| Untracked 
|  74|0x000000008f600000, 0x000000008f600000, 0x000000008f700000|  0%| F|  |TAMS 0x000000008f600000, 0x000000008f600000| Untracked 
|  75|0x000000008f700000, 0x000000008f700000, 0x000000008f800000|  0%| F|  |TAMS 0x000000008f700000, 0x000000008f700000| Untracked 
|  76|0x000000008f800000, 0x000000008f800000, 0x000000008f900000|  0%| F|  |TAMS 0x000000008f800000, 0x000000008f800000| Untracked 
|  77|0x000000008f900000, 0x000000008f900000, 0x000000008fa00000|  0%| F|  |TAMS 0x000000008f900000, 0x000000008f900000| Untracked 
|  78|0x000000008fa00000, 0x000000008fa00000, 0x000000008fb00000|  0%| F|  |TAMS 0x000000008fa00000, 0x000000008fa00000| Untracked 
|  79|0x000000008fb00000, 0x000000008fb00000, 0x000000008fc00000|  0%| F|  |TAMS 0x000000008fb00000, 0x000000008fb00000| Untracked 
|  80|0x000000008fc00000, 0x000000008fc00000, 0x000000008fd00000|  0%| F|  |TAMS 0x000000008fc00000, 0x000000008fc00000| Untracked 
|  81|0x000000008fd00000, 0x000000008fd00000, 0x000000008fe00000|  0%| F|  |TAMS 0x000000008fd00000, 0x000000008fd00000| Untracked 
|  82|0x000000008fe00000, 0x000000008fe00000, 0x000000008ff00000|  0%| F|  |TAMS 0x000000008fe00000, 0x000000008fe00000| Untracked 
|  83|0x000000008ff00000, 0x000000008ff00000, 0x0000000090000000|  0%| F|  |TAMS 0x000000008ff00000, 0x000000008ff00000| Untracked 
|  84|0x0000000090000000, 0x0000000090000000, 0x0000000090100000|  0%| F|  |TAMS 0x0000000090000000, 0x0000000090000000| Untracked 
|  85|0x0000000090100000, 0x0000000090100000, 0x0000000090200000|  0%| F|  |TAMS 0x0000000090100000, 0x0000000090100000| Untracked 
|  86|0x0000000090200000, 0x0000000090200000, 0x0000000090300000|  0%| F|  |TAMS 0x0000000090200000, 0x0000000090200000| Untracked 
|  87|0x0000000090300000, 0x0000000090300000, 0x0000000090400000|  0%| F|  |TAMS 0x0000000090300000, 0x0000000090300000| Untracked 
|  88|0x0000000090400000, 0x0000000090400000, 0x0000000090500000|  0%| F|  |TAMS 0x0000000090400000, 0x0000000090400000| Untracked 
|  89|0x0000000090500000, 0x0000000090500000, 0x0000000090600000|  0%| F|  |TAMS 0x0000000090500000, 0x0000000090500000| Untracked 
|  90|0x0000000090600000, 0x0000000090600000, 0x0000000090700000|  0%| F|  |TAMS 0x0000000090600000, 0x0000000090600000| Untracked 
|  91|0x0000000090700000, 0x0000000090700000, 0x0000000090800000|  0%| F|  |TAMS 0x0000000090700000, 0x0000000090700000| Untracked 
|  92|0x0000000090800000, 0x0000000090800000, 0x0000000090900000|  0%| F|  |TAMS 0x0000000090800000, 0x0000000090800000| Untracked 
|  93|0x0000000090900000, 0x0000000090900000, 0x0000000090a00000|  0%| F|  |TAMS 0x0000000090900000, 0x0000000090900000| Untracked 
|  94|0x0000000090a00000, 0x0000000090a00000, 0x0000000090b00000|  0%| F|  |TAMS 0x0000000090a00000, 0x0000000090a00000| Untracked 
|  95|0x0000000090b00000, 0x0000000090b00000, 0x0000000090c00000|  0%| F|  |TAMS 0x0000000090b00000, 0x0000000090b00000| Untracked 
|  96|0x0000000090c00000, 0x0000000090c00000, 0x0000000090d00000|  0%| F|  |TAMS 0x0000000090c00000, 0x0000000090c00000| Untracked 
|  97|0x0000000090d00000, 0x0000000090e00000, 0x0000000090e00000|100%|HS|  |TAMS 0x0000000090e00000, 0x0000000090e00000| Complete 
|  98|0x0000000090e00000, 0x0000000090f00000, 0x0000000090f00000|100%|HC|  |TAMS 0x0000000090f00000, 0x0000000090f00000| Complete 
|  99|0x0000000090f00000, 0x0000000091000000, 0x0000000091000000|100%|HC|  |TAMS 0x0000000091000000, 0x0000000091000000| Complete 
| 100|0x0000000091000000, 0x0000000091100000, 0x0000000091100000|100%|HC|  |TAMS 0x0000000091100000, 0x0000000091100000| Complete 
| 101|0x0000000091100000, 0x0000000091200000, 0x0000000091200000|100%|HC|  |TAMS 0x0000000091200000, 0x0000000091200000| Complete 
| 102|0x0000000091200000, 0x0000000091300000, 0x0000000091300000|100%|HC|  |TAMS 0x0000000091300000, 0x0000000091300000| Complete 
| 103|0x0000000091300000, 0x0000000091400000, 0x0000000091400000|100%|HC|  |TAMS 0x0000000091400000, 0x0000000091400000| Complete 
| 104|0x0000000091400000, 0x0000000091500000, 0x0000000091500000|100%|HC|  |TAMS 0x0000000091500000, 0x0000000091500000| Complete 
| 105|0x0000000091500000, 0x0000000091600000, 0x0000000091600000|100%|HC|  |TAMS 0x0000000091600000, 0x0000000091600000| Complete 
| 106|0x0000000091600000, 0x0000000091700000, 0x0000000091700000|100%|HC|  |TAMS 0x0000000091700000, 0x0000000091700000| Complete 
| 107|0x0000000091700000, 0x0000000091800000, 0x0000000091800000|100%|HC|  |TAMS 0x0000000091800000, 0x0000000091800000| Complete 
| 108|0x0000000091800000, 0x0000000091900000, 0x0000000091900000|100%|HC|  |TAMS 0x0000000091900000, 0x0000000091900000| Complete 
| 109|0x0000000091900000, 0x0000000091a00000, 0x0000000091a00000|100%|HC|  |TAMS 0x0000000091a00000, 0x0000000091a00000| Complete 
| 110|0x0000000091a00000, 0x0000000091b00000, 0x0000000091b00000|100%|HC|  |TAMS 0x0000000091b00000, 0x0000000091b00000| Complete 
| 111|0x0000000091b00000, 0x0000000091c00000, 0x0000000091c00000|100%|HC|  |TAMS 0x0000000091c00000, 0x0000000091c00000| Complete 
| 112|0x0000000091c00000, 0x0000000091d00000, 0x0000000091d00000|100%|HC|  |TAMS 0x0000000091d00000, 0x0000000091d00000| Complete 
| 113|0x0000000091d00000, 0x0000000091e00000, 0x0000000091e00000|100%|HC|  |TAMS 0x0000000091e00000, 0x0000000091e00000| Complete 
| 114|0x0000000091e00000, 0x0000000091f00000, 0x0000000091f00000|100%|HC|  |TAMS 0x0000000091f00000, 0x0000000091f00000| Complete 
| 115|0x0000000091f00000, 0x0000000092000000, 0x0000000092000000|100%|HC|  |TAMS 0x0000000092000000, 0x0000000092000000| Complete 
| 116|0x0000000092000000, 0x0000000092100000, 0x0000000092100000|100%|HC|  |TAMS 0x0000000092100000, 0x0000000092100000| Complete 
| 117|0x0000000092100000, 0x0000000092200000, 0x0000000092200000|100%|HC|  |TAMS 0x0000000092200000, 0x0000000092200000| Complete 
| 118|0x0000000092200000, 0x0000000092300000, 0x0000000092300000|100%|HC|  |TAMS 0x0000000092300000, 0x0000000092300000| Complete 
| 119|0x0000000092300000, 0x0000000092400000, 0x0000000092400000|100%|HC|  |TAMS 0x0000000092400000, 0x0000000092400000| Complete 
| 120|0x0000000092400000, 0x0000000092500000, 0x0000000092500000|100%|HC|  |TAMS 0x0000000092500000, 0x0000000092500000| Complete 
| 121|0x0000000092500000, 0x0000000092600000, 0x0000000092600000|100%|HC|  |TAMS 0x0000000092600000, 0x0000000092600000| Complete 
| 122|0x0000000092600000, 0x0000000092700000, 0x0000000092700000|100%|HC|  |TAMS 0x0000000092700000, 0x0000000092700000| Complete 
| 123|0x0000000092700000, 0x0000000092800000, 0x0000000092800000|100%|HC|  |TAMS 0x0000000092800000, 0x0000000092800000| Complete 
| 124|0x0000000092800000, 0x0000000092900000, 0x0000000092900000|100%|HC|  |TAMS 0x0000000092900000, 0x0000000092900000| Complete 
| 125|0x0000000092900000, 0x0000000092a00000, 0x0000000092a00000|100%|HC|  |TAMS 0x0000000092a00000, 0x0000000092a00000| Complete 
| 126|0x0000000092a00000, 0x0000000092b00000, 0x0000000092b00000|100%|HC|  |TAMS 0x0000000092b00000, 0x0000000092b00000| Complete 
| 127|0x0000000092b00000, 0x0000000092c00000, 0x0000000092c00000|100%|HC|  |TAMS 0x0000000092c00000, 0x0000000092c00000| Complete 
| 128|0x0000000092c00000, 0x0000000092d00000, 0x0000000092d00000|100%|HC|  |TAMS 0x0000000092d00000, 0x0000000092d00000| Complete 
| 129|0x0000000092d00000, 0x0000000092e00000, 0x0000000092e00000|100%|HC|  |TAMS 0x0000000092e00000, 0x0000000092e00000| Complete 
| 130|0x0000000092e00000, 0x0000000092f00000, 0x0000000092f00000|100%|HC|  |TAMS 0x0000000092f00000, 0x0000000092f00000| Complete 
| 131|0x0000000092f00000, 0x0000000093000000, 0x0000000093000000|100%|HC|  |TAMS 0x0000000093000000, 0x0000000093000000| Complete 
| 132|0x0000000093000000, 0x0000000093100000, 0x0000000093100000|100%|HC|  |TAMS 0x0000000093100000, 0x0000000093100000| Complete 
| 133|0x0000000093100000, 0x0000000093200000, 0x0000000093200000|100%|HC|  |TAMS 0x0000000093200000, 0x0000000093200000| Complete 
| 134|0x0000000093200000, 0x0000000093300000, 0x0000000093300000|100%|HC|  |TAMS 0x0000000093300000, 0x0000000093300000| Complete 
| 135|0x0000000093300000, 0x0000000093400000, 0x0000000093400000|100%|HC|  |TAMS 0x0000000093400000, 0x0000000093400000| Complete 
| 136|0x0000000093400000, 0x0000000093500000, 0x0000000093500000|100%|HC|  |TAMS 0x0000000093500000, 0x0000000093500000| Complete 
| 137|0x0000000093500000, 0x0000000093600000, 0x0000000093600000|100%|HC|  |TAMS 0x0000000093600000, 0x0000000093600000| Complete 
| 138|0x0000000093600000, 0x0000000093700000, 0x0000000093700000|100%|HC|  |TAMS 0x0000000093700000, 0x0000000093700000| Complete 
| 139|0x0000000093700000, 0x0000000093800000, 0x0000000093800000|100%|HC|  |TAMS 0x0000000093800000, 0x0000000093800000| Complete 
| 140|0x0000000093800000, 0x0000000093900000, 0x0000000093900000|100%|HC|  |TAMS 0x0000000093900000, 0x0000000093900000| Complete 
| 141|0x0000000093900000, 0x0000000093a00000, 0x0000000093a00000|100%|HC|  |TAMS 0x0000000093a00000, 0x0000000093a00000| Complete 
| 142|0x0000000093a00000, 0x0000000093b00000, 0x0000000093b00000|100%|HC|  |TAMS 0x0000000093b00000, 0x0000000093b00000| Complete 
| 143|0x0000000093b00000, 0x0000000093c00000, 0x0000000093c00000|100%|HC|  |TAMS 0x0000000093c00000, 0x0000000093c00000| Complete 
| 144|0x0000000093c00000, 0x0000000093d00000, 0x0000000093d00000|100%|HC|  |TAMS 0x0000000093d00000, 0x0000000093d00000| Complete 
| 145|0x0000000093d00000, 0x0000000093e00000, 0x0000000093e00000|100%|HC|  |TAMS 0x0000000093e00000, 0x0000000093e00000| Complete 
| 146|0x0000000093e00000, 0x0000000093f00000, 0x0000000093f00000|100%|HC|  |TAMS 0x0000000093f00000, 0x0000000093f00000| Complete 
| 147|0x0000000093f00000, 0x0000000094000000, 0x0000000094000000|100%|HC|  |TAMS 0x0000000094000000, 0x0000000094000000| Complete 
| 148|0x0000000094000000, 0x0000000094100000, 0x0000000094100000|100%|HC|  |TAMS 0x0000000094100000, 0x0000000094100000| Complete 
| 149|0x0000000094100000, 0x0000000094200000, 0x0000000094200000|100%|HC|  |TAMS 0x0000000094200000, 0x0000000094200000| Complete 
| 150|0x0000000094200000, 0x0000000094300000, 0x0000000094300000|100%|HC|  |TAMS 0x0000000094300000, 0x0000000094300000| Complete 
| 151|0x0000000094300000, 0x0000000094400000, 0x0000000094400000|100%|HC|  |TAMS 0x0000000094400000, 0x0000000094400000| Complete 
| 152|0x0000000094400000, 0x0000000094500000, 0x0000000094500000|100%|HC|  |TAMS 0x0000000094500000, 0x0000000094500000| Complete 
| 153|0x0000000094500000, 0x0000000094600000, 0x0000000094600000|100%|HC|  |TAMS 0x0000000094600000, 0x0000000094600000| Complete 
| 154|0x0000000094600000, 0x0000000094700000, 0x0000000094700000|100%|HC|  |TAMS 0x0000000094700000, 0x0000000094700000| Complete 
| 155|0x0000000094700000, 0x0000000094800000, 0x0000000094800000|100%|HC|  |TAMS 0x0000000094800000, 0x0000000094800000| Complete 
| 156|0x0000000094800000, 0x0000000094900000, 0x0000000094900000|100%|HC|  |TAMS 0x0000000094900000, 0x0000000094900000| Complete 
| 157|0x0000000094900000, 0x0000000094a00000, 0x0000000094a00000|100%|HC|  |TAMS 0x0000000094a00000, 0x0000000094a00000| Complete 
| 158|0x0000000094a00000, 0x0000000094b00000, 0x0000000094b00000|100%|HC|  |TAMS 0x0000000094b00000, 0x0000000094b00000| Complete 
| 159|0x0000000094b00000, 0x0000000094c00000, 0x0000000094c00000|100%|HC|  |TAMS 0x0000000094c00000, 0x0000000094c00000| Complete 
| 160|0x0000000094c00000, 0x0000000094d00000, 0x0000000094d00000|100%|HC|  |TAMS 0x0000000094d00000, 0x0000000094d00000| Complete 
| 161|0x0000000094d00000, 0x0000000094e00000, 0x0000000094e00000|100%|HC|  |TAMS 0x0000000094e00000, 0x0000000094e00000| Complete 
| 162|0x0000000094e00000, 0x0000000094f00000, 0x0000000094f00000|100%|HC|  |TAMS 0x0000000094f00000, 0x0000000094f00000| Complete 
| 163|0x0000000094f00000, 0x0000000095000000, 0x0000000095000000|100%|HC|  |TAMS 0x0000000095000000, 0x0000000095000000| Complete 
| 164|0x0000000095000000, 0x0000000095100000, 0x0000000095100000|100%|HC|  |TAMS 0x0000000095100000, 0x0000000095100000| Complete 
| 165|0x0000000095100000, 0x0000000095200000, 0x0000000095200000|100%|HC|  |TAMS 0x0000000095200000, 0x0000000095200000| Complete 
| 166|0x0000000095200000, 0x0000000095300000, 0x0000000095300000|100%|HC|  |TAMS 0x0000000095300000, 0x0000000095300000| Complete 
| 167|0x0000000095300000, 0x0000000095400000, 0x0000000095400000|100%|HC|  |TAMS 0x0000000095400000, 0x0000000095400000| Complete 
| 168|0x0000000095400000, 0x0000000095500000, 0x0000000095500000|100%|HC|  |TAMS 0x0000000095500000, 0x0000000095500000| Complete 
| 169|0x0000000095500000, 0x0000000095600000, 0x0000000095600000|100%|HC|  |TAMS 0x0000000095600000, 0x0000000095600000| Complete 
| 170|0x0000000095600000, 0x0000000095700000, 0x0000000095700000|100%|HC|  |TAMS 0x0000000095700000, 0x0000000095700000| Complete 
| 171|0x0000000095700000, 0x0000000095800000, 0x0000000095800000|100%|HC|  |TAMS 0x0000000095800000, 0x0000000095800000| Complete 
| 172|0x0000000095800000, 0x0000000095900000, 0x0000000095900000|100%|HC|  |TAMS 0x0000000095900000, 0x0000000095900000| Complete 
| 173|0x0000000095900000, 0x0000000095a00000, 0x0000000095a00000|100%|HC|  |TAMS 0x0000000095a00000, 0x0000000095a00000| Complete 
| 174|0x0000000095a00000, 0x0000000095b00000, 0x0000000095b00000|100%|HC|  |TAMS 0x0000000095b00000, 0x0000000095b00000| Complete 
| 175|0x0000000095b00000, 0x0000000095c00000, 0x0000000095c00000|100%|HC|  |TAMS 0x0000000095c00000, 0x0000000095c00000| Complete 
| 176|0x0000000095c00000, 0x0000000095d00000, 0x0000000095d00000|100%|HC|  |TAMS 0x0000000095d00000, 0x0000000095d00000| Complete 
| 177|0x0000000095d00000, 0x0000000095e00000, 0x0000000095e00000|100%|HC|  |TAMS 0x0000000095e00000, 0x0000000095e00000| Complete 
| 178|0x0000000095e00000, 0x0000000095f00000, 0x0000000095f00000|100%|HC|  |TAMS 0x0000000095f00000, 0x0000000095f00000| Complete 
| 179|0x0000000095f00000, 0x0000000096000000, 0x0000000096000000|100%|HC|  |TAMS 0x0000000096000000, 0x0000000096000000| Complete 
| 180|0x0000000096000000, 0x0000000096100000, 0x0000000096100000|100%|HC|  |TAMS 0x0000000096100000, 0x0000000096100000| Complete 
| 181|0x0000000096100000, 0x0000000096200000, 0x0000000096200000|100%|HC|  |TAMS 0x0000000096200000, 0x0000000096200000| Complete 
| 182|0x0000000096200000, 0x0000000096300000, 0x0000000096300000|100%|HC|  |TAMS 0x0000000096300000, 0x0000000096300000| Complete 
| 183|0x0000000096300000, 0x0000000096400000, 0x0000000096400000|100%|HC|  |TAMS 0x0000000096400000, 0x0000000096400000| Complete 
| 184|0x0000000096400000, 0x0000000096500000, 0x0000000096500000|100%|HC|  |TAMS 0x0000000096500000, 0x0000000096500000| Complete 
| 185|0x0000000096500000, 0x0000000096600000, 0x0000000096600000|100%|HC|  |TAMS 0x0000000096600000, 0x0000000096600000| Complete 
| 186|0x0000000096600000, 0x0000000096700000, 0x0000000096700000|100%|HC|  |TAMS 0x0000000096700000, 0x0000000096700000| Complete 
| 187|0x0000000096700000, 0x0000000096800000, 0x0000000096800000|100%|HC|  |TAMS 0x0000000096800000, 0x0000000096800000| Complete 
| 188|0x0000000096800000, 0x0000000096900000, 0x0000000096900000|100%|HC|  |TAMS 0x0000000096900000, 0x0000000096900000| Complete 
| 189|0x0000000096900000, 0x0000000096a00000, 0x0000000096a00000|100%|HC|  |TAMS 0x0000000096a00000, 0x0000000096a00000| Complete 
| 190|0x0000000096a00000, 0x0000000096b00000, 0x0000000096b00000|100%|HC|  |TAMS 0x0000000096b00000, 0x0000000096b00000| Complete 
| 191|0x0000000096b00000, 0x0000000096c00000, 0x0000000096c00000|100%|HC|  |TAMS 0x0000000096c00000, 0x0000000096c00000| Complete 
| 192|0x0000000096c00000, 0x0000000096d00000, 0x0000000096d00000|100%|HC|  |TAMS 0x0000000096d00000, 0x0000000096d00000| Complete 
| 193|0x0000000096d00000, 0x0000000096e00000, 0x0000000096e00000|100%|HC|  |TAMS 0x0000000096e00000, 0x0000000096e00000| Complete 
| 194|0x0000000096e00000, 0x0000000096f00000, 0x0000000096f00000|100%|HC|  |TAMS 0x0000000096f00000, 0x0000000096f00000| Complete 
| 195|0x0000000096f00000, 0x0000000097000000, 0x0000000097000000|100%|HC|  |TAMS 0x0000000097000000, 0x0000000097000000| Complete 
| 196|0x0000000097000000, 0x0000000097100000, 0x0000000097100000|100%|HC|  |TAMS 0x0000000097100000, 0x0000000097100000| Complete 
| 197|0x0000000097100000, 0x0000000097200000, 0x0000000097200000|100%|HC|  |TAMS 0x0000000097200000, 0x0000000097200000| Complete 
| 198|0x0000000097200000, 0x0000000097300000, 0x0000000097300000|100%|HC|  |TAMS 0x0000000097300000, 0x0000000097300000| Complete 
| 199|0x0000000097300000, 0x0000000097400000, 0x0000000097400000|100%|HC|  |TAMS 0x0000000097400000, 0x0000000097400000| Complete 
| 200|0x0000000097400000, 0x0000000097500000, 0x0000000097500000|100%|HC|  |TAMS 0x0000000097500000, 0x0000000097500000| Complete 
| 201|0x0000000097500000, 0x0000000097600000, 0x0000000097600000|100%|HC|  |TAMS 0x0000000097600000, 0x0000000097600000| Complete 
| 202|0x0000000097600000, 0x0000000097700000, 0x0000000097700000|100%|HC|  |TAMS 0x0000000097700000, 0x0000000097700000| Complete 
| 203|0x0000000097700000, 0x0000000097800000, 0x0000000097800000|100%|HC|  |TAMS 0x0000000097800000, 0x0000000097800000| Complete 
| 204|0x0000000097800000, 0x0000000097900000, 0x0000000097900000|100%|HC|  |TAMS 0x0000000097900000, 0x0000000097900000| Complete 
| 205|0x0000000097900000, 0x0000000097a00000, 0x0000000097a00000|100%|HC|  |TAMS 0x0000000097a00000, 0x0000000097a00000| Complete 
| 206|0x0000000097a00000, 0x0000000097b00000, 0x0000000097b00000|100%|HC|  |TAMS 0x0000000097b00000, 0x0000000097b00000| Complete 
| 207|0x0000000097b00000, 0x0000000097c00000, 0x0000000097c00000|100%|HC|  |TAMS 0x0000000097c00000, 0x0000000097c00000| Complete 
| 208|0x0000000097c00000, 0x0000000097d00000, 0x0000000097d00000|100%|HC|  |TAMS 0x0000000097d00000, 0x0000000097d00000| Complete 
| 209|0x0000000097d00000, 0x0000000097e00000, 0x0000000097e00000|100%|HC|  |TAMS 0x0000000097e00000, 0x0000000097e00000| Complete 
| 210|0x0000000097e00000, 0x0000000097f00000, 0x0000000097f00000|100%|HC|  |TAMS 0x0000000097f00000, 0x0000000097f00000| Complete 
| 211|0x0000000097f00000, 0x0000000098000000, 0x0000000098000000|100%|HC|  |TAMS 0x0000000098000000, 0x0000000098000000| Complete 
| 212|0x0000000098000000, 0x0000000098000000, 0x0000000098100000|  0%| F|  |TAMS 0x0000000098000000, 0x0000000098000000| Untracked 
| 213|0x0000000098100000, 0x0000000098100000, 0x0000000098200000|  0%| F|  |TAMS 0x0000000098100000, 0x0000000098100000| Untracked 
| 214|0x0000000098200000, 0x0000000098200000, 0x0000000098300000|  0%| F|  |TAMS 0x0000000098200000, 0x0000000098200000| Untracked 
| 215|0x0000000098300000, 0x0000000098300000, 0x0000000098400000|  0%| F|  |TAMS 0x0000000098300000, 0x0000000098300000| Untracked 
| 216|0x0000000098400000, 0x0000000098400000, 0x0000000098500000|  0%| F|  |TAMS 0x0000000098400000, 0x0000000098400000| Untracked 
| 217|0x0000000098500000, 0x0000000098500000, 0x0000000098600000|  0%| F|  |TAMS 0x0000000098500000, 0x0000000098500000| Untracked 
| 218|0x0000000098600000, 0x0000000098600000, 0x0000000098700000|  0%| F|  |TAMS 0x0000000098600000, 0x0000000098600000| Untracked 
| 219|0x0000000098700000, 0x0000000098700000, 0x0000000098800000|  0%| F|  |TAMS 0x0000000098700000, 0x0000000098700000| Untracked 
| 220|0x0000000098800000, 0x0000000098800000, 0x0000000098900000|  0%| F|  |TAMS 0x0000000098800000, 0x0000000098800000| Untracked 
| 221|0x0000000098900000, 0x0000000098900000, 0x0000000098a00000|  0%| F|  |TAMS 0x0000000098900000, 0x0000000098900000| Untracked 
| 222|0x0000000098a00000, 0x0000000098a00000, 0x0000000098b00000|  0%| F|  |TAMS 0x0000000098a00000, 0x0000000098a00000| Untracked 
| 223|0x0000000098b00000, 0x0000000098b00000, 0x0000000098c00000|  0%| F|  |TAMS 0x0000000098b00000, 0x0000000098b00000| Untracked 
| 224|0x0000000098c00000, 0x0000000098c00000, 0x0000000098d00000|  0%| F|  |TAMS 0x0000000098c00000, 0x0000000098c00000| Untracked 
| 225|0x0000000098d00000, 0x0000000098d00000, 0x0000000098e00000|  0%| F|  |TAMS 0x0000000098d00000, 0x0000000098d00000| Untracked 
| 226|0x0000000098e00000, 0x0000000098e00000, 0x0000000098f00000|  0%| F|  |TAMS 0x0000000098e00000, 0x0000000098e00000| Untracked 
| 227|0x0000000098f00000, 0x0000000098f00000, 0x0000000099000000|  0%| F|  |TAMS 0x0000000098f00000, 0x0000000098f00000| Untracked 
| 228|0x0000000099000000, 0x0000000099000000, 0x0000000099100000|  0%| F|  |TAMS 0x0000000099000000, 0x0000000099000000| Untracked 
| 229|0x0000000099100000, 0x0000000099100000, 0x0000000099200000|  0%| F|  |TAMS 0x0000000099100000, 0x0000000099100000| Untracked 
| 230|0x0000000099200000, 0x0000000099200000, 0x0000000099300000|  0%| F|  |TAMS 0x0000000099200000, 0x0000000099200000| Untracked 
| 231|0x0000000099300000, 0x0000000099300000, 0x0000000099400000|  0%| F|  |TAMS 0x0000000099300000, 0x0000000099300000| Untracked 
| 232|0x0000000099400000, 0x0000000099400000, 0x0000000099500000|  0%| F|  |TAMS 0x0000000099400000, 0x0000000099400000| Untracked 
| 233|0x0000000099500000, 0x0000000099500000, 0x0000000099600000|  0%| F|  |TAMS 0x0000000099500000, 0x0000000099500000| Untracked 
| 234|0x0000000099600000, 0x0000000099600000, 0x0000000099700000|  0%| F|  |TAMS 0x0000000099600000, 0x0000000099600000| Untracked 
| 235|0x0000000099700000, 0x0000000099700000, 0x0000000099800000|  0%| F|  |TAMS 0x0000000099700000, 0x0000000099700000| Untracked 
| 236|0x0000000099800000, 0x0000000099800000, 0x0000000099900000|  0%| F|  |TAMS 0x0000000099800000, 0x0000000099800000| Untracked 
| 237|0x0000000099900000, 0x0000000099900000, 0x0000000099a00000|  0%| F|  |TAMS 0x0000000099900000, 0x0000000099900000| Untracked 
| 238|0x0000000099a00000, 0x0000000099a00000, 0x0000000099b00000|  0%| F|  |TAMS 0x0000000099a00000, 0x0000000099a00000| Untracked 
| 239|0x0000000099b00000, 0x0000000099b00000, 0x0000000099c00000|  0%| F|  |TAMS 0x0000000099b00000, 0x0000000099b00000| Untracked 
| 240|0x0000000099c00000, 0x0000000099c00000, 0x0000000099d00000|  0%| F|  |TAMS 0x0000000099c00000, 0x0000000099c00000| Untracked 
| 241|0x0000000099d00000, 0x0000000099d00000, 0x0000000099e00000|  0%| F|  |TAMS 0x0000000099d00000, 0x0000000099d00000| Untracked 
| 242|0x0000000099e00000, 0x0000000099e00000, 0x0000000099f00000|  0%| F|  |TAMS 0x0000000099e00000, 0x0000000099e00000| Untracked 
| 243|0x0000000099f00000, 0x0000000099f00000, 0x000000009a000000|  0%| F|  |TAMS 0x0000000099f00000, 0x0000000099f00000| Untracked 
| 244|0x000000009a000000, 0x000000009a000000, 0x000000009a100000|  0%| F|  |TAMS 0x000000009a000000, 0x000000009a000000| Untracked 
| 245|0x000000009a100000, 0x000000009a100000, 0x000000009a200000|  0%| F|  |TAMS 0x000000009a100000, 0x000000009a100000| Untracked 
| 246|0x000000009a200000, 0x000000009a200000, 0x000000009a300000|  0%| F|  |TAMS 0x000000009a200000, 0x000000009a200000| Untracked 
| 247|0x000000009a300000, 0x000000009a300000, 0x000000009a400000|  0%| F|  |TAMS 0x000000009a300000, 0x000000009a300000| Untracked 
| 248|0x000000009a400000, 0x000000009a400000, 0x000000009a500000|  0%| F|  |TAMS 0x000000009a400000, 0x000000009a400000| Untracked 
| 249|0x000000009a500000, 0x000000009a500000, 0x000000009a600000|  0%| F|  |TAMS 0x000000009a500000, 0x000000009a500000| Untracked 
| 250|0x000000009a600000, 0x000000009a600000, 0x000000009a700000|  0%| F|  |TAMS 0x000000009a600000, 0x000000009a600000| Untracked 
| 251|0x000000009a700000, 0x000000009a700000, 0x000000009a800000|  0%| F|  |TAMS 0x000000009a700000, 0x000000009a700000| Untracked 
| 252|0x000000009a800000, 0x000000009a800000, 0x000000009a900000|  0%| F|  |TAMS 0x000000009a800000, 0x000000009a800000| Untracked 
| 253|0x000000009a900000, 0x000000009a900000, 0x000000009aa00000|  0%| F|  |TAMS 0x000000009a900000, 0x000000009a900000| Untracked 
| 254|0x000000009aa00000, 0x000000009aa00000, 0x000000009ab00000|  0%| F|  |TAMS 0x000000009aa00000, 0x000000009aa00000| Untracked 
| 255|0x000000009ab00000, 0x000000009ab00000, 0x000000009ac00000|  0%| F|  |TAMS 0x000000009ab00000, 0x000000009ab00000| Untracked 
| 256|0x000000009ac00000, 0x000000009ac00000, 0x000000009ad00000|  0%| F|  |TAMS 0x000000009ac00000, 0x000000009ac00000| Untracked 
| 257|0x000000009ad00000, 0x000000009ad00000, 0x000000009ae00000|  0%| F|  |TAMS 0x000000009ad00000, 0x000000009ad00000| Untracked 
| 258|0x000000009ae00000, 0x000000009ae00000, 0x000000009af00000|  0%| F|  |TAMS 0x000000009ae00000, 0x000000009ae00000| Untracked 
| 259|0x000000009af00000, 0x000000009af00000, 0x000000009b000000|  0%| F|  |TAMS 0x000000009af00000, 0x000000009af00000| Untracked 
| 260|0x000000009b000000, 0x000000009b000000, 0x000000009b100000|  0%| F|  |TAMS 0x000000009b000000, 0x000000009b000000| Untracked 
| 261|0x000000009b100000, 0x000000009b100000, 0x000000009b200000|  0%| F|  |TAMS 0x000000009b100000, 0x000000009b100000| Untracked 
| 262|0x000000009b200000, 0x000000009b200000, 0x000000009b300000|  0%| F|  |TAMS 0x000000009b200000, 0x000000009b200000| Untracked 
| 263|0x000000009b300000, 0x000000009b300000, 0x000000009b400000|  0%| F|  |TAMS 0x000000009b300000, 0x000000009b300000| Untracked 
| 264|0x000000009b400000, 0x000000009b400000, 0x000000009b500000|  0%| F|  |TAMS 0x000000009b400000, 0x000000009b400000| Untracked 
| 265|0x000000009b500000, 0x000000009b500000, 0x000000009b600000|  0%| F|  |TAMS 0x000000009b500000, 0x000000009b500000| Untracked 
| 266|0x000000009b600000, 0x000000009b600000, 0x000000009b700000|  0%| F|  |TAMS 0x000000009b600000, 0x000000009b600000| Untracked 
| 267|0x000000009b700000, 0x000000009b700000, 0x000000009b800000|  0%| F|  |TAMS 0x000000009b700000, 0x000000009b700000| Untracked 
| 268|0x000000009b800000, 0x000000009b800000, 0x000000009b900000|  0%| F|  |TAMS 0x000000009b800000, 0x000000009b800000| Untracked 
| 269|0x000000009b900000, 0x000000009b900000, 0x000000009ba00000|  0%| F|  |TAMS 0x000000009b900000, 0x000000009b900000| Untracked 
| 270|0x000000009ba00000, 0x000000009ba00000, 0x000000009bb00000|  0%| F|  |TAMS 0x000000009ba00000, 0x000000009ba00000| Untracked 
| 271|0x000000009bb00000, 0x000000009bb00000, 0x000000009bc00000|  0%| F|  |TAMS 0x000000009bb00000, 0x000000009bb00000| Untracked 
| 272|0x000000009bc00000, 0x000000009bc00000, 0x000000009bd00000|  0%| F|  |TAMS 0x000000009bc00000, 0x000000009bc00000| Untracked 
| 273|0x000000009bd00000, 0x000000009bd00000, 0x000000009be00000|  0%| F|  |TAMS 0x000000009bd00000, 0x000000009bd00000| Untracked 
| 274|0x000000009be00000, 0x000000009be00000, 0x000000009bf00000|  0%| F|  |TAMS 0x000000009be00000, 0x000000009be00000| Untracked 
| 275|0x000000009bf00000, 0x000000009bf00000, 0x000000009c000000|  0%| F|  |TAMS 0x000000009bf00000, 0x000000009bf00000| Untracked 
| 276|0x000000009c000000, 0x000000009c000000, 0x000000009c100000|  0%| F|  |TAMS 0x000000009c000000, 0x000000009c000000| Untracked 
| 277|0x000000009c100000, 0x000000009c100000, 0x000000009c200000|  0%| F|  |TAMS 0x000000009c100000, 0x000000009c100000| Untracked 
| 278|0x000000009c200000, 0x000000009c200000, 0x000000009c300000|  0%| F|  |TAMS 0x000000009c200000, 0x000000009c200000| Untracked 
| 279|0x000000009c300000, 0x000000009c300000, 0x000000009c400000|  0%| F|  |TAMS 0x000000009c300000, 0x000000009c300000| Untracked 
| 280|0x000000009c400000, 0x000000009c400000, 0x000000009c500000|  0%| F|  |TAMS 0x000000009c400000, 0x000000009c400000| Untracked 
| 281|0x000000009c500000, 0x000000009c500000, 0x000000009c600000|  0%| F|  |TAMS 0x000000009c500000, 0x000000009c500000| Untracked 
| 282|0x000000009c600000, 0x000000009c600000, 0x000000009c700000|  0%| F|  |TAMS 0x000000009c600000, 0x000000009c600000| Untracked 
| 283|0x000000009c700000, 0x000000009c700000, 0x000000009c800000|  0%| F|  |TAMS 0x000000009c700000, 0x000000009c700000| Untracked 
| 284|0x000000009c800000, 0x000000009c800000, 0x000000009c900000|  0%| F|  |TAMS 0x000000009c800000, 0x000000009c800000| Untracked 
| 285|0x000000009c900000, 0x000000009c900000, 0x000000009ca00000|  0%| F|  |TAMS 0x000000009c900000, 0x000000009c900000| Untracked 
| 286|0x000000009ca00000, 0x000000009ca00000, 0x000000009cb00000|  0%| F|  |TAMS 0x000000009ca00000, 0x000000009ca00000| Untracked 
| 287|0x000000009cb00000, 0x000000009cb00000, 0x000000009cc00000|  0%| F|  |TAMS 0x000000009cb00000, 0x000000009cb00000| Untracked 
| 288|0x000000009cc00000, 0x000000009cc00000, 0x000000009cd00000|  0%| F|  |TAMS 0x000000009cc00000, 0x000000009cc00000| Untracked 
| 289|0x000000009cd00000, 0x000000009cd00000, 0x000000009ce00000|  0%| F|  |TAMS 0x000000009cd00000, 0x000000009cd00000| Untracked 
| 290|0x000000009ce00000, 0x000000009ce00000, 0x000000009cf00000|  0%| F|  |TAMS 0x000000009ce00000, 0x000000009ce00000| Untracked 
| 291|0x000000009cf00000, 0x000000009cf00000, 0x000000009d000000|  0%| F|  |TAMS 0x000000009cf00000, 0x000000009cf00000| Untracked 
| 292|0x000000009d000000, 0x000000009d000000, 0x000000009d100000|  0%| F|  |TAMS 0x000000009d000000, 0x000000009d000000| Untracked 
| 293|0x000000009d100000, 0x000000009d100000, 0x000000009d200000|  0%| F|  |TAMS 0x000000009d100000, 0x000000009d100000| Untracked 
| 294|0x000000009d200000, 0x000000009d200000, 0x000000009d300000|  0%| F|  |TAMS 0x000000009d200000, 0x000000009d200000| Untracked 
| 295|0x000000009d300000, 0x000000009d300000, 0x000000009d400000|  0%| F|  |TAMS 0x000000009d300000, 0x000000009d300000| Untracked 
| 296|0x000000009d400000, 0x000000009d400000, 0x000000009d500000|  0%| F|  |TAMS 0x000000009d400000, 0x000000009d400000| Untracked 
| 297|0x000000009d500000, 0x000000009d500000, 0x000000009d600000|  0%| F|  |TAMS 0x000000009d500000, 0x000000009d500000| Untracked 
| 298|0x000000009d600000, 0x000000009d600000, 0x000000009d700000|  0%| F|  |TAMS 0x000000009d600000, 0x000000009d600000| Untracked 
| 299|0x000000009d700000, 0x000000009d700000, 0x000000009d800000|  0%| F|  |TAMS 0x000000009d700000, 0x000000009d700000| Untracked 
| 300|0x000000009d800000, 0x000000009d800000, 0x000000009d900000|  0%| F|  |TAMS 0x000000009d800000, 0x000000009d800000| Untracked 
| 301|0x000000009d900000, 0x000000009d900000, 0x000000009da00000|  0%| F|  |TAMS 0x000000009d900000, 0x000000009d900000| Untracked 
| 302|0x000000009da00000, 0x000000009da00000, 0x000000009db00000|  0%| F|  |TAMS 0x000000009da00000, 0x000000009da00000| Untracked 
| 303|0x000000009db00000, 0x000000009db00000, 0x000000009dc00000|  0%| F|  |TAMS 0x000000009db00000, 0x000000009db00000| Untracked 
| 304|0x000000009dc00000, 0x000000009dc00000, 0x000000009dd00000|  0%| F|  |TAMS 0x000000009dc00000, 0x000000009dc00000| Untracked 
| 305|0x000000009dd00000, 0x000000009dd00000, 0x000000009de00000|  0%| F|  |TAMS 0x000000009dd00000, 0x000000009dd00000| Untracked 
| 306|0x000000009de00000, 0x000000009de00000, 0x000000009df00000|  0%| F|  |TAMS 0x000000009de00000, 0x000000009de00000| Untracked 
| 307|0x000000009df00000, 0x000000009df00000, 0x000000009e000000|  0%| F|  |TAMS 0x000000009df00000, 0x000000009df00000| Untracked 
| 308|0x000000009e000000, 0x000000009e000000, 0x000000009e100000|  0%| F|  |TAMS 0x000000009e000000, 0x000000009e000000| Untracked 
| 309|0x000000009e100000, 0x000000009e100000, 0x000000009e200000|  0%| F|  |TAMS 0x000000009e100000, 0x000000009e100000| Untracked 
| 310|0x000000009e200000, 0x000000009e200000, 0x000000009e300000|  0%| F|  |TAMS 0x000000009e200000, 0x000000009e200000| Untracked 
| 311|0x000000009e300000, 0x000000009e300000, 0x000000009e400000|  0%| F|  |TAMS 0x000000009e300000, 0x000000009e300000| Untracked 
| 312|0x000000009e400000, 0x000000009e4342c0, 0x000000009e500000| 20%| S|CS|TAMS 0x000000009e400000, 0x000000009e400000| Complete 
| 313|0x000000009e500000, 0x000000009e600000, 0x000000009e600000|100%| S|CS|TAMS 0x000000009e500000, 0x000000009e500000| Complete 
| 314|0x000000009e600000, 0x000000009e700000, 0x000000009e700000|100%| S|CS|TAMS 0x000000009e600000, 0x000000009e600000| Complete 
| 315|0x000000009e700000, 0x000000009e800000, 0x000000009e800000|100%| S|CS|TAMS 0x000000009e700000, 0x000000009e700000| Complete 
| 316|0x000000009e800000, 0x000000009e900000, 0x000000009e900000|100%| S|CS|TAMS 0x000000009e800000, 0x000000009e800000| Complete 
| 317|0x000000009e900000, 0x000000009ea00000, 0x000000009ea00000|100%| S|CS|TAMS 0x000000009e900000, 0x000000009e900000| Complete 
| 318|0x000000009ea00000, 0x000000009eb00000, 0x000000009eb00000|100%| S|CS|TAMS 0x000000009ea00000, 0x000000009ea00000| Complete 
| 319|0x000000009eb00000, 0x000000009ec00000, 0x000000009ec00000|100%| S|CS|TAMS 0x000000009eb00000, 0x000000009eb00000| Complete 
| 320|0x000000009ec00000, 0x000000009ec00000, 0x000000009ed00000|  0%| F|  |TAMS 0x000000009ec00000, 0x000000009ec00000| Untracked 
| 321|0x000000009ed00000, 0x000000009ee00000, 0x000000009ee00000|100%| S|CS|TAMS 0x000000009ed00000, 0x000000009ed00000| Complete 
| 322|0x000000009ee00000, 0x000000009ee00000, 0x000000009ef00000|  0%| F|  |TAMS 0x000000009ee00000, 0x000000009ee00000| Untracked 
| 323|0x000000009ef00000, 0x000000009ef00000, 0x000000009f000000|  0%| F|  |TAMS 0x000000009ef00000, 0x000000009ef00000| Untracked 
| 324|0x000000009f000000, 0x000000009f000000, 0x000000009f100000|  0%| F|  |TAMS 0x000000009f000000, 0x000000009f000000| Untracked 

Card table byte_map: [0x0000025a21c70000,0x0000025a22020000] _byte_map_base: 0x0000025a2181a000

Marking Bits (Prev, Next): (CMBitMap*) 0x0000025a0ab12290, (CMBitMap*) 0x0000025a0ab122d0
 Prev Bits: [0x0000025a223d0000, 0x0000025a24120000)
 Next Bits: [0x0000025a24120000, 0x0000025a25e70000)

Polling page: 0x0000025a08a00000

Metaspace:

Usage:
  Non-class:     17.81 MB used.
      Class:      2.21 MB used.
       Both:     20.02 MB used.

Virtual space:
  Non-class space:       64.00 MB reserved,      17.94 MB ( 28%) committed,  1 nodes.
      Class space:        1.00 GB reserved,       2.31 MB ( <1%) committed,  1 nodes.
             Both:        1.06 GB reserved,      20.25 MB (  2%) committed. 

Chunk freelists:
   Non-Class:  14.04 MB
       Class:  13.72 MB
        Both:  27.76 MB

MaxMetaspaceSize: unlimited
CompressedClassSpaceSize: 1.00 GB
Initial GC threshold: 21.00 MB
Current GC threshold: 33.56 MB
CDS: on
MetaspaceReclaimPolicy: balanced
 - commit_granule_bytes: 65536.
 - commit_granule_words: 8192.
 - virtual_space_node_default_size: 8388608.
 - enlarge_chunks_in_place: 1.
 - new_chunks_are_fully_committed: 0.
 - uncommit_free_chunks: 1.
 - use_allocation_guard: 0.
 - handle_deallocations: 1.


Internal statistics:

num_allocs_failed_limit: 0.
num_arena_births: 176.
num_arena_deaths: 0.
num_vsnodes_births: 2.
num_vsnodes_deaths: 0.
num_space_committed: 324.
num_space_uncommitted: 0.
num_chunks_returned_to_freelist: 0.
num_chunks_taken_from_freelist: 413.
num_chunk_merges: 0.
num_chunk_splits: 232.
num_chunks_enlarged: 116.
num_purges: 0.
num_inconsistent_stats: 0.

CodeHeap 'non-profiled nmethods': size=120000Kb used=1490Kb max_used=1490Kb free=118509Kb
 bounds [0x0000025a19e30000, 0x0000025a1a0a0000, 0x0000025a21360000]
CodeHeap 'profiled nmethods': size=120000Kb used=7988Kb max_used=7988Kb free=112011Kb
 bounds [0x0000025a12360000, 0x0000025a12b30000, 0x0000025a19890000]
CodeHeap 'non-nmethods': size=5760Kb used=1407Kb max_used=1442Kb free=4352Kb
 bounds [0x0000025a19890000, 0x0000025a19b00000, 0x0000025a19e30000]
 total_blobs=4591 nmethods=3830 adapters=673
 compilation: enabled
              stopped_count=0, restarted_count=0
 full_count=0

Compilation events (20 events):
Event: 1172.893 Thread 0x0000025a28a9f190 3822   !   3       javax.swing.RepaintManager$4::run (277 bytes)
Event: 1172.894 Thread 0x0000025a28a9f190 nmethod 3822 0x0000025a12b22a10 code [0x0000025a12b22d00, 0x0000025a12b23f18]
Event: 1172.894 Thread 0x0000025a28a9f190 3823       3       javax.swing.JFrame::getGraphics (9 bytes)
Event: 1172.894 Thread 0x0000025a28a9f190 nmethod 3823 0x0000025a12b24510 code [0x0000025a12b24700, 0x0000025a12b24b68]
Event: 1172.894 Thread 0x0000025a28a9f190 3824       3       javax.swing.JComponent::getGraphicsInvoked (26 bytes)
Event: 1172.894 Thread 0x0000025a28a9f190 nmethod 3824 0x0000025a12b24d10 code [0x0000025a12b24ee0, 0x0000025a12b25398]
Event: 1172.898 Thread 0x0000025a28a9f190 3825       3       java.awt.KeyboardFocusManager::fireVetoableChange (26 bytes)
Event: 1172.899 Thread 0x0000025a28a9f190 nmethod 3825 0x0000025a12b25510 code [0x0000025a12b256c0, 0x0000025a12b25888]
Event: 1172.901 Thread 0x0000025a28a9f190 3826       3       javax.swing.RepaintManager::getVolatileOffscreenBuffer (243 bytes)
Event: 1172.904 Thread 0x0000025a28a9f190 nmethod 3826 0x0000025a12b25910 code [0x0000025a12b25c60, 0x0000025a12b27948]
Event: 1172.904 Thread 0x0000025a28a9f190 3827   !   3       javax.swing.RepaintManager::getDoubleBufferMaximumSize (112 bytes)
Event: 1172.905 Thread 0x0000025a28a9f190 nmethod 3827 0x0000025a12b28090 code [0x0000025a12b282e0, 0x0000025a12b28da8]
Event: 1172.905 Thread 0x0000025a28a9f190 3828       3       javax.swing.RepaintManager$PaintManager::paintDoubleBuffered (50 bytes)
Event: 1172.906 Thread 0x0000025a28a9f190 nmethod 3828 0x0000025a12b29310 code [0x0000025a12b294e0, 0x0000025a12b298e8]
Event: 1173.092 Thread 0x0000025a28a9e6f0 3829   !   4       java.awt.Component::firePropertyChange (59 bytes)
Event: 1173.092 Thread 0x0000025a28a9f190 3833       3       java.awt.Container::add (9 bytes)
Event: 1173.093 Thread 0x0000025a28a9f190 nmethod 3833 0x0000025a12b29a10 code [0x0000025a12b29bc0, 0x0000025a12b29da8]
Event: 1173.093 Thread 0x0000025a28a9f190 3834       3       javax.swing.plaf.metal.DefaultMetalTheme$FontDelegate::getFont (66 bytes)
Event: 1173.095 Thread 0x0000025a28a9f190 nmethod 3834 0x0000025a12b29e90 code [0x0000025a12b2a140, 0x0000025a12b2ae48]
Event: 1173.095 Thread 0x0000025a28a9f190 3831       3       javax.swing.JLabel::setText (107 bytes)

GC Heap History (20 events):
Event: 10.898 GC heap after
{Heap after GC invocations=8 (full 0):
 garbage-first heap   total 222208K, used 130376K [0x000000008ac00000, 0x0000000100000000)
  region size 1024K, 1 young (1024K), 1 survivors (1024K)
 Metaspace       used 9014K, committed 9152K, reserved 1114112K
  class space    used 983K, committed 1024K, reserved 1048576K
}
Event: 15.026 GC heap before
{Heap before GC invocations=9 (full 0):
 garbage-first heap   total 224256K, used 147784K [0x000000008ac00000, 0x0000000100000000)
  region size 1024K, 18 young (18432K), 1 survivors (1024K)
 Metaspace       used 17701K, committed 17920K, reserved 1114112K
  class space    used 1963K, committed 2048K, reserved 1048576K
}
Event: 15.031 GC heap after
{Heap after GC invocations=10 (full 0):
 garbage-first heap   total 224256K, used 135014K [0x000000008ac00000, 0x0000000100000000)
  region size 1024K, 4 young (4096K), 4 survivors (4096K)
 Metaspace       used 17701K, committed 17920K, reserved 1114112K
  class space    used 1963K, committed 2048K, reserved 1048576K
}
Event: 16.678 GC heap before
{Heap before GC invocations=11 (full 0):
 garbage-first heap   total 234496K, used 141158K [0x000000008ac00000, 0x0000000100000000)
  region size 1024K, 9 young (9216K), 4 survivors (4096K)
 Metaspace       used 17996K, committed 18240K, reserved 1114112K
  class space    used 1996K, committed 2112K, reserved 1048576K
}
Event: 16.683 GC heap after
{Heap after GC invocations=12 (full 0):
 garbage-first heap   total 332800K, used 137237K [0x000000008ac00000, 0x0000000100000000)
  region size 1024K, 4 young (4096K), 4 survivors (4096K)
 Metaspace       used 17996K, committed 18240K, reserved 1114112K
  class space    used 1996K, committed 2112K, reserved 1048576K
}
Event: 765.666 GC heap before
{Heap before GC invocations=12 (full 0):
 garbage-first heap   total 332800K, used 156693K [0x000000008ac00000, 0x0000000100000000)
  region size 1024K, 9 young (9216K), 4 survivors (4096K)
 Metaspace       used 18163K, committed 18432K, reserved 1114112K
  class space    used 2009K, committed 2176K, reserved 1048576K
}
Event: 765.672 GC heap after
{Heap after GC invocations=13 (full 0):
 garbage-first heap   total 332800K, used 152289K [0x000000008ac00000, 0x0000000100000000)
  region size 1024K, 4 young (4096K), 4 survivors (4096K)
 Metaspace       used 18163K, committed 18432K, reserved 1114112K
  class space    used 2009K, committed 2176K, reserved 1048576K
}
Event: 766.339 GC heap before
{Heap before GC invocations=13 (full 0):
 garbage-first heap   total 332800K, used 158433K [0x000000008ac00000, 0x0000000100000000)
  region size 1024K, 6 young (6144K), 4 survivors (4096K)
 Metaspace       used 18209K, committed 18496K, reserved 1114112K
  class space    used 2009K, committed 2176K, reserved 1048576K
}
Event: 766.344 GC heap after
{Heap after GC invocations=14 (full 0):
 garbage-first heap   total 332800K, used 153267K [0x000000008ac00000, 0x0000000100000000)
  region size 1024K, 4 young (4096K), 4 survivors (4096K)
 Metaspace       used 18209K, committed 18496K, reserved 1114112K
  class space    used 2009K, committed 2176K, reserved 1048576K
}
Event: 1043.367 GC heap before
{Heap before GC invocations=15 (full 0):
 garbage-first heap   total 332800K, used 164531K [0x000000008ac00000, 0x0000000100000000)
  region size 1024K, 8 young (8192K), 4 survivors (4096K)
 Metaspace       used 18266K, committed 18560K, reserved 1114112K
  class space    used 2010K, committed 2176K, reserved 1048576K
}
Event: 1043.371 GC heap after
{Heap after GC invocations=16 (full 0):
 garbage-first heap   total 332800K, used 161546K [0x000000008ac00000, 0x0000000100000000)
  region size 1024K, 4 young (4096K), 4 survivors (4096K)
 Metaspace       used 18266K, committed 18560K, reserved 1114112K
  class space    used 2010K, committed 2176K, reserved 1048576K
}
Event: 1054.913 GC heap before
{Heap before GC invocations=17 (full 0):
 garbage-first heap   total 332800K, used 167690K [0x000000008ac00000, 0x0000000100000000)
  region size 1024K, 10 young (10240K), 4 survivors (4096K)
 Metaspace       used 19318K, committed 19584K, reserved 1114112K
  class space    used 2188K, committed 2304K, reserved 1048576K
}
Event: 1054.918 GC heap after
{Heap after GC invocations=18 (full 0):
 garbage-first heap   total 332800K, used 141748K [0x000000008ac00000, 0x0000000100000000)
  region size 1024K, 5 young (5120K), 5 survivors (5120K)
 Metaspace       used 19318K, committed 19584K, reserved 1114112K
  class space    used 2188K, committed 2304K, reserved 1048576K
}
Event: 1166.724 GC heap before
{Heap before GC invocations=18 (full 0):
 garbage-first heap   total 332800K, used 171444K [0x000000008ac00000, 0x0000000100000000)
  region size 1024K, 27 young (27648K), 5 survivors (5120K)
 Metaspace       used 20439K, committed 20608K, reserved 1114112K
  class space    used 2263K, committed 2368K, reserved 1048576K
}
Event: 1166.735 GC heap after
{Heap after GC invocations=19 (full 0):
 garbage-first heap   total 332800K, used 155170K [0x000000008ac00000, 0x0000000100000000)
  region size 1024K, 9 young (9216K), 9 survivors (9216K)
 Metaspace       used 20439K, committed 20608K, reserved 1114112K
  class space    used 2263K, committed 2368K, reserved 1048576K
}
Event: 1166.756 GC heap before
{Heap before GC invocations=19 (full 0):
 garbage-first heap   total 332800K, used 163362K [0x000000008ac00000, 0x0000000100000000)
  region size 1024K, 14 young (14336K), 9 survivors (9216K)
 Metaspace       used 20442K, committed 20608K, reserved 1114112K
  class space    used 2263K, committed 2368K, reserved 1048576K
}
Event: 1166.761 GC heap after
{Heap after GC invocations=20 (full 0):
 garbage-first heap   total 332800K, used 158683K [0x000000008ac00000, 0x0000000100000000)
  region size 1024K, 8 young (8192K), 8 survivors (8192K)
 Metaspace       used 20442K, committed 20608K, reserved 1114112K
  class space    used 2263K, committed 2368K, reserved 1048576K
}
Event: 1168.976 GC heap before
{Heap before GC invocations=21 (full 0):
 garbage-first heap   total 332800K, used 162779K [0x000000008ac00000, 0x0000000100000000)
  region size 1024K, 12 young (12288K), 8 survivors (8192K)
 Metaspace       used 20476K, committed 20736K, reserved 1114112K
  class space    used 2265K, committed 2368K, reserved 1048576K
}
Event: 1168.982 GC heap after
{Heap after GC invocations=22 (full 0):
 garbage-first heap   total 332800K, used 159932K [0x000000008ac00000, 0x0000000100000000)
  region size 1024K, 9 young (9216K), 9 survivors (9216K)
 Metaspace       used 20476K, committed 20736K, reserved 1114112K
  class space    used 2265K, committed 2368K, reserved 1048576K
}
Event: 1173.095 GC heap before
{Heap before GC invocations=23 (full 0):
 garbage-first heap   total 332800K, used 163004K [0x000000008ac00000, 0x0000000100000000)
  region size 1024K, 12 young (12288K), 9 survivors (9216K)
 Metaspace       used 20503K, committed 20736K, reserved 1114112K
  class space    used 2265K, committed 2368K, reserved 1048576K
}

Deoptimization events (20 events):
Event: 1147.267 Thread 0x0000025a70ad46a0 DEOPT PACKING pc=0x0000025a1277c202 sp=0x000000bc97dfd990
Event: 1147.267 Thread 0x0000025a70ad46a0 DEOPT UNPACKING pc=0x0000025a198e2b43 sp=0x000000bc97dfcda8 mode 0
Event: 1166.743 Thread 0x0000025a70c4a300 DEOPT PACKING pc=0x0000025a12874e42 sp=0x000000bc98cfeac0
Event: 1166.743 Thread 0x0000025a70c4a300 DEOPT UNPACKING pc=0x0000025a198e2b43 sp=0x000000bc98cfdf80 mode 0
Event: 1168.950 Thread 0x0000025a70ad46a0 Uncommon trap: trap_request=0xffffffde fr.pc=0x0000025a19f9eb2c relative=0x000000000000010c
Event: 1168.950 Thread 0x0000025a70ad46a0 Uncommon trap: reason=class_check action=maybe_recompile pc=0x0000025a19f9eb2c method=jdk.internal.misc.Unsafe.allocateUninitializedArray(Ljava/lang/Class;I)Ljava/lang/Object; @ 51 c2
Event: 1168.950 Thread 0x0000025a70ad46a0 DEOPT PACKING pc=0x0000025a19f9eb2c sp=0x000000bc97dfcab0
Event: 1168.950 Thread 0x0000025a70ad46a0 DEOPT UNPACKING pc=0x0000025a198e23a3 sp=0x000000bc97dfca38 mode 2
Event: 1168.950 Thread 0x0000025a70ad46a0 Uncommon trap: trap_request=0xffffffde fr.pc=0x0000025a19f9eb2c relative=0x000000000000010c
Event: 1168.950 Thread 0x0000025a70ad46a0 Uncommon trap: reason=class_check action=maybe_recompile pc=0x0000025a19f9eb2c method=jdk.internal.misc.Unsafe.allocateUninitializedArray(Ljava/lang/Class;I)Ljava/lang/Object; @ 51 c2
Event: 1168.950 Thread 0x0000025a70ad46a0 DEOPT PACKING pc=0x0000025a19f9eb2c sp=0x000000bc97dfccb0
Event: 1168.950 Thread 0x0000025a70ad46a0 DEOPT UNPACKING pc=0x0000025a198e23a3 sp=0x000000bc97dfcc38 mode 2
Event: 1168.960 Thread 0x0000025a70ad46a0 Uncommon trap: trap_request=0xffffffde fr.pc=0x0000025a19f9eb2c relative=0x000000000000010c
Event: 1168.960 Thread 0x0000025a70ad46a0 Uncommon trap: reason=class_check action=maybe_recompile pc=0x0000025a19f9eb2c method=jdk.internal.misc.Unsafe.allocateUninitializedArray(Ljava/lang/Class;I)Ljava/lang/Object; @ 51 c2
Event: 1168.960 Thread 0x0000025a70ad46a0 DEOPT PACKING pc=0x0000025a19f9eb2c sp=0x000000bc97dfcd90
Event: 1168.960 Thread 0x0000025a70ad46a0 DEOPT UNPACKING pc=0x0000025a198e23a3 sp=0x000000bc97dfcd18 mode 2
Event: 1168.960 Thread 0x0000025a70ad46a0 Uncommon trap: trap_request=0xffffffde fr.pc=0x0000025a19f9eb2c relative=0x000000000000010c
Event: 1168.960 Thread 0x0000025a70ad46a0 Uncommon trap: reason=class_check action=maybe_recompile pc=0x0000025a19f9eb2c method=jdk.internal.misc.Unsafe.allocateUninitializedArray(Ljava/lang/Class;I)Ljava/lang/Object; @ 51 c2
Event: 1168.960 Thread 0x0000025a70ad46a0 DEOPT PACKING pc=0x0000025a19f9eb2c sp=0x000000bc97dfcd80
Event: 1168.960 Thread 0x0000025a70ad46a0 DEOPT UNPACKING pc=0x0000025a198e23a3 sp=0x000000bc97dfcd08 mode 2

Classes unloaded (0 events):
No events

Classes redefined (0 events):
No events

Internal exceptions (20 events):
Event: 0.444 Thread 0x0000025a0aaba390 Exception <a 'java/lang/NoSuchMethodError'{0x0000000091e8b6c0}: 'java.lang.Object java.lang.invoke.DirectMethodHandle$Holder.invokeStatic(java.lang.Object, int, java.lang.Object)'> (0x0000000091e8b6c0) 
thrown [s\open\src\hotspot\share\interpreter\linkResolver.cpp, line 759]
Event: 0.478 Thread 0x0000025a0aaba390 Exception <a 'java/lang/ClassNotFoundException'{0x0000000091d43b78}: com/sun/swing/internal/plaf/metal/resources/spi/metalProvider> (0x0000000091d43b78) 
thrown [s\open\src\hotspot\share\classfile\systemDictionary.cpp, line 256]
Event: 0.479 Thread 0x0000025a0aaba390 Exception <a 'java/lang/ClassNotFoundException'{0x0000000091d479d0}: com/sun/swing/internal/plaf/basic/resources/spi/basicProvider> (0x0000000091d479d0) 
thrown [s\open\src\hotspot\share\classfile\systemDictionary.cpp, line 256]
Event: 0.503 Thread 0x0000025a6e33ea20 Exception <a 'java/lang/NoSuchMethodError'{0x0000000091ffc468}: 'void java.lang.invoke.DirectMethodHandle$Holder.invokeVirtual(java.lang.Object, java.lang.Object)'> (0x0000000091ffc468) 
thrown [s\open\src\hotspot\share\interpreter\linkResolver.cpp, line 759]
Event: 0.518 Thread 0x0000025a0aaba390 Exception <a 'java/lang/NoSuchMethodError'{0x0000000091c89610}: 'void java.lang.invoke.DirectMethodHandle$Holder.invokeStaticInit(java.lang.Object)'> (0x0000000091c89610) 
thrown [s\open\src\hotspot\share\interpreter\linkResolver.cpp, line 759]
Event: 1.344 Thread 0x0000025a70ad46a0 Implicit null exception at 0x0000025a19e6e47c to 0x0000025a19e6e4ec
Event: 5.215 Thread 0x0000025a70c4aca0 Exception <a 'java/lang/NoSuchMethodError'{0x0000000090e1bab0}: 'java.lang.Object java.lang.invoke.DirectMethodHandle$Holder.newInvokeSpecial(java.lang.Object, java.lang.Object, java.lang.Object, int, int, int, int, int)'> (0x0000000090e1bab0) 
thrown [s\open\src\hotspot\share\interpreter\linkResolver.cpp, line 759]
Event: 10.979 Thread 0x0000025a70ad46a0 Implicit null exception at 0x0000025a19e6c970 to 0x0000025a19e6c9dc
Event: 11.007 Thread 0x0000025a70ad46a0 Exception <a 'java/lang/NoSuchMethodError'{0x000000009834f2d8}: 'java.lang.Object java.lang.invoke.DirectMethodHandle$Holder.invokeInterface(java.lang.Object, java.lang.Object)'> (0x000000009834f2d8) 
thrown [s\open\src\hotspot\share\interpreter\linkResolver.cpp, line 759]
Event: 11.039 Thread 0x0000025a70ad46a0 Exception <a 'java/lang/NoSuchMethodError'{0x00000000983c4da8}: 'void java.lang.invoke.DirectMethodHandle$Holder.invokeStatic(java.lang.Object, java.lang.Object, java.lang.Object)'> (0x00000000983c4da8) 
thrown [s\open\src\hotspot\share\interpreter\linkResolver.cpp, line 759]
Event: 11.042 Thread 0x0000025a70ad46a0 Exception <a 'java/lang/NoSuchMethodError'{0x00000000983cef20}: 'java.lang.Object java.lang.invoke.DirectMethodHandle$Holder.invokeVirtual(java.lang.Object, java.lang.Object, java.lang.Object)'> (0x00000000983cef20) 
thrown [s\open\src\hotspot\share\interpreter\linkResolver.cpp, line 759]
Event: 11.174 Thread 0x0000025a70ad46a0 Exception <a 'java/lang/NoSuchMethodError'{0x00000000980d1ed8}: 'void java.lang.invoke.DirectMethodHandle$Holder.invokeStatic(java.lang.Object, java.lang.Object)'> (0x00000000980d1ed8) 
thrown [s\open\src\hotspot\share\interpreter\linkResolver.cpp, line 759]
Event: 11.254 Thread 0x0000025a70ad46a0 Exception <a 'java/lang/NoSuchMethodError'{0x0000000090ba5ee0}: 'void java.lang.invoke.DirectMethodHandle$Holder.invokeStaticInit(java.lang.Object, java.lang.Object)'> (0x0000000090ba5ee0) 
thrown [s\open\src\hotspot\share\interpreter\linkResolver.cpp, line 759]
Event: 11.330 Thread 0x0000025a70ad46a0 Exception <a 'sun/nio/fs/WindowsException'{0x0000000090aca0b0}> (0x0000000090aca0b0) 
thrown [s\open\src\hotspot\share\prims\jni.cpp, line 516]
Event: 11.353 Thread 0x0000025a70ad46a0 Exception <a 'java/lang/NoSuchMethodError'{0x0000000090af0170}: 'int java.lang.invoke.DirectMethodHandle$Holder.invokeStaticInit(java.lang.Object, java.lang.Object, java.lang.Object, java.lang.Object)'> (0x0000000090af0170) 
thrown [s\open\src\hotspot\share\interpreter\linkResolver.cpp, line 759]
Event: 11.354 Thread 0x0000025a70ad46a0 Exception <a 'java/lang/IncompatibleClassChangeError'{0x0000000090af9600}: Found class java.lang.Object, but interface was expected> (0x0000000090af9600) 
thrown [s\open\src\hotspot\share\interpreter\linkResolver.cpp, line 826]
Event: 11.355 Thread 0x0000025a70ad46a0 Exception <a 'java/lang/NoSuchMethodError'{0x0000000090900a98}: 'int java.lang.invoke.DirectMethodHandle$Holder.invokeStaticInit(java.lang.Object, java.lang.Object)'> (0x0000000090900a98) 
thrown [s\open\src\hotspot\share\interpreter\linkResolver.cpp, line 759]
Event: 11.406 Thread 0x0000025a70ad46a0 Exception <a 'java/lang/NoSuchMethodError'{0x00000000909c0e68}: 'java.lang.Object java.lang.invoke.DirectMethodHandle$Holder.invokeStaticInit(java.lang.Object, int, int, int, int)'> (0x00000000909c0e68) 
thrown [s\open\src\hotspot\share\interpreter\linkResolver.cpp, line 759]
Event: 11.446 Thread 0x0000025a70ad46a0 Exception <a 'java/lang/NoSuchMethodError'{0x0000000090805608}: 'java.lang.Object java.lang.invoke.DirectMethodHandle$Holder.invokeStaticInit(java.lang.Object, java.lang.Object, int, int, int, int)'> (0x0000000090805608) 
thrown [s\open\src\hotspot\share\interpreter\linkResolver.cpp, line 759]
Event: 1055.066 Thread 0x0000025a70ad46a0 Implicit null exception at 0x0000025a19f449cc to 0x0000025a19f44b10

VM Operations (20 events):
Event: 1166.642 Executing VM operation: HandshakeAllThreads done
Event: 1166.724 Executing VM operation: G1TryInitiateConcMark
Event: 1166.735 Executing VM operation: G1TryInitiateConcMark done
Event: 1166.756 Executing VM operation: G1TryInitiateConcMark
Event: 1166.761 Executing VM operation: G1TryInitiateConcMark done
Event: 1166.767 Executing VM operation: G1Concurrent
Event: 1166.769 Executing VM operation: G1Concurrent done
Event: 1166.771 Executing VM operation: G1Concurrent
Event: 1166.771 Executing VM operation: G1Concurrent done
Event: 1167.778 Executing VM operation: Cleanup
Event: 1167.778 Executing VM operation: Cleanup done
Event: 1168.976 Executing VM operation: G1TryInitiateConcMark
Event: 1168.982 Executing VM operation: G1TryInitiateConcMark done
Event: 1168.988 Executing VM operation: G1Concurrent
Event: 1168.991 Executing VM operation: G1Concurrent done
Event: 1168.993 Executing VM operation: G1Concurrent
Event: 1168.993 Executing VM operation: G1Concurrent done
Event: 1169.997 Executing VM operation: Cleanup
Event: 1169.998 Executing VM operation: Cleanup done
Event: 1173.095 Executing VM operation: G1TryInitiateConcMark

Events (20 events):
Event: 1166.646 loading class javax/swing/plaf/metal/MetalTabbedPaneUI$TabbedPaneLayout done
Event: 1166.646 loading class javax/swing/plaf/basic/BasicTabbedPaneUI$TabbedPaneScrollLayout
Event: 1166.646 loading class javax/swing/plaf/basic/BasicTabbedPaneUI$TabbedPaneScrollLayout done
Event: 1166.647 loading class javax/swing/plaf/basic/BasicTabbedPaneUI$Handler
Event: 1166.647 loading class javax/swing/plaf/basic/BasicTabbedPaneUI$Handler done
Event: 1166.650 Thread 0x0000025a70e1b0a0 Thread added: 0x0000025a70e1b0a0
Event: 1166.692 loading class javax/swing/JTabbedPane$Page
Event: 1166.692 loading class javax/accessibility/AccessibleComponent
Event: 1166.692 loading class javax/accessibility/AccessibleComponent done
Event: 1166.692 loading class javax/accessibility/AccessibleContext
Event: 1166.693 loading class javax/accessibility/AccessibleContext done
Event: 1166.693 loading class javax/swing/JTabbedPane$Page done
Event: 1166.693 loading class javax/accessibility/AccessibleContext$1
Event: 1166.693 loading class sun/awt/AWTAccessor$AccessibleContextAccessor
Event: 1166.694 loading class sun/awt/AWTAccessor$AccessibleContextAccessor done
Event: 1166.694 loading class javax/accessibility/AccessibleContext$1 done
Event: 1166.694 loading class javax/accessibility/AccessibleRelationSet
Event: 1166.695 loading class javax/accessibility/AccessibleRelationSet done
Event: 1168.974 Thread 0x0000025a747d84a0 Thread added: 0x0000025a747d84a0
Event: 1169.116 Thread 0x0000025a747d84a0 Thread exited: 0x0000025a747d84a0


Dynamic libraries:
0x00007ff670100000 - 0x00007ff670110000 	C:\Program Files\Java\jdk-17\bin\java.exe
0x00007ffd94110000 - 0x00007ffd94324000 	C:\WINDOWS\SYSTEM32\ntdll.dll
0x00007ffd92c10000 - 0x00007ffd92cd3000 	C:\WINDOWS\System32\KERNEL32.DLL
0x00007ffd91b80000 - 0x00007ffd91f1c000 	C:\WINDOWS\System32\KERNELBASE.dll
0x00007ffd915d0000 - 0x00007ffd916e1000 	C:\WINDOWS\System32\ucrtbase.dll
0x00007ffd7ed50000 - 0x00007ffd7ed69000 	C:\Program Files\Java\jdk-17\bin\jli.dll
0x00007ffd930a0000 - 0x00007ffd9314e000 	C:\WINDOWS\System32\ADVAPI32.dll
0x00007ffd27e20000 - 0x00007ffd27e3b000 	C:\Program Files\Java\jdk-17\bin\VCRUNTIME140.dll
0x00007ffd92120000 - 0x00007ffd921c7000 	C:\WINDOWS\System32\msvcrt.dll
0x00007ffd94020000 - 0x00007ffd940c4000 	C:\WINDOWS\System32\sechost.dll
0x00007ffd91fa0000 - 0x00007ffd920b5000 	C:\WINDOWS\System32\RPCRT4.dll
0x00007ffd93e70000 - 0x00007ffd9401d000 	C:\WINDOWS\System32\USER32.dll
0x00007ffd918b0000 - 0x00007ffd918d6000 	C:\WINDOWS\System32\win32u.dll
0x00007ffd92d90000 - 0x00007ffd92db9000 	C:\WINDOWS\System32\GDI32.dll
0x00007ffd782d0000 - 0x00007ffd7855e000 	C:\WINDOWS\WinSxS\amd64_microsoft.windows.common-controls_6595b64144ccf1df_6.0.22621.608_none_a9444ca7c10bb01d\COMCTL32.dll
0x00007ffd91790000 - 0x00007ffd918a2000 	C:\WINDOWS\System32\gdi32full.dll
0x00007ffd916f0000 - 0x00007ffd9178a000 	C:\WINDOWS\System32\msvcp_win.dll
0x00007ffd885a0000 - 0x00007ffd885aa000 	C:\WINDOWS\SYSTEM32\VERSION.dll
0x00007ffd922c0000 - 0x00007ffd922f2000 	C:\WINDOWS\System32\IMM32.DLL
0x00007ffd630a0000 - 0x00007ffd630ac000 	C:\Program Files\Java\jdk-17\bin\vcruntime140_1.dll
0x00007ffd1c1f0000 - 0x00007ffd1c27e000 	C:\Program Files\Java\jdk-17\bin\msvcp140.dll
0x00007ffd1c500000 - 0x00007ffd1d0de000 	C:\Program Files\Java\jdk-17\bin\server\jvm.dll
0x00007ffd92aa0000 - 0x00007ffd92aa8000 	C:\WINDOWS\System32\PSAPI.DLL
0x00007ffd79800000 - 0x00007ffd79809000 	C:\WINDOWS\SYSTEM32\WSOCK32.dll
0x00007ffd91f20000 - 0x00007ffd91f91000 	C:\WINDOWS\System32\WS2_32.dll
0x00007ffd8a750000 - 0x00007ffd8a784000 	C:\WINDOWS\SYSTEM32\WINMM.dll
0x00007ffd905a0000 - 0x00007ffd905b8000 	C:\WINDOWS\SYSTEM32\kernel.appcore.dll
0x00007ffd629b0000 - 0x00007ffd629ba000 	C:\Program Files\Java\jdk-17\bin\jimage.dll
0x00007ffd81720000 - 0x00007ffd8194e000 	C:\WINDOWS\SYSTEM32\DBGHELP.DLL
0x00007ffd93ae0000 - 0x00007ffd93e6a000 	C:\WINDOWS\System32\combase.dll
0x00007ffd921e0000 - 0x00007ffd922b7000 	C:\WINDOWS\System32\OLEAUT32.dll
0x00007ffd81400000 - 0x00007ffd81432000 	C:\WINDOWS\SYSTEM32\dbgcore.DLL
0x00007ffd91550000 - 0x00007ffd915cb000 	C:\WINDOWS\System32\bcryptPrimitives.dll
0x00007ffd200c0000 - 0x00007ffd200e5000 	C:\Program Files\Java\jdk-17\bin\java.dll
0x00007ffd1c420000 - 0x00007ffd1c4f7000 	C:\Program Files\Java\jdk-17\bin\jsvml.dll
0x00007ffd93210000 - 0x00007ffd939ff000 	C:\WINDOWS\System32\SHELL32.dll
0x00007ffd8f530000 - 0x00007ffd8fdf8000 	C:\WINDOWS\SYSTEM32\windows.storage.dll
0x00007ffd8f3f0000 - 0x00007ffd8f52e000 	C:\WINDOWS\SYSTEM32\wintypes.dll
0x00007ffd92b00000 - 0x00007ffd92bf1000 	C:\WINDOWS\System32\SHCORE.dll
0x00007ffd92a40000 - 0x00007ffd92a9e000 	C:\WINDOWS\System32\shlwapi.dll
0x00007ffd91480000 - 0x00007ffd914a1000 	C:\WINDOWS\SYSTEM32\profapi.dll
0x00007ffd1fa70000 - 0x00007ffd1fa89000 	C:\Program Files\Java\jdk-17\bin\net.dll
0x00007ffd8bbf0000 - 0x00007ffd8bd1f000 	C:\WINDOWS\SYSTEM32\WINHTTP.dll
0x00007ffd90a10000 - 0x00007ffd90a79000 	C:\WINDOWS\system32\mswsock.dll
0x00007ffd1fa50000 - 0x00007ffd1fa66000 	C:\Program Files\Java\jdk-17\bin\nio.dll
0x00007ffd1fa30000 - 0x00007ffd1fa48000 	C:\Program Files\Java\jdk-17\bin\zip.dll
0x00007ffd1c280000 - 0x00007ffd1c411000 	C:\Program Files\Java\jdk-17\bin\awt.dll
0x00007ffd8e950000 - 0x00007ffd8e9e7000 	C:\WINDOWS\SYSTEM32\apphelp.dll
0x00007ffd8ed60000 - 0x00007ffd8ed8b000 	C:\WINDOWS\system32\DWMAPI.DLL
0x00007ffd8eab0000 - 0x00007ffd8eb5b000 	C:\WINDOWS\system32\uxtheme.dll
0x00007ffd30ba0000 - 0x00007ffd30ca0000 	C:\WINDOWS\system32\opengl32.dll
0x00007ffd28ad0000 - 0x00007ffd28afd000 	C:\WINDOWS\SYSTEM32\GLU32.dll
0x00007ffd8ebf0000 - 0x00007ffd8ec26000 	C:\WINDOWS\SYSTEM32\dxcore.dll
0x00007ffd92920000 - 0x00007ffd92a3e000 	C:\WINDOWS\System32\MSCTF.dll
0x00007ffd92300000 - 0x00007ffd9249c000 	C:\WINDOWS\System32\ole32.dll
0x00007ffd42e40000 - 0x00007ffd42fe9000 	C:\WINDOWS\system32\d3d9.dll
0x00007ffd868a0000 - 0x00007ffd86a5a000 	C:\WINDOWS\System32\DriverStore\FileRepository\u0380908.inf_amd64_3105c1702c47b731\B380794\aticfx64.dll
0x00007ffd20af0000 - 0x00007ffd20b24000 	C:\WINDOWS\System32\DriverStore\FileRepository\u0380908.inf_amd64_3105c1702c47b731\B380794\atiu9p64.dll
0x00007ffd1ea50000 - 0x00007ffd1f7a6000 	C:\WINDOWS\System32\DriverStore\FileRepository\u0380908.inf_amd64_3105c1702c47b731\B380794\atiumd64.dll
0x0000000050b20000 - 0x00000000519df000 	C:\WINDOWS\System32\DriverStore\FileRepository\u0380908.inf_amd64_3105c1702c47b731\B380794\atiumd6a.dll
0x00007ffd924a0000 - 0x00007ffd9291a000 	C:\WINDOWS\System32\SETUPAPI.dll
0x00007ffd90fe0000 - 0x00007ffd9102d000 	C:\WINDOWS\SYSTEM32\POWRPROF.dll
0x00007ffd90ea0000 - 0x00007ffd90eb3000 	C:\WINDOWS\SYSTEM32\UMPDC.dll
0x00007ffd841f0000 - 0x00007ffd84220000 	C:\WINDOWS\SYSTEM32\amdihk64.dll
0x00007ffd89e40000 - 0x00007ffd89e89000 	C:\WINDOWS\SYSTEM32\directxdatabasehelper.dll
0x00007ffd1c160000 - 0x00007ffd1c1e6000 	C:\Program Files\Java\jdk-17\bin\freetype.dll
0x00007ffd1c080000 - 0x00007ffd1c153000 	C:\Program Files\Java\jdk-17\bin\fontmanager.dll
0x00007ffd7d050000 - 0x00007ffd7d17d000 	C:\WINDOWS\SYSTEM32\textinputframework.dll
0x00007ffd8e650000 - 0x00007ffd8e783000 	C:\WINDOWS\SYSTEM32\CoreMessaging.dll
0x00007ffd89470000 - 0x00007ffd897dc000 	C:\WINDOWS\SYSTEM32\CoreUIComponents.dll
0x00007ffd90cd0000 - 0x00007ffd90cdc000 	C:\WINDOWS\SYSTEM32\CRYPTBASE.DLL
0x00007ffd72350000 - 0x00007ffd7237e000 	C:\Program Files\Java\jdk-17\bin\javajpeg.dll
0x00007ffd90070000 - 0x00007ffd90163000 	C:\WINDOWS\SYSTEM32\DNSAPI.dll
0x00007ffd90040000 - 0x00007ffd9006d000 	C:\WINDOWS\SYSTEM32\IPHLPAPI.DLL
0x00007ffd921d0000 - 0x00007ffd921d9000 	C:\WINDOWS\System32\NSI.dll
0x00007ffd8a710000 - 0x00007ffd8a71a000 	C:\Windows\System32\rasadhlp.dll
0x00007ffd8a3c0000 - 0x00007ffd8a443000 	C:\WINDOWS\System32\fwpuclnt.dll
0x00007ffd90ce0000 - 0x00007ffd90cfb000 	C:\WINDOWS\SYSTEM32\CRYPTSP.dll
0x00007ffd90510000 - 0x00007ffd90545000 	C:\WINDOWS\system32\rsaenh.dll
0x00007ffd90b70000 - 0x00007ffd90b98000 	C:\WINDOWS\SYSTEM32\USERENV.dll
0x00007ffd90ec0000 - 0x00007ffd90ee8000 	C:\WINDOWS\SYSTEM32\bcrypt.dll
0x00007ffd8b880000 - 0x00007ffd8b899000 	C:\WINDOWS\SYSTEM32\dhcpcsvc6.DLL
0x00007ffd8b640000 - 0x00007ffd8b65f000 	C:\WINDOWS\SYSTEM32\dhcpcsvc.DLL
0x00007ffd82c50000 - 0x00007ffd82c5e000 	C:\Program Files\Java\jdk-17\bin\sunmscapi.dll
0x00007ffd918e0000 - 0x00007ffd91a46000 	C:\WINDOWS\System32\CRYPT32.dll
0x00007ffd90e60000 - 0x00007ffd90e8d000 	C:\WINDOWS\SYSTEM32\ncrypt.dll
0x00007ffd90e20000 - 0x00007ffd90e57000 	C:\WINDOWS\SYSTEM32\NTASN1.dll
0x00007ffd92ce0000 - 0x00007ffd92d90000 	C:\WINDOWS\System32\clbcatq.dll
0x00007ffd8cfa0000 - 0x00007ffd8d150000 	C:\WINDOWS\SYSTEM32\WindowsCodecs.dll
0x00007ffd70930000 - 0x00007ffd7098e000 	C:\WINDOWS\system32\dataexchange.dll
0x00007ffd88680000 - 0x00007ffd888ea000 	C:\WINDOWS\system32\twinapi.appcore.dll
0x00007ffd7cd60000 - 0x00007ffd7ce10000 	C:\WINDOWS\SYSTEM32\TextShaping.dll
0x00007ffd7f890000 - 0x00007ffd7f8fb000 	C:\WINDOWS\system32\Ninput.dll

dbghelp: loaded successfully - version: 4.0.5 - missing functions: none
symbol engine: initialized successfully - sym options: 0x614 - pdb path: .;C:\Program Files\Java\jdk-17\bin;C:\WINDOWS\SYSTEM32;C:\WINDOWS\WinSxS\amd64_microsoft.windows.common-controls_6595b64144ccf1df_6.0.22621.608_none_a9444ca7c10bb01d;C:\Program Files\Java\jdk-17\bin\server;C:\WINDOWS\System32\DriverStore\FileRepository\u0380908.inf_amd64_3105c1702c47b731\B380794

VM Arguments:
jvm_args: -Dfile.encoding=UTF-8 --module-path=C:\Users\prana\OneDrive\Documents\NetBeansProjects\travel management systemm\build\classes 
java_command: travel.management.systemm.Loading
java_class_path (initial): C:\Users\prana\Downloads\mysql-connector-java-8.0.28.jar;C:\Users\prana\OneDrive\Documents\NetBeansProjects\travel management systemm\build\classes
Launcher Type: SUN_STANDARD

[Global flags]
     intx CICompilerCount                          = 4                                         {product} {ergonomic}
     uint ConcGCThreads                            = 3                                         {product} {ergonomic}
     uint G1ConcRefinementThreads                  = 10                                        {product} {ergonomic}
   size_t G1HeapRegionSize                         = 1048576                                   {product} {ergonomic}
    uintx GCDrainStackTargetSize                   = 64                                        {product} {ergonomic}
   size_t InitialHeapSize                          = 123731968                                 {product} {ergonomic}
   size_t MarkStackSize                            = 4194304                                   {product} {ergonomic}
   size_t MaxHeapSize                              = 1967128576                                {product} {ergonomic}
   size_t MaxNewSize                               = 1179648000                                {product} {ergonomic}
   size_t MinHeapDeltaBytes                        = 1048576                                   {product} {ergonomic}
   size_t MinHeapSize                              = 8388608                                   {product} {ergonomic}
    uintx NonNMethodCodeHeapSize                   = 5839372                                {pd product} {ergonomic}
    uintx NonProfiledCodeHeapSize                  = 122909434                              {pd product} {ergonomic}
    uintx ProfiledCodeHeapSize                     = 122909434                              {pd product} {ergonomic}
    uintx ReservedCodeCacheSize                    = 251658240                              {pd product} {ergonomic}
     bool SegmentedCodeCache                       = true                                      {product} {ergonomic}
   size_t SoftMaxHeapSize                          = 1967128576                             {manageable} {ergonomic}
     bool UseCompressedClassPointers               = true                           {product lp64_product} {ergonomic}
     bool UseCompressedOops                        = true                           {product lp64_product} {ergonomic}
     bool UseG1GC                                  = true                                      {product} {ergonomic}
     bool UseLargePagesIndividualAllocation        = false                                  {pd product} {ergonomic}

Logging:
Log output configuration:
 #0: stdout all=warning uptime,level,tags
 #1: stderr all=off uptime,level,tags

Environment Variables:
PATH=C:\Program Files\Common Files\Oracle\Java\javapath;C:\WINDOWS\system32;C:\WINDOWS;C:\WINDOWS\System32\Wbem;C:\WINDOWS\System32\WindowsPowerShell\v1.0\;C:\WINDOWS\System32\OpenSSH\;C:\Program Files\dotnet\;C:\Program Files\Java\jdk-17\bin;C:\Program Files\MySQL\MySQL Server 8.0\bin;C:\Program Files\MySQL\MySQL Shell 8.0\bin\;C:\Users\prana\AppData\Local\Microsoft\WindowsApps;C:\Program Files\MySQL\MySQL Server 8.0\bin;C:\Program Files\Java\jdk-17\bin;
USERNAME=prana
OS=Windows_NT
PROCESSOR_IDENTIFIER=AMD64 Family 23 Model 104 Stepping 1, AuthenticAMD



---------------  S Y S T E M  ---------------

OS:
 Windows 11 , 64 bit Build 22621 (10.0.22621.1194)
OS uptime: 1 days 1:18 hours
Hyper-V role detected

CPU: total 12 (initial active 12) (12 cores per cpu, 2 threads per core) family 23 model 104 stepping 1 microcode 0x0, cx8, cmov, fxsr, ht, mmx, 3dnowpref, sse, sse2, sse3, ssse3, sse4a, sse4.1, sse4.2, popcnt, lzcnt, tsc, tscinvbit, avx, avx2, aes, clmul, bmi1, bmi2, adx, sha, fma, vzeroupper, clflush, clflushopt, hv

Memory: 4k page, system-wide physical 7502M (725M free)
TotalPageFile size 30030M (AvailPageFile size 82M)
current process WorkingSet (physical memory assigned to process): 223M, peak: 394M
current process commit charge ("private bytes"): 631M, peak: 874M

vm_info: Java HotSpot(TM) 64-Bit Server VM (17.0.8+9-LTS-211) for windows-amd64 JRE (17.0.8+9-LTS-211), built on Jun 14 2023 10:34:31 by "mach5one" with MS VC++ 17.1 (VS2022)

END.
